<?xml version="1.0" encoding="utf-8"?>
<TestRun id="77ac65bc-a521-4520-85c8-f881ee82172c" name="@sagesoho01 2025-09-15 00:59:56" xmlns="http://microsoft.com/schemas/VisualStudio/TeamTest/2010">
  <Times creation="2025-09-15T00:59:56.9107454+09:00" queuing="2025-09-15T00:59:56.9107454+09:00" start="2025-09-15T00:59:55.1286527+09:00" finish="2025-09-15T00:59:56.9116671+09:00" />
  <TestSettings name="default" id="21d32e99-f236-4813-81a2-cfbf9caedb66">
    <Deployment runDeploymentRoot="_sagesoho01_2025-09-15_00_59_56" />
  </TestSettings>
  <TestLists>
    <TestList name="Results Not in a List" id="8c84fa94-04c1-424b-9868-57a2d4851a1d" />
    <TestList name="All Loaded Results" id="19431567-8539-422a-85d7-44ee4e166bda" />
  </TestLists>
  <ResultSummary outcome="Completed">
    <Counters total="0" executed="0" passed="0" failed="0" error="0" timeout="0" aborted="0" inconclusive="0" passedButRunAborted="0" notRunnable="0" notExecuted="0" disconnected="0" warning="0" completed="0" inProgress="0" pending="0" />
    <Output>
      <StdOut>[xUnit.net 00:00:00.00] xUnit.net VSTest Adapter v2.4.5+1caef2f33e (64-bit .NET 8.0.19)
[xUnit.net 00:00:00.86]   Discovering: Kafka.Ksql.Linq.Tests
[xUnit.net 00:00:00.99]   Discovered:  Kafka.Ksql.Linq.Tests
[xUnit.net 00:00:00.99]   Starting:    Kafka.Ksql.Linq.Tests
[xUnit.net 00:00:01.01]   Finished:    Kafka.Ksql.Linq.Tests
</StdOut>
    </Output>
    <RunInfos>
      <RunInfo computerName="sagesoho01" outcome="Warning" timestamp="2025-09-15T00:59:56.7936997+09:00">
        <Text>No test matches the given testcase filter `FullyQualifiedName~Kafka.Ksql.Linq.Tests.Integration.BarChartTimeBucketTests` in /mnt/wsl/docker-desktop-bind-mounts/Ubuntu/26713ee8003cb7bc282ce8244ea5001ccb92a1311fa1bee6e964f4a36321e42a/Ubuntu/de963e6efae39b1e8a1abcd3e4621d6fc830ee851b48bb5c2718ffd0134d54eb/tests/bin/Release/net8.0/Kafka.Ksql.Linq.Tests.dll</Text>
      </RunInfo>
    </RunInfos>
  </ResultSummary>
</TestRun>