<?xml version="1.0" encoding="utf-8"?>
<TestRun id="1cb5fd9b-8945-440d-bde7-3fb0d179401c" name="seiji_yfc8940@SAGESOHO01 2025-09-12 17:46:18" runUser="SAGESOHO01\seiji_yfc8940" xmlns="http://microsoft.com/schemas/VisualStudio/TeamTest/2010">
  <Times creation="2025-09-12T17:46:18.1766507+09:00" queuing="2025-09-12T17:46:18.1766512+09:00" start="2025-09-12T17:45:36.0151987+09:00" finish="2025-09-12T17:46:18.1811959+09:00" />
  <TestSettings name="default" id="9552a6f4-947c-48f5-b89b-fe84edeefa47">
    <Deployment runDeploymentRoot="seiji_yfc8940_SAGESOHO01_2025-09-12_17_46_18" />
  </TestSettings>
  <Results>
    <UnitTestResult executionId="aaee1b23-c7ad-4ca7-97db-1085d375c054" testId="6dc1c76e-ddda-5058-33dc-fc758c3924b0" testName="Kafka.Ksql.Linq.Tests.Integration.DlqIntegrationTests.ForEachAsync_OnErrorDlq_WritesToDlq" computerName="SAGESOHO01" duration="00:00:41.4064094" startTime="2025-09-12T17:46:18.1125521+09:00" endTime="2025-09-12T17:46:18.1125617+09:00" testType="13cdc9d9-ddb5-4fa4-a97d-d965ccfc6d4b" outcome="Passed" testListId="8c84fa94-04c1-424b-9868-57a2d4851a1d" relativeResultsDirectory="aaee1b23-c7ad-4ca7-97db-1085d375c054" />
  </Results>
  <TestDefinitions>
    <UnitTest name="Kafka.Ksql.Linq.Tests.Integration.DlqIntegrationTests.ForEachAsync_OnErrorDlq_WritesToDlq" storage="c:\dev\rc02\physicaltests\bin\release\net8.0\kafka.ksql.linq.tests.integration.dll" id="6dc1c76e-ddda-5058-33dc-fc758c3924b0">
      <Execution id="aaee1b23-c7ad-4ca7-97db-1085d375c054" />
      <TestMethod codeBase="C:\dev\rc02\physicalTests\bin\Release\net8.0\Kafka.Ksql.Linq.Tests.Integration.dll" adapterTypeName="executor://xunit/VsTestRunner2/netcoreapp" className="Kafka.Ksql.Linq.Tests.Integration.DlqIntegrationTests" name="ForEachAsync_OnErrorDlq_WritesToDlq" />
    </UnitTest>
  </TestDefinitions>
  <TestEntries>
    <TestEntry testId="6dc1c76e-ddda-5058-33dc-fc758c3924b0" executionId="aaee1b23-c7ad-4ca7-97db-1085d375c054" testListId="8c84fa94-04c1-424b-9868-57a2d4851a1d" />
  </TestEntries>
  <TestLists>
    <TestList name="一覧に存在しない結果" id="8c84fa94-04c1-424b-9868-57a2d4851a1d" />
    <TestList name="読み込まれたすべての結果" id="19431567-8539-422a-85d7-44ee4e166bda" />
  </TestLists>
  <ResultSummary outcome="Completed">
    <Counters total="1" executed="1" passed="1" failed="0" error="0" timeout="0" aborted="0" inconclusive="0" passedButRunAborted="0" notRunnable="0" notExecuted="0" disconnected="0" warning="0" completed="0" inProgress="0" pending="0" />
    <Output>
      <StdOut>[xUnit.net 00:00:00.00] xUnit.net VSTest Adapter v2.5.6+bf9b858c26 (64-bit .NET 8.0.19)&#xD;
[xUnit.net 00:00:00.26]   Discovering: Kafka.Ksql.Linq.Tests.Integration&#xD;
[xUnit.net 00:00:00.31]   Discovered:  Kafka.Ksql.Linq.Tests.Integration&#xD;
[xUnit.net 00:00:00.31]   Starting:    Kafka.Ksql.Linq.Tests.Integration&#xD;
[xUnit.net 00:00:41.75]   Finished:    Kafka.Ksql.Linq.Tests.Integration&#xD;
</StdOut>
    </Output>
  </ResultSummary>
</TestRun>