<?xml version="1.0" encoding="utf-8"?>
<TestRun id="a717669f-9c0f-429f-b8ff-79784cd4efa2" name="seiji_yfc8940@SAGESOHO01 2025-09-14 16:21:01" runUser="SAGESOHO01\seiji_yfc8940" xmlns="http://microsoft.com/schemas/VisualStudio/TeamTest/2010">
  <Times creation="2025-09-14T16:21:01.2509558+09:00" queuing="2025-09-14T16:21:01.2509561+09:00" start="2025-09-14T16:20:30.0433980+09:00" finish="2025-09-14T16:21:01.2559118+09:00" />
  <TestSettings name="default" id="2da43b45-2027-4c61-9908-a4cd88235180">
    <Deployment runDeploymentRoot="seiji_yfc8940_SAGESOHO01_2025-09-14_16_21_01" />
  </TestSettings>
  <Results>
    <UnitTestResult executionId="3b35233f-656a-4c9b-bcb3-2a92baeb7525" testId="1efd2b35-e074-3119-cb38-1db783196bee" testName="Kafka.Ksql.Linq.Tests.Integration.PrimingBehaviorTests.AlwaysPriming_DoesNotLeakIntoConsumption" computerName="SAGESOHO01" duration="00:00:30.6806851" startTime="2025-09-14T16:21:01.1767955+09:00" endTime="2025-09-14T16:21:01.1768093+09:00" testType="13cdc9d9-ddb5-4fa4-a97d-d965ccfc6d4b" outcome="Passed" testListId="8c84fa94-04c1-424b-9868-57a2d4851a1d" relativeResultsDirectory="3b35233f-656a-4c9b-bcb3-2a92baeb7525" />
  </Results>
  <TestDefinitions>
    <UnitTest name="Kafka.Ksql.Linq.Tests.Integration.PrimingBehaviorTests.AlwaysPriming_DoesNotLeakIntoConsumption" storage="c:\dev\rc02\physicaltests\bin\release\net8.0\kafka.ksql.linq.tests.integration.dll" id="1efd2b35-e074-3119-cb38-1db783196bee">
      <Execution id="3b35233f-656a-4c9b-bcb3-2a92baeb7525" />
      <TestMethod codeBase="C:\dev\rc02\physicalTests\bin\Release\net8.0\Kafka.Ksql.Linq.Tests.Integration.dll" adapterTypeName="executor://xunit/VsTestRunner2/netcoreapp" className="Kafka.Ksql.Linq.Tests.Integration.PrimingBehaviorTests" name="AlwaysPriming_DoesNotLeakIntoConsumption" />
    </UnitTest>
  </TestDefinitions>
  <TestEntries>
    <TestEntry testId="1efd2b35-e074-3119-cb38-1db783196bee" executionId="3b35233f-656a-4c9b-bcb3-2a92baeb7525" testListId="8c84fa94-04c1-424b-9868-57a2d4851a1d" />
  </TestEntries>
  <TestLists>
    <TestList name="一覧に存在しない結果" id="8c84fa94-04c1-424b-9868-57a2d4851a1d" />
    <TestList name="読み込まれたすべての結果" id="19431567-8539-422a-85d7-44ee4e166bda" />
  </TestLists>
  <ResultSummary outcome="Completed">
    <Counters total="1" executed="1" passed="1" failed="0" error="0" timeout="0" aborted="0" inconclusive="0" passedButRunAborted="0" notRunnable="0" notExecuted="0" disconnected="0" warning="0" completed="0" inProgress="0" pending="0" />
    <Output>
      <StdOut>[xUnit.net 00:00:00.00] xUnit.net VSTest Adapter v2.5.6+bf9b858c26 (64-bit .NET 8.0.19)&#xD;
[xUnit.net 00:00:00.06]   Discovering: Kafka.Ksql.Linq.Tests.Integration&#xD;
[xUnit.net 00:00:00.11]   Discovered:  Kafka.Ksql.Linq.Tests.Integration&#xD;
[xUnit.net 00:00:00.11]   Starting:    Kafka.Ksql.Linq.Tests.Integration&#xD;
[xUnit.net 00:00:30.82]   Finished:    Kafka.Ksql.Linq.Tests.Integration&#xD;
</StdOut>
    </Output>
  </ResultSummary>
</TestRun>