<?xml version="1.0" encoding="utf-8"?>
<TestRun id="201416a5-fe86-42dc-a363-3e421bfa2201" name="seiji_yfc8940@SAGESOHO01 2025-09-14 19:16:22" runUser="SAGESOHO01\seiji_yfc8940" xmlns="http://microsoft.com/schemas/VisualStudio/TeamTest/2010">
  <Times creation="2025-09-14T19:16:22.0968206+09:00" queuing="2025-09-14T19:16:22.0968211+09:00" start="2025-09-14T19:15:38.8123616+09:00" finish="2025-09-14T19:16:22.1018359+09:00" />
  <TestSettings name="default" id="2eb0d287-5154-426d-abf7-2237ada683d8">
    <Deployment runDeploymentRoot="seiji_yfc8940_SAGESOHO01_2025-09-14_19_16_22" />
  </TestSettings>
  <Results>
    <UnitTestResult executionId="75212337-cea1-41e2-a0b7-a433f9a4e491" testId="ce6a13c7-e84b-fd4c-062d-d534410ea237" testName="Kafka.Ksql.Linq.Tests.Integration.JoinIntegrationTests.TwoTableJoin_Query_ShouldBeValid" computerName="SAGESOHO01" duration="00:00:42.7217956" startTime="2025-09-14T19:16:22.0173797+09:00" endTime="2025-09-14T19:16:22.0173900+09:00" testType="13cdc9d9-ddb5-4fa4-a97d-d965ccfc6d4b" outcome="Passed" testListId="8c84fa94-04c1-424b-9868-57a2d4851a1d" relativeResultsDirectory="75212337-cea1-41e2-a0b7-a433f9a4e491" />
  </Results>
  <TestDefinitions>
    <UnitTest name="Kafka.Ksql.Linq.Tests.Integration.JoinIntegrationTests.TwoTableJoin_Query_ShouldBeValid" storage="c:\dev\rc02\physicaltests\bin\release\net8.0\kafka.ksql.linq.tests.integration.dll" id="ce6a13c7-e84b-fd4c-062d-d534410ea237">
      <Execution id="75212337-cea1-41e2-a0b7-a433f9a4e491" />
      <TestMethod codeBase="C:\dev\rc02\physicalTests\bin\Release\net8.0\Kafka.Ksql.Linq.Tests.Integration.dll" adapterTypeName="executor://xunit/VsTestRunner2/netcoreapp" className="Kafka.Ksql.Linq.Tests.Integration.JoinIntegrationTests" name="TwoTableJoin_Query_ShouldBeValid" />
    </UnitTest>
  </TestDefinitions>
  <TestEntries>
    <TestEntry testId="ce6a13c7-e84b-fd4c-062d-d534410ea237" executionId="75212337-cea1-41e2-a0b7-a433f9a4e491" testListId="8c84fa94-04c1-424b-9868-57a2d4851a1d" />
  </TestEntries>
  <TestLists>
    <TestList name="一覧に存在しない結果" id="8c84fa94-04c1-424b-9868-57a2d4851a1d" />
    <TestList name="読み込まれたすべての結果" id="19431567-8539-422a-85d7-44ee4e166bda" />
  </TestLists>
  <ResultSummary outcome="Completed">
    <Counters total="1" executed="1" passed="1" failed="0" error="0" timeout="0" aborted="0" inconclusive="0" passedButRunAborted="0" notRunnable="0" notExecuted="0" disconnected="0" warning="0" completed="0" inProgress="0" pending="0" />
    <Output>
      <StdOut>[xUnit.net 00:00:00.00] xUnit.net VSTest Adapter v2.5.6+bf9b858c26 (64-bit .NET 8.0.19)&#xD;
[xUnit.net 00:00:00.06]   Discovering: Kafka.Ksql.Linq.Tests.Integration&#xD;
[xUnit.net 00:00:00.11]   Discovered:  Kafka.Ksql.Linq.Tests.Integration&#xD;
[xUnit.net 00:00:00.11]   Starting:    Kafka.Ksql.Linq.Tests.Integration&#xD;
info: Kafka.Ksql.Linq.Infrastructure.Admin.KafkaAdminService[0]&#xD;
      DB topic created: customers_join&#xD;
info: Kafka.Ksql.Linq.KsqlContext[0]&#xD;
      ksql execute: EXECUTE SQL=SHOW TOPICS;&#xD;
info: Kafka.Ksql.Linq.KsqlContext[0]&#xD;
      KSQL DDL (simple Customer): CREATE STREAM IF NOT EXISTS customers_join (Id INT KEY, Name VARCHAR) WITH (KAFKA_TOPIC='customers_join', KEY_FORMAT='AVRO', VALUE_FORMAT='AVRO', VALUE_AVRO_SCHEMA_FULL_NAME='kafka_ksql_linq_tests_integration.customers_join_valueAvro', PARTITIONS=1, REPLICAS=1);&#xD;
info: Kafka.Ksql.Linq.KsqlContext[0]&#xD;
      ksql execute: EXECUTE SQL=CREATE STREAM IF NOT EXISTS customers_join (Id INT KEY, Name VARCHAR) WITH (KAFKA_TOPIC='customers_join', KEY_FORMAT='AV...&#xD;
info: Kafka.Ksql.Linq.KsqlContext[0]&#xD;
      ksql execute: EXECUTE SQL=DESCRIBE EXTENDED CUSTOMERS_JOIN;&#xD;
info: Kafka.Ksql.Linq.KsqlContext[0]&#xD;
      ksql execute: EXECUTE SQL=DESCRIBE EXTENDED CUSTOMERS_JOIN;&#xD;
info: Kafka.Ksql.Linq.KsqlContext[0]&#xD;
      ksql execute: EXECUTE SQL=DESCRIBE EXTENDED CUSTOMERS_JOIN;&#xD;
info: Kafka.Ksql.Linq.KsqlContext[0]&#xD;
      ksql execute: EXECUTE SQL=DESCRIBE EXTENDED CUSTOMERS_JOIN;&#xD;
info: Kafka.Ksql.Linq.KsqlContext[0]&#xD;
      ksql execute: EXECUTE SQL=DESCRIBE EXTENDED CUSTOMERS_JOIN;&#xD;
info: Kafka.Ksql.Linq.KsqlContext[0]&#xD;
      ksql execute: EXECUTE SQL=DESCRIBE EXTENDED CUSTOMERS_JOIN;&#xD;
info: Kafka.Ksql.Linq.KsqlContext[0]&#xD;
      ksql execute: EXECUTE SQL=DESCRIBE EXTENDED CUSTOMERS_JOIN;&#xD;
info: Kafka.Ksql.Linq.KsqlContext[0]&#xD;
      ksql execute: EXECUTE SQL=DESCRIBE EXTENDED CUSTOMERS_JOIN;&#xD;
info: Kafka.Ksql.Linq.KsqlContext[0]&#xD;
      ksql execute: EXECUTE SQL=DESCRIBE EXTENDED CUSTOMERS_JOIN;&#xD;
info: Kafka.Ksql.Linq.KsqlContext[0]&#xD;
      ksql execute: EXECUTE SQL=DESCRIBE EXTENDED CUSTOMERS_JOIN;&#xD;
info: Kafka.Ksql.Linq.KsqlContext[0]&#xD;
      ksql execute: EXECUTE SQL=DESCRIBE EXTENDED CUSTOMERS_JOIN;&#xD;
info: Kafka.Ksql.Linq.KsqlContext[0]&#xD;
      ksql execute: EXECUTE SQL=DESCRIBE EXTENDED CUSTOMERS_JOIN;&#xD;
info: Kafka.Ksql.Linq.KsqlContext[0]&#xD;
      ksql execute: EXECUTE SQL=DESCRIBE EXTENDED CUSTOMERS_JOIN;&#xD;
info: Kafka.Ksql.Linq.KsqlContext[0]&#xD;
      ksql execute: EXECUTE SQL=DESCRIBE EXTENDED CUSTOMERS_JOIN;&#xD;
info: Kafka.Ksql.Linq.KsqlContext[0]&#xD;
      ksql execute: EXECUTE SQL=DESCRIBE EXTENDED CUSTOMERS_JOIN;&#xD;
info: Kafka.Ksql.Linq.KsqlContext[0]&#xD;
      ksql execute: EXECUTE SQL=DESCRIBE EXTENDED CUSTOMERS_JOIN;&#xD;
info: Kafka.Ksql.Linq.KsqlContext[0]&#xD;
      ksql execute: EXECUTE SQL=DESCRIBE EXTENDED CUSTOMERS_JOIN;&#xD;
info: Kafka.Ksql.Linq.KsqlContext[0]&#xD;
      ksql execute: EXECUTE SQL=DESCRIBE EXTENDED CUSTOMERS_JOIN;&#xD;
info: Kafka.Ksql.Linq.KsqlContext[0]&#xD;
      ksql execute: EXECUTE SQL=DESCRIBE EXTENDED CUSTOMERS_JOIN;&#xD;
info: Kafka.Ksql.Linq.KsqlContext[0]&#xD;
      ksql execute: EXECUTE SQL=DESCRIBE EXTENDED CUSTOMERS_JOIN;&#xD;
info: Kafka.Ksql.Linq.KsqlContext[0]&#xD;
      ksql execute: EXECUTE SQL=DESCRIBE EXTENDED CUSTOMERS_JOIN;&#xD;
info: Kafka.Ksql.Linq.KsqlContext[0]&#xD;
      ksql execute: EXECUTE SQL=DESCRIBE EXTENDED CUSTOMERS_JOIN;&#xD;
info: Kafka.Ksql.Linq.KsqlContext[0]&#xD;
      ksql execute: EXECUTE SQL=DESCRIBE EXTENDED CUSTOMERS_JOIN;&#xD;
info: Kafka.Ksql.Linq.KsqlContext[0]&#xD;
      ksql execute: EXECUTE SQL=DESCRIBE EXTENDED CUSTOMERS_JOIN;&#xD;
info: Kafka.Ksql.Linq.KsqlContext[0]&#xD;
      ksql execute: EXECUTE SQL=SHOW TOPICS;&#xD;
info: Kafka.Ksql.Linq.KsqlContext[0]&#xD;
      KSQL DDL (simple DlqEnvelope): CREATE STREAM IF NOT EXISTS dead_letter_queue (`Topic` VARCHAR KEY, `Partition` INT KEY, `Offset` BIGINT KEY, TimestampUtc VARCHAR, IngestedAtUtc VARCHAR, PayloadFormatKey VARCHAR, PayloadFormatValue VARCHAR, SchemaIdKey VARCHAR, SchemaIdValue VARCHAR, KeyIsNull BOOLEAN, ErrorType VARCHAR, ErrorMessageShort VARCHAR, StackTraceShort VARCHAR, ErrorFingerprint VARCHAR, ApplicationId VARCHAR, ConsumerGroup VARCHAR, Host VARCHAR, Headers MAP&lt;STRING, STRING&gt;) WITH (KAFKA_TOPIC='dead-letter-queue', KEY_FORMAT='AVRO', VALUE_FORMAT='AVRO', VALUE_AVRO_SCHEMA_FULL_NAME='kafka_ksql_linq_messaging.dead_letter_queue_valueAvro', PARTITIONS=1, REPLICAS=1);&#xD;
info: Kafka.Ksql.Linq.KsqlContext[0]&#xD;
      ksql execute: EXECUTE SQL=CREATE STREAM IF NOT EXISTS dead_letter_queue (`Topic` VARCHAR KEY, `Partition` INT KEY, `Offset` BIGINT KEY, TimestampU...&#xD;
info: Kafka.Ksql.Linq.KsqlContext[0]&#xD;
      ksql execute: EXECUTE SQL=DESCRIBE EXTENDED DEAD-LETTER-QUEUE;&#xD;
info: Kafka.Ksql.Linq.KsqlContext[0]&#xD;
      ksql execute: EXECUTE SQL=DESCRIBE EXTENDED DEAD-LETTER-QUEUE;&#xD;
info: Kafka.Ksql.Linq.KsqlContext[0]&#xD;
      ksql execute: EXECUTE SQL=DESCRIBE EXTENDED DEAD-LETTER-QUEUE;&#xD;
info: Kafka.Ksql.Linq.KsqlContext[0]&#xD;
      ksql execute: EXECUTE SQL=DESCRIBE EXTENDED DEAD-LETTER-QUEUE;&#xD;
info: Kafka.Ksql.Linq.KsqlContext[0]&#xD;
      ksql execute: EXECUTE SQL=DESCRIBE EXTENDED DEAD-LETTER-QUEUE;&#xD;
info: Kafka.Ksql.Linq.KsqlContext[0]&#xD;
      ksql execute: EXECUTE SQL=DESCRIBE EXTENDED DEAD-LETTER-QUEUE;&#xD;
info: Kafka.Ksql.Linq.KsqlContext[0]&#xD;
      ksql execute: EXECUTE SQL=DESCRIBE EXTENDED DEAD-LETTER-QUEUE;&#xD;
info: Kafka.Ksql.Linq.KsqlContext[0]&#xD;
      ksql execute: EXECUTE SQL=DESCRIBE EXTENDED DEAD-LETTER-QUEUE;&#xD;
info: Kafka.Ksql.Linq.KsqlContext[0]&#xD;
      ksql execute: EXECUTE SQL=DESCRIBE EXTENDED DEAD-LETTER-QUEUE;&#xD;
info: Kafka.Ksql.Linq.KsqlContext[0]&#xD;
      ksql execute: EXECUTE SQL=DESCRIBE EXTENDED DEAD-LETTER-QUEUE;&#xD;
info: Kafka.Ksql.Linq.KsqlContext[0]&#xD;
      ksql execute: EXECUTE SQL=DESCRIBE EXTENDED DEAD-LETTER-QUEUE;&#xD;
info: Kafka.Ksql.Linq.KsqlContext[0]&#xD;
      ksql execute: EXECUTE SQL=DESCRIBE EXTENDED DEAD-LETTER-QUEUE;&#xD;
info: Kafka.Ksql.Linq.KsqlContext[0]&#xD;
      ksql execute: EXECUTE SQL=DESCRIBE EXTENDED DEAD-LETTER-QUEUE;&#xD;
info: Kafka.Ksql.Linq.KsqlContext[0]&#xD;
      ksql execute: EXECUTE SQL=DESCRIBE EXTENDED DEAD-LETTER-QUEUE;&#xD;
info: Kafka.Ksql.Linq.KsqlContext[0]&#xD;
      ksql execute: EXECUTE SQL=DESCRIBE EXTENDED DEAD-LETTER-QUEUE;&#xD;
info: Kafka.Ksql.Linq.KsqlContext[0]&#xD;
      ksql execute: EXECUTE SQL=DESCRIBE EXTENDED DEAD-LETTER-QUEUE;&#xD;
info: Kafka.Ksql.Linq.KsqlContext[0]&#xD;
      ksql execute: EXECUTE SQL=DESCRIBE EXTENDED DEAD-LETTER-QUEUE;&#xD;
info: Kafka.Ksql.Linq.KsqlContext[0]&#xD;
      ksql execute: EXECUTE SQL=DESCRIBE EXTENDED DEAD-LETTER-QUEUE;&#xD;
info: Kafka.Ksql.Linq.KsqlContext[0]&#xD;
      ksql execute: EXECUTE SQL=DESCRIBE EXTENDED DEAD-LETTER-QUEUE;&#xD;
info: Kafka.Ksql.Linq.KsqlContext[0]&#xD;
      ksql execute: EXECUTE SQL=DESCRIBE EXTENDED DEAD-LETTER-QUEUE;&#xD;
info: Kafka.Ksql.Linq.KsqlContext[0]&#xD;
      ksql execute: EXECUTE SQL=DESCRIBE EXTENDED DEAD-LETTER-QUEUE;&#xD;
info: Kafka.Ksql.Linq.KsqlContext[0]&#xD;
      ksql execute: EXECUTE SQL=DESCRIBE EXTENDED DEAD-LETTER-QUEUE;&#xD;
info: Kafka.Ksql.Linq.KsqlContext[0]&#xD;
      ksql execute: EXECUTE SQL=DESCRIBE EXTENDED DEAD-LETTER-QUEUE;&#xD;
info: Kafka.Ksql.Linq.KsqlContext[0]&#xD;
      ksql execute: EXECUTE SQL=DESCRIBE EXTENDED DEAD-LETTER-QUEUE;&#xD;
info: Kafka.Ksql.Linq.Infrastructure.Admin.KafkaAdminService[0]&#xD;
      DB topic created: orders_join&#xD;
info: Kafka.Ksql.Linq.KsqlContext[0]&#xD;
      ksql execute: EXECUTE SQL=SHOW TOPICS;&#xD;
info: Kafka.Ksql.Linq.KsqlContext[0]&#xD;
      KSQL DDL (simple OrderValue): CREATE STREAM IF NOT EXISTS orders_join (CustomerId INT KEY, Id INT, Region VARCHAR, Amount DOUBLE) WITH (KAFKA_TOPIC='orders_join', KEY_FORMAT='AVRO', VALUE_FORMAT='AVRO', VALUE_AVRO_SCHEMA_FULL_NAME='kafka_ksql_linq_tests_integration.orders_join_valueAvro', PARTITIONS=1, REPLICAS=1);&#xD;
info: Kafka.Ksql.Linq.KsqlContext[0]&#xD;
      ksql execute: EXECUTE SQL=CREATE STREAM IF NOT EXISTS orders_join (CustomerId INT KEY, Id INT, Region VARCHAR, Amount DOUBLE) WITH (KAFKA_TOPIC='o...&#xD;
info: Kafka.Ksql.Linq.KsqlContext[0]&#xD;
      ksql execute: EXECUTE SQL=DESCRIBE EXTENDED ORDERS_JOIN;&#xD;
info: Kafka.Ksql.Linq.KsqlContext[0]&#xD;
      ksql execute: EXECUTE SQL=DESCRIBE EXTENDED ORDERS_JOIN;&#xD;
info: Kafka.Ksql.Linq.KsqlContext[0]&#xD;
      ksql execute: EXECUTE SQL=DESCRIBE EXTENDED ORDERS_JOIN;&#xD;
info: Kafka.Ksql.Linq.KsqlContext[0]&#xD;
      ksql execute: EXECUTE SQL=DESCRIBE EXTENDED ORDERS_JOIN;&#xD;
info: Kafka.Ksql.Linq.KsqlContext[0]&#xD;
      ksql execute: EXECUTE SQL=DESCRIBE EXTENDED ORDERS_JOIN;&#xD;
info: Kafka.Ksql.Linq.KsqlContext[0]&#xD;
      ksql execute: EXECUTE SQL=DESCRIBE EXTENDED ORDERS_JOIN;&#xD;
info: Kafka.Ksql.Linq.KsqlContext[0]&#xD;
      ksql execute: EXECUTE SQL=DESCRIBE EXTENDED ORDERS_JOIN;&#xD;
info: Kafka.Ksql.Linq.KsqlContext[0]&#xD;
      ksql execute: EXECUTE SQL=DESCRIBE EXTENDED ORDERS_JOIN;&#xD;
info: Kafka.Ksql.Linq.KsqlContext[0]&#xD;
      ksql execute: EXECUTE SQL=DESCRIBE EXTENDED ORDERS_JOIN;&#xD;
info: Kafka.Ksql.Linq.KsqlContext[0]&#xD;
      ksql execute: EXECUTE SQL=DESCRIBE EXTENDED ORDERS_JOIN;&#xD;
info: Kafka.Ksql.Linq.KsqlContext[0]&#xD;
      ksql execute: EXECUTE SQL=DESCRIBE EXTENDED ORDERS_JOIN;&#xD;
info: Kafka.Ksql.Linq.KsqlContext[0]&#xD;
      ksql execute: EXECUTE SQL=DESCRIBE EXTENDED ORDERS_JOIN;&#xD;
info: Kafka.Ksql.Linq.KsqlContext[0]&#xD;
      ksql execute: EXECUTE SQL=DESCRIBE EXTENDED ORDERS_JOIN;&#xD;
info: Kafka.Ksql.Linq.KsqlContext[0]&#xD;
      ksql execute: EXECUTE SQL=DESCRIBE EXTENDED ORDERS_JOIN;&#xD;
info: Kafka.Ksql.Linq.KsqlContext[0]&#xD;
      ksql execute: EXECUTE SQL=DESCRIBE EXTENDED ORDERS_JOIN;&#xD;
info: Kafka.Ksql.Linq.KsqlContext[0]&#xD;
      ksql execute: EXECUTE SQL=DESCRIBE EXTENDED ORDERS_JOIN;&#xD;
info: Kafka.Ksql.Linq.KsqlContext[0]&#xD;
      ksql execute: EXECUTE SQL=DESCRIBE EXTENDED ORDERS_JOIN;&#xD;
info: Kafka.Ksql.Linq.KsqlContext[0]&#xD;
      ksql execute: EXECUTE SQL=DESCRIBE EXTENDED ORDERS_JOIN;&#xD;
info: Kafka.Ksql.Linq.KsqlContext[0]&#xD;
      ksql execute: EXECUTE SQL=DESCRIBE EXTENDED ORDERS_JOIN;&#xD;
info: Kafka.Ksql.Linq.KsqlContext[0]&#xD;
      ksql execute: EXECUTE SQL=DESCRIBE EXTENDED ORDERS_JOIN;&#xD;
info: Kafka.Ksql.Linq.KsqlContext[0]&#xD;
      ksql execute: EXECUTE SQL=DESCRIBE EXTENDED ORDERS_JOIN;&#xD;
info: Kafka.Ksql.Linq.KsqlContext[0]&#xD;
      ksql execute: EXECUTE SQL=DESCRIBE EXTENDED ORDERS_JOIN;&#xD;
info: Kafka.Ksql.Linq.KsqlContext[0]&#xD;
      ksql execute: EXECUTE SQL=DESCRIBE EXTENDED ORDERS_JOIN;&#xD;
info: Kafka.Ksql.Linq.KsqlContext[0]&#xD;
      ksql execute: EXECUTE SQL=DESCRIBE EXTENDED ORDERS_JOIN;&#xD;
info: Kafka.Ksql.Linq.KsqlContext[0]&#xD;
      KSQL DDL (query OrderCustomerJoined): CREATE STREAM IF NOT EXISTS orders_customers_join (CustomerId INT KEY, Name VARCHAR, Amount DOUBLE) WITH (KAFKA_TOPIC='orders_customers_join', KEY_FORMAT='AVRO', VALUE_FORMAT='AVRO', VALUE_AVRO_SCHEMA_FULL_NAME='kafka_ksql_linq_tests_integration.orders_customers_join_valueAvro', PARTITIONS=1, REPLICAS=1);&#xD;
info: Kafka.Ksql.Linq.KsqlContext[0]&#xD;
      ksql execute: EXECUTE SQL=CREATE STREAM IF NOT EXISTS orders_customers_join (CustomerId INT KEY, Name VARCHAR, Amount DOUBLE) WITH (KAFKA_TOPIC='o...&#xD;
info: Kafka.Ksql.Linq.KsqlContext[0]&#xD;
      KSQL DDL (query OrderCustomerJoined): INSERT INTO orders_customers_join SELECT o.CUSTOMERID AS CustomerId, i.Name AS Name, o.Amount AS Amount&#xD;
      FROM ORDERS_JOIN o JOIN CUSTOMERS_JOIN i WITHIN 300 SECONDS ON (o.CustomerId = i.Id)&#xD;
      EMIT CHANGES;&#xD;
info: Kafka.Ksql.Linq.KsqlContext[0]&#xD;
      ksql execute: EXECUTE SQL=INSERT INTO orders_customers_join SELECT o.CUSTOMERID AS CustomerId, i.Name AS Name, o.Amount AS Amount  FROM ORDERS_JOI...&#xD;
info: Kafka.Ksql.Linq.KsqlContext[0]&#xD;
      Kafka initialization completed; DLQ topic 'dead-letter-queue' ready with 5000ms retention&#xD;
info: Kafka.Ksql.Linq.KsqlContext[0]&#xD;
      ksql execute: EXPLAIN SQL=SELECT CustomerId, Name, Amount FROM ORDERS_JOIN JOIN CUSTOMERS_JOIN WITHIN 300 SECONDS ON (ORDERS_JOIN.CustomerId = CUS...&#xD;
[xUnit.net 00:00:42.87]   Finished:    Kafka.Ksql.Linq.Tests.Integration&#xD;
</StdOut>
    </Output>
  </ResultSummary>
</TestRun>