<?xml version="1.0" encoding="utf-8"?>
<TestRun id="cf4f5307-67f2-4aac-a323-5ea2ab7ca89b" name="seiji_yfc8940@SAGESOHO01 2025-09-14 18:50:50" runUser="SAGESOHO01\seiji_yfc8940" xmlns="http://microsoft.com/schemas/VisualStudio/TeamTest/2010">
  <Times creation="2025-09-14T18:50:50.6075206+09:00" queuing="2025-09-14T18:50:50.6075212+09:00" start="2025-09-14T18:50:44.4827657+09:00" finish="2025-09-14T18:50:50.6136902+09:00" />
  <TestSettings name="default" id="48577124-b99d-4cc2-bd3f-bc384ced9de0">
    <Deployment runDeploymentRoot="seiji_yfc8940_SAGESOHO01_2025-09-14_18_50_50" />
  </TestSettings>
  <Results>
    <UnitTestResult executionId="e218dd5e-173d-46cf-8300-573da03e1129" testId="821b062e-05e6-7b61-70b6-a85ab6158b98" testName="Kafka.Ksql.Linq.Tests.Integration.BigBang_KafkaConnection_StrictTests.EX02_AddAsync_KafkaDown_ShouldLogAndTimeout" computerName="SAGESOHO01" duration="00:00:05.5709193" startTime="2025-09-14T18:50:50.5399987+09:00" endTime="2025-09-14T18:50:50.5400134+09:00" testType="13cdc9d9-ddb5-4fa4-a97d-d965ccfc6d4b" outcome="Passed" testListId="8c84fa94-04c1-424b-9868-57a2d4851a1d" relativeResultsDirectory="e218dd5e-173d-46cf-8300-573da03e1129" />
  </Results>
  <TestDefinitions>
    <UnitTest name="Kafka.Ksql.Linq.Tests.Integration.BigBang_KafkaConnection_StrictTests.EX02_AddAsync_KafkaDown_ShouldLogAndTimeout" storage="c:\dev\rc02\physicaltests\bin\release\net8.0\kafka.ksql.linq.tests.integration.dll" id="821b062e-05e6-7b61-70b6-a85ab6158b98">
      <Execution id="e218dd5e-173d-46cf-8300-573da03e1129" />
      <TestMethod codeBase="C:\dev\rc02\physicalTests\bin\Release\net8.0\Kafka.Ksql.Linq.Tests.Integration.dll" adapterTypeName="executor://xunit/VsTestRunner2/netcoreapp" className="Kafka.Ksql.Linq.Tests.Integration.BigBang_KafkaConnection_StrictTests" name="EX02_AddAsync_KafkaDown_ShouldLogAndTimeout" />
    </UnitTest>
  </TestDefinitions>
  <TestEntries>
    <TestEntry testId="821b062e-05e6-7b61-70b6-a85ab6158b98" executionId="e218dd5e-173d-46cf-8300-573da03e1129" testListId="8c84fa94-04c1-424b-9868-57a2d4851a1d" />
  </TestEntries>
  <TestLists>
    <TestList name="一覧に存在しない結果" id="8c84fa94-04c1-424b-9868-57a2d4851a1d" />
    <TestList name="読み込まれたすべての結果" id="19431567-8539-422a-85d7-44ee4e166bda" />
  </TestLists>
  <ResultSummary outcome="Completed">
    <Counters total="1" executed="1" passed="1" failed="0" error="0" timeout="0" aborted="0" inconclusive="0" passedButRunAborted="0" notRunnable="0" notExecuted="0" disconnected="0" warning="0" completed="0" inProgress="0" pending="0" />
    <Output>
      <StdOut>[xUnit.net 00:00:00.00] xUnit.net VSTest Adapter v2.5.6+bf9b858c26 (64-bit .NET 8.0.19)&#xD;
[xUnit.net 00:00:00.06]   Discovering: Kafka.Ksql.Linq.Tests.Integration&#xD;
[xUnit.net 00:00:00.11]   Discovered:  Kafka.Ksql.Linq.Tests.Integration&#xD;
[xUnit.net 00:00:00.11]   Starting:    Kafka.Ksql.Linq.Tests.Integration&#xD;
%3|1757843449.011|FAIL|ksql-dsl-client-admin#producer-1| [thrd:127.0.0.1:39092/bootstrap]: 127.0.0.1:39092/bootstrap: Connect to ipv4#127.0.0.1:39092 failed: Unknown error (after 2037ms in state CONNECT)&#xD;
%3|1757843449.011|ERROR|ksql-dsl-client-admin#producer-1| [thrd:127.0.0.1:39092/bootstrap]: 1/1 brokers are down&#xD;
%3|1757843449.011|ERROR|ksql-dsl-client-admin#producer-1| [thrd:app]: ksql-dsl-client-admin#producer-1: 127.0.0.1:39092/bootstrap: Connect to ipv4#127.0.0.1:39092 failed: Unknown error (after 2037ms in state CONNECT)&#xD;
%3|1757843449.194|FAIL|ksql-dsl-client#producer-2| [thrd:127.0.0.1:39092/bootstrap]: 127.0.0.1:39092/bootstrap: Connect to ipv4#127.0.0.1:39092 failed: Unknown error (after 2044ms in state CONNECT)&#xD;
%3|1757843449.195|ERROR|ksql-dsl-client#producer-2| [thrd:127.0.0.1:39092/bootstrap]: 1/1 brokers are down&#xD;
%3|1757843449.195|ERROR|ksql-dsl-client#producer-2| [thrd:app]: ksql-dsl-client#producer-2: 127.0.0.1:39092/bootstrap: Connect to ipv4#127.0.0.1:39092 failed: Unknown error (after 2044ms in state CONNECT)&#xD;
[xUnit.net 00:00:05.72]   Finished:    Kafka.Ksql.Linq.Tests.Integration&#xD;
</StdOut>
    </Output>
  </ResultSummary>
</TestRun>