<?xml version="1.0" encoding="utf-8"?>
<TestRun id="6e05b566-db75-4846-9d46-99e522d3e914" name="seiji_yfc8940@SAGESOHO01 2025-09-14 18:52:37" runUser="SAGESOHO01\seiji_yfc8940" xmlns="http://microsoft.com/schemas/VisualStudio/TeamTest/2010">
  <Times creation="2025-09-14T18:52:37.7021136+09:00" queuing="2025-09-14T18:52:37.7021139+09:00" start="2025-09-14T18:52:32.6776315+09:00" finish="2025-09-14T18:52:37.7060474+09:00" />
  <TestSettings name="default" id="25aa5289-1f77-49ec-90ef-93b2fb685ba6">
    <Deployment runDeploymentRoot="seiji_yfc8940_SAGESOHO01_2025-09-14_18_52_37" />
  </TestSettings>
  <Results>
    <UnitTestResult executionId="c236be77-ebb2-4b2d-ac87-69cdfb7ff24e" testId="6288fb0e-9d2c-a603-9db2-af88d05ffb27" testName="Kafka.Ksql.Linq.Tests.Integration.BigBang_KafkaConnection_StrictTests.EX02_ForeachAsync_KafkaDown_ShouldLogAndTimeout" computerName="SAGESOHO01" duration="00:00:04.4572836" startTime="2025-09-14T18:52:37.6392632+09:00" endTime="2025-09-14T18:52:37.6392856+09:00" testType="13cdc9d9-ddb5-4fa4-a97d-d965ccfc6d4b" outcome="Passed" testListId="8c84fa94-04c1-424b-9868-57a2d4851a1d" relativeResultsDirectory="c236be77-ebb2-4b2d-ac87-69cdfb7ff24e" />
  </Results>
  <TestDefinitions>
    <UnitTest name="Kafka.Ksql.Linq.Tests.Integration.BigBang_KafkaConnection_StrictTests.EX02_ForeachAsync_KafkaDown_ShouldLogAndTimeout" storage="c:\dev\rc02\physicaltests\bin\release\net8.0\kafka.ksql.linq.tests.integration.dll" id="6288fb0e-9d2c-a603-9db2-af88d05ffb27">
      <Execution id="c236be77-ebb2-4b2d-ac87-69cdfb7ff24e" />
      <TestMethod codeBase="C:\dev\rc02\physicalTests\bin\Release\net8.0\Kafka.Ksql.Linq.Tests.Integration.dll" adapterTypeName="executor://xunit/VsTestRunner2/netcoreapp" className="Kafka.Ksql.Linq.Tests.Integration.BigBang_KafkaConnection_StrictTests" name="EX02_ForeachAsync_KafkaDown_ShouldLogAndTimeout" />
    </UnitTest>
  </TestDefinitions>
  <TestEntries>
    <TestEntry testId="6288fb0e-9d2c-a603-9db2-af88d05ffb27" executionId="c236be77-ebb2-4b2d-ac87-69cdfb7ff24e" testListId="8c84fa94-04c1-424b-9868-57a2d4851a1d" />
  </TestEntries>
  <TestLists>
    <TestList name="一覧に存在しない結果" id="8c84fa94-04c1-424b-9868-57a2d4851a1d" />
    <TestList name="読み込まれたすべての結果" id="19431567-8539-422a-85d7-44ee4e166bda" />
  </TestLists>
  <ResultSummary outcome="Completed">
    <Counters total="1" executed="1" passed="1" failed="0" error="0" timeout="0" aborted="0" inconclusive="0" passedButRunAborted="0" notRunnable="0" notExecuted="0" disconnected="0" warning="0" completed="0" inProgress="0" pending="0" />
    <Output>
      <StdOut>[xUnit.net 00:00:00.00] xUnit.net VSTest Adapter v2.5.6+bf9b858c26 (64-bit .NET 8.0.19)&#xD;
[xUnit.net 00:00:00.07]   Discovering: Kafka.Ksql.Linq.Tests.Integration&#xD;
[xUnit.net 00:00:00.12]   Discovered:  Kafka.Ksql.Linq.Tests.Integration&#xD;
[xUnit.net 00:00:00.12]   Starting:    Kafka.Ksql.Linq.Tests.Integration&#xD;
[ConsumerConfig] topic=orders group=default-group enableAutoCommit=True autoOffsetReset=Latest&#xD;
[ConsumeInternal] subscribed topic=orders group=default-group autoCommit=True&#xD;
[ConsumerConfig] topic=orders group=default-group enableAutoCommit=True autoOffsetReset=Latest&#xD;
[ConsumeInternal] subscribed topic=orders group=default-group autoCommit=True&#xD;
%3|1757843557.200|FAIL|ksql-dsl-client-admin#producer-1| [thrd:127.0.0.1:39092/bootstrap]: 127.0.0.1:39092/bootstrap: Connect to ipv4#127.0.0.1:39092 failed: Unknown error (after 2054ms in state CONNECT)&#xD;
%3|1757843557.200|ERROR|ksql-dsl-client-admin#producer-1| [thrd:127.0.0.1:39092/bootstrap]: 1/1 brokers are down&#xD;
%3|1757843557.200|ERROR|ksql-dsl-client-admin#producer-1| [thrd:app]: ksql-dsl-client-admin#producer-1: 127.0.0.1:39092/bootstrap: Connect to ipv4#127.0.0.1:39092 failed: Unknown error (after 2054ms in state CONNECT)&#xD;
[xUnit.net 00:00:04.63]   Finished:    Kafka.Ksql.Linq.Tests.Integration&#xD;
</StdOut>
    </Output>
  </ResultSummary>
</TestRun>