<?xml version="1.0" encoding="utf-8"?>
<TestRun id="39b7f954-4c92-4b01-a604-1ca26bb83de9" name="seiji_yfc8940@SAGESOHO01 2025-09-14 19:10:27" runUser="SAGESOHO01\seiji_yfc8940" xmlns="http://microsoft.com/schemas/VisualStudio/TeamTest/2010">
  <Times creation="2025-09-14T19:10:27.2960258+09:00" queuing="2025-09-14T19:10:27.2960263+09:00" start="2025-09-14T19:10:21.0085304+09:00" finish="2025-09-14T19:10:27.3003276+09:00" />
  <TestSettings name="default" id="e03cec56-bd17-43ef-941a-c76e0202621a">
    <Deployment runDeploymentRoot="seiji_yfc8940_SAGESOHO01_2025-09-14_19_10_27" />
  </TestSettings>
  <Results>
    <UnitTestResult executionId="9dd684a3-33e9-44cf-b001-24ddeca5dd79" testId="4d1ab506-de68-e93b-e77a-c25236b29b8f" testName="Kafka.Ksql.Linq.Tests.Integration.CompositeKeyPocoTests.SendAndReceive_CompositeKeyPoco" computerName="SAGESOHO01" duration="00:00:05.7135990" startTime="2025-09-14T19:10:27.2305124+09:00" endTime="2025-09-14T19:10:27.2305223+09:00" testType="13cdc9d9-ddb5-4fa4-a97d-d965ccfc6d4b" outcome="Passed" testListId="8c84fa94-04c1-424b-9868-57a2d4851a1d" relativeResultsDirectory="9dd684a3-33e9-44cf-b001-24ddeca5dd79" />
  </Results>
  <TestDefinitions>
    <UnitTest name="Kafka.Ksql.Linq.Tests.Integration.CompositeKeyPocoTests.SendAndReceive_CompositeKeyPoco" storage="c:\dev\rc02\physicaltests\bin\release\net8.0\kafka.ksql.linq.tests.integration.dll" id="4d1ab506-de68-e93b-e77a-c25236b29b8f">
      <Execution id="9dd684a3-33e9-44cf-b001-24ddeca5dd79" />
      <TestMethod codeBase="C:\dev\rc02\physicalTests\bin\Release\net8.0\Kafka.Ksql.Linq.Tests.Integration.dll" adapterTypeName="executor://xunit/VsTestRunner2/netcoreapp" className="Kafka.Ksql.Linq.Tests.Integration.CompositeKeyPocoTests" name="SendAndReceive_CompositeKeyPoco" />
    </UnitTest>
  </TestDefinitions>
  <TestEntries>
    <TestEntry testId="4d1ab506-de68-e93b-e77a-c25236b29b8f" executionId="9dd684a3-33e9-44cf-b001-24ddeca5dd79" testListId="8c84fa94-04c1-424b-9868-57a2d4851a1d" />
  </TestEntries>
  <TestLists>
    <TestList name="一覧に存在しない結果" id="8c84fa94-04c1-424b-9868-57a2d4851a1d" />
    <TestList name="読み込まれたすべての結果" id="19431567-8539-422a-85d7-44ee4e166bda" />
  </TestLists>
  <ResultSummary outcome="Completed">
    <Counters total="1" executed="1" passed="1" failed="0" error="0" timeout="0" aborted="0" inconclusive="0" passedButRunAborted="0" notRunnable="0" notExecuted="0" disconnected="0" warning="0" completed="0" inProgress="0" pending="0" />
    <Output>
      <StdOut>[xUnit.net 00:00:00.00] xUnit.net VSTest Adapter v2.5.6+bf9b858c26 (64-bit .NET 8.0.19)&#xD;
[xUnit.net 00:00:00.06]   Discovering: Kafka.Ksql.Linq.Tests.Integration&#xD;
[xUnit.net 00:00:00.12]   Discovered:  Kafka.Ksql.Linq.Tests.Integration&#xD;
[xUnit.net 00:00:00.12]   Starting:    Kafka.Ksql.Linq.Tests.Integration&#xD;
dbug: Kafka.Ksql.Linq.Infrastructure.Admin.KafkaAdminService[0]&#xD;
      KafkaAdminService initialized with BootstrapServers: 127.0.0.1:39092&#xD;
info: Kafka.Ksql.Linq.Messaging.Producers.KafkaProducerManager[0]&#xD;
      producer:orders_compkey config: Acks=All, BatchNumMessages=10000, BatchSize=16384, BootstrapServers=127.0.0.1:39092, ClientId=ksql-dsl-client, CompressionType=Snappy, EnableIdempotence=True, LingerMs=5, MaxInFlight=1, MessageTimeoutMs=120000, RetryBackoffMs=100&#xD;
info: Kafka.Ksql.Linq.Messaging.Producers.KafkaProducerManager[0]&#xD;
      schema-registry(producer) config: Url=http://127.0.0.1:18081&#xD;
info: Kafka.Ksql.Linq.Messaging.Producers.KafkaProducerManager[0]&#xD;
      kafka produce: topic=orders_compkey, entity=Order, method=SendAsync&#xD;
[ConsumerConfig] topic=orders_compkey group=d4c5b155-c598-488d-b6a7-feda951c9e6f enableAutoCommit=True autoOffsetReset=Earliest&#xD;
info: Kafka.Ksql.Linq.Messaging.Consumers.KafkaConsumerManager[0]&#xD;
      consumer:orders_compkey config: AutoCommitIntervalMs=5000, AutoOffsetReset=Earliest, BootstrapServers=127.0.0.1:39092, ClientId=ksql-dsl-client, EnableAutoCommit=True, FetchMaxBytes=52428800, FetchMinBytes=1, GroupId=d4c5b155-c598-488d-b6a7-feda951c9e6f, HeartbeatIntervalMs=3000, IsolationLevel=ReadUncommitted, MaxPollIntervalMs=300000, SessionTimeoutMs=30000&#xD;
info: Kafka.Ksql.Linq.Messaging.Consumers.KafkaConsumerManager[0]&#xD;
      schema-registry(consumer) config: Url=http://127.0.0.1:18081&#xD;
[ConsumeInternal] subscribed topic=orders_compkey group=d4c5b155-c598-488d-b6a7-feda951c9e6f autoCommit=True&#xD;
[ConsumerConfig] topic=orders_compkey group=d4c5b155-c598-488d-b6a7-feda951c9e6f enableAutoCommit=True autoOffsetReset=Earliest&#xD;
info: Kafka.Ksql.Linq.Messaging.Consumers.KafkaConsumerManager[0]&#xD;
      consumer:orders_compkey config: AutoCommitIntervalMs=5000, AutoOffsetReset=Earliest, BootstrapServers=127.0.0.1:39092, ClientId=ksql-dsl-client, EnableAutoCommit=True, FetchMaxBytes=52428800, FetchMinBytes=1, GroupId=d4c5b155-c598-488d-b6a7-feda951c9e6f, HeartbeatIntervalMs=3000, IsolationLevel=ReadUncommitted, MaxPollIntervalMs=300000, SessionTimeoutMs=30000&#xD;
[ConsumeInternal] subscribed topic=orders_compkey group=d4c5b155-c598-488d-b6a7-feda951c9e6f autoCommit=True&#xD;
dbug: Kafka.Ksql.Linq.Infrastructure.Admin.KafkaAdminService[0]&#xD;
      KafkaAdminService disposed&#xD;
[xUnit.net 00:00:05.87]   Finished:    Kafka.Ksql.Linq.Tests.Integration&#xD;
</StdOut>
    </Output>
  </ResultSummary>
</TestRun>