<?xml version="1.0" encoding="utf-8"?>
<TestRun id="c5913123-88a1-43c3-8911-91147fa4f227" name="seiji_yfc8940@SAGESOHO01 2025-09-14 18:56:20" runUser="SAGESOHO01\seiji_yfc8940" xmlns="http://microsoft.com/schemas/VisualStudio/TeamTest/2010">
  <Times creation="2025-09-14T18:56:20.6445311+09:00" queuing="2025-09-14T18:56:20.6445316+09:00" start="2025-09-14T18:56:00.1172025+09:00" finish="2025-09-14T18:56:20.6496151+09:00" />
  <TestSettings name="default" id="0b92177d-75f5-43b9-b3a7-990e379e12f8">
    <Deployment runDeploymentRoot="seiji_yfc8940_SAGESOHO01_2025-09-14_18_56_20" />
  </TestSettings>
  <Results>
    <UnitTestResult executionId="df2a2df4-842c-4d72-a176-e225bdee4714" testId="da24b4ec-31be-e42d-feb9-6cc309431547" testName="Kafka.Ksql.Linq.Tests.Integration.KafkaServiceDownTests.ForeachAsync_ShouldThrow_WhenKafkaIsDown" computerName="SAGESOHO01" duration="00:00:19.9443436" startTime="2025-09-14T18:56:20.5711151+09:00" endTime="2025-09-14T18:56:20.5711459+09:00" testType="13cdc9d9-ddb5-4fa4-a97d-d965ccfc6d4b" outcome="Passed" testListId="8c84fa94-04c1-424b-9868-57a2d4851a1d" relativeResultsDirectory="df2a2df4-842c-4d72-a176-e225bdee4714" />
  </Results>
  <TestDefinitions>
    <UnitTest name="Kafka.Ksql.Linq.Tests.Integration.KafkaServiceDownTests.ForeachAsync_ShouldThrow_WhenKafkaIsDown" storage="c:\dev\rc02\physicaltests\bin\release\net8.0\kafka.ksql.linq.tests.integration.dll" id="da24b4ec-31be-e42d-feb9-6cc309431547">
      <Execution id="df2a2df4-842c-4d72-a176-e225bdee4714" />
      <TestMethod codeBase="C:\dev\rc02\physicalTests\bin\Release\net8.0\Kafka.Ksql.Linq.Tests.Integration.dll" adapterTypeName="executor://xunit/VsTestRunner2/netcoreapp" className="Kafka.Ksql.Linq.Tests.Integration.KafkaServiceDownTests" name="ForeachAsync_ShouldThrow_WhenKafkaIsDown" />
    </UnitTest>
  </TestDefinitions>
  <TestEntries>
    <TestEntry testId="da24b4ec-31be-e42d-feb9-6cc309431547" executionId="df2a2df4-842c-4d72-a176-e225bdee4714" testListId="8c84fa94-04c1-424b-9868-57a2d4851a1d" />
  </TestEntries>
  <TestLists>
    <TestList name="一覧に存在しない結果" id="8c84fa94-04c1-424b-9868-57a2d4851a1d" />
    <TestList name="読み込まれたすべての結果" id="19431567-8539-422a-85d7-44ee4e166bda" />
  </TestLists>
  <ResultSummary outcome="Completed">
    <Counters total="1" executed="1" passed="1" failed="0" error="0" timeout="0" aborted="0" inconclusive="0" passedButRunAborted="0" notRunnable="0" notExecuted="0" disconnected="0" warning="0" completed="0" inProgress="0" pending="0" />
    <Output>
      <StdOut>[xUnit.net 00:00:00.00] xUnit.net VSTest Adapter v2.5.6+bf9b858c26 (64-bit .NET 8.0.19)&#xD;
[xUnit.net 00:00:00.07]   Discovering: Kafka.Ksql.Linq.Tests.Integration&#xD;
[xUnit.net 00:00:00.12]   Discovered:  Kafka.Ksql.Linq.Tests.Integration&#xD;
[xUnit.net 00:00:00.13]   Starting:    Kafka.Ksql.Linq.Tests.Integration&#xD;
[ConsumerConfig] topic=orders_srvdown group=default-group enableAutoCommit=True autoOffsetReset=Latest&#xD;
[ConsumeInternal] subscribed topic=orders_srvdown group=default-group autoCommit=True&#xD;
%3|1757843764.697|FAIL|ksql-dsl-client-admin#producer-1| [thrd:127.0.0.1:39092/bootstrap]: 127.0.0.1:39092/bootstrap: Connect to ipv4#127.0.0.1:39092 failed: Unknown error (after 2039ms in state CONNECT)&#xD;
%3|1757843764.697|ERROR|ksql-dsl-client-admin#producer-1| [thrd:127.0.0.1:39092/bootstrap]: 1/1 brokers are down&#xD;
%3|1757843764.697|ERROR|ksql-dsl-client-admin#producer-1| [thrd:app]: ksql-dsl-client-admin#producer-1: 127.0.0.1:39092/bootstrap: Connect to ipv4#127.0.0.1:39092 failed: Unknown error (after 2039ms in state CONNECT)&#xD;
%3|1757843764.888|FAIL|ksql-dsl-client#consumer-2| [thrd:127.0.0.1:39092/bootstrap]: 127.0.0.1:39092/bootstrap: Connect to ipv4#127.0.0.1:39092 failed: Unknown error (after 2043ms in state CONNECT)&#xD;
%3|1757843764.888|ERROR|ksql-dsl-client#consumer-2| [thrd:127.0.0.1:39092/bootstrap]: 1/1 brokers are down&#xD;
%3|1757843764.888|ERROR|ksql-dsl-client#consumer-2| [thrd:app]: ksql-dsl-client#consumer-2: 127.0.0.1:39092/bootstrap: Connect to ipv4#127.0.0.1:39092 failed: Unknown error (after 2043ms in state CONNECT)&#xD;
%3|1757843766.988|FAIL|ksql-dsl-client#consumer-2| [thrd:127.0.0.1:39092/bootstrap]: 127.0.0.1:39092/bootstrap: Connect to ipv4#127.0.0.1:39092 failed: Unknown error (after 2038ms in state CONNECT, 1 identical error(s) suppressed)&#xD;
%3|1757843766.988|ERROR|ksql-dsl-client#consumer-2| [thrd:app]: ksql-dsl-client#consumer-2: 127.0.0.1:39092/bootstrap: Connect to ipv4#127.0.0.1:39092 failed: Unknown error (after 2038ms in state CONNECT, 1 identical error(s) suppressed)&#xD;
%3|1757843767.713|FAIL|ksql-dsl-client-admin#producer-1| [thrd:127.0.0.1:39092/bootstrap]: 127.0.0.1:39092/bootstrap: Connect to ipv4#127.0.0.1:39092 failed: Unknown error (after 2027ms in state CONNECT, 1 identical error(s) suppressed)&#xD;
%3|1757843767.713|ERROR|ksql-dsl-client-admin#producer-1| [thrd:app]: ksql-dsl-client-admin#producer-1: 127.0.0.1:39092/bootstrap: Connect to ipv4#127.0.0.1:39092 failed: Unknown error (after 2027ms in state CONNECT, 1 identical error(s) suppressed)&#xD;
%6|1757843775.759|FAIL|ksql-dsl-client-admin#producer-1| [thrd:127.0.0.1:39092/bootstrap]: 127.0.0.1:39092/bootstrap: Disconnected while requesting ApiVersion: might be caused by incorrect security.protocol configuration (connecting to a SSL listener?) or broker version is &lt; 0.10 (see api.version.request) (after 1ms in state APIVERSION_QUERY)&#xD;
%3|1757843775.759|ERROR|ksql-dsl-client-admin#producer-1| [thrd:app]: ksql-dsl-client-admin#producer-1: 127.0.0.1:39092/bootstrap: Disconnected while requesting ApiVersion: might be caused by incorrect security.protocol configuration (connecting to a SSL listener?) or broker version is &lt; 0.10 (see api.version.request) (after 1ms in state APIVERSION_QUERY)&#xD;
[xUnit.net 00:00:20.10]   Finished:    Kafka.Ksql.Linq.Tests.Integration&#xD;
</StdOut>
    </Output>
  </ResultSummary>
</TestRun>