<?xml version="1.0" encoding="utf-8"?>
<TestRun id="e0e82ce4-5355-4b8f-9dfa-c0bb1c837b75" name="@sagesoho01 2025-09-14 04:03:35" xmlns="http://microsoft.com/schemas/VisualStudio/TeamTest/2010">
  <Times creation="2025-09-14T04:03:35.0732674+09:00" queuing="2025-09-14T04:03:35.0732675+09:00" start="2025-09-14T04:03:23.4998890+09:00" finish="2025-09-14T04:03:35.0800898+09:00" />
  <TestSettings name="default" id="f7c005fe-d93f-45a9-9f8a-0ab5e23170b6">
    <Deployment runDeploymentRoot="_sagesoho01_2025-09-14_04_03_35" />
  </TestSettings>
  <Results>
    <UnitTestResult executionId="9a7752df-d348-4492-9dee-f60cdcebd3f7" testId="d4f95360-fa20-03e1-5810-a5fd78838e0d" testName="Kafka.Ksql.Linq.Tests.Integration.TimeBucketImportTumblingTests.Import_Ticks_Define_Tumbling_Query_Then_Extract_Bars_Via_TimeBucket" computerName="sagesoho01" duration="00:00:10.5916919" startTime="2025-09-14T04:03:34.9707182+09:00" endTime="2025-09-14T04:03:34.9707417+09:00" testType="13cdc9d9-ddb5-4fa4-a97d-d965ccfc6d4b" outcome="Failed" testListId="8c84fa94-04c1-424b-9868-57a2d4851a1d" relativeResultsDirectory="9a7752df-d348-4492-9dee-f60cdcebd3f7">
      <Output>
        <ErrorInfo>
          <Message>System.Net.Http.HttpRequestException : [http://127.0.0.1:18081/] HttpRequestException: An error occurred while sending the request.</Message>
          <StackTrace>   at Confluent.SchemaRegistry.RestService.ExecuteOnOneInstanceAsync(Func`1 createRequest)
   at Confluent.SchemaRegistry.RestService.RequestAsync[T](String endPoint, HttpMethod method, Object[] jsonBody)
   at Confluent.SchemaRegistry.RestService.GetLatestSchemaAsync(String subject)
   at Confluent.SchemaRegistry.CachedSchemaRegistryClient.GetLatestSchemaAsync(String subject)
   at Kafka.Ksql.Linq.SchemaRegistryTools.SchemaRegistryExtensions.RegisterSchemaIfNewAsync(ISchemaRegistryClient client, String subject, String schema) in C:\dev\rc02\src\SchemaRegistryTools\SchemaRegistryExtensions.cs:line 20
   at Kafka.Ksql.Linq.KsqlContext.RegisterSchemasAndMaterializeAsync() in C:\dev\rc02\src\KsqlContext.SchemaRegistration.cs:line 101
   at Kafka.Ksql.Linq.KsqlContext.InitializeWithSchemaRegistration() in C:\dev\rc02\src\KsqlContext.SchemaRegistration.cs:line 28
   at Kafka.Ksql.Linq.KsqlContext.InitializeCore(ILoggerFactory loggerFactory) in C:\dev\rc02\src\KsqlContext.cs:line 131
   at Kafka.Ksql.Linq.KsqlContext..ctor(KsqlDslOptions options, ILoggerFactory loggerFactory) in C:\dev\rc02\src\KsqlContext.cs:line 95
   at Kafka.Ksql.Linq.Tests.Integration.TimeBucketImportTumblingTests.TestContext..ctor() in C:\dev\rc02\physicalTests\OssSamples\TimeBucketImportTumblingTests.cs:line 46
   at Kafka.Ksql.Linq.Tests.Integration.TimeBucketImportTumblingTests.Import_Ticks_Define_Tumbling_Query_Then_Extract_Bars_Via_TimeBucket() in C:\dev\rc02\physicalTests\OssSamples\TimeBucketImportTumblingTests.cs:line 80
--- End of stack trace from previous location ---</StackTrace>
        </ErrorInfo>
      </Output>
    </UnitTestResult>
  </Results>
  <TestDefinitions>
    <UnitTest name="Kafka.Ksql.Linq.Tests.Integration.TimeBucketImportTumblingTests.Import_Ticks_Define_Tumbling_Query_Then_Extract_Bars_Via_TimeBucket" storage="/mnt/wsl/docker-desktop-bind-mounts/ubuntu/a13e836bd3e4202a32825f6a6662d59b9e4dc0683c01242fccca7b969598a741/physicaltests/bin/release/net8.0/kafka.ksql.linq.tests.integration.dll" id="d4f95360-fa20-03e1-5810-a5fd78838e0d">
      <Execution id="9a7752df-d348-4492-9dee-f60cdcebd3f7" />
      <TestMethod codeBase="/mnt/wsl/docker-desktop-bind-mounts/Ubuntu/a13e836bd3e4202a32825f6a6662d59b9e4dc0683c01242fccca7b969598a741/physicalTests/bin/Release/net8.0/Kafka.Ksql.Linq.Tests.Integration.dll" adapterTypeName="executor://xunit/VsTestRunner2/netcoreapp" className="Kafka.Ksql.Linq.Tests.Integration.TimeBucketImportTumblingTests" name="Import_Ticks_Define_Tumbling_Query_Then_Extract_Bars_Via_TimeBucket" />
    </UnitTest>
  </TestDefinitions>
  <TestEntries>
    <TestEntry testId="d4f95360-fa20-03e1-5810-a5fd78838e0d" executionId="9a7752df-d348-4492-9dee-f60cdcebd3f7" testListId="8c84fa94-04c1-424b-9868-57a2d4851a1d" />
  </TestEntries>
  <TestLists>
    <TestList name="Results Not in a List" id="8c84fa94-04c1-424b-9868-57a2d4851a1d" />
    <TestList name="All Loaded Results" id="19431567-8539-422a-85d7-44ee4e166bda" />
  </TestLists>
  <ResultSummary outcome="Failed">
    <Counters total="1" executed="1" passed="0" failed="1" error="0" timeout="0" aborted="0" inconclusive="0" passedButRunAborted="0" notRunnable="0" notExecuted="0" disconnected="0" warning="0" completed="0" inProgress="0" pending="0" />
    <Output>
      <StdOut>[xUnit.net 00:00:00.00] xUnit.net VSTest Adapter v2.5.6+bf9b858c26 (64-bit .NET 8.0.19)
[xUnit.net 00:00:00.23]   Discovering: Kafka.Ksql.Linq.Tests.Integration
[xUnit.net 00:00:00.29]   Discovered:  Kafka.Ksql.Linq.Tests.Integration
[xUnit.net 00:00:00.30]   Starting:    Kafka.Ksql.Linq.Tests.Integration
[xUnit.net 00:00:10.94]       System.Net.Http.HttpRequestException : [http://127.0.0.1:18081/] HttpRequestException: An error occurred while sending the request.
[xUnit.net 00:00:10.94]       Stack Trace:
[xUnit.net 00:00:10.94]            at Confluent.SchemaRegistry.RestService.ExecuteOnOneInstanceAsync(Func`1 createRequest)
[xUnit.net 00:00:10.94]            at Confluent.SchemaRegistry.RestService.RequestAsync[T](String endPoint, HttpMethod method, Object[] jsonBody)
[xUnit.net 00:00:10.94]            at Confluent.SchemaRegistry.RestService.GetLatestSchemaAsync(String subject)
[xUnit.net 00:00:10.94]            at Confluent.SchemaRegistry.CachedSchemaRegistryClient.GetLatestSchemaAsync(String subject)
[xUnit.net 00:00:10.94]         C:\dev\rc02\src\SchemaRegistryTools\SchemaRegistryExtensions.cs(20,0): at Kafka.Ksql.Linq.SchemaRegistryTools.SchemaRegistryExtensions.RegisterSchemaIfNewAsync(ISchemaRegistryClient client, String subject, String schema)
[xUnit.net 00:00:10.94]         C:\dev\rc02\src\KsqlContext.SchemaRegistration.cs(101,0): at Kafka.Ksql.Linq.KsqlContext.RegisterSchemasAndMaterializeAsync()
[xUnit.net 00:00:10.94]         C:\dev\rc02\src\KsqlContext.SchemaRegistration.cs(28,0): at Kafka.Ksql.Linq.KsqlContext.InitializeWithSchemaRegistration()
[xUnit.net 00:00:10.94]         C:\dev\rc02\src\KsqlContext.cs(131,0): at Kafka.Ksql.Linq.KsqlContext.InitializeCore(ILoggerFactory loggerFactory)
[xUnit.net 00:00:10.94]         C:\dev\rc02\src\KsqlContext.cs(95,0): at Kafka.Ksql.Linq.KsqlContext..ctor(KsqlDslOptions options, ILoggerFactory loggerFactory)
[xUnit.net 00:00:10.94]         C:\dev\rc02\physicalTests\OssSamples\TimeBucketImportTumblingTests.cs(46,0): at Kafka.Ksql.Linq.Tests.Integration.TimeBucketImportTumblingTests.TestContext..ctor()
[xUnit.net 00:00:10.94]         C:\dev\rc02\physicalTests\OssSamples\TimeBucketImportTumblingTests.cs(80,0): at Kafka.Ksql.Linq.Tests.Integration.TimeBucketImportTumblingTests.Import_Ticks_Define_Tumbling_Query_Then_Extract_Bars_Via_TimeBucket()
[xUnit.net 00:00:10.94]         --- End of stack trace from previous location ---
[xUnit.net 00:00:10.95]   Finished:    Kafka.Ksql.Linq.Tests.Integration
</StdOut>
    </Output>
    <RunInfos>
      <RunInfo computerName="sagesoho01" outcome="Error" timestamp="2025-09-14T04:03:34.9689838+09:00">
        <Text>[xUnit.net 00:00:10.94]     Kafka.Ksql.Linq.Tests.Integration.TimeBucketImportTumblingTests.Import_Ticks_Define_Tumbling_Query_Then_Extract_Bars_Via_TimeBucket [FAIL]</Text>
      </RunInfo>
    </RunInfos>
  </ResultSummary>
</TestRun>