<?xml version="1.0" encoding="utf-8"?>
<TestRun id="dd9e13fc-dda9-40ff-9f24-f5c58fe26694" name="@sagesoho01 2025-09-12 15:28:53" xmlns="http://microsoft.com/schemas/VisualStudio/TeamTest/2010">
  <Times creation="2025-09-12T15:28:53.8334966+09:00" queuing="2025-09-12T15:28:53.8334966+09:00" start="2025-09-12T15:27:21.8105148+09:00" finish="2025-09-12T15:28:53.8408195+09:00" />
  <TestSettings name="default" id="b61fe808-c207-4f38-9e17-713324d21d94">
    <Deployment runDeploymentRoot="_sagesoho01_2025-09-12_15_28_53" />
  </TestSettings>
  <Results>
    <UnitTestResult executionId="68f9be91-a3f4-4909-bd69-c1d5f699d4fd" testId="362ea334-db4e-46ce-8b95-3449bea35781" testName="Kafka.Ksql.Linq.Tests.Integration.BarDslMultiTierTests.MultiTier_1m_5m_15m_60m_Create_And_Ohlc_Sanity" computerName="sagesoho01" duration="00:01:37.3822546" startTime="2025-09-12T15:28:53.7281051+09:00" endTime="2025-09-12T15:28:53.7281210+09:00" testType="13cdc9d9-ddb5-4fa4-a97d-d965ccfc6d4b" outcome="Failed" testListId="8c84fa94-04c1-424b-9868-57a2d4851a1d" relativeResultsDirectory="68f9be91-a3f4-4909-bd69-c1d5f699d4fd">
      <Output>
        <ErrorInfo>
          <Message>System.Net.Http.HttpRequestException : Response status code does not indicate success: 400 (Bad Request).</Message>
          <StackTrace>   at System.Net.Http.HttpResponseMessage.EnsureSuccessStatusCode()
   at Kafka.Ksql.Linq.Tests.Integration.BarDslMultiTierTests.QueryRowsHttpAsync(String sql, TimeSpan timeout) in /mnt/c/dev/rc02/physicalTests/OssSamples/BarDslMultiTierTests.cs:line 110
   at Kafka.Ksql.Linq.Tests.Integration.BarDslMultiTierTests.&lt;MultiTier_1m_5m_15m_60m_Create_And_Ohlc_Sanity&gt;g__CountAsync|5_0(String table) in /mnt/c/dev/rc02/physicalTests/OssSamples/BarDslMultiTierTests.cs:line 223
   at Kafka.Ksql.Linq.Tests.Integration.BarDslMultiTierTests.MultiTier_1m_5m_15m_60m_Create_And_Ohlc_Sanity() in /mnt/c/dev/rc02/physicalTests/OssSamples/BarDslMultiTierTests.cs:line 226
   at Kafka.Ksql.Linq.Tests.Integration.BarDslMultiTierTests.MultiTier_1m_5m_15m_60m_Create_And_Ohlc_Sanity() in /mnt/c/dev/rc02/physicalTests/OssSamples/BarDslMultiTierTests.cs:line 299
--- End of stack trace from previous location ---</StackTrace>
        </ErrorInfo>
      </Output>
    </UnitTestResult>
  </Results>
  <TestDefinitions>
    <UnitTest name="Kafka.Ksql.Linq.Tests.Integration.BarDslMultiTierTests.MultiTier_1m_5m_15m_60m_Create_And_Ohlc_Sanity" storage="/mnt/c/dev/rc02/physicaltests/bin/release/net8.0/kafka.ksql.linq.tests.integration.dll" id="362ea334-db4e-46ce-8b95-3449bea35781">
      <Execution id="68f9be91-a3f4-4909-bd69-c1d5f699d4fd" />
      <TestMethod codeBase="/mnt/c/dev/rc02/physicalTests/bin/Release/net8.0/Kafka.Ksql.Linq.Tests.Integration.dll" adapterTypeName="executor://xunit/VsTestRunner2/netcoreapp" className="Kafka.Ksql.Linq.Tests.Integration.BarDslMultiTierTests" name="MultiTier_1m_5m_15m_60m_Create_And_Ohlc_Sanity" />
    </UnitTest>
  </TestDefinitions>
  <TestEntries>
    <TestEntry testId="362ea334-db4e-46ce-8b95-3449bea35781" executionId="68f9be91-a3f4-4909-bd69-c1d5f699d4fd" testListId="8c84fa94-04c1-424b-9868-57a2d4851a1d" />
  </TestEntries>
  <TestLists>
    <TestList name="Results Not in a List" id="8c84fa94-04c1-424b-9868-57a2d4851a1d" />
    <TestList name="All Loaded Results" id="19431567-8539-422a-85d7-44ee4e166bda" />
  </TestLists>
  <ResultSummary outcome="Failed">
    <Counters total="1" executed="1" passed="0" failed="1" error="0" timeout="0" aborted="0" inconclusive="0" passedButRunAborted="0" notRunnable="0" notExecuted="0" disconnected="0" warning="0" completed="0" inProgress="0" pending="0" />
    <Output>
      <StdOut>[xUnit.net 00:00:00.00] xUnit.net VSTest Adapter v2.5.6+bf9b858c26 (64-bit .NET 8.0.19)
[xUnit.net 00:00:00.23]   Discovering: Kafka.Ksql.Linq.Tests.Integration
[xUnit.net 00:00:00.30]   Discovered:  Kafka.Ksql.Linq.Tests.Integration
[xUnit.net 00:00:00.30]   Starting:    Kafka.Ksql.Linq.Tests.Integration
[xUnit.net 00:01:37.75]       System.Net.Http.HttpRequestException : Response status code does not indicate success: 400 (Bad Request).
[xUnit.net 00:01:37.75]       Stack Trace:
[xUnit.net 00:01:37.75]            at System.Net.Http.HttpResponseMessage.EnsureSuccessStatusCode()
[xUnit.net 00:01:37.75]         /mnt/c/dev/rc02/physicalTests/OssSamples/BarDslMultiTierTests.cs(110,0): at Kafka.Ksql.Linq.Tests.Integration.BarDslMultiTierTests.QueryRowsHttpAsync(String sql, TimeSpan timeout)
[xUnit.net 00:01:37.75]         /mnt/c/dev/rc02/physicalTests/OssSamples/BarDslMultiTierTests.cs(223,0): at Kafka.Ksql.Linq.Tests.Integration.BarDslMultiTierTests.&lt;MultiTier_1m_5m_15m_60m_Create_And_Ohlc_Sanity&gt;g__CountAsync|5_0(String table)
[xUnit.net 00:01:37.75]         /mnt/c/dev/rc02/physicalTests/OssSamples/BarDslMultiTierTests.cs(226,0): at Kafka.Ksql.Linq.Tests.Integration.BarDslMultiTierTests.MultiTier_1m_5m_15m_60m_Create_And_Ohlc_Sanity()
[xUnit.net 00:01:37.75]         /mnt/c/dev/rc02/physicalTests/OssSamples/BarDslMultiTierTests.cs(299,0): at Kafka.Ksql.Linq.Tests.Integration.BarDslMultiTierTests.MultiTier_1m_5m_15m_60m_Create_And_Ohlc_Sanity()
[xUnit.net 00:01:37.75]         --- End of stack trace from previous location ---
[xUnit.net 00:01:37.76]   Finished:    Kafka.Ksql.Linq.Tests.Integration
</StdOut>
    </Output>
    <RunInfos>
      <RunInfo computerName="sagesoho01" outcome="Error" timestamp="2025-09-12T15:28:53.7262145+09:00">
        <Text>[xUnit.net 00:01:37.75]     Kafka.Ksql.Linq.Tests.Integration.BarDslMultiTierTests.MultiTier_1m_5m_15m_60m_Create_And_Ohlc_Sanity [FAIL]</Text>
      </RunInfo>
    </RunInfos>
  </ResultSummary>
</TestRun>