<?xml version="1.0" encoding="utf-8"?>
<TestRun id="662c4c87-8146-4257-a5ec-eb2ace5bd7ef" name="@sagesoho01 2025-09-14 03:58:56" xmlns="http://microsoft.com/schemas/VisualStudio/TeamTest/2010">
  <Times creation="2025-09-14T03:58:56.9865071+09:00" queuing="2025-09-14T03:58:56.9865071+09:00" start="2025-09-14T03:58:00.4449858+09:00" finish="2025-09-14T03:58:56.9950987+09:00" />
  <TestSettings name="default" id="adb49468-3ddb-4b90-96e3-ea3eb39468e1">
    <Deployment runDeploymentRoot="_sagesoho01_2025-09-14_03_58_56" />
  </TestSettings>
  <Results>
    <UnitTestResult executionId="28c83eb5-cd42-4bb1-b3fc-2cddff80d82c" testId="d4f95360-fa20-03e1-5810-a5fd78838e0d" testName="Kafka.Ksql.Linq.Tests.Integration.TimeBucketImportTumblingTests.Import_Ticks_Define_Tumbling_Query_Then_Extract_Bars_Via_TimeBucket" computerName="sagesoho01" duration="00:00:55.7674858" startTime="2025-09-14T03:58:56.8843597+09:00" endTime="2025-09-14T03:58:56.8843728+09:00" testType="13cdc9d9-ddb5-4fa4-a97d-d965ccfc6d4b" outcome="Failed" testListId="8c84fa94-04c1-424b-9868-57a2d4851a1d" relativeResultsDirectory="28c83eb5-cd42-4bb1-b3fc-2cddff80d82c">
      <Output>
        <ErrorInfo>
          <Message>Confluent.Kafka.KafkaException : Failed while waiting for controller: Local: Timed out</Message>
          <StackTrace>   at Kafka.Ksql.Linq.Infrastructure.Admin.KafkaAdminService.CreateDbTopicAsync(String topicName, Int32 partitions, Int16 replicationFactor) in C:\dev\rc02\src\Infrastructure\Admin\KafkaAdminService.cs:line 257
   at Kafka.Ksql.Linq.KsqlContext.EnsureSimpleEntityDdlAsync(Type type, EntityModel model) in C:\dev\rc02\src\KsqlContext.SchemaRegistration.cs:line 155
   at Kafka.Ksql.Linq.KsqlContext.RegisterSchemasAndMaterializeAsync() in C:\dev\rc02\src\KsqlContext.SchemaRegistration.cs:line 123
   at Kafka.Ksql.Linq.KsqlContext.InitializeWithSchemaRegistration() in C:\dev\rc02\src\KsqlContext.SchemaRegistration.cs:line 28
   at Kafka.Ksql.Linq.KsqlContext.InitializeCore(ILoggerFactory loggerFactory) in C:\dev\rc02\src\KsqlContext.cs:line 131
   at Kafka.Ksql.Linq.KsqlContext..ctor(KsqlDslOptions options, ILoggerFactory loggerFactory) in C:\dev\rc02\src\KsqlContext.cs:line 95
   at Kafka.Ksql.Linq.Tests.Integration.TimeBucketImportTumblingTests.TestContext..ctor() in C:\dev\rc02\physicalTests\OssSamples\TimeBucketImportTumblingTests.cs:line 46
   at Kafka.Ksql.Linq.Tests.Integration.TimeBucketImportTumblingTests.Import_Ticks_Define_Tumbling_Query_Then_Extract_Bars_Via_TimeBucket() in C:\dev\rc02\physicalTests\OssSamples\TimeBucketImportTumblingTests.cs:line 80
--- End of stack trace from previous location ---</StackTrace>
        </ErrorInfo>
      </Output>
    </UnitTestResult>
  </Results>
  <TestDefinitions>
    <UnitTest name="Kafka.Ksql.Linq.Tests.Integration.TimeBucketImportTumblingTests.Import_Ticks_Define_Tumbling_Query_Then_Extract_Bars_Via_TimeBucket" storage="/mnt/wsl/docker-desktop-bind-mounts/ubuntu/bf7fb034338d1307394099267bd016b81e54f9b75a33b0521a4d8a1751a011b3/physicaltests/bin/release/net8.0/kafka.ksql.linq.tests.integration.dll" id="d4f95360-fa20-03e1-5810-a5fd78838e0d">
      <Execution id="28c83eb5-cd42-4bb1-b3fc-2cddff80d82c" />
      <TestMethod codeBase="/mnt/wsl/docker-desktop-bind-mounts/Ubuntu/bf7fb034338d1307394099267bd016b81e54f9b75a33b0521a4d8a1751a011b3/physicalTests/bin/Release/net8.0/Kafka.Ksql.Linq.Tests.Integration.dll" adapterTypeName="executor://xunit/VsTestRunner2/netcoreapp" className="Kafka.Ksql.Linq.Tests.Integration.TimeBucketImportTumblingTests" name="Import_Ticks_Define_Tumbling_Query_Then_Extract_Bars_Via_TimeBucket" />
    </UnitTest>
  </TestDefinitions>
  <TestEntries>
    <TestEntry testId="d4f95360-fa20-03e1-5810-a5fd78838e0d" executionId="28c83eb5-cd42-4bb1-b3fc-2cddff80d82c" testListId="8c84fa94-04c1-424b-9868-57a2d4851a1d" />
  </TestEntries>
  <TestLists>
    <TestList name="Results Not in a List" id="8c84fa94-04c1-424b-9868-57a2d4851a1d" />
    <TestList name="All Loaded Results" id="19431567-8539-422a-85d7-44ee4e166bda" />
  </TestLists>
  <ResultSummary outcome="Failed">
    <Counters total="1" executed="1" passed="0" failed="1" error="0" timeout="0" aborted="0" inconclusive="0" passedButRunAborted="0" notRunnable="0" notExecuted="0" disconnected="0" warning="0" completed="0" inProgress="0" pending="0" />
    <Output>
      <StdOut>[xUnit.net 00:00:00.00] xUnit.net VSTest Adapter v2.5.6+bf9b858c26 (64-bit .NET 8.0.19)
[xUnit.net 00:00:00.21]   Discovering: Kafka.Ksql.Linq.Tests.Integration
[xUnit.net 00:00:00.28]   Discovered:  Kafka.Ksql.Linq.Tests.Integration
[xUnit.net 00:00:00.28]   Starting:    Kafka.Ksql.Linq.Tests.Integration
[xUnit.net 00:00:56.10]       Confluent.Kafka.KafkaException : Failed while waiting for controller: Local: Timed out
[xUnit.net 00:00:56.10]       Stack Trace:
[xUnit.net 00:00:56.10]         C:\dev\rc02\src\Infrastructure\Admin\KafkaAdminService.cs(257,0): at Kafka.Ksql.Linq.Infrastructure.Admin.KafkaAdminService.CreateDbTopicAsync(String topicName, Int32 partitions, Int16 replicationFactor)
[xUnit.net 00:00:56.10]         C:\dev\rc02\src\KsqlContext.SchemaRegistration.cs(155,0): at Kafka.Ksql.Linq.KsqlContext.EnsureSimpleEntityDdlAsync(Type type, EntityModel model)
[xUnit.net 00:00:56.10]         C:\dev\rc02\src\KsqlContext.SchemaRegistration.cs(123,0): at Kafka.Ksql.Linq.KsqlContext.RegisterSchemasAndMaterializeAsync()
[xUnit.net 00:00:56.10]         C:\dev\rc02\src\KsqlContext.SchemaRegistration.cs(28,0): at Kafka.Ksql.Linq.KsqlContext.InitializeWithSchemaRegistration()
[xUnit.net 00:00:56.10]         C:\dev\rc02\src\KsqlContext.cs(131,0): at Kafka.Ksql.Linq.KsqlContext.InitializeCore(ILoggerFactory loggerFactory)
[xUnit.net 00:00:56.10]         C:\dev\rc02\src\KsqlContext.cs(95,0): at Kafka.Ksql.Linq.KsqlContext..ctor(KsqlDslOptions options, ILoggerFactory loggerFactory)
[xUnit.net 00:00:56.10]         C:\dev\rc02\physicalTests\OssSamples\TimeBucketImportTumblingTests.cs(46,0): at Kafka.Ksql.Linq.Tests.Integration.TimeBucketImportTumblingTests.TestContext..ctor()
[xUnit.net 00:00:56.10]         C:\dev\rc02\physicalTests\OssSamples\TimeBucketImportTumblingTests.cs(80,0): at Kafka.Ksql.Linq.Tests.Integration.TimeBucketImportTumblingTests.Import_Ticks_Define_Tumbling_Query_Then_Extract_Bars_Via_TimeBucket()
[xUnit.net 00:00:56.10]         --- End of stack trace from previous location ---
[xUnit.net 00:00:56.10]   Finished:    Kafka.Ksql.Linq.Tests.Integration
</StdOut>
    </Output>
    <RunInfos>
      <RunInfo computerName="sagesoho01" outcome="Error" timestamp="2025-09-14T03:58:56.8823055+09:00">
        <Text>[xUnit.net 00:00:56.10]     Kafka.Ksql.Linq.Tests.Integration.TimeBucketImportTumblingTests.Import_Ticks_Define_Tumbling_Query_Then_Extract_Bars_Via_TimeBucket [FAIL]</Text>
      </RunInfo>
    </RunInfos>
  </ResultSummary>
</TestRun>