<?xml version="1.0" encoding="utf-8"?>
<TestRun id="4139f052-0ffe-49af-bd0b-37bdbb95fe27" name="@00b529138bd1 2025-09-14 10:04:44" xmlns="http://microsoft.com/schemas/VisualStudio/TeamTest/2010">
  <Times creation="2025-09-14T10:04:44.9612782+00:00" queuing="2025-09-14T10:04:44.9612782+00:00" start="2025-09-14T10:04:39.6781734+00:00" finish="2025-09-14T10:04:44.9666398+00:00" />
  <TestSettings name="default" id="059a1750-5252-4321-8fb4-199e8b28decb">
    <Deployment runDeploymentRoot="_00b529138bd1_2025-09-14_10_04_44" />
  </TestSettings>
  <Results>
    <UnitTestResult executionId="11e9fffe-27ab-4ea6-9f69-0ce680c1df51" testId="d4f95360-fa20-03e1-5810-a5fd78838e0d" testName="Kafka.Ksql.Linq.Tests.Integration.TimeBucketImportTumblingTests.Import_Ticks_Define_Tumbling_Query_Then_Extract_Bars_Via_TimeBucket" computerName="00b529138bd1" duration="00:00:04.2355753" startTime="2025-09-14T10:04:44.8689224+00:00" endTime="2025-09-14T10:04:44.8689392+00:00" testType="13cdc9d9-ddb5-4fa4-a97d-d965ccfc6d4b" outcome="Failed" testListId="8c84fa94-04c1-424b-9868-57a2d4851a1d" relativeResultsDirectory="11e9fffe-27ab-4ea6-9f69-0ce680c1df51">
      <Output>
        <ErrorInfo>
          <Message>Confluent.SchemaRegistry.SchemaRegistryException : Schema being registered is incompatible with an earlier schema for subject "bar-value", details: [{errorType:'TYPE_MISMATCH', description:'The type (path '/fields/0/type') of a field in the new schema does not match with the old schema', additionalInfo:'reader type: BYTES not compatible with writer type: DOUBLE'}, {errorType:'TYPE_MISMATCH', description:'The type (path '/fields/1/type') of a field in the new schema does not match with the old schema', additionalInfo:'reader type: BYTES not compatible with writer type: DOUBLE'}, {errorType:'TYPE_MISMATCH', description:'The type (path '/fields/2/type') of a field in the new schema does not match with the old schema', additionalInfo:'reader type: BYTES not compatible with writer type: DOUBLE'}, {errorType:'READER_FIELD_MISSING_DEFAULT_VALUE', description:'The field 'Close' at path '/fields/3' in the new schema has no default value and is missing in the old schema', additionalInfo:'Close'}, {oldSchemaVersion: 1}, {oldSchema: '{"type":"record","name":"bar_valueAvro","namespace":"kafka_ksql_linq_tests_integration","fields":[{"name":"Open","type":"double","default":0},{"name":"High","type":"double","default":0},{"name":"Low","type":"double","default":0},{"name":"KsqlTimeFrameClose","type":"double","default":0}]}'}, {compatibility: 'BACKWARD'}]; error code: 409</Message>
          <StackTrace>   at Confluent.SchemaRegistry.RestService.ExecuteOnOneInstanceAsync(Func`1 createRequest)
   at Confluent.SchemaRegistry.RestService.RequestAsync[T](String endPoint, HttpMethod method, Object[] jsonBody)
   at Confluent.SchemaRegistry.RestService.RegisterSchemaWithResponseAsync(String subject, Schema schema, Boolean normalize)
   at Confluent.Shared.CollectionUtils.ConcurrentDictionaryExtensions.GetOrAddAsync[TKey,TValue](ConcurrentDictionary`2 dictionary, TKey key, Func`2 valueFactory)
   at Confluent.SchemaRegistry.CachedSchemaRegistryClient.RegisterSchemaWithResponseAsync(String subject, Schema schema, Boolean normalize)
   at Confluent.SchemaRegistry.CachedSchemaRegistryClient.RegisterSchemaAsync(String subject, Schema schema, Boolean normalize)
   at Kafka.Ksql.Linq.SchemaRegistryTools.SchemaRegistryExtensions.RegisterSchemaIfNewAsync(ISchemaRegistryClient client, String subject, String schema) in C:\dev\rc02\src\SchemaRegistryTools\SchemaRegistryExtensions.cs:line 36
   at Kafka.Ksql.Linq.KsqlContext.RegisterSchemasAndMaterializeAsync() in C:\dev\rc02\src\KsqlContext.SchemaRegistration.cs:line 107
   at Kafka.Ksql.Linq.KsqlContext.InitializeWithSchemaRegistration() in C:\dev\rc02\src\KsqlContext.SchemaRegistration.cs:line 28
   at Kafka.Ksql.Linq.KsqlContext.InitializeCore(ILoggerFactory loggerFactory) in C:\dev\rc02\src\KsqlContext.cs:line 131
   at Kafka.Ksql.Linq.KsqlContext..ctor(KsqlDslOptions options, ILoggerFactory loggerFactory) in C:\dev\rc02\src\KsqlContext.cs:line 95
   at Kafka.Ksql.Linq.Tests.Integration.TimeBucketImportTumblingTests.TestContext..ctor() in C:\dev\rc02\physicalTests\OssSamples\TimeBucketImportTumblingTests.cs:line 49
   at Kafka.Ksql.Linq.Tests.Integration.TimeBucketImportTumblingTests.Import_Ticks_Define_Tumbling_Query_Then_Extract_Bars_Via_TimeBucket() in C:\dev\rc02\physicalTests\OssSamples\TimeBucketImportTumblingTests.cs:line 121
--- End of stack trace from previous location ---</StackTrace>
        </ErrorInfo>
      </Output>
    </UnitTestResult>
  </Results>
  <TestDefinitions>
    <UnitTest name="Kafka.Ksql.Linq.Tests.Integration.TimeBucketImportTumblingTests.Import_Ticks_Define_Tumbling_Query_Then_Extract_Bars_Via_TimeBucket" storage="/src/physicaltests/bin/release/net8.0/kafka.ksql.linq.tests.integration.dll" id="d4f95360-fa20-03e1-5810-a5fd78838e0d">
      <Execution id="11e9fffe-27ab-4ea6-9f69-0ce680c1df51" />
      <TestMethod codeBase="/src/physicalTests/bin/Release/net8.0/Kafka.Ksql.Linq.Tests.Integration.dll" adapterTypeName="executor://xunit/VsTestRunner2/netcoreapp" className="Kafka.Ksql.Linq.Tests.Integration.TimeBucketImportTumblingTests" name="Import_Ticks_Define_Tumbling_Query_Then_Extract_Bars_Via_TimeBucket" />
    </UnitTest>
  </TestDefinitions>
  <TestEntries>
    <TestEntry testId="d4f95360-fa20-03e1-5810-a5fd78838e0d" executionId="11e9fffe-27ab-4ea6-9f69-0ce680c1df51" testListId="8c84fa94-04c1-424b-9868-57a2d4851a1d" />
  </TestEntries>
  <TestLists>
    <TestList name="Results Not in a List" id="8c84fa94-04c1-424b-9868-57a2d4851a1d" />
    <TestList name="All Loaded Results" id="19431567-8539-422a-85d7-44ee4e166bda" />
  </TestLists>
  <ResultSummary outcome="Failed">
    <Counters total="1" executed="1" passed="0" failed="1" error="0" timeout="0" aborted="0" inconclusive="0" passedButRunAborted="0" notRunnable="0" notExecuted="0" disconnected="0" warning="0" completed="0" inProgress="0" pending="0" />
    <Output>
      <StdOut>[xUnit.net 00:00:00.00] xUnit.net VSTest Adapter v2.5.6+bf9b858c26 (64-bit .NET 8.0.20)
[xUnit.net 00:00:00.23]   Discovering: Kafka.Ksql.Linq.Tests.Integration
[xUnit.net 00:00:00.30]   Discovered:  Kafka.Ksql.Linq.Tests.Integration
[xUnit.net 00:00:00.30]   Starting:    Kafka.Ksql.Linq.Tests.Integration
fail: Kafka.Ksql.Linq.KsqlContext[0]
      Schema registration failed for Bar
      Confluent.SchemaRegistry.SchemaRegistryException: Schema being registered is incompatible with an earlier schema for subject "bar-value", details: [{errorType:'TYPE_MISMATCH', description:'The type (path '/fields/0/type') of a field in the new schema does not match with the old schema', additionalInfo:'reader type: BYTES not compatible with writer type: DOUBLE'}, {errorType:'TYPE_MISMATCH', description:'The type (path '/fields/1/type') of a field in the new schema does not match with the old schema', additionalInfo:'reader type: BYTES not compatible with writer type: DOUBLE'}, {errorType:'TYPE_MISMATCH', description:'The type (path '/fields/2/type') of a field in the new schema does not match with the old schema', additionalInfo:'reader type: BYTES not compatible with writer type: DOUBLE'}, {errorType:'READER_FIELD_MISSING_DEFAULT_VALUE', description:'The field 'Close' at path '/fields/3' in the new schema has no default value and is missing in the old schema', additionalInfo:'Close'}, {oldSchemaVersion: 1}, {oldSchema: '{"type":"record","name":"bar_valueAvro","namespace":"kafka_ksql_linq_tests_integration","fields":[{"name":"Open","type":"double","default":0},{"name":"High","type":"double","default":0},{"name":"Low","type":"double","default":0},{"name":"KsqlTimeFrameClose","type":"double","default":0}]}'}, {compatibility: 'BACKWARD'}]; error code: 409
         at Confluent.SchemaRegistry.RestService.ExecuteOnOneInstanceAsync(Func`1 createRequest)
         at Confluent.SchemaRegistry.RestService.RequestAsync[T](String endPoint, HttpMethod method, Object[] jsonBody)
         at Confluent.SchemaRegistry.RestService.RegisterSchemaWithResponseAsync(String subject, Schema schema, Boolean normalize)
         at Confluent.Shared.CollectionUtils.ConcurrentDictionaryExtensions.GetOrAddAsync[TKey,TValue](ConcurrentDictionary`2 dictionary, TKey key, Func`2 valueFactory)
         at Confluent.SchemaRegistry.CachedSchemaRegistryClient.RegisterSchemaWithResponseAsync(String subject, Schema schema, Boolean normalize)
         at Confluent.SchemaRegistry.CachedSchemaRegistryClient.RegisterSchemaAsync(String subject, Schema schema, Boolean normalize)
         at Kafka.Ksql.Linq.SchemaRegistryTools.SchemaRegistryExtensions.RegisterSchemaIfNewAsync(ISchemaRegistryClient client, String subject, String schema) in C:\dev\rc02\src\SchemaRegistryTools\SchemaRegistryExtensions.cs:line 36
         at Kafka.Ksql.Linq.KsqlContext.RegisterSchemasAndMaterializeAsync() in C:\dev\rc02\src\KsqlContext.SchemaRegistration.cs:line 107
fail: Kafka.Ksql.Linq.KsqlContext[0]
      KsqlContext initialization failed: Schema being registered is incompatible with an earlier schema for subject "bar-value", details: [{errorType:'TYPE_MISMATCH', description:'The type (path '/fields/0/type') of a field in the new schema does not match with the old schema', additionalInfo:'reader type: BYTES not compatible with writer type: DOUBLE'}, {errorType:'TYPE_MISMATCH', description:'The type (path '/fields/1/type') of a field in the new schema does not match with the old schema', additionalInfo:'reader type: BYTES not compatible with writer type: DOUBLE'}, {errorType:'TYPE_MISMATCH', description:'The type (path '/fields/2/type') of a field in the new schema does not match with the old schema', additionalInfo:'reader type: BYTES not compatible with writer type: DOUBLE'}, {errorType:'READER_FIELD_MISSING_DEFAULT_VALUE', description:'The field 'Close' at path '/fields/3' in the new schema has no default value and is missing in the old schema', additionalInfo:'Close'}, {oldSchemaVersion: 1}, {oldSchema: '{"type":"record","name":"bar_valueAvro","namespace":"kafka_ksql_linq_tests_integration","fields":[{"name":"Open","type":"double","default":0},{"name":"High","type":"double","default":0},{"name":"Low","type":"double","default":0},{"name":"KsqlTimeFrameClose","type":"double","default":0}]}'}, {compatibility: 'BACKWARD'}]; error code: 409 
      Confluent.SchemaRegistry.SchemaRegistryException: Schema being registered is incompatible with an earlier schema for subject "bar-value", details: [{errorType:'TYPE_MISMATCH', description:'The type (path '/fields/0/type') of a field in the new schema does not match with the old schema', additionalInfo:'reader type: BYTES not compatible with writer type: DOUBLE'}, {errorType:'TYPE_MISMATCH', description:'The type (path '/fields/1/type') of a field in the new schema does not match with the old schema', additionalInfo:'reader type: BYTES not compatible with writer type: DOUBLE'}, {errorType:'TYPE_MISMATCH', description:'The type (path '/fields/2/type') of a field in the new schema does not match with the old schema', additionalInfo:'reader type: BYTES not compatible with writer type: DOUBLE'}, {errorType:'READER_FIELD_MISSING_DEFAULT_VALUE', description:'The field 'Close' at path '/fields/3' in the new schema has no default value and is missing in the old schema', additionalInfo:'Close'}, {oldSchemaVersion: 1}, {oldSchema: '{"type":"record","name":"bar_valueAvro","namespace":"kafka_ksql_linq_tests_integration","fields":[{"name":"Open","type":"double","default":0},{"name":"High","type":"double","default":0},{"name":"Low","type":"double","default":0},{"name":"KsqlTimeFrameClose","type":"double","default":0}]}'}, {compatibility: 'BACKWARD'}]; error code: 409
         at Confluent.SchemaRegistry.RestService.ExecuteOnOneInstanceAsync(Func`1 createRequest)
         at Confluent.SchemaRegistry.RestService.RequestAsync[T](String endPoint, HttpMethod method, Object[] jsonBody)
         at Confluent.SchemaRegistry.RestService.RegisterSchemaWithResponseAsync(String subject, Schema schema, Boolean normalize)
         at Confluent.Shared.CollectionUtils.ConcurrentDictionaryExtensions.GetOrAddAsync[TKey,TValue](ConcurrentDictionary`2 dictionary, TKey key, Func`2 valueFactory)
         at Confluent.SchemaRegistry.CachedSchemaRegistryClient.RegisterSchemaWithResponseAsync(String subject, Schema schema, Boolean normalize)
         at Confluent.SchemaRegistry.CachedSchemaRegistryClient.RegisterSchemaAsync(String subject, Schema schema, Boolean normalize)
         at Kafka.Ksql.Linq.SchemaRegistryTools.SchemaRegistryExtensions.RegisterSchemaIfNewAsync(ISchemaRegistryClient client, String subject, String schema) in C:\dev\rc02\src\SchemaRegistryTools\SchemaRegistryExtensions.cs:line 36
         at Kafka.Ksql.Linq.KsqlContext.RegisterSchemasAndMaterializeAsync() in C:\dev\rc02\src\KsqlContext.SchemaRegistration.cs:line 107
         at Kafka.Ksql.Linq.KsqlContext.InitializeWithSchemaRegistration() in C:\dev\rc02\src\KsqlContext.SchemaRegistration.cs:line 28
         at Kafka.Ksql.Linq.KsqlContext.InitializeCore(ILoggerFactory loggerFactory) in C:\dev\rc02\src\KsqlContext.cs:line 131
[xUnit.net 00:00:04.59]       Confluent.SchemaRegistry.SchemaRegistryException : Schema being registered is incompatible with an earlier schema for subject "bar-value", details: [{errorType:'TYPE_MISMATCH', description:'The type (path '/fields/0/type') of a field in the new schema does not match with the old schema', additionalInfo:'reader type: BYTES not compatible with writer type: DOUBLE'}, {errorType:'TYPE_MISMATCH', description:'The type (path '/fields/1/type') of a field in the new schema does not match with the old schema', additionalInfo:'reader type: BYTES not compatible with writer type: DOUBLE'}, {errorType:'TYPE_MISMATCH', description:'The type (path '/fields/2/type') of a field in the new schema does not match with the old schema', additionalInfo:'reader type: BYTES not compatible with writer type: DOUBLE'}, {errorType:'READER_FIELD_MISSING_DEFAULT_VALUE', description:'The field 'Close' at path '/fields/3' in the new schema has no default value and is missing in the old schema', additionalInfo:'Close'}, {oldSchemaVersion: 1}, {oldSchema: '{"type":"record","name":"bar_valueAvro","namespace":"kafka_ksql_linq_tests_integration","fields":[{"name":"Open","type":"double","default":0},{"name":"High","type":"double","default":0},{"name":"Low","type":"double","default":0},{"name":"KsqlTimeFrameClose","type":"double","default":0}]}'}, {compatibility: 'BACKWARD'}]; error code: 409
[xUnit.net 00:00:04.59]       Stack Trace:
[xUnit.net 00:00:04.59]            at Confluent.SchemaRegistry.RestService.ExecuteOnOneInstanceAsync(Func`1 createRequest)
[xUnit.net 00:00:04.59]            at Confluent.SchemaRegistry.RestService.RequestAsync[T](String endPoint, HttpMethod method, Object[] jsonBody)
[xUnit.net 00:00:04.59]            at Confluent.SchemaRegistry.RestService.RegisterSchemaWithResponseAsync(String subject, Schema schema, Boolean normalize)
[xUnit.net 00:00:04.59]            at Confluent.Shared.CollectionUtils.ConcurrentDictionaryExtensions.GetOrAddAsync[TKey,TValue](ConcurrentDictionary`2 dictionary, TKey key, Func`2 valueFactory)
[xUnit.net 00:00:04.59]            at Confluent.SchemaRegistry.CachedSchemaRegistryClient.RegisterSchemaWithResponseAsync(String subject, Schema schema, Boolean normalize)
[xUnit.net 00:00:04.59]            at Confluent.SchemaRegistry.CachedSchemaRegistryClient.RegisterSchemaAsync(String subject, Schema schema, Boolean normalize)
[xUnit.net 00:00:04.59]         C:\dev\rc02\src\SchemaRegistryTools\SchemaRegistryExtensions.cs(36,0): at Kafka.Ksql.Linq.SchemaRegistryTools.SchemaRegistryExtensions.RegisterSchemaIfNewAsync(ISchemaRegistryClient client, String subject, String schema)
[xUnit.net 00:00:04.59]         C:\dev\rc02\src\KsqlContext.SchemaRegistration.cs(107,0): at Kafka.Ksql.Linq.KsqlContext.RegisterSchemasAndMaterializeAsync()
[xUnit.net 00:00:04.59]         C:\dev\rc02\src\KsqlContext.SchemaRegistration.cs(28,0): at Kafka.Ksql.Linq.KsqlContext.InitializeWithSchemaRegistration()
[xUnit.net 00:00:04.59]         C:\dev\rc02\src\KsqlContext.cs(131,0): at Kafka.Ksql.Linq.KsqlContext.InitializeCore(ILoggerFactory loggerFactory)
[xUnit.net 00:00:04.59]         C:\dev\rc02\src\KsqlContext.cs(95,0): at Kafka.Ksql.Linq.KsqlContext..ctor(KsqlDslOptions options, ILoggerFactory loggerFactory)
[xUnit.net 00:00:04.59]         C:\dev\rc02\physicalTests\OssSamples\TimeBucketImportTumblingTests.cs(49,0): at Kafka.Ksql.Linq.Tests.Integration.TimeBucketImportTumblingTests.TestContext..ctor()
[xUnit.net 00:00:04.59]         C:\dev\rc02\physicalTests\OssSamples\TimeBucketImportTumblingTests.cs(121,0): at Kafka.Ksql.Linq.Tests.Integration.TimeBucketImportTumblingTests.Import_Ticks_Define_Tumbling_Query_Then_Extract_Bars_Via_TimeBucket()
[xUnit.net 00:00:04.59]         --- End of stack trace from previous location ---
[xUnit.net 00:00:04.59]   Finished:    Kafka.Ksql.Linq.Tests.Integration
</StdOut>
    </Output>
    <RunInfos>
      <RunInfo computerName="00b529138bd1" outcome="Error" timestamp="2025-09-14T10:04:44.8660580+00:00">
        <Text>[xUnit.net 00:00:04.58]     Kafka.Ksql.Linq.Tests.Integration.TimeBucketImportTumblingTests.Import_Ticks_Define_Tumbling_Query_Then_Extract_Bars_Via_TimeBucket [FAIL]</Text>
      </RunInfo>
    </RunInfos>
  </ResultSummary>
</TestRun>