<?xml version="1.0" encoding="utf-8"?>
<TestRun id="0aeda556-9aee-4159-b930-5a5deedf4eda" name="seiji_yfc8940@SAGESOHO01 2025-09-14 13:12:53" runUser="SAGESOHO01\seiji_yfc8940" xmlns="http://microsoft.com/schemas/VisualStudio/TeamTest/2010">
  <Times creation="2025-09-14T13:12:53.0362795+09:00" queuing="2025-09-14T13:12:53.0362799+09:00" start="2025-09-14T13:12:51.8514355+09:00" finish="2025-09-14T13:12:53.0408782+09:00" />
  <TestSettings name="default" id="e3f8a477-9750-4f4f-b0ec-244ad3a4f076">
    <Deployment runDeploymentRoot="seiji_yfc8940_SAGESOHO01_2025-09-14_13_12_53" />
  </TestSettings>
  <Results>
    <UnitTestResult executionId="f1e547cb-785c-4b44-95fe-7a42cf9c7b7a" testId="7ac897e6-3b9f-9d7e-7d3d-02e35f2ffa62" testName="Kafka.Ksql.Linq.Tests.Integration.KafkaAdminServiceIntegrationTests.EnsureTopic_CreatesWithConfiguredStructure" computerName="SAGESOHO01" duration="00:00:00.6035159" startTime="2025-09-14T13:12:52.9240249+09:00" endTime="2025-09-14T13:12:52.9240418+09:00" testType="13cdc9d9-ddb5-4fa4-a97d-d965ccfc6d4b" outcome="Passed" testListId="8c84fa94-04c1-424b-9868-57a2d4851a1d" relativeResultsDirectory="f1e547cb-785c-4b44-95fe-7a42cf9c7b7a" />
  </Results>
  <TestDefinitions>
    <UnitTest name="Kafka.Ksql.Linq.Tests.Integration.KafkaAdminServiceIntegrationTests.EnsureTopic_CreatesWithConfiguredStructure" storage="c:\dev\rc02\physicaltests\bin\release\net8.0\kafka.ksql.linq.tests.integration.dll" id="7ac897e6-3b9f-9d7e-7d3d-02e35f2ffa62">
      <Execution id="f1e547cb-785c-4b44-95fe-7a42cf9c7b7a" />
      <TestMethod codeBase="C:\dev\rc02\physicalTests\bin\Release\net8.0\Kafka.Ksql.Linq.Tests.Integration.dll" adapterTypeName="executor://xunit/VsTestRunner2/netcoreapp" className="Kafka.Ksql.Linq.Tests.Integration.KafkaAdminServiceIntegrationTests" name="EnsureTopic_CreatesWithConfiguredStructure" />
    </UnitTest>
  </TestDefinitions>
  <TestEntries>
    <TestEntry testId="7ac897e6-3b9f-9d7e-7d3d-02e35f2ffa62" executionId="f1e547cb-785c-4b44-95fe-7a42cf9c7b7a" testListId="8c84fa94-04c1-424b-9868-57a2d4851a1d" />
  </TestEntries>
  <TestLists>
    <TestList name="一覧に存在しない結果" id="8c84fa94-04c1-424b-9868-57a2d4851a1d" />
    <TestList name="読み込まれたすべての結果" id="19431567-8539-422a-85d7-44ee4e166bda" />
  </TestLists>
  <ResultSummary outcome="Completed">
    <Counters total="1" executed="1" passed="1" failed="0" error="0" timeout="0" aborted="0" inconclusive="0" passedButRunAborted="0" notRunnable="0" notExecuted="0" disconnected="0" warning="0" completed="0" inProgress="0" pending="0" />
    <Output>
      <StdOut>[xUnit.net 00:00:00.00] xUnit.net VSTest Adapter v2.5.6+bf9b858c26 (64-bit .NET 8.0.19)&#xD;
[xUnit.net 00:00:00.07]   Discovering: Kafka.Ksql.Linq.Tests.Integration&#xD;
[xUnit.net 00:00:00.12]   Discovered:  Kafka.Ksql.Linq.Tests.Integration&#xD;
[xUnit.net 00:00:00.12]   Starting:    Kafka.Ksql.Linq.Tests.Integration&#xD;
[xUnit.net 00:00:00.76]   Finished:    Kafka.Ksql.Linq.Tests.Integration&#xD;
</StdOut>
    </Output>
  </ResultSummary>
</TestRun>