<?xml version="1.0" encoding="utf-8"?>
<TestRun id="7305face-96a1-4d55-beae-c09aa210313f" name="seiji_yfc8940@SAGESOHO01 2025-09-14 13:09:56" runUser="SAGESOHO01\seiji_yfc8940" xmlns="http://microsoft.com/schemas/VisualStudio/TeamTest/2010">
  <Times creation="2025-09-14T13:09:56.7638438+09:00" queuing="2025-09-14T13:09:56.7638441+09:00" start="2025-09-14T13:09:52.8485356+09:00" finish="2025-09-14T13:09:56.7692936+09:00" />
  <TestSettings name="default" id="e62ef1bd-960c-4b98-abde-2c8c905f1c8b">
    <Deployment runDeploymentRoot="seiji_yfc8940_SAGESOHO01_2025-09-14_13_09_56" />
  </TestSettings>
  <Results>
    <UnitTestResult executionId="a876f493-f11a-4af4-a29c-51151d969830" testId="e6ab55d5-38d6-0580-e5b0-7764a0bff5a2" testName="Kafka.Ksql.Linq.Tests.Integration.KafkaConnectivityTests.ProducerConsumer_RoundTrip" computerName="SAGESOHO01" duration="00:00:03.3337399" startTime="2025-09-14T13:09:56.7024023+09:00" endTime="2025-09-14T13:09:56.7024120+09:00" testType="13cdc9d9-ddb5-4fa4-a97d-d965ccfc6d4b" outcome="Passed" testListId="8c84fa94-04c1-424b-9868-57a2d4851a1d" relativeResultsDirectory="a876f493-f11a-4af4-a29c-51151d969830" />
  </Results>
  <TestDefinitions>
    <UnitTest name="Kafka.Ksql.Linq.Tests.Integration.KafkaConnectivityTests.ProducerConsumer_RoundTrip" storage="c:\dev\rc02\physicaltests\bin\release\net8.0\kafka.ksql.linq.tests.integration.dll" id="e6ab55d5-38d6-0580-e5b0-7764a0bff5a2">
      <Execution id="a876f493-f11a-4af4-a29c-51151d969830" />
      <TestMethod codeBase="C:\dev\rc02\physicalTests\bin\Release\net8.0\Kafka.Ksql.Linq.Tests.Integration.dll" adapterTypeName="executor://xunit/VsTestRunner2/netcoreapp" className="Kafka.Ksql.Linq.Tests.Integration.KafkaConnectivityTests" name="ProducerConsumer_RoundTrip" />
    </UnitTest>
  </TestDefinitions>
  <TestEntries>
    <TestEntry testId="e6ab55d5-38d6-0580-e5b0-7764a0bff5a2" executionId="a876f493-f11a-4af4-a29c-51151d969830" testListId="8c84fa94-04c1-424b-9868-57a2d4851a1d" />
  </TestEntries>
  <TestLists>
    <TestList name="一覧に存在しない結果" id="8c84fa94-04c1-424b-9868-57a2d4851a1d" />
    <TestList name="読み込まれたすべての結果" id="19431567-8539-422a-85d7-44ee4e166bda" />
  </TestLists>
  <ResultSummary outcome="Completed">
    <Counters total="1" executed="1" passed="1" failed="0" error="0" timeout="0" aborted="0" inconclusive="0" passedButRunAborted="0" notRunnable="0" notExecuted="0" disconnected="0" warning="0" completed="0" inProgress="0" pending="0" />
    <Output>
      <StdOut>[xUnit.net 00:00:00.00] xUnit.net VSTest Adapter v2.5.6+bf9b858c26 (64-bit .NET 8.0.19)&#xD;
[xUnit.net 00:00:00.06]   Discovering: Kafka.Ksql.Linq.Tests.Integration&#xD;
[xUnit.net 00:00:00.12]   Discovered:  Kafka.Ksql.Linq.Tests.Integration&#xD;
[xUnit.net 00:00:00.12]   Starting:    Kafka.Ksql.Linq.Tests.Integration&#xD;
[xUnit.net 00:00:03.49]   Finished:    Kafka.Ksql.Linq.Tests.Integration&#xD;
</StdOut>
    </Output>
  </ResultSummary>
</TestRun>