<?xml version="1.0" encoding="utf-8"?>
<TestRun id="b3871df2-23ee-447d-bab9-6a2e46ed23ac" name="@2d5b276234df 2025-09-15 03:18:54" xmlns="http://microsoft.com/schemas/VisualStudio/TeamTest/2010">
  <Times creation="2025-09-15T03:18:54.2297412+00:00" queuing="2025-09-15T03:18:54.2297413+00:00" start="2025-09-15T03:18:19.5458289+00:00" finish="2025-09-15T03:18:54.2360813+00:00" />
  <TestSettings name="default" id="1a28ba54-7b1d-415d-a839-574010faf51c">
    <Deployment runDeploymentRoot="_2d5b276234df_2025-09-15_03_18_54" />
  </TestSettings>
  <Results>
    <UnitTestResult executionId="703f6615-6a5a-4fcb-85a1-f7923a79e80d" testId="d4f95360-fa20-03e1-5810-a5fd78838e0d" testName="Kafka.Ksql.Linq.Tests.Integration.TimeBucketImportTumblingTests.Import_Ticks_Define_Tumbling_Query_Then_Extract_Bars_Via_TimeBucket" computerName="2d5b276234df" duration="00:00:33.9570070" startTime="2025-09-15T03:18:54.1328450+00:00" endTime="2025-09-15T03:18:54.1328591+00:00" testType="13cdc9d9-ddb5-4fa4-a97d-d965ccfc6d4b" outcome="Failed" testListId="8c84fa94-04c1-424b-9868-57a2d4851a1d" relativeResultsDirectory="703f6615-6a5a-4fcb-85a1-f7923a79e80d">
      <Output>
        <ErrorInfo>
          <Message>System.InvalidOperationException : Invalid projection for hub input: aggregate arguments must reference the user-defined projection aliases (e.g., AS members). Rewrite your Select to produce the desired member names, which will be re-aggregated from the 1s hub. This pipeline does not fallback-rewrite SELECT arguments.
Generated DDL:
CREATE TABLE bar_tbimp_1m_live WITH (KAFKA_TOPIC='bar_tbimp_1m_live', KEY_FORMAT='AVRO', VALUE_FORMAT='AVRO') AS
SELECT o.BROKER AS Broker, o.SYMBOL AS Symbol, WINDOWSTART AS BucketStart, EARLIEST_BY_OFFSET(o.OPEN) AS Open, MAX(o.HIGH) AS High, MIN(o.LOW) AS Low, LATEST_BY_OFFSET(o.CLOSE) AS Close
FROM bar_tbimp_1s_final_s o WINDOW TUMBLING (SIZE 1 MINUTES)
GROUP BY o.BROKER, o.SYMBOL
EMIT CHANGES;</Message>
          <StackTrace>   at Kafka.Ksql.Linq.Query.Analysis.DerivedTumblingPipeline.BuildDdlAndRegister(String baseName, KsqlQueryModel queryModel, EntityModel model, Role role, Func`2 resolveType) in /src/src/Query/Analysis/DerivedTumblingPipeline.cs:line 228
   at Kafka.Ksql.Linq.Query.Analysis.DerivedTumblingPipeline.RunAsync(TumblingQao qao, EntityModel baseModel, KsqlQueryModel queryModel, Func`2 execute, Func`2 resolveType, MappingRegistry mapping, ConcurrentDictionary`2 registry, ILogger logger) in /src/src/Query/Analysis/DerivedTumblingPipeline.cs:line 91
   at Kafka.Ksql.Linq.KsqlContext.EnsureQueryEntityDdlAsync(Type type, EntityModel model) in /src/src/KsqlContext.SchemaRegistration.cs:line 324
   at Kafka.Ksql.Linq.KsqlContext.RegisterSchemasAndMaterializeAsync() in /src/src/KsqlContext.SchemaRegistration.cs:line 129
   at Kafka.Ksql.Linq.KsqlContext.InitializeWithSchemaRegistration() in /src/src/KsqlContext.SchemaRegistration.cs:line 28
   at Kafka.Ksql.Linq.KsqlContext.InitializeCore(ILoggerFactory loggerFactory) in /src/src/KsqlContext.cs:line 131
   at Kafka.Ksql.Linq.KsqlContext..ctor(KsqlDslOptions options, ILoggerFactory loggerFactory) in /src/src/KsqlContext.cs:line 95
   at Kafka.Ksql.Linq.Tests.Integration.TimeBucketImportTumblingTests.TestContext..ctor() in /src/physicalTests/OssSamples/TimeBucketImportTumblingTests.cs:line 50
   at Kafka.Ksql.Linq.Tests.Integration.TimeBucketImportTumblingTests.Import_Ticks_Define_Tumbling_Query_Then_Extract_Bars_Via_TimeBucket() in /src/physicalTests/OssSamples/TimeBucketImportTumblingTests.cs:line 136
--- End of stack trace from previous location ---</StackTrace>
        </ErrorInfo>
      </Output>
    </UnitTestResult>
  </Results>
  <TestDefinitions>
    <UnitTest name="Kafka.Ksql.Linq.Tests.Integration.TimeBucketImportTumblingTests.Import_Ticks_Define_Tumbling_Query_Then_Extract_Bars_Via_TimeBucket" storage="/src/physicaltests/bin/release/net8.0/kafka.ksql.linq.tests.integration.dll" id="d4f95360-fa20-03e1-5810-a5fd78838e0d">
      <Execution id="703f6615-6a5a-4fcb-85a1-f7923a79e80d" />
      <TestMethod codeBase="/src/physicalTests/bin/Release/net8.0/Kafka.Ksql.Linq.Tests.Integration.dll" adapterTypeName="executor://xunit/VsTestRunner2/netcoreapp" className="Kafka.Ksql.Linq.Tests.Integration.TimeBucketImportTumblingTests" name="Import_Ticks_Define_Tumbling_Query_Then_Extract_Bars_Via_TimeBucket" />
    </UnitTest>
  </TestDefinitions>
  <TestEntries>
    <TestEntry testId="d4f95360-fa20-03e1-5810-a5fd78838e0d" executionId="703f6615-6a5a-4fcb-85a1-f7923a79e80d" testListId="8c84fa94-04c1-424b-9868-57a2d4851a1d" />
  </TestEntries>
  <TestLists>
    <TestList name="Results Not in a List" id="8c84fa94-04c1-424b-9868-57a2d4851a1d" />
    <TestList name="All Loaded Results" id="19431567-8539-422a-85d7-44ee4e166bda" />
  </TestLists>
  <ResultSummary outcome="Failed">
    <Counters total="1" executed="1" passed="0" failed="1" error="0" timeout="0" aborted="0" inconclusive="0" passedButRunAborted="0" notRunnable="0" notExecuted="0" disconnected="0" warning="0" completed="0" inProgress="0" pending="0" />
    <Output>
      <StdOut>[xUnit.net 00:00:00.00] xUnit.net VSTest Adapter v2.5.6+bf9b858c26 (64-bit .NET 8.0.20)
[xUnit.net 00:00:00.22]   Discovering: Kafka.Ksql.Linq.Tests.Integration
[xUnit.net 00:00:00.28]   Discovered:  Kafka.Ksql.Linq.Tests.Integration
[xUnit.net 00:00:00.29]   Starting:    Kafka.Ksql.Linq.Tests.Integration
info: Kafka.Ksql.Linq.KsqlContext[0]
      ksql execute: EXECUTE SQL=SHOW TOPICS;
info: Kafka.Ksql.Linq.KsqlContext[0]
      KSQL DDL (simple Tick): CREATE OR REPLACE STREAM ticks_tbimp (Broker VARCHAR KEY, Symbol VARCHAR KEY, TimestampUtc TIMESTAMP, Bid DECIMAL(18, 2)) WITH (KAFKA_TOPIC='ticks_tbimp', KEY_FORMAT='AVRO', VALUE_FORMAT='AVRO', VALUE_AVRO_SCHEMA_FULL_NAME='kafka_ksql_linq_tests_integration.ticks_tbimp_valueAvro', TIMESTAMP='TimestampUtc', PARTITIONS=1, REPLICAS=1);
info: Kafka.Ksql.Linq.KsqlContext[0]
      ksql execute: EXECUTE SQL=CREATE OR REPLACE STREAM ticks_tbimp (Broker VARCHAR KEY, Symbol VARCHAR KEY, TimestampUtc TIMESTAMP, Bid DECIMAL(18, 2)...
info: Kafka.Ksql.Linq.KsqlContext[0]
      ksql execute: EXECUTE SQL=DESCRIBE EXTENDED TICKS_TBIMP;
info: Kafka.Ksql.Linq.KsqlContext[0]
      ksql execute: EXECUTE SQL=DESCRIBE EXTENDED TICKS_TBIMP;
info: Kafka.Ksql.Linq.KsqlContext[0]
      ksql execute: EXECUTE SQL=DESCRIBE EXTENDED TICKS_TBIMP;
info: Kafka.Ksql.Linq.KsqlContext[0]
      ksql execute: EXECUTE SQL=DESCRIBE EXTENDED TICKS_TBIMP;
info: Kafka.Ksql.Linq.KsqlContext[0]
      ksql execute: EXECUTE SQL=DESCRIBE EXTENDED TICKS_TBIMP;
info: Kafka.Ksql.Linq.KsqlContext[0]
      ksql execute: EXECUTE SQL=DESCRIBE EXTENDED TICKS_TBIMP;
info: Kafka.Ksql.Linq.KsqlContext[0]
      ksql execute: EXECUTE SQL=DESCRIBE EXTENDED TICKS_TBIMP;
info: Kafka.Ksql.Linq.KsqlContext[0]
      ksql execute: EXECUTE SQL=DESCRIBE EXTENDED TICKS_TBIMP;
info: Kafka.Ksql.Linq.KsqlContext[0]
      ksql execute: EXECUTE SQL=DESCRIBE EXTENDED TICKS_TBIMP;
info: Kafka.Ksql.Linq.KsqlContext[0]
      ksql execute: EXECUTE SQL=DESCRIBE EXTENDED TICKS_TBIMP;
info: Kafka.Ksql.Linq.KsqlContext[0]
      ksql execute: EXECUTE SQL=DESCRIBE EXTENDED TICKS_TBIMP;
info: Kafka.Ksql.Linq.KsqlContext[0]
      ksql execute: EXECUTE SQL=DESCRIBE EXTENDED TICKS_TBIMP;
info: Kafka.Ksql.Linq.KsqlContext[0]
      ksql execute: EXECUTE SQL=DESCRIBE EXTENDED TICKS_TBIMP;
info: Kafka.Ksql.Linq.KsqlContext[0]
      ksql execute: EXECUTE SQL=DESCRIBE EXTENDED TICKS_TBIMP;
info: Kafka.Ksql.Linq.KsqlContext[0]
      ksql execute: EXECUTE SQL=DESCRIBE EXTENDED TICKS_TBIMP;
info: Kafka.Ksql.Linq.KsqlContext[0]
      ksql execute: EXECUTE SQL=DESCRIBE EXTENDED TICKS_TBIMP;
info: Kafka.Ksql.Linq.KsqlContext[0]
      ksql execute: EXECUTE SQL=DESCRIBE EXTENDED TICKS_TBIMP;
info: Kafka.Ksql.Linq.KsqlContext[0]
      ksql execute: EXECUTE SQL=DESCRIBE EXTENDED TICKS_TBIMP;
info: Kafka.Ksql.Linq.KsqlContext[0]
      ksql execute: EXECUTE SQL=DESCRIBE EXTENDED TICKS_TBIMP;
info: Kafka.Ksql.Linq.KsqlContext[0]
      ksql execute: EXECUTE SQL=DESCRIBE EXTENDED TICKS_TBIMP;
info: Kafka.Ksql.Linq.KsqlContext[0]
      ksql execute: EXECUTE SQL=DESCRIBE EXTENDED TICKS_TBIMP;
info: Kafka.Ksql.Linq.KsqlContext[0]
      ksql execute: EXECUTE SQL=DESCRIBE EXTENDED TICKS_TBIMP;
info: Kafka.Ksql.Linq.KsqlContext[0]
      ksql execute: EXECUTE SQL=DESCRIBE EXTENDED TICKS_TBIMP;
info: Kafka.Ksql.Linq.KsqlContext[0]
      ksql execute: EXECUTE SQL=DESCRIBE EXTENDED TICKS_TBIMP;
info: Kafka.Ksql.Linq.KsqlContext[0]
      ksql execute: EXECUTE SQL=SHOW TOPICS;
info: Kafka.Ksql.Linq.KsqlContext[0]
      KSQL DDL (simple DlqEnvelope): CREATE OR REPLACE STREAM dead_letter_queue (`Topic` VARCHAR KEY, `Partition` INT KEY, `Offset` BIGINT KEY, TimestampUtc VARCHAR, IngestedAtUtc VARCHAR, PayloadFormatKey VARCHAR, PayloadFormatValue VARCHAR, SchemaIdKey VARCHAR, SchemaIdValue VARCHAR, KeyIsNull BOOLEAN, ErrorType VARCHAR, ErrorMessageShort VARCHAR, StackTraceShort VARCHAR, ErrorFingerprint VARCHAR, ApplicationId VARCHAR, ConsumerGroup VARCHAR, Host VARCHAR, Headers MAP&lt;STRING, STRING&gt;) WITH (KAFKA_TOPIC='dead-letter-queue', KEY_FORMAT='AVRO', VALUE_FORMAT='AVRO', VALUE_AVRO_SCHEMA_FULL_NAME='kafka_ksql_linq_messaging.dead_letter_queue_valueAvro', PARTITIONS=1, REPLICAS=1);
info: Kafka.Ksql.Linq.KsqlContext[0]
      ksql execute: EXECUTE SQL=CREATE OR REPLACE STREAM dead_letter_queue (`Topic` VARCHAR KEY, `Partition` INT KEY, `Offset` BIGINT KEY, TimestampUtc ...
info: Kafka.Ksql.Linq.KsqlContext[0]
      ksql execute: EXECUTE SQL=DESCRIBE EXTENDED DEAD-LETTER-QUEUE;
info: Kafka.Ksql.Linq.KsqlContext[0]
      ksql execute: EXECUTE SQL=DESCRIBE EXTENDED DEAD-LETTER-QUEUE;
info: Kafka.Ksql.Linq.KsqlContext[0]
      ksql execute: EXECUTE SQL=DESCRIBE EXTENDED DEAD-LETTER-QUEUE;
info: Kafka.Ksql.Linq.KsqlContext[0]
      ksql execute: EXECUTE SQL=DESCRIBE EXTENDED DEAD-LETTER-QUEUE;
info: Kafka.Ksql.Linq.KsqlContext[0]
      ksql execute: EXECUTE SQL=DESCRIBE EXTENDED DEAD-LETTER-QUEUE;
info: Kafka.Ksql.Linq.KsqlContext[0]
      ksql execute: EXECUTE SQL=DESCRIBE EXTENDED DEAD-LETTER-QUEUE;
info: Kafka.Ksql.Linq.KsqlContext[0]
      ksql execute: EXECUTE SQL=DESCRIBE EXTENDED DEAD-LETTER-QUEUE;
info: Kafka.Ksql.Linq.KsqlContext[0]
      ksql execute: EXECUTE SQL=DESCRIBE EXTENDED DEAD-LETTER-QUEUE;
info: Kafka.Ksql.Linq.KsqlContext[0]
      ksql execute: EXECUTE SQL=DESCRIBE EXTENDED DEAD-LETTER-QUEUE;
info: Kafka.Ksql.Linq.KsqlContext[0]
      ksql execute: EXECUTE SQL=DESCRIBE EXTENDED DEAD-LETTER-QUEUE;
info: Kafka.Ksql.Linq.KsqlContext[0]
      ksql execute: EXECUTE SQL=DESCRIBE EXTENDED DEAD-LETTER-QUEUE;
info: Kafka.Ksql.Linq.KsqlContext[0]
      ksql execute: EXECUTE SQL=DESCRIBE EXTENDED DEAD-LETTER-QUEUE;
info: Kafka.Ksql.Linq.KsqlContext[0]
      ksql execute: EXECUTE SQL=DESCRIBE EXTENDED DEAD-LETTER-QUEUE;
info: Kafka.Ksql.Linq.KsqlContext[0]
      ksql execute: EXECUTE SQL=DESCRIBE EXTENDED DEAD-LETTER-QUEUE;
info: Kafka.Ksql.Linq.KsqlContext[0]
      ksql execute: EXECUTE SQL=DESCRIBE EXTENDED DEAD-LETTER-QUEUE;
info: Kafka.Ksql.Linq.KsqlContext[0]
      ksql execute: EXECUTE SQL=DESCRIBE EXTENDED DEAD-LETTER-QUEUE;
info: Kafka.Ksql.Linq.KsqlContext[0]
      ksql execute: EXECUTE SQL=DESCRIBE EXTENDED DEAD-LETTER-QUEUE;
info: Kafka.Ksql.Linq.KsqlContext[0]
      ksql execute: EXECUTE SQL=DESCRIBE EXTENDED DEAD-LETTER-QUEUE;
info: Kafka.Ksql.Linq.KsqlContext[0]
      ksql execute: EXECUTE SQL=DESCRIBE EXTENDED DEAD-LETTER-QUEUE;
info: Kafka.Ksql.Linq.KsqlContext[0]
      ksql execute: EXECUTE SQL=DESCRIBE EXTENDED DEAD-LETTER-QUEUE;
info: Kafka.Ksql.Linq.KsqlContext[0]
      ksql execute: EXECUTE SQL=DESCRIBE EXTENDED DEAD-LETTER-QUEUE;
info: Kafka.Ksql.Linq.KsqlContext[0]
      ksql execute: EXECUTE SQL=DESCRIBE EXTENDED DEAD-LETTER-QUEUE;
info: Kafka.Ksql.Linq.KsqlContext[0]
      ksql execute: EXECUTE SQL=DESCRIBE EXTENDED DEAD-LETTER-QUEUE;
info: Kafka.Ksql.Linq.KsqlContext[0]
      ksql execute: EXECUTE SQL=DESCRIBE EXTENDED DEAD-LETTER-QUEUE;
info: Kafka.Ksql.Linq.KsqlContext[0]
      KSQL DDL (derived bar_tbimp_1s_final): CREATE TABLE bar_tbimp_1s_final WITH (KAFKA_TOPIC='bar_tbimp_1s_final', KEY_FORMAT='AVRO', VALUE_FORMAT='AVRO') AS
      SELECT o.BROKER AS Broker, o.SYMBOL AS Symbol, WINDOWSTART AS BucketStart, EARLIEST_BY_OFFSET(Bid) AS Open, MAX(Bid) AS High, MIN(Bid) AS Low, LATEST_BY_OFFSET(Bid) AS Close
      FROM TICKS_TBIMP o WINDOW TUMBLING (SIZE 1 SECONDS)
      GROUP BY o.BROKER, o.SYMBOL
      EMIT FINAL;
info: Kafka.Ksql.Linq.KsqlContext[0]
      ksql execute: EXECUTE SQL=CREATE TABLE bar_tbimp_1s_final WITH (KAFKA_TOPIC='bar_tbimp_1s_final', KEY_FORMAT='AVRO', VALUE_FORMAT='AVRO') AS SELEC...
info: Kafka.Ksql.Linq.KsqlContext[0]
      KSQL DDL (derived bar_tbimp_1s_final_s): CREATE STREAM bar_tbimp_1s_final_s (BROKER VARCHAR KEY, SYMBOL VARCHAR KEY, BUCKETSTART TIMESTAMP KEY, OPEN DECIMAL(18, 2), HIGH DECIMAL(18, 2), LOW DECIMAL(18, 2), CLOSE DECIMAL(18, 2)) WITH (KAFKA_TOPIC='bar_tbimp_1s_final', KEY_FORMAT='AVRO', VALUE_FORMAT='AVRO', PARTITIONS=1, REPLICAS=1);
info: Kafka.Ksql.Linq.KsqlContext[0]
      ksql execute: EXECUTE SQL=CREATE STREAM bar_tbimp_1s_final_s (BROKER VARCHAR KEY, SYMBOL VARCHAR KEY, BUCKETSTART TIMESTAMP KEY, OPEN DECIMAL(18, ...
fail: Kafka.Ksql.Linq.KsqlContext[0]
      KsqlContext initialization failed: Invalid projection for hub input: aggregate arguments must reference the user-defined projection aliases (e.g., AS members). Rewrite your Select to produce the desired member names, which will be re-aggregated from the 1s hub. This pipeline does not fallback-rewrite SELECT arguments.
      Generated DDL:
      CREATE TABLE bar_tbimp_1m_live WITH (KAFKA_TOPIC='bar_tbimp_1m_live', KEY_FORMAT='AVRO', VALUE_FORMAT='AVRO') AS
      SELECT o.BROKER AS Broker, o.SYMBOL AS Symbol, WINDOWSTART AS BucketStart, EARLIEST_BY_OFFSET(o.OPEN) AS Open, MAX(o.HIGH) AS High, MIN(o.LOW) AS Low, LATEST_BY_OFFSET(o.CLOSE) AS Close
      FROM bar_tbimp_1s_final_s o WINDOW TUMBLING (SIZE 1 MINUTES)
      GROUP BY o.BROKER, o.SYMBOL
      EMIT CHANGES; 
      System.InvalidOperationException: Invalid projection for hub input: aggregate arguments must reference the user-defined projection aliases (e.g., AS members). Rewrite your Select to produce the desired member names, which will be re-aggregated from the 1s hub. This pipeline does not fallback-rewrite SELECT arguments.
      Generated DDL:
      CREATE TABLE bar_tbimp_1m_live WITH (KAFKA_TOPIC='bar_tbimp_1m_live', KEY_FORMAT='AVRO', VALUE_FORMAT='AVRO') AS
      SELECT o.BROKER AS Broker, o.SYMBOL AS Symbol, WINDOWSTART AS BucketStart, EARLIEST_BY_OFFSET(o.OPEN) AS Open, MAX(o.HIGH) AS High, MIN(o.LOW) AS Low, LATEST_BY_OFFSET(o.CLOSE) AS Close
      FROM bar_tbimp_1s_final_s o WINDOW TUMBLING (SIZE 1 MINUTES)
      GROUP BY o.BROKER, o.SYMBOL
      EMIT CHANGES;
         at Kafka.Ksql.Linq.Query.Analysis.DerivedTumblingPipeline.BuildDdlAndRegister(String baseName, KsqlQueryModel queryModel, EntityModel model, Role role, Func`2 resolveType) in /src/src/Query/Analysis/DerivedTumblingPipeline.cs:line 228
         at Kafka.Ksql.Linq.Query.Analysis.DerivedTumblingPipeline.RunAsync(TumblingQao qao, EntityModel baseModel, KsqlQueryModel queryModel, Func`2 execute, Func`2 resolveType, MappingRegistry mapping, ConcurrentDictionary`2 registry, ILogger logger) in /src/src/Query/Analysis/DerivedTumblingPipeline.cs:line 91
         at Kafka.Ksql.Linq.KsqlContext.EnsureQueryEntityDdlAsync(Type type, EntityModel model) in /src/src/KsqlContext.SchemaRegistration.cs:line 324
         at Kafka.Ksql.Linq.KsqlContext.RegisterSchemasAndMaterializeAsync() in /src/src/KsqlContext.SchemaRegistration.cs:line 129
         at Kafka.Ksql.Linq.KsqlContext.InitializeWithSchemaRegistration() in /src/src/KsqlContext.SchemaRegistration.cs:line 28
         at Kafka.Ksql.Linq.KsqlContext.InitializeCore(ILoggerFactory loggerFactory) in /src/src/KsqlContext.cs:line 131
[xUnit.net 00:00:34.29]       System.InvalidOperationException : Invalid projection for hub input: aggregate arguments must reference the user-defined projection aliases (e.g., AS members). Rewrite your Select to produce the desired member names, which will be re-aggregated from the 1s hub. This pipeline does not fallback-rewrite SELECT arguments.
[xUnit.net 00:00:34.29]       Generated DDL:
[xUnit.net 00:00:34.29]       CREATE TABLE bar_tbimp_1m_live WITH (KAFKA_TOPIC='bar_tbimp_1m_live', KEY_FORMAT='AVRO', VALUE_FORMAT='AVRO') AS
[xUnit.net 00:00:34.29]       SELECT o.BROKER AS Broker, o.SYMBOL AS Symbol, WINDOWSTART AS BucketStart, EARLIEST_BY_OFFSET(o.OPEN) AS Open, MAX(o.HIGH) AS High, MIN(o.LOW) AS Low, LATEST_BY_OFFSET(o.CLOSE) AS Close
[xUnit.net 00:00:34.29]       FROM bar_tbimp_1s_final_s o WINDOW TUMBLING (SIZE 1 MINUTES)
[xUnit.net 00:00:34.29]       GROUP BY o.BROKER, o.SYMBOL
[xUnit.net 00:00:34.29]       EMIT CHANGES;
[xUnit.net 00:00:34.29]       Stack Trace:
[xUnit.net 00:00:34.30]         /src/src/Query/Analysis/DerivedTumblingPipeline.cs(228,0): at Kafka.Ksql.Linq.Query.Analysis.DerivedTumblingPipeline.BuildDdlAndRegister(String baseName, KsqlQueryModel queryModel, EntityModel model, Role role, Func`2 resolveType)
[xUnit.net 00:00:34.30]         /src/src/Query/Analysis/DerivedTumblingPipeline.cs(91,0): at Kafka.Ksql.Linq.Query.Analysis.DerivedTumblingPipeline.RunAsync(TumblingQao qao, EntityModel baseModel, KsqlQueryModel queryModel, Func`2 execute, Func`2 resolveType, MappingRegistry mapping, ConcurrentDictionary`2 registry, ILogger logger)
[xUnit.net 00:00:34.30]         /src/src/KsqlContext.SchemaRegistration.cs(324,0): at Kafka.Ksql.Linq.KsqlContext.EnsureQueryEntityDdlAsync(Type type, EntityModel model)
[xUnit.net 00:00:34.30]         /src/src/KsqlContext.SchemaRegistration.cs(129,0): at Kafka.Ksql.Linq.KsqlContext.RegisterSchemasAndMaterializeAsync()
[xUnit.net 00:00:34.30]         /src/src/KsqlContext.SchemaRegistration.cs(28,0): at Kafka.Ksql.Linq.KsqlContext.InitializeWithSchemaRegistration()
[xUnit.net 00:00:34.30]         /src/src/KsqlContext.cs(131,0): at Kafka.Ksql.Linq.KsqlContext.InitializeCore(ILoggerFactory loggerFactory)
[xUnit.net 00:00:34.30]         /src/src/KsqlContext.cs(95,0): at Kafka.Ksql.Linq.KsqlContext..ctor(KsqlDslOptions options, ILoggerFactory loggerFactory)
[xUnit.net 00:00:34.30]         /src/physicalTests/OssSamples/TimeBucketImportTumblingTests.cs(50,0): at Kafka.Ksql.Linq.Tests.Integration.TimeBucketImportTumblingTests.TestContext..ctor()
[xUnit.net 00:00:34.30]         /src/physicalTests/OssSamples/TimeBucketImportTumblingTests.cs(136,0): at Kafka.Ksql.Linq.Tests.Integration.TimeBucketImportTumblingTests.Import_Ticks_Define_Tumbling_Query_Then_Extract_Bars_Via_TimeBucket()
[xUnit.net 00:00:34.30]         --- End of stack trace from previous location ---
[xUnit.net 00:00:34.30]   Finished:    Kafka.Ksql.Linq.Tests.Integration
</StdOut>
    </Output>
    <RunInfos>
      <RunInfo computerName="2d5b276234df" outcome="Error" timestamp="2025-09-15T03:18:54.1301797+00:00">
        <Text>[xUnit.net 00:00:34.29]     Kafka.Ksql.Linq.Tests.Integration.TimeBucketImportTumblingTests.Import_Ticks_Define_Tumbling_Query_Then_Extract_Bars_Via_TimeBucket [FAIL]</Text>
      </RunInfo>
    </RunInfos>
  </ResultSummary>
</TestRun>