<?xml version="1.0" encoding="utf-8"?>
<TestRun id="492325c1-ae0d-474c-bb77-106251768b38" name="@sagesoho01 2025-09-12 16:01:57" xmlns="http://microsoft.com/schemas/VisualStudio/TeamTest/2010">
  <Times creation="2025-09-12T16:01:57.0166800+09:00" queuing="2025-09-12T16:01:57.0166800+09:00" start="2025-09-12T16:01:55.3563939+09:00" finish="2025-09-12T16:01:57.0175294+09:00" />
  <TestSettings name="default" id="f53124ec-513b-4d29-afa6-4bb2809c726a">
    <Deployment runDeploymentRoot="_sagesoho01_2025-09-12_16_01_57" />
  </TestSettings>
  <TestLists>
    <TestList name="Results Not in a List" id="8c84fa94-04c1-424b-9868-57a2d4851a1d" />
    <TestList name="All Loaded Results" id="19431567-8539-422a-85d7-44ee4e166bda" />
  </TestLists>
  <ResultSummary outcome="Completed">
    <Counters total="0" executed="0" passed="0" failed="0" error="0" timeout="0" aborted="0" inconclusive="0" passedButRunAborted="0" notRunnable="0" notExecuted="0" disconnected="0" warning="0" completed="0" inProgress="0" pending="0" />
    <Output>
      <StdOut>[xUnit.net 00:00:00.00] xUnit.net VSTest Adapter v2.4.5+1caef2f33e (64-bit .NET 8.0.19)
[xUnit.net 00:00:00.85]   Discovering: Kafka.Ksql.Linq.Tests
[xUnit.net 00:00:00.95]   Discovered:  Kafka.Ksql.Linq.Tests
[xUnit.net 00:00:00.96]   Starting:    Kafka.Ksql.Linq.Tests
[xUnit.net 00:00:00.98]   Finished:    Kafka.Ksql.Linq.Tests
</StdOut>
    </Output>
    <RunInfos>
      <RunInfo computerName="sagesoho01" outcome="Warning" timestamp="2025-09-12T16:01:56.9036809+09:00">
        <Text>No test matches the given testcase filter `FullyQualifiedName~Kafka.Ksql.Linq.Tests.Integration.BarScheduleDataTests.Build_Daily_Live_And_Weekly_Final_CreateSql` in /mnt/c/dev/rc02/tests/bin/Release/net8.0/Kafka.Ksql.Linq.Tests.dll</Text>
      </RunInfo>
    </RunInfos>
  </ResultSummary>
</TestRun>