<?xml version="1.0" encoding="utf-8"?>
<TestRun id="ce86db17-cfdf-41a0-aec1-915a127f17e8" name="seiji_yfc8940@SAGESOHO01 2025-09-14 17:28:48" runUser="SAGESOHO01\seiji_yfc8940" xmlns="http://microsoft.com/schemas/VisualStudio/TeamTest/2010">
  <Times creation="2025-09-14T17:28:48.8024914+09:00" queuing="2025-09-14T17:28:48.8024918+09:00" start="2025-09-14T17:28:46.9500794+09:00" finish="2025-09-14T18:02:57.6950907+09:00" />
  <TestSettings name="default" id="defb727c-1156-490a-83ca-9ba33ebdf29b">
    <Deployment runDeploymentRoot="seiji_yfc8940_SAGESOHO01_2025-09-14_17_28_48" />
  </TestSettings>
  <Results>
    <UnitTestResult executionId="21d354fa-c038-4f64-81ce-d2d9b2b2dfec" testId="5a88f032-d48b-3e65-f6b6-dca9ef297733" testName="Kafka.Ksql.Linq.Tests.Integration.RocksDbToListAsyncTests.ToListAsync_Reads_From_RocksDb_Cache" computerName="SAGESOHO01" duration="00:00:30.8001942" startTime="2025-09-14T17:44:00.6370933+09:00" endTime="2025-09-14T17:44:00.6370937+09:00" testType="13cdc9d9-ddb5-4fa4-a97d-d965ccfc6d4b" outcome="Passed" testListId="8c84fa94-04c1-424b-9868-57a2d4851a1d" relativeResultsDirectory="21d354fa-c038-4f64-81ce-d2d9b2b2dfec" />
    <UnitTestResult executionId="aa48d1b5-4973-4215-9060-1ba3bb56f5da" testId="f1c03cea-0557-e281-789b-44a1e9e61d2d" testName="Kafka.Ksql.Linq.Tests.Integration.DefaultAndBoundaryValueTests.DefaultValuesRoundTrip" computerName="SAGESOHO01" duration="00:00:27.2112522" startTime="2025-09-14T17:40:29.2849736+09:00" endTime="2025-09-14T17:40:29.2849742+09:00" testType="13cdc9d9-ddb5-4fa4-a97d-d965ccfc6d4b" outcome="Passed" testListId="8c84fa94-04c1-424b-9868-57a2d4851a1d" relativeResultsDirectory="aa48d1b5-4973-4215-9060-1ba3bb56f5da" />
    <UnitTestResult executionId="a83e1d92-6f8e-4f43-8a70-ba0f91beceb0" testId="6288fb0e-9d2c-a603-9db2-af88d05ffb27" testName="Kafka.Ksql.Linq.Tests.Integration.BigBang_KafkaConnection_StrictTests.EX02_ForeachAsync_KafkaDown_ShouldLogAndTimeout" computerName="SAGESOHO01" duration="00:00:04.8745041" startTime="2025-09-14T17:36:21.8216844+09:00" endTime="2025-09-14T17:36:21.8216849+09:00" testType="13cdc9d9-ddb5-4fa4-a97d-d965ccfc6d4b" outcome="Passed" testListId="8c84fa94-04c1-424b-9868-57a2d4851a1d" relativeResultsDirectory="a83e1d92-6f8e-4f43-8a70-ba0f91beceb0" />
    <UnitTestResult executionId="bcb930ba-d988-4148-b7fc-05f3df47b58a" testId="ad9ac948-5de9-3016-dc11-7e1e0ddb9a1f" testName="Kafka.Ksql.Linq.Tests.Integration.InvalidQueryTests.GeneratedQuery_IsRejected(ksql: &quot;SELECT ID, COUNT(*) FROM ORDERS GROUP BY ID;&quot;)" computerName="SAGESOHO01" duration="00:00:00.4498252" startTime="2025-09-14T17:28:59.6091241+09:00" endTime="2025-09-14T17:28:59.6091246+09:00" testType="13cdc9d9-ddb5-4fa4-a97d-d965ccfc6d4b" outcome="Passed" testListId="8c84fa94-04c1-424b-9868-57a2d4851a1d" relativeResultsDirectory="bcb930ba-d988-4148-b7fc-05f3df47b58a" />
    <UnitTestResult executionId="ac122e11-7755-4d21-ab1f-49c20c0da3ff" testId="52a48a8d-aaad-2671-a532-2ce974e3f69a" testName="Kafka.Ksql.Linq.Tests.Integration.KafkaServiceDownTests.AddAsync_ShouldThrow_WhenKafkaIsDown" computerName="SAGESOHO01" duration="00:02:17.1640973" startTime="2025-09-14T17:38:59.7179353+09:00" endTime="2025-09-14T17:38:59.7179380+09:00" testType="13cdc9d9-ddb5-4fa4-a97d-d965ccfc6d4b" outcome="Passed" testListId="8c84fa94-04c1-424b-9868-57a2d4851a1d" relativeResultsDirectory="ac122e11-7755-4d21-ab1f-49c20c0da3ff" />
    <UnitTestResult executionId="d8a0dd99-6469-4ac1-aaa7-6340b376b8ae" testId="e7664d42-1a36-a709-59e4-00b5e1d7cc8f" testName="Kafka.Ksql.Linq.Tests.Integration.BigBang_KafkaConnection_TolerantTests.EX01_AddAsync_KafkaDown_ShouldFailGracefully" computerName="SAGESOHO01" duration="00:00:00.5715613" startTime="2025-09-14T17:36:24.4985936+09:00" endTime="2025-09-14T17:36:24.4985939+09:00" testType="13cdc9d9-ddb5-4fa4-a97d-d965ccfc6d4b" outcome="Passed" testListId="8c84fa94-04c1-424b-9868-57a2d4851a1d" relativeResultsDirectory="d8a0dd99-6469-4ac1-aaa7-6340b376b8ae" />
    <UnitTestResult executionId="6137245d-abe3-4eea-9903-9feb82e01175" testId="35c33335-3c6f-41c6-e0cd-a71e8b0b3178" testName="Kafka.Ksql.Linq.Tests.Integration.DefaultAndBoundaryValueTests.BoundaryValuesRoundTrip" computerName="SAGESOHO01" duration="00:00:36.3891529" startTime="2025-09-14T17:41:42.0696518+09:00" endTime="2025-09-14T17:41:42.0696525+09:00" testType="13cdc9d9-ddb5-4fa4-a97d-d965ccfc6d4b" outcome="Passed" testListId="8c84fa94-04c1-424b-9868-57a2d4851a1d" relativeResultsDirectory="6137245d-abe3-4eea-9903-9feb82e01175" />
    <UnitTestResult executionId="33588ad9-672a-4b03-ba36-c94a7a26a547" testId="fa7b7cf7-1520-25e3-2b05-597054f71af6" testName="Kafka.Ksql.Linq.Tests.Integration.ReservedKeyQuotingTests.CreateStream_WithReservedKeyFields_ShouldSucceed" computerName="SAGESOHO01" duration="00:00:00.9634003" startTime="2025-09-14T17:28:48.3863576+09:00" endTime="2025-09-14T17:28:48.3863681+09:00" testType="13cdc9d9-ddb5-4fa4-a97d-d965ccfc6d4b" outcome="Passed" testListId="8c84fa94-04c1-424b-9868-57a2d4851a1d" relativeResultsDirectory="33588ad9-672a-4b03-ba36-c94a7a26a547" />
    <UnitTestResult executionId="96785b1a-da95-4b5f-8d1b-584384fd96f2" testId="5917e101-0acb-1110-36fc-a2e3d83d03f6" testName="Kafka.Ksql.Linq.Tests.Integration.SchemaNameCaseSensitivityTests.LowercaseField_ShouldSucceed" computerName="SAGESOHO01" duration="00:00:25.6218138" startTime="2025-09-14T17:44:26.2597575+09:00" endTime="2025-09-14T17:44:26.2597582+09:00" testType="13cdc9d9-ddb5-4fa4-a97d-d965ccfc6d4b" outcome="Passed" testListId="8c84fa94-04c1-424b-9868-57a2d4851a1d" relativeResultsDirectory="96785b1a-da95-4b5f-8d1b-584384fd96f2" />
    <UnitTestResult executionId="f58075e8-05f8-450a-9319-507f3dd9dec1" testId="fa46f409-6539-d06f-aa37-8cfd2c4998c0" testName="Kafka.Ksql.Linq.Tests.Integration.BigBang_KafkaConnection_TolerantTests.EX01_ForeachAsync_KafkaDown_ShouldFailGracefully" computerName="SAGESOHO01" duration="00:00:01.5452427" startTime="2025-09-14T17:36:23.9266426+09:00" endTime="2025-09-14T17:36:23.9266432+09:00" testType="13cdc9d9-ddb5-4fa4-a97d-d965ccfc6d4b" outcome="Passed" testListId="8c84fa94-04c1-424b-9868-57a2d4851a1d" relativeResultsDirectory="f58075e8-05f8-450a-9319-507f3dd9dec1" />
    <UnitTestResult executionId="e0ae3239-8f98-42a4-bb96-20a363c4bac4" testId="821b062e-05e6-7b61-70b6-a85ab6158b98" testName="Kafka.Ksql.Linq.Tests.Integration.BigBang_KafkaConnection_StrictTests.EX02_AddAsync_KafkaDown_ShouldLogAndTimeout" computerName="SAGESOHO01" duration="00:00:00.5587266" startTime="2025-09-14T17:36:22.3808130+09:00" endTime="2025-09-14T17:36:22.3808133+09:00" testType="13cdc9d9-ddb5-4fa4-a97d-d965ccfc6d4b" outcome="Passed" testListId="8c84fa94-04c1-424b-9868-57a2d4851a1d" relativeResultsDirectory="e0ae3239-8f98-42a4-bb96-20a363c4bac4" />
    <UnitTestResult executionId="5044936b-2f76-4c8e-a27e-9117fa9931a5" testId="7ac897e6-3b9f-9d7e-7d3d-02e35f2ffa62" testName="Kafka.Ksql.Linq.Tests.Integration.KafkaAdminServiceIntegrationTests.EnsureTopic_CreatesWithConfiguredStructure" computerName="SAGESOHO01" duration="00:00:00.4960322" startTime="2025-09-14T17:44:26.7564013+09:00" endTime="2025-09-14T17:44:26.7564019+09:00" testType="13cdc9d9-ddb5-4fa4-a97d-d965ccfc6d4b" outcome="Passed" testListId="8c84fa94-04c1-424b-9868-57a2d4851a1d" relativeResultsDirectory="5044936b-2f76-4c8e-a27e-9117fa9931a5" />
    <UnitTestResult executionId="58377e8a-11f1-4263-87e3-bb218234594c" testId="ce6a13c7-e84b-fd4c-062d-d534410ea237" testName="Kafka.Ksql.Linq.Tests.Integration.JoinIntegrationTests.TwoTableJoin_Query_ShouldBeValid" computerName="SAGESOHO01" duration="00:00:02.1253555" startTime="2025-09-14T17:29:03.5217150+09:00" endTime="2025-09-14T17:29:03.5217153+09:00" testType="13cdc9d9-ddb5-4fa4-a97d-d965ccfc6d4b" outcome="Failed" testListId="8c84fa94-04c1-424b-9868-57a2d4851a1d" relativeResultsDirectory="58377e8a-11f1-4263-87e3-bb218234594c">
      <Output>
        <ErrorInfo>
          <Message>System.InvalidOperationException : Expected record schema</Message>
          <StackTrace>   at Kafka.Ksql.Linq.SchemaRegistryTools.SchemaRegistryMetaProvider.ParseSchema(String avroSchema) in C:\dev\rc02\src\SchemaRegistryTools\SchemaRegistryMetaProvider.cs:line 55&#xD;
   at Kafka.Ksql.Linq.SchemaRegistryTools.SchemaRegistryMetaProvider.GetMetaFromSchemaRegistry(EntityModel model, ISchemaRegistryClient client) in C:\dev\rc02\src\SchemaRegistryTools\SchemaRegistryMetaProvider.cs:line 40&#xD;
   at Kafka.Ksql.Linq.SchemaRegistryTools.DecimalSchemaValidator.Validate(EntityModel model, ISchemaRegistryClient client, ValidationMode mode, ILogger logger) in C:\dev\rc02\src\SchemaRegistryTools\DecimalSchemaValidator.cs:line 15&#xD;
   at Kafka.Ksql.Linq.KsqlContext.RegisterSchemasAndMaterializeAsync() in C:\dev\rc02\src\KsqlContext.SchemaRegistration.cs:line 111&#xD;
   at Kafka.Ksql.Linq.KsqlContext.InitializeWithSchemaRegistration() in C:\dev\rc02\src\KsqlContext.SchemaRegistration.cs:line 28&#xD;
   at Kafka.Ksql.Linq.KsqlContext.InitializeCore(ILoggerFactory loggerFactory) in C:\dev\rc02\src\KsqlContext.cs:line 131&#xD;
   at Kafka.Ksql.Linq.KsqlContext..ctor(KsqlDslOptions options, ILoggerFactory loggerFactory) in C:\dev\rc02\src\KsqlContext.cs:line 95&#xD;
   at Kafka.Ksql.Linq.Tests.Integration.JoinIntegrationTests.JoinContext..ctor(KsqlDslOptions options, ILoggerFactory loggerFactory) in C:\dev\rc02\physicalTests\OssSamples\JoinIntegrationTests.cs:line 50&#xD;
   at Kafka.Ksql.Linq.Tests.Integration.JoinIntegrationTests.TwoTableJoin_Query_ShouldBeValid() in C:\dev\rc02\physicalTests\OssSamples\JoinIntegrationTests.cs:line 103&#xD;
--- End of stack trace from previous location ---</StackTrace>
        </ErrorInfo>
      </Output>
    </UnitTestResult>
    <UnitTestResult executionId="e6cbc78c-4984-4fc6-a50b-c5295a0f959e" testId="6ad00dfe-e135-6dc8-b1bf-666fa5fa3455" testName="Kafka.Ksql.Linq.Tests.Integration.SchemaRegistryResetTests.DuplicateSchemaRegistration_ShouldSucceed" computerName="SAGESOHO01" duration="00:00:03.4079795" startTime="2025-09-14T17:28:58.7063399+09:00" endTime="2025-09-14T17:28:58.7063402+09:00" testType="13cdc9d9-ddb5-4fa4-a97d-d965ccfc6d4b" outcome="Failed" testListId="8c84fa94-04c1-424b-9868-57a2d4851a1d" relativeResultsDirectory="e6cbc78c-4984-4fc6-a50b-c5295a0f959e">
      <Output>
        <ErrorInfo>
          <Message>System.Net.Http.HttpRequestException : Response status code does not indicate success: 409 (Conflict).</Message>
          <StackTrace>   at Kafka.Ksql.Linq.Tests.Integration.EnvSchemaRegistryResetTests.SetupAsync() in C:\dev\rc02\physicalTests\Connectivity\SchemaRegistryResetTests.cs:line 229&#xD;
   at Kafka.Ksql.Linq.Tests.Integration.SchemaRegistryResetTests.DuplicateSchemaRegistration_ShouldSucceed() in C:\dev\rc02\physicalTests\Connectivity\SchemaRegistryResetTests.cs:line 89&#xD;
--- End of stack trace from previous location ---</StackTrace>
        </ErrorInfo>
      </Output>
    </UnitTestResult>
    <UnitTestResult executionId="4c186681-36c5-4a76-9baa-3f5dcf6bd7c5" testId="2a812374-63bf-e2f9-3af2-1f33d0b7af6d" testName="Kafka.Ksql.Linq.Tests.Integration.SchemaRegistryResetTests.UpperCaseSubjects_ShouldNotExist" computerName="SAGESOHO01" duration="00:00:03.4769995" startTime="2025-09-14T17:28:51.8754335+09:00" endTime="2025-09-14T17:28:51.8754339+09:00" testType="13cdc9d9-ddb5-4fa4-a97d-d965ccfc6d4b" outcome="Failed" testListId="8c84fa94-04c1-424b-9868-57a2d4851a1d" relativeResultsDirectory="4c186681-36c5-4a76-9baa-3f5dcf6bd7c5">
      <Output>
        <ErrorInfo>
          <Message>System.Net.Http.HttpRequestException : Response status code does not indicate success: 409 (Conflict).</Message>
          <StackTrace>   at Kafka.Ksql.Linq.Tests.Integration.EnvSchemaRegistryResetTests.SetupAsync() in C:\dev\rc02\physicalTests\Connectivity\SchemaRegistryResetTests.cs:line 229&#xD;
   at Kafka.Ksql.Linq.Tests.Integration.SchemaRegistryResetTests.UpperCaseSubjects_ShouldNotExist() in C:\dev\rc02\physicalTests\Connectivity\SchemaRegistryResetTests.cs:line 130&#xD;
--- End of stack trace from previous location ---</StackTrace>
        </ErrorInfo>
      </Output>
    </UnitTestResult>
    <UnitTestResult executionId="046d2936-4204-48b7-81b1-8134e5c9d309" testId="6e9b6ef9-ac09-772f-de65-0a61c351b479" testName="Kafka.Ksql.Linq.Tests.Integration.ManualCommitIntegrationTests.ManualCommit_PersistsOffset" computerName="SAGESOHO01" duration="00:00:34.4109300" startTime="2025-09-14T17:42:31.8821730+09:00" endTime="2025-09-14T17:42:31.8821736+09:00" testType="13cdc9d9-ddb5-4fa4-a97d-d965ccfc6d4b" outcome="Failed" testListId="8c84fa94-04c1-424b-9868-57a2d4851a1d" relativeResultsDirectory="046d2936-4204-48b7-81b1-8134e5c9d309">
      <Output>
        <ErrorInfo>
          <Message>Assert.Equal() Failure: Values differ&#xD;
Expected: 4&#xD;
Actual:   1</Message>
          <StackTrace>   at Kafka.Ksql.Linq.Tests.Integration.ManualCommitIntegrationTests.ManualCommit_PersistsOffset() in C:\dev\rc02\physicalTests\OssSamples\ManualCommitIntegrationTests.cs:line 96&#xD;
   at Kafka.Ksql.Linq.Tests.Integration.ManualCommitIntegrationTests.ManualCommit_PersistsOffset() in C:\dev\rc02\physicalTests\OssSamples\ManualCommitIntegrationTests.cs:line 96&#xD;
--- End of stack trace from previous location ---</StackTrace>
        </ErrorInfo>
      </Output>
    </UnitTestResult>
    <UnitTestResult executionId="691ee88d-ad0b-4634-98a2-4d8c601c78a1" testId="d4f95360-fa20-03e1-5810-a5fd78838e0d" testName="Kafka.Ksql.Linq.Tests.Integration.TimeBucketImportTumblingTests.Import_Ticks_Define_Tumbling_Query_Then_Extract_Bars_Via_TimeBucket" computerName="SAGESOHO01" duration="00:04:28.7531776" startTime="2025-09-14T17:36:16.9466394+09:00" endTime="2025-09-14T17:36:16.9466401+09:00" testType="13cdc9d9-ddb5-4fa4-a97d-d965ccfc6d4b" outcome="Failed" testListId="8c84fa94-04c1-424b-9868-57a2d4851a1d" relativeResultsDirectory="691ee88d-ad0b-4634-98a2-4d8c601c78a1">
      <Output>
        <ErrorInfo>
          <Message>System.TimeoutException : Entity Bar not ready after 00:03:00.</Message>
          <StackTrace>   at Kafka.Ksql.Linq.KsqlContext.WaitForEntityReadyAsync[T](TimeSpan timeout, CancellationToken cancellationToken) in C:\dev\rc02\src\KsqlContext.cs:line 429&#xD;
   at Kafka.Ksql.Linq.Tests.Integration.TimeBucketImportTumblingTests.Import_Ticks_Define_Tumbling_Query_Then_Extract_Bars_Via_TimeBucket() in C:\dev\rc02\physicalTests\OssSamples\TimeBucketImportTumblingTests.cs:line 122&#xD;
--- End of stack trace from previous location ---</StackTrace>
        </ErrorInfo>
      </Output>
    </UnitTestResult>
    <UnitTestResult executionId="8afec37d-396a-4b8d-baaa-8943bb47adc0" testId="f4acc4e9-4e3f-fa27-9e40-28a744927795" testName="Kafka.Ksql.Linq.Tests.Integration.NoKeyPocoTests.SendAndReceive_NoKeyRecord" computerName="SAGESOHO01" duration="00:00:27.7571731" startTime="2025-09-14T17:42:59.6397332+09:00" endTime="2025-09-14T17:42:59.6397335+09:00" testType="13cdc9d9-ddb5-4fa4-a97d-d965ccfc6d4b" outcome="Passed" testListId="8c84fa94-04c1-424b-9868-57a2d4851a1d" relativeResultsDirectory="8afec37d-396a-4b8d-baaa-8943bb47adc0" />
    <UnitTestResult executionId="49e5aa6d-836e-489f-a719-2a910230f120" testId="1b9a7b5c-1c73-929c-a65b-b3bb50e359bc" testName="Kafka.Ksql.Linq.Tests.Integration.KsqlSyntaxTests.GeneratedQuery_IsValidInKsqlDb(ksql: &quot;CREATE STREAM test_stream AS SELECT * FROM source &quot;···)" computerName="SAGESOHO01" duration="00:00:00.7132392" startTime="2025-09-14T17:29:01.3946912+09:00" endTime="2025-09-14T17:29:01.3946927+09:00" testType="13cdc9d9-ddb5-4fa4-a97d-d965ccfc6d4b" outcome="Passed" testListId="8c84fa94-04c1-424b-9868-57a2d4851a1d" relativeResultsDirectory="49e5aa6d-836e-489f-a719-2a910230f120" />
    <UnitTestResult executionId="62627c77-12a0-4c72-a85f-0b453a2be59b" testId="173a5c6a-39b7-895e-9b5a-1e15dc155fed" testName="Kafka.Ksql.Linq.Tests.Integration.SchemaRegistryResetTests.Setup_ShouldRegisterAllSchemas" computerName="SAGESOHO01" duration="00:00:03.4237549" startTime="2025-09-14T17:28:55.2971115+09:00" endTime="2025-09-14T17:28:55.2971118+09:00" testType="13cdc9d9-ddb5-4fa4-a97d-d965ccfc6d4b" outcome="Failed" testListId="8c84fa94-04c1-424b-9868-57a2d4851a1d" relativeResultsDirectory="62627c77-12a0-4c72-a85f-0b453a2be59b">
      <Output>
        <ErrorInfo>
          <Message>System.Net.Http.HttpRequestException : Response status code does not indicate success: 409 (Conflict).</Message>
          <StackTrace>   at Kafka.Ksql.Linq.Tests.Integration.EnvSchemaRegistryResetTests.SetupAsync() in C:\dev\rc02\physicalTests\Connectivity\SchemaRegistryResetTests.cs:line 229&#xD;
   at Kafka.Ksql.Linq.Tests.Integration.SchemaRegistryResetTests.Setup_ShouldRegisterAllSchemas() in C:\dev\rc02\physicalTests\Connectivity\SchemaRegistryResetTests.cs:line 67&#xD;
--- End of stack trace from previous location ---</StackTrace>
        </ErrorInfo>
      </Output>
    </UnitTestResult>
    <UnitTestResult executionId="8f3842c4-d80d-4ce6-a4d2-d8e40e6533a0" testId="da24b4ec-31be-e42d-feb9-6cc309431547" testName="Kafka.Ksql.Linq.Tests.Integration.KafkaServiceDownTests.ForeachAsync_ShouldThrow_WhenKafkaIsDown" computerName="SAGESOHO01" duration="00:00:18.0542752" startTime="2025-09-14T17:36:42.5533977+09:00" endTime="2025-09-14T17:36:42.5533981+09:00" testType="13cdc9d9-ddb5-4fa4-a97d-d965ccfc6d4b" outcome="Passed" testListId="8c84fa94-04c1-424b-9868-57a2d4851a1d" relativeResultsDirectory="8f3842c4-d80d-4ce6-a4d2-d8e40e6533a0" />
    <UnitTestResult executionId="eb2ce36b-d8a4-4142-9260-b53af6a7165d" testId="4a90876b-2734-76cc-4f62-bf397a2e6c64" testName="Kafka.Ksql.Linq.Tests.Integration.KsqlSyntaxTests.GeneratedQuery_IsValidInKsqlDb(ksql: &quot;SELECT CustomerId, COUNT(*) FROM orders GROUP BY C&quot;···)" computerName="SAGESOHO01" duration="00:00:01.0709525" startTime="2025-09-14T17:29:00.6808678+09:00" endTime="2025-09-14T17:29:00.6808682+09:00" testType="13cdc9d9-ddb5-4fa4-a97d-d965ccfc6d4b" outcome="Passed" testListId="8c84fa94-04c1-424b-9868-57a2d4851a1d" relativeResultsDirectory="eb2ce36b-d8a4-4142-9260-b53af6a7165d" />
    <UnitTestResult executionId="578db196-8831-48cc-8915-d18552f4cde6" testId="b56b9373-6c2f-5739-b8b6-dadbd353152b" testName="Kafka.Ksql.Linq.Tests.Integration.BarScheduleWeekendTests.WeekdaysOnly_DailyBars_With_MarketSchedule" computerName="SAGESOHO01" duration="00:02:44.6696613" startTime="2025-09-14T17:31:48.1923413+09:00" endTime="2025-09-14T17:31:48.1923414+09:00" testType="13cdc9d9-ddb5-4fa4-a97d-d965ccfc6d4b" outcome="Failed" testListId="8c84fa94-04c1-424b-9868-57a2d4851a1d" relativeResultsDirectory="578db196-8831-48cc-8915-d18552f4cde6">
      <Output>
        <ErrorInfo>
          <Message>System.Net.Http.HttpRequestException : Response status code does not indicate success: 400 (Bad Request).</Message>
          <StackTrace>   at System.Net.Http.HttpResponseMessage.EnsureSuccessStatusCode()&#xD;
   at Kafka.Ksql.Linq.Tests.Integration.BarScheduleWeekendTests.CountRowsAsync(String sql, TimeSpan timeout) in C:\dev\rc02\physicalTests\OssSamples\BarScheduleWeekendTests.cs:line 117&#xD;
   at Kafka.Ksql.Linq.Tests.Integration.BarScheduleWeekendTests.WeekdaysOnly_DailyBars_With_MarketSchedule() in C:\dev\rc02\physicalTests\OssSamples\BarScheduleWeekendTests.cs:line 174&#xD;
   at Kafka.Ksql.Linq.Tests.Integration.BarScheduleWeekendTests.WeekdaysOnly_DailyBars_With_MarketSchedule() in C:\dev\rc02\physicalTests\OssSamples\BarScheduleWeekendTests.cs:line 182&#xD;
--- End of stack trace from previous location ---</StackTrace>
        </ErrorInfo>
      </Output>
    </UnitTestResult>
    <UnitTestResult executionId="bbca3c8f-493a-4296-91bd-2e0c7fe6275b" testId="6dc1c76e-ddda-5058-33dc-fc758c3924b0" testName="Kafka.Ksql.Linq.Tests.Integration.DlqIntegrationTests.ForEachAsync_OnErrorDlq_WritesToDlq" computerName="SAGESOHO01" duration="00:00:15.3995022" startTime="2025-09-14T17:41:57.4703226+09:00" endTime="2025-09-14T17:41:57.4703230+09:00" testType="13cdc9d9-ddb5-4fa4-a97d-d965ccfc6d4b" outcome="Failed" testListId="8c84fa94-04c1-424b-9868-57a2d4851a1d" relativeResultsDirectory="bbca3c8f-493a-4296-91bd-2e0c7fe6275b">
      <Output>
        <ErrorInfo>
          <Message>System.InvalidOperationException : DDL execution failed for DlqEnvelope: {"error_code":404,"message":"HTTP 404 Not Found"}</Message>
          <StackTrace>   at Kafka.Ksql.Linq.KsqlContext.EnsureSimpleEntityDdlAsync(Type type, EntityModel model) in C:\dev\rc02\src\KsqlContext.SchemaRegistration.cs:line 183&#xD;
   at Kafka.Ksql.Linq.KsqlContext.RegisterSchemasAndMaterializeAsync() in C:\dev\rc02\src\KsqlContext.SchemaRegistration.cs:line 123&#xD;
   at Kafka.Ksql.Linq.KsqlContext.InitializeWithSchemaRegistration() in C:\dev\rc02\src\KsqlContext.SchemaRegistration.cs:line 28&#xD;
   at Kafka.Ksql.Linq.KsqlContext.InitializeCore(ILoggerFactory loggerFactory) in C:\dev\rc02\src\KsqlContext.cs:line 131&#xD;
   at Kafka.Ksql.Linq.KsqlContext..ctor(KsqlDslOptions options, ILoggerFactory loggerFactory) in C:\dev\rc02\src\KsqlContext.cs:line 95&#xD;
   at Kafka.Ksql.Linq.Tests.Integration.DlqIntegrationTests.OrderContext..ctor(KsqlDslOptions options) in C:\dev\rc02\physicalTests\OssSamples\DlqIntegrationTests.cs:line 28&#xD;
   at Kafka.Ksql.Linq.Tests.Integration.DlqIntegrationTests.ForEachAsync_OnErrorDlq_WritesToDlq() in C:\dev\rc02\physicalTests\OssSamples\DlqIntegrationTests.cs:line 52&#xD;
--- End of stack trace from previous location ---</StackTrace>
        </ErrorInfo>
      </Output>
    </UnitTestResult>
    <UnitTestResult executionId="0a187629-2dc3-4d64-af3e-ecee4d363c63" testId="ccf2bf61-9a31-6941-50d4-73c008678752" testName="Kafka.Ksql.Linq.Tests.Integration.KsqlDbServiceDownTests.ExecuteStatement_ShouldFail_WhenKsqlDbDown" computerName="SAGESOHO01" duration="00:00:18.5414298" startTime="2025-09-14T17:39:18.2600834+09:00" endTime="2025-09-14T17:39:18.2600840+09:00" testType="13cdc9d9-ddb5-4fa4-a97d-d965ccfc6d4b" outcome="Passed" testListId="8c84fa94-04c1-424b-9868-57a2d4851a1d" relativeResultsDirectory="0a187629-2dc3-4d64-af3e-ecee4d363c63" />
    <UnitTestResult executionId="1504ca4c-c73d-4e30-81b7-53ef0302f675" testId="4d1ab506-de68-e93b-e77a-c25236b29b8f" testName="Kafka.Ksql.Linq.Tests.Integration.CompositeKeyPocoTests.SendAndReceive_CompositeKeyPoco" computerName="SAGESOHO01" duration="00:00:10.4196345" startTime="2025-09-14T17:40:02.0728990+09:00" endTime="2025-09-14T17:40:02.0728996+09:00" testType="13cdc9d9-ddb5-4fa4-a97d-d965ccfc6d4b" outcome="Passed" testListId="8c84fa94-04c1-424b-9868-57a2d4851a1d" relativeResultsDirectory="1504ca4c-c73d-4e30-81b7-53ef0302f675" />
    <UnitTestResult executionId="ae6522e9-2260-46e1-8918-062f9eb17bd8" testId="575bb240-2c56-ce42-7c0d-fdfabac2a9c7" testName="Kafka.Ksql.Linq.Tests.Integration.InvalidQueryTests.GeneratedQuery_IsRejected(ksql: &quot;SELECT CASE WHEN ID=1 THEN 'A' ELSE 2 END FROM ORD&quot;···)" computerName="SAGESOHO01" duration="00:00:00.4510184" startTime="2025-09-14T17:28:59.1587153+09:00" endTime="2025-09-14T17:28:59.1587156+09:00" testType="13cdc9d9-ddb5-4fa4-a97d-d965ccfc6d4b" outcome="Passed" testListId="8c84fa94-04c1-424b-9868-57a2d4851a1d" relativeResultsDirectory="ae6522e9-2260-46e1-8918-062f9eb17bd8" />
    <UnitTestResult executionId="24e6db4e-10da-4f82-aab9-7df0de493cae" testId="17213b85-711d-b805-3bc7-22d3d12a9709" testName="Kafka.Ksql.Linq.Tests.Integration.DefaultAndBoundaryValueTests.DecimalPrecisionRoundTrip" computerName="SAGESOHO01" duration="00:00:36.3944940" startTime="2025-09-14T17:41:05.6799723+09:00" endTime="2025-09-14T17:41:05.6799739+09:00" testType="13cdc9d9-ddb5-4fa4-a97d-d965ccfc6d4b" outcome="Passed" testListId="8c84fa94-04c1-424b-9868-57a2d4851a1d" relativeResultsDirectory="24e6db4e-10da-4f82-aab9-7df0de493cae" />
    <UnitTestResult executionId="58d72a8a-ef75-415d-9aa7-7076027a0633" testId="1efd2b35-e074-3119-cb38-1db783196bee" testName="Kafka.Ksql.Linq.Tests.Integration.PrimingBehaviorTests.AlwaysPriming_DoesNotLeakIntoConsumption" computerName="SAGESOHO01" duration="00:00:30.1957577" startTime="2025-09-14T17:43:29.8366284+09:00" endTime="2025-09-14T17:43:29.8366287+09:00" testType="13cdc9d9-ddb5-4fa4-a97d-d965ccfc6d4b" outcome="Failed" testListId="8c84fa94-04c1-424b-9868-57a2d4851a1d" relativeResultsDirectory="58d72a8a-ef75-415d-9aa7-7076027a0633">
      <Output>
        <ErrorInfo>
          <Message>Assert.Single() Failure: The collection contained 2 items&#xD;
Collection: [Record { Id = 1, Note = "real" }, Record { Id = 1, Note = "real" }]</Message>
          <StackTrace>   at Kafka.Ksql.Linq.Tests.Integration.PrimingBehaviorTests.AlwaysPriming_DoesNotLeakIntoConsumption() in C:\dev\rc02\physicalTests\OssSamples\PrimingBehaviorTests.cs:line 62&#xD;
   at Kafka.Ksql.Linq.Tests.Integration.PrimingBehaviorTests.AlwaysPriming_DoesNotLeakIntoConsumption() in C:\dev\rc02\physicalTests\OssSamples\PrimingBehaviorTests.cs:line 64&#xD;
--- End of stack trace from previous location ---</StackTrace>
        </ErrorInfo>
      </Output>
    </UnitTestResult>
    <UnitTestResult executionId="8808e2c3-e5dd-49ab-9845-f1cccd833dc7" testId="1f670e60-a460-2f7f-dd56-948a1c5191c3" testName="Kafka.Ksql.Linq.Tests.Integration.AdvancedDataTypeTests.Decimal_DateTime_Enum_RoundTrip" computerName="SAGESOHO01" duration="00:00:33.3917703" startTime="2025-09-14T17:39:51.6526484+09:00" endTime="2025-09-14T17:39:51.6526488+09:00" testType="13cdc9d9-ddb5-4fa4-a97d-d965ccfc6d4b" outcome="Passed" testListId="8c84fa94-04c1-424b-9868-57a2d4851a1d" relativeResultsDirectory="8808e2c3-e5dd-49ab-9845-f1cccd833dc7" />
  </Results>
  <TestDefinitions>
    <UnitTest name="Kafka.Ksql.Linq.Tests.Integration.TimeBucketImportTumblingTests.Import_Ticks_Define_Tumbling_Query_Then_Extract_Bars_Via_TimeBucket" storage="c:\dev\rc02\physicaltests\bin\release\net8.0\kafka.ksql.linq.tests.integration.dll" id="d4f95360-fa20-03e1-5810-a5fd78838e0d">
      <Execution id="691ee88d-ad0b-4634-98a2-4d8c601c78a1" />
      <TestMethod codeBase="C:\dev\rc02\physicalTests\bin\Release\net8.0\Kafka.Ksql.Linq.Tests.Integration.dll" adapterTypeName="executor://xunit/VsTestRunner2/netcoreapp" className="Kafka.Ksql.Linq.Tests.Integration.TimeBucketImportTumblingTests" name="Import_Ticks_Define_Tumbling_Query_Then_Extract_Bars_Via_TimeBucket" />
    </UnitTest>
    <UnitTest name="Kafka.Ksql.Linq.Tests.Integration.BigBang_KafkaConnection_TolerantTests.EX01_AddAsync_KafkaDown_ShouldFailGracefully" storage="c:\dev\rc02\physicaltests\bin\release\net8.0\kafka.ksql.linq.tests.integration.dll" id="e7664d42-1a36-a709-59e4-00b5e1d7cc8f">
      <Execution id="d8a0dd99-6469-4ac1-aaa7-6340b376b8ae" />
      <TestMethod codeBase="C:\dev\rc02\physicalTests\bin\Release\net8.0\Kafka.Ksql.Linq.Tests.Integration.dll" adapterTypeName="executor://xunit/VsTestRunner2/netcoreapp" className="Kafka.Ksql.Linq.Tests.Integration.BigBang_KafkaConnection_TolerantTests" name="EX01_AddAsync_KafkaDown_ShouldFailGracefully" />
    </UnitTest>
    <UnitTest name="Kafka.Ksql.Linq.Tests.Integration.DefaultAndBoundaryValueTests.DecimalPrecisionRoundTrip" storage="c:\dev\rc02\physicaltests\bin\release\net8.0\kafka.ksql.linq.tests.integration.dll" id="17213b85-711d-b805-3bc7-22d3d12a9709">
      <Execution id="24e6db4e-10da-4f82-aab9-7df0de493cae" />
      <TestMethod codeBase="C:\dev\rc02\physicalTests\bin\Release\net8.0\Kafka.Ksql.Linq.Tests.Integration.dll" adapterTypeName="executor://xunit/VsTestRunner2/netcoreapp" className="Kafka.Ksql.Linq.Tests.Integration.DefaultAndBoundaryValueTests" name="DecimalPrecisionRoundTrip" />
    </UnitTest>
    <UnitTest name="Kafka.Ksql.Linq.Tests.Integration.BigBang_KafkaConnection_StrictTests.EX02_AddAsync_KafkaDown_ShouldLogAndTimeout" storage="c:\dev\rc02\physicaltests\bin\release\net8.0\kafka.ksql.linq.tests.integration.dll" id="821b062e-05e6-7b61-70b6-a85ab6158b98">
      <Execution id="e0ae3239-8f98-42a4-bb96-20a363c4bac4" />
      <TestMethod codeBase="C:\dev\rc02\physicalTests\bin\Release\net8.0\Kafka.Ksql.Linq.Tests.Integration.dll" adapterTypeName="executor://xunit/VsTestRunner2/netcoreapp" className="Kafka.Ksql.Linq.Tests.Integration.BigBang_KafkaConnection_StrictTests" name="EX02_AddAsync_KafkaDown_ShouldLogAndTimeout" />
    </UnitTest>
    <UnitTest name="Kafka.Ksql.Linq.Tests.Integration.InvalidQueryTests.GeneratedQuery_IsRejected(ksql: &quot;SELECT ID, COUNT(*) FROM ORDERS GROUP BY ID;&quot;)" storage="c:\dev\rc02\physicaltests\bin\release\net8.0\kafka.ksql.linq.tests.integration.dll" id="ad9ac948-5de9-3016-dc11-7e1e0ddb9a1f">
      <Execution id="bcb930ba-d988-4148-b7fc-05f3df47b58a" />
      <TestMethod codeBase="C:\dev\rc02\physicalTests\bin\Release\net8.0\Kafka.Ksql.Linq.Tests.Integration.dll" adapterTypeName="executor://xunit/VsTestRunner2/netcoreapp" className="Kafka.Ksql.Linq.Tests.Integration.InvalidQueryTests" name="GeneratedQuery_IsRejected" />
    </UnitTest>
    <UnitTest name="Kafka.Ksql.Linq.Tests.Integration.BigBang_KafkaConnection_StrictTests.EX02_ForeachAsync_KafkaDown_ShouldLogAndTimeout" storage="c:\dev\rc02\physicaltests\bin\release\net8.0\kafka.ksql.linq.tests.integration.dll" id="6288fb0e-9d2c-a603-9db2-af88d05ffb27">
      <Execution id="a83e1d92-6f8e-4f43-8a70-ba0f91beceb0" />
      <TestMethod codeBase="C:\dev\rc02\physicalTests\bin\Release\net8.0\Kafka.Ksql.Linq.Tests.Integration.dll" adapterTypeName="executor://xunit/VsTestRunner2/netcoreapp" className="Kafka.Ksql.Linq.Tests.Integration.BigBang_KafkaConnection_StrictTests" name="EX02_ForeachAsync_KafkaDown_ShouldLogAndTimeout" />
    </UnitTest>
    <UnitTest name="Kafka.Ksql.Linq.Tests.Integration.SchemaNameCaseSensitivityTests.LowercaseField_ShouldSucceed" storage="c:\dev\rc02\physicaltests\bin\release\net8.0\kafka.ksql.linq.tests.integration.dll" id="5917e101-0acb-1110-36fc-a2e3d83d03f6">
      <Execution id="96785b1a-da95-4b5f-8d1b-584384fd96f2" />
      <TestMethod codeBase="C:\dev\rc02\physicalTests\bin\Release\net8.0\Kafka.Ksql.Linq.Tests.Integration.dll" adapterTypeName="executor://xunit/VsTestRunner2/netcoreapp" className="Kafka.Ksql.Linq.Tests.Integration.SchemaNameCaseSensitivityTests" name="LowercaseField_ShouldSucceed" />
    </UnitTest>
    <UnitTest name="Kafka.Ksql.Linq.Tests.Integration.KsqlSyntaxTests.GeneratedQuery_IsValidInKsqlDb(ksql: &quot;CREATE STREAM test_stream AS SELECT * FROM source &quot;···)" storage="c:\dev\rc02\physicaltests\bin\release\net8.0\kafka.ksql.linq.tests.integration.dll" id="1b9a7b5c-1c73-929c-a65b-b3bb50e359bc">
      <Execution id="49e5aa6d-836e-489f-a719-2a910230f120" />
      <TestMethod codeBase="C:\dev\rc02\physicalTests\bin\Release\net8.0\Kafka.Ksql.Linq.Tests.Integration.dll" adapterTypeName="executor://xunit/VsTestRunner2/netcoreapp" className="Kafka.Ksql.Linq.Tests.Integration.KsqlSyntaxTests" name="GeneratedQuery_IsValidInKsqlDb" />
    </UnitTest>
    <UnitTest name="Kafka.Ksql.Linq.Tests.Integration.DlqIntegrationTests.ForEachAsync_OnErrorDlq_WritesToDlq" storage="c:\dev\rc02\physicaltests\bin\release\net8.0\kafka.ksql.linq.tests.integration.dll" id="6dc1c76e-ddda-5058-33dc-fc758c3924b0">
      <Execution id="bbca3c8f-493a-4296-91bd-2e0c7fe6275b" />
      <TestMethod codeBase="C:\dev\rc02\physicalTests\bin\Release\net8.0\Kafka.Ksql.Linq.Tests.Integration.dll" adapterTypeName="executor://xunit/VsTestRunner2/netcoreapp" className="Kafka.Ksql.Linq.Tests.Integration.DlqIntegrationTests" name="ForEachAsync_OnErrorDlq_WritesToDlq" />
    </UnitTest>
    <UnitTest name="Kafka.Ksql.Linq.Tests.Integration.KafkaAdminServiceIntegrationTests.EnsureTopic_CreatesWithConfiguredStructure" storage="c:\dev\rc02\physicaltests\bin\release\net8.0\kafka.ksql.linq.tests.integration.dll" id="7ac897e6-3b9f-9d7e-7d3d-02e35f2ffa62">
      <Execution id="5044936b-2f76-4c8e-a27e-9117fa9931a5" />
      <TestMethod codeBase="C:\dev\rc02\physicalTests\bin\Release\net8.0\Kafka.Ksql.Linq.Tests.Integration.dll" adapterTypeName="executor://xunit/VsTestRunner2/netcoreapp" className="Kafka.Ksql.Linq.Tests.Integration.KafkaAdminServiceIntegrationTests" name="EnsureTopic_CreatesWithConfiguredStructure" />
    </UnitTest>
    <UnitTest name="Kafka.Ksql.Linq.Tests.Integration.NoKeyPocoTests.SendAndReceive_NoKeyRecord" storage="c:\dev\rc02\physicaltests\bin\release\net8.0\kafka.ksql.linq.tests.integration.dll" id="f4acc4e9-4e3f-fa27-9e40-28a744927795">
      <Execution id="8afec37d-396a-4b8d-baaa-8943bb47adc0" />
      <TestMethod codeBase="C:\dev\rc02\physicalTests\bin\Release\net8.0\Kafka.Ksql.Linq.Tests.Integration.dll" adapterTypeName="executor://xunit/VsTestRunner2/netcoreapp" className="Kafka.Ksql.Linq.Tests.Integration.NoKeyPocoTests" name="SendAndReceive_NoKeyRecord" />
    </UnitTest>
    <UnitTest name="Kafka.Ksql.Linq.Tests.Integration.RocksDbToListAsyncTests.ToListAsync_Reads_From_RocksDb_Cache" storage="c:\dev\rc02\physicaltests\bin\release\net8.0\kafka.ksql.linq.tests.integration.dll" id="5a88f032-d48b-3e65-f6b6-dca9ef297733">
      <Execution id="21d354fa-c038-4f64-81ce-d2d9b2b2dfec" />
      <TestMethod codeBase="C:\dev\rc02\physicalTests\bin\Release\net8.0\Kafka.Ksql.Linq.Tests.Integration.dll" adapterTypeName="executor://xunit/VsTestRunner2/netcoreapp" className="Kafka.Ksql.Linq.Tests.Integration.RocksDbToListAsyncTests" name="ToListAsync_Reads_From_RocksDb_Cache" />
    </UnitTest>
    <UnitTest name="Kafka.Ksql.Linq.Tests.Integration.DefaultAndBoundaryValueTests.BoundaryValuesRoundTrip" storage="c:\dev\rc02\physicaltests\bin\release\net8.0\kafka.ksql.linq.tests.integration.dll" id="35c33335-3c6f-41c6-e0cd-a71e8b0b3178">
      <Execution id="6137245d-abe3-4eea-9903-9feb82e01175" />
      <TestMethod codeBase="C:\dev\rc02\physicalTests\bin\Release\net8.0\Kafka.Ksql.Linq.Tests.Integration.dll" adapterTypeName="executor://xunit/VsTestRunner2/netcoreapp" className="Kafka.Ksql.Linq.Tests.Integration.DefaultAndBoundaryValueTests" name="BoundaryValuesRoundTrip" />
    </UnitTest>
    <UnitTest name="Kafka.Ksql.Linq.Tests.Integration.InvalidQueryTests.GeneratedQuery_IsRejected(ksql: &quot;SELECT CASE WHEN ID=1 THEN 'A' ELSE 2 END FROM ORD&quot;···)" storage="c:\dev\rc02\physicaltests\bin\release\net8.0\kafka.ksql.linq.tests.integration.dll" id="575bb240-2c56-ce42-7c0d-fdfabac2a9c7">
      <Execution id="ae6522e9-2260-46e1-8918-062f9eb17bd8" />
      <TestMethod codeBase="C:\dev\rc02\physicalTests\bin\Release\net8.0\Kafka.Ksql.Linq.Tests.Integration.dll" adapterTypeName="executor://xunit/VsTestRunner2/netcoreapp" className="Kafka.Ksql.Linq.Tests.Integration.InvalidQueryTests" name="GeneratedQuery_IsRejected" />
    </UnitTest>
    <UnitTest name="Kafka.Ksql.Linq.Tests.Integration.SchemaRegistryResetTests.UpperCaseSubjects_ShouldNotExist" storage="c:\dev\rc02\physicaltests\bin\release\net8.0\kafka.ksql.linq.tests.integration.dll" id="2a812374-63bf-e2f9-3af2-1f33d0b7af6d">
      <Execution id="4c186681-36c5-4a76-9baa-3f5dcf6bd7c5" />
      <TestMethod codeBase="C:\dev\rc02\physicalTests\bin\Release\net8.0\Kafka.Ksql.Linq.Tests.Integration.dll" adapterTypeName="executor://xunit/VsTestRunner2/netcoreapp" className="Kafka.Ksql.Linq.Tests.Integration.SchemaRegistryResetTests" name="UpperCaseSubjects_ShouldNotExist" />
    </UnitTest>
    <UnitTest name="Kafka.Ksql.Linq.Tests.Integration.SchemaRegistryResetTests.Setup_ShouldRegisterAllSchemas" storage="c:\dev\rc02\physicaltests\bin\release\net8.0\kafka.ksql.linq.tests.integration.dll" id="173a5c6a-39b7-895e-9b5a-1e15dc155fed">
      <Execution id="62627c77-12a0-4c72-a85f-0b453a2be59b" />
      <TestMethod codeBase="C:\dev\rc02\physicalTests\bin\Release\net8.0\Kafka.Ksql.Linq.Tests.Integration.dll" adapterTypeName="executor://xunit/VsTestRunner2/netcoreapp" className="Kafka.Ksql.Linq.Tests.Integration.SchemaRegistryResetTests" name="Setup_ShouldRegisterAllSchemas" />
    </UnitTest>
    <UnitTest name="Kafka.Ksql.Linq.Tests.Integration.BigBang_KafkaConnection_TolerantTests.EX01_ForeachAsync_KafkaDown_ShouldFailGracefully" storage="c:\dev\rc02\physicaltests\bin\release\net8.0\kafka.ksql.linq.tests.integration.dll" id="fa46f409-6539-d06f-aa37-8cfd2c4998c0">
      <Execution id="f58075e8-05f8-450a-9319-507f3dd9dec1" />
      <TestMethod codeBase="C:\dev\rc02\physicalTests\bin\Release\net8.0\Kafka.Ksql.Linq.Tests.Integration.dll" adapterTypeName="executor://xunit/VsTestRunner2/netcoreapp" className="Kafka.Ksql.Linq.Tests.Integration.BigBang_KafkaConnection_TolerantTests" name="EX01_ForeachAsync_KafkaDown_ShouldFailGracefully" />
    </UnitTest>
    <UnitTest name="Kafka.Ksql.Linq.Tests.Integration.ReservedKeyQuotingTests.CreateStream_WithReservedKeyFields_ShouldSucceed" storage="c:\dev\rc02\physicaltests\bin\release\net8.0\kafka.ksql.linq.tests.integration.dll" id="fa7b7cf7-1520-25e3-2b05-597054f71af6">
      <Execution id="33588ad9-672a-4b03-ba36-c94a7a26a547" />
      <TestMethod codeBase="C:\dev\rc02\physicalTests\bin\Release\net8.0\Kafka.Ksql.Linq.Tests.Integration.dll" adapterTypeName="executor://xunit/VsTestRunner2/netcoreapp" className="Kafka.Ksql.Linq.Tests.Integration.ReservedKeyQuotingTests" name="CreateStream_WithReservedKeyFields_ShouldSucceed" />
    </UnitTest>
    <UnitTest name="Kafka.Ksql.Linq.Tests.Integration.KsqlDbServiceDownTests.ExecuteStatement_ShouldFail_WhenKsqlDbDown" storage="c:\dev\rc02\physicaltests\bin\release\net8.0\kafka.ksql.linq.tests.integration.dll" id="ccf2bf61-9a31-6941-50d4-73c008678752">
      <Execution id="0a187629-2dc3-4d64-af3e-ecee4d363c63" />
      <TestMethod codeBase="C:\dev\rc02\physicalTests\bin\Release\net8.0\Kafka.Ksql.Linq.Tests.Integration.dll" adapterTypeName="executor://xunit/VsTestRunner2/netcoreapp" className="Kafka.Ksql.Linq.Tests.Integration.KsqlDbServiceDownTests" name="ExecuteStatement_ShouldFail_WhenKsqlDbDown" />
    </UnitTest>
    <UnitTest name="Kafka.Ksql.Linq.Tests.Integration.CompositeKeyPocoTests.SendAndReceive_CompositeKeyPoco" storage="c:\dev\rc02\physicaltests\bin\release\net8.0\kafka.ksql.linq.tests.integration.dll" id="4d1ab506-de68-e93b-e77a-c25236b29b8f">
      <Execution id="1504ca4c-c73d-4e30-81b7-53ef0302f675" />
      <TestMethod codeBase="C:\dev\rc02\physicalTests\bin\Release\net8.0\Kafka.Ksql.Linq.Tests.Integration.dll" adapterTypeName="executor://xunit/VsTestRunner2/netcoreapp" className="Kafka.Ksql.Linq.Tests.Integration.CompositeKeyPocoTests" name="SendAndReceive_CompositeKeyPoco" />
    </UnitTest>
    <UnitTest name="Kafka.Ksql.Linq.Tests.Integration.KafkaServiceDownTests.AddAsync_ShouldThrow_WhenKafkaIsDown" storage="c:\dev\rc02\physicaltests\bin\release\net8.0\kafka.ksql.linq.tests.integration.dll" id="52a48a8d-aaad-2671-a532-2ce974e3f69a">
      <Execution id="ac122e11-7755-4d21-ab1f-49c20c0da3ff" />
      <TestMethod codeBase="C:\dev\rc02\physicalTests\bin\Release\net8.0\Kafka.Ksql.Linq.Tests.Integration.dll" adapterTypeName="executor://xunit/VsTestRunner2/netcoreapp" className="Kafka.Ksql.Linq.Tests.Integration.KafkaServiceDownTests" name="AddAsync_ShouldThrow_WhenKafkaIsDown" />
    </UnitTest>
    <UnitTest name="Kafka.Ksql.Linq.Tests.Integration.AdvancedDataTypeTests.Decimal_DateTime_Enum_RoundTrip" storage="c:\dev\rc02\physicaltests\bin\release\net8.0\kafka.ksql.linq.tests.integration.dll" id="1f670e60-a460-2f7f-dd56-948a1c5191c3">
      <Execution id="8808e2c3-e5dd-49ab-9845-f1cccd833dc7" />
      <TestMethod codeBase="C:\dev\rc02\physicalTests\bin\Release\net8.0\Kafka.Ksql.Linq.Tests.Integration.dll" adapterTypeName="executor://xunit/VsTestRunner2/netcoreapp" className="Kafka.Ksql.Linq.Tests.Integration.AdvancedDataTypeTests" name="Decimal_DateTime_Enum_RoundTrip" />
    </UnitTest>
    <UnitTest name="Kafka.Ksql.Linq.Tests.Integration.BarScheduleWeekendTests.WeekdaysOnly_DailyBars_With_MarketSchedule" storage="c:\dev\rc02\physicaltests\bin\release\net8.0\kafka.ksql.linq.tests.integration.dll" id="b56b9373-6c2f-5739-b8b6-dadbd353152b">
      <Execution id="578db196-8831-48cc-8915-d18552f4cde6" />
      <TestMethod codeBase="C:\dev\rc02\physicalTests\bin\Release\net8.0\Kafka.Ksql.Linq.Tests.Integration.dll" adapterTypeName="executor://xunit/VsTestRunner2/netcoreapp" className="Kafka.Ksql.Linq.Tests.Integration.BarScheduleWeekendTests" name="WeekdaysOnly_DailyBars_With_MarketSchedule" />
    </UnitTest>
    <UnitTest name="Kafka.Ksql.Linq.Tests.Integration.KafkaServiceDownTests.ForeachAsync_ShouldThrow_WhenKafkaIsDown" storage="c:\dev\rc02\physicaltests\bin\release\net8.0\kafka.ksql.linq.tests.integration.dll" id="da24b4ec-31be-e42d-feb9-6cc309431547">
      <Execution id="8f3842c4-d80d-4ce6-a4d2-d8e40e6533a0" />
      <TestMethod codeBase="C:\dev\rc02\physicalTests\bin\Release\net8.0\Kafka.Ksql.Linq.Tests.Integration.dll" adapterTypeName="executor://xunit/VsTestRunner2/netcoreapp" className="Kafka.Ksql.Linq.Tests.Integration.KafkaServiceDownTests" name="ForeachAsync_ShouldThrow_WhenKafkaIsDown" />
    </UnitTest>
    <UnitTest name="Kafka.Ksql.Linq.Tests.Integration.KsqlSyntaxTests.GeneratedQuery_IsValidInKsqlDb(ksql: &quot;SELECT CustomerId, COUNT(*) FROM orders GROUP BY C&quot;···)" storage="c:\dev\rc02\physicaltests\bin\release\net8.0\kafka.ksql.linq.tests.integration.dll" id="4a90876b-2734-76cc-4f62-bf397a2e6c64">
      <Execution id="eb2ce36b-d8a4-4142-9260-b53af6a7165d" />
      <TestMethod codeBase="C:\dev\rc02\physicalTests\bin\Release\net8.0\Kafka.Ksql.Linq.Tests.Integration.dll" adapterTypeName="executor://xunit/VsTestRunner2/netcoreapp" className="Kafka.Ksql.Linq.Tests.Integration.KsqlSyntaxTests" name="GeneratedQuery_IsValidInKsqlDb" />
    </UnitTest>
    <UnitTest name="Kafka.Ksql.Linq.Tests.Integration.DefaultAndBoundaryValueTests.DefaultValuesRoundTrip" storage="c:\dev\rc02\physicaltests\bin\release\net8.0\kafka.ksql.linq.tests.integration.dll" id="f1c03cea-0557-e281-789b-44a1e9e61d2d">
      <Execution id="aa48d1b5-4973-4215-9060-1ba3bb56f5da" />
      <TestMethod codeBase="C:\dev\rc02\physicalTests\bin\Release\net8.0\Kafka.Ksql.Linq.Tests.Integration.dll" adapterTypeName="executor://xunit/VsTestRunner2/netcoreapp" className="Kafka.Ksql.Linq.Tests.Integration.DefaultAndBoundaryValueTests" name="DefaultValuesRoundTrip" />
    </UnitTest>
    <UnitTest name="Kafka.Ksql.Linq.Tests.Integration.JoinIntegrationTests.TwoTableJoin_Query_ShouldBeValid" storage="c:\dev\rc02\physicaltests\bin\release\net8.0\kafka.ksql.linq.tests.integration.dll" id="ce6a13c7-e84b-fd4c-062d-d534410ea237">
      <Execution id="58377e8a-11f1-4263-87e3-bb218234594c" />
      <TestMethod codeBase="C:\dev\rc02\physicalTests\bin\Release\net8.0\Kafka.Ksql.Linq.Tests.Integration.dll" adapterTypeName="executor://xunit/VsTestRunner2/netcoreapp" className="Kafka.Ksql.Linq.Tests.Integration.JoinIntegrationTests" name="TwoTableJoin_Query_ShouldBeValid" />
    </UnitTest>
    <UnitTest name="Kafka.Ksql.Linq.Tests.Integration.ManualCommitIntegrationTests.ManualCommit_PersistsOffset" storage="c:\dev\rc02\physicaltests\bin\release\net8.0\kafka.ksql.linq.tests.integration.dll" id="6e9b6ef9-ac09-772f-de65-0a61c351b479">
      <Execution id="046d2936-4204-48b7-81b1-8134e5c9d309" />
      <TestMethod codeBase="C:\dev\rc02\physicalTests\bin\Release\net8.0\Kafka.Ksql.Linq.Tests.Integration.dll" adapterTypeName="executor://xunit/VsTestRunner2/netcoreapp" className="Kafka.Ksql.Linq.Tests.Integration.ManualCommitIntegrationTests" name="ManualCommit_PersistsOffset" />
    </UnitTest>
    <UnitTest name="Kafka.Ksql.Linq.Tests.Integration.SchemaRegistryResetTests.DuplicateSchemaRegistration_ShouldSucceed" storage="c:\dev\rc02\physicaltests\bin\release\net8.0\kafka.ksql.linq.tests.integration.dll" id="6ad00dfe-e135-6dc8-b1bf-666fa5fa3455">
      <Execution id="e6cbc78c-4984-4fc6-a50b-c5295a0f959e" />
      <TestMethod codeBase="C:\dev\rc02\physicalTests\bin\Release\net8.0\Kafka.Ksql.Linq.Tests.Integration.dll" adapterTypeName="executor://xunit/VsTestRunner2/netcoreapp" className="Kafka.Ksql.Linq.Tests.Integration.SchemaRegistryResetTests" name="DuplicateSchemaRegistration_ShouldSucceed" />
    </UnitTest>
    <UnitTest name="Kafka.Ksql.Linq.Tests.Integration.PrimingBehaviorTests.AlwaysPriming_DoesNotLeakIntoConsumption" storage="c:\dev\rc02\physicaltests\bin\release\net8.0\kafka.ksql.linq.tests.integration.dll" id="1efd2b35-e074-3119-cb38-1db783196bee">
      <Execution id="58d72a8a-ef75-415d-9aa7-7076027a0633" />
      <TestMethod codeBase="C:\dev\rc02\physicalTests\bin\Release\net8.0\Kafka.Ksql.Linq.Tests.Integration.dll" adapterTypeName="executor://xunit/VsTestRunner2/netcoreapp" className="Kafka.Ksql.Linq.Tests.Integration.PrimingBehaviorTests" name="AlwaysPriming_DoesNotLeakIntoConsumption" />
    </UnitTest>
  </TestDefinitions>
  <TestEntries>
    <TestEntry testId="5a88f032-d48b-3e65-f6b6-dca9ef297733" executionId="21d354fa-c038-4f64-81ce-d2d9b2b2dfec" testListId="8c84fa94-04c1-424b-9868-57a2d4851a1d" />
    <TestEntry testId="f1c03cea-0557-e281-789b-44a1e9e61d2d" executionId="aa48d1b5-4973-4215-9060-1ba3bb56f5da" testListId="8c84fa94-04c1-424b-9868-57a2d4851a1d" />
    <TestEntry testId="6288fb0e-9d2c-a603-9db2-af88d05ffb27" executionId="a83e1d92-6f8e-4f43-8a70-ba0f91beceb0" testListId="8c84fa94-04c1-424b-9868-57a2d4851a1d" />
    <TestEntry testId="ad9ac948-5de9-3016-dc11-7e1e0ddb9a1f" executionId="bcb930ba-d988-4148-b7fc-05f3df47b58a" testListId="8c84fa94-04c1-424b-9868-57a2d4851a1d" />
    <TestEntry testId="52a48a8d-aaad-2671-a532-2ce974e3f69a" executionId="ac122e11-7755-4d21-ab1f-49c20c0da3ff" testListId="8c84fa94-04c1-424b-9868-57a2d4851a1d" />
    <TestEntry testId="e7664d42-1a36-a709-59e4-00b5e1d7cc8f" executionId="d8a0dd99-6469-4ac1-aaa7-6340b376b8ae" testListId="8c84fa94-04c1-424b-9868-57a2d4851a1d" />
    <TestEntry testId="35c33335-3c6f-41c6-e0cd-a71e8b0b3178" executionId="6137245d-abe3-4eea-9903-9feb82e01175" testListId="8c84fa94-04c1-424b-9868-57a2d4851a1d" />
    <TestEntry testId="fa7b7cf7-1520-25e3-2b05-597054f71af6" executionId="33588ad9-672a-4b03-ba36-c94a7a26a547" testListId="8c84fa94-04c1-424b-9868-57a2d4851a1d" />
    <TestEntry testId="5917e101-0acb-1110-36fc-a2e3d83d03f6" executionId="96785b1a-da95-4b5f-8d1b-584384fd96f2" testListId="8c84fa94-04c1-424b-9868-57a2d4851a1d" />
    <TestEntry testId="fa46f409-6539-d06f-aa37-8cfd2c4998c0" executionId="f58075e8-05f8-450a-9319-507f3dd9dec1" testListId="8c84fa94-04c1-424b-9868-57a2d4851a1d" />
    <TestEntry testId="821b062e-05e6-7b61-70b6-a85ab6158b98" executionId="e0ae3239-8f98-42a4-bb96-20a363c4bac4" testListId="8c84fa94-04c1-424b-9868-57a2d4851a1d" />
    <TestEntry testId="7ac897e6-3b9f-9d7e-7d3d-02e35f2ffa62" executionId="5044936b-2f76-4c8e-a27e-9117fa9931a5" testListId="8c84fa94-04c1-424b-9868-57a2d4851a1d" />
    <TestEntry testId="ce6a13c7-e84b-fd4c-062d-d534410ea237" executionId="58377e8a-11f1-4263-87e3-bb218234594c" testListId="8c84fa94-04c1-424b-9868-57a2d4851a1d" />
    <TestEntry testId="6ad00dfe-e135-6dc8-b1bf-666fa5fa3455" executionId="e6cbc78c-4984-4fc6-a50b-c5295a0f959e" testListId="8c84fa94-04c1-424b-9868-57a2d4851a1d" />
    <TestEntry testId="2a812374-63bf-e2f9-3af2-1f33d0b7af6d" executionId="4c186681-36c5-4a76-9baa-3f5dcf6bd7c5" testListId="8c84fa94-04c1-424b-9868-57a2d4851a1d" />
    <TestEntry testId="6e9b6ef9-ac09-772f-de65-0a61c351b479" executionId="046d2936-4204-48b7-81b1-8134e5c9d309" testListId="8c84fa94-04c1-424b-9868-57a2d4851a1d" />
    <TestEntry testId="d4f95360-fa20-03e1-5810-a5fd78838e0d" executionId="691ee88d-ad0b-4634-98a2-4d8c601c78a1" testListId="8c84fa94-04c1-424b-9868-57a2d4851a1d" />
    <TestEntry testId="f4acc4e9-4e3f-fa27-9e40-28a744927795" executionId="8afec37d-396a-4b8d-baaa-8943bb47adc0" testListId="8c84fa94-04c1-424b-9868-57a2d4851a1d" />
    <TestEntry testId="1b9a7b5c-1c73-929c-a65b-b3bb50e359bc" executionId="49e5aa6d-836e-489f-a719-2a910230f120" testListId="8c84fa94-04c1-424b-9868-57a2d4851a1d" />
    <TestEntry testId="173a5c6a-39b7-895e-9b5a-1e15dc155fed" executionId="62627c77-12a0-4c72-a85f-0b453a2be59b" testListId="8c84fa94-04c1-424b-9868-57a2d4851a1d" />
    <TestEntry testId="da24b4ec-31be-e42d-feb9-6cc309431547" executionId="8f3842c4-d80d-4ce6-a4d2-d8e40e6533a0" testListId="8c84fa94-04c1-424b-9868-57a2d4851a1d" />
    <TestEntry testId="4a90876b-2734-76cc-4f62-bf397a2e6c64" executionId="eb2ce36b-d8a4-4142-9260-b53af6a7165d" testListId="8c84fa94-04c1-424b-9868-57a2d4851a1d" />
    <TestEntry testId="b56b9373-6c2f-5739-b8b6-dadbd353152b" executionId="578db196-8831-48cc-8915-d18552f4cde6" testListId="8c84fa94-04c1-424b-9868-57a2d4851a1d" />
    <TestEntry testId="6dc1c76e-ddda-5058-33dc-fc758c3924b0" executionId="bbca3c8f-493a-4296-91bd-2e0c7fe6275b" testListId="8c84fa94-04c1-424b-9868-57a2d4851a1d" />
    <TestEntry testId="ccf2bf61-9a31-6941-50d4-73c008678752" executionId="0a187629-2dc3-4d64-af3e-ecee4d363c63" testListId="8c84fa94-04c1-424b-9868-57a2d4851a1d" />
    <TestEntry testId="4d1ab506-de68-e93b-e77a-c25236b29b8f" executionId="1504ca4c-c73d-4e30-81b7-53ef0302f675" testListId="8c84fa94-04c1-424b-9868-57a2d4851a1d" />
    <TestEntry testId="575bb240-2c56-ce42-7c0d-fdfabac2a9c7" executionId="ae6522e9-2260-46e1-8918-062f9eb17bd8" testListId="8c84fa94-04c1-424b-9868-57a2d4851a1d" />
    <TestEntry testId="17213b85-711d-b805-3bc7-22d3d12a9709" executionId="24e6db4e-10da-4f82-aab9-7df0de493cae" testListId="8c84fa94-04c1-424b-9868-57a2d4851a1d" />
    <TestEntry testId="1efd2b35-e074-3119-cb38-1db783196bee" executionId="58d72a8a-ef75-415d-9aa7-7076027a0633" testListId="8c84fa94-04c1-424b-9868-57a2d4851a1d" />
    <TestEntry testId="1f670e60-a460-2f7f-dd56-948a1c5191c3" executionId="8808e2c3-e5dd-49ab-9845-f1cccd833dc7" testListId="8c84fa94-04c1-424b-9868-57a2d4851a1d" />
  </TestEntries>
  <TestLists>
    <TestList name="一覧に存在しない結果" id="8c84fa94-04c1-424b-9868-57a2d4851a1d" />
    <TestList name="読み込まれたすべての結果" id="19431567-8539-422a-85d7-44ee4e166bda" />
  </TestLists>
  <ResultSummary outcome="Failed">
    <Counters total="30" executed="30" passed="21" failed="9" error="0" timeout="0" aborted="0" inconclusive="0" passedButRunAborted="0" notRunnable="0" notExecuted="0" disconnected="0" warning="0" completed="0" inProgress="0" pending="0" />
    <Output>
      <StdOut>[xUnit.net 00:00:00.00] xUnit.net VSTest Adapter v2.5.6+bf9b858c26 (64-bit .NET 8.0.19)&#xD;
[xUnit.net 00:00:00.06]   Discovering: Kafka.Ksql.Linq.Tests.Integration&#xD;
[xUnit.net 00:00:00.11]   Discovered:  Kafka.Ksql.Linq.Tests.Integration&#xD;
[xUnit.net 00:00:00.12]   Starting:    Kafka.Ksql.Linq.Tests.Integration&#xD;
[xUnit.net 00:00:04.60]       System.Net.Http.HttpRequestException : Response status code does not indicate success: 409 (Conflict).&#xD;
[xUnit.net 00:00:04.60]       Stack Trace:&#xD;
[xUnit.net 00:00:04.60]         C:\dev\rc02\physicalTests\Connectivity\SchemaRegistryResetTests.cs(229,0): at Kafka.Ksql.Linq.Tests.Integration.EnvSchemaRegistryResetTests.SetupAsync()&#xD;
[xUnit.net 00:00:04.60]         C:\dev\rc02\physicalTests\Connectivity\SchemaRegistryResetTests.cs(130,0): at Kafka.Ksql.Linq.Tests.Integration.SchemaRegistryResetTests.UpperCaseSubjects_ShouldNotExist()&#xD;
[xUnit.net 00:00:04.60]         --- End of stack trace from previous location ---&#xD;
[xUnit.net 00:00:08.02]       System.Net.Http.HttpRequestException : Response status code does not indicate success: 409 (Conflict).&#xD;
[xUnit.net 00:00:08.02]       Stack Trace:&#xD;
[xUnit.net 00:00:08.02]         C:\dev\rc02\physicalTests\Connectivity\SchemaRegistryResetTests.cs(229,0): at Kafka.Ksql.Linq.Tests.Integration.EnvSchemaRegistryResetTests.SetupAsync()&#xD;
[xUnit.net 00:00:08.02]         C:\dev\rc02\physicalTests\Connectivity\SchemaRegistryResetTests.cs(67,0): at Kafka.Ksql.Linq.Tests.Integration.SchemaRegistryResetTests.Setup_ShouldRegisterAllSchemas()&#xD;
[xUnit.net 00:00:08.02]         --- End of stack trace from previous location ---&#xD;
[xUnit.net 00:00:11.43]       System.Net.Http.HttpRequestException : Response status code does not indicate success: 409 (Conflict).&#xD;
[xUnit.net 00:00:11.43]       Stack Trace:&#xD;
[xUnit.net 00:00:11.43]         C:\dev\rc02\physicalTests\Connectivity\SchemaRegistryResetTests.cs(229,0): at Kafka.Ksql.Linq.Tests.Integration.EnvSchemaRegistryResetTests.SetupAsync()&#xD;
[xUnit.net 00:00:11.43]         C:\dev\rc02\physicalTests\Connectivity\SchemaRegistryResetTests.cs(89,0): at Kafka.Ksql.Linq.Tests.Integration.SchemaRegistryResetTests.DuplicateSchemaRegistration_ShouldSucceed()&#xD;
[xUnit.net 00:00:11.43]         --- End of stack trace from previous location ---&#xD;
CREATE STREAM result: True, msg: [{"@type":"warning_entity","statementText":"CREATE STREAM IF NOT EXISTS source (id INT) WITH (KAFKA_TOPIC='source', VALUE_FORMAT='AVRO', PARTITIONS=1);","message":"Cannot add stream `SOURCE`: A stream with the same name already exists.","warnings":[]}]&#xD;
DDL result: True, msg: [{"@type":"warning_entity","statementText":"CREATE TABLE IF NOT EXISTS ORDERS (CUSTOMERID INT PRIMARY KEY, ID INT, REGION VARCHAR, AMOUNT DOUBLE, ISHIGHPRIORITY BOOLEAN, COUNT INT) WITH (KAFKA_TOPIC='orders', VALUE_FORMAT='AVRO', KEY_FORMAT='AVRO', PARTITIONS=1);","message":"Cannot add table `ORDERS`: A table with the same name already exists.","warnings":[]}]&#xD;
DDL result: True, msg: [{"@type":"warning_entity","statementText":"CREATE TABLE IF NOT EXISTS CUSTOMERS (ID INT PRIMARY KEY, NAME VARCHAR) WITH (KAFKA_TOPIC='customers', VALUE_FORMAT='AVRO', KEY_FORMAT='AVRO', PARTITIONS=1);","message":"Cannot add table `CUSTOMERS`: A table with the same name already exists.","warnings":[]}]&#xD;
DDL result: True, msg: [{"@type":"warning_entity","statementText":"CREATE TABLE IF NOT EXISTS EVENTS (LEVEL INT PRIMARY KEY, MESSAGE VARCHAR) WITH (KAFKA_TOPIC='events', VALUE_FORMAT='AVRO', KEY_FORMAT='AVRO', PARTITIONS=1);","message":"Cannot add table `EVENTS`: A table with the same name already exists.","warnings":[]}]&#xD;
DDL result: True, msg: [{"@type":"warning_entity","statementText":"CREATE TABLE IF NOT EXISTS ORDERS_NULLABLE (CUSTOMERID INT PRIMARY KEY, REGION VARCHAR, AMOUNT DOUBLE) WITH (KAFKA_TOPIC='orders_nullable', VALUE_FORMAT='AVRO', KEY_FORMAT='AVRO', PARTITIONS=1);","message":"Cannot add table `ORDERS_NULLABLE`: A table with the same name already exists.","warnings":[]}]&#xD;
DDL result: True, msg: [{"@type":"warning_entity","statementText":"CREATE TABLE IF NOT EXISTS ORDERS_NULLABLE_KEY (CUSTOMERID INT PRIMARY KEY, AMOUNT DOUBLE) WITH (KAFKA_TOPIC='orders_nullable_key', VALUE_FORMAT='AVRO', KEY_FORMAT='AVRO', PARTITIONS=1);","message":"Cannot add table `ORDERS_NULLABLE_KEY`: A table with the same name already exists.","warnings":[]}]&#xD;
CREATE STREAM result: True, msg: [{"@type":"warning_entity","statementText":"CREATE STREAM IF NOT EXISTS source (id INT) WITH (KAFKA_TOPIC='source', VALUE_FORMAT='AVRO', PARTITIONS=1);","message":"Cannot add stream `SOURCE`: A stream with the same name already exists.","warnings":[]}]&#xD;
DDL result: True, msg: [{"@type":"warning_entity","statementText":"CREATE TABLE IF NOT EXISTS ORDERS (CUSTOMERID INT PRIMARY KEY, ID INT, REGION VARCHAR, AMOUNT DOUBLE, ISHIGHPRIORITY BOOLEAN, COUNT INT) WITH (KAFKA_TOPIC='orders', VALUE_FORMAT='AVRO', KEY_FORMAT='AVRO', PARTITIONS=1);","message":"Cannot add table `ORDERS`: A table with the same name already exists.","warnings":[]}]&#xD;
DDL result: True, msg: [{"@type":"warning_entity","statementText":"CREATE TABLE IF NOT EXISTS CUSTOMERS (ID INT PRIMARY KEY, NAME VARCHAR) WITH (KAFKA_TOPIC='customers', VALUE_FORMAT='AVRO', KEY_FORMAT='AVRO', PARTITIONS=1);","message":"Cannot add table `CUSTOMERS`: A table with the same name already exists.","warnings":[]}]&#xD;
DDL result: True, msg: [{"@type":"warning_entity","statementText":"CREATE TABLE IF NOT EXISTS EVENTS (LEVEL INT PRIMARY KEY, MESSAGE VARCHAR) WITH (KAFKA_TOPIC='events', VALUE_FORMAT='AVRO', KEY_FORMAT='AVRO', PARTITIONS=1);","message":"Cannot add table `EVENTS`: A table with the same name already exists.","warnings":[]}]&#xD;
DDL result: True, msg: [{"@type":"warning_entity","statementText":"CREATE TABLE IF NOT EXISTS ORDERS_NULLABLE (CUSTOMERID INT PRIMARY KEY, REGION VARCHAR, AMOUNT DOUBLE) WITH (KAFKA_TOPIC='orders_nullable', VALUE_FORMAT='AVRO', KEY_FORMAT='AVRO', PARTITIONS=1);","message":"Cannot add table `ORDERS_NULLABLE`: A table with the same name already exists.","warnings":[]}]&#xD;
DDL result: True, msg: [{"@type":"warning_entity","statementText":"CREATE TABLE IF NOT EXISTS ORDERS_NULLABLE_KEY (CUSTOMERID INT PRIMARY KEY, AMOUNT DOUBLE) WITH (KAFKA_TOPIC='orders_nullable_key', VALUE_FORMAT='AVRO', KEY_FORMAT='AVRO', PARTITIONS=1);","message":"Cannot add table `ORDERS_NULLABLE_KEY`: A table with the same name already exists.","warnings":[]}]&#xD;
fail: Kafka.Ksql.Linq.KsqlContext[0]&#xD;
      KsqlContext initialization failed: Expected record schema &#xD;
      System.InvalidOperationException: Expected record schema&#xD;
         at Kafka.Ksql.Linq.SchemaRegistryTools.SchemaRegistryMetaProvider.ParseSchema(String avroSchema) in C:\dev\rc02\src\SchemaRegistryTools\SchemaRegistryMetaProvider.cs:line 55&#xD;
         at Kafka.Ksql.Linq.SchemaRegistryTools.SchemaRegistryMetaProvider.GetMetaFromSchemaRegistry(EntityModel model, ISchemaRegistryClient client) in C:\dev\rc02\src\SchemaRegistryTools\SchemaRegistryMetaProvider.cs:line 40&#xD;
         at Kafka.Ksql.Linq.SchemaRegistryTools.DecimalSchemaValidator.Validate(EntityModel model, ISchemaRegistryClient client, ValidationMode mode, ILogger logger) in C:\dev\rc02\src\SchemaRegistryTools\DecimalSchemaValidator.cs:line 15&#xD;
         at Kafka.Ksql.Linq.KsqlContext.RegisterSchemasAndMaterializeAsync() in C:\dev\rc02\src\KsqlContext.SchemaRegistration.cs:line 111&#xD;
         at Kafka.Ksql.Linq.KsqlContext.InitializeWithSchemaRegistration() in C:\dev\rc02\src\KsqlContext.SchemaRegistration.cs:line 28&#xD;
         at Kafka.Ksql.Linq.KsqlContext.InitializeCore(ILoggerFactory loggerFactory) in C:\dev\rc02\src\KsqlContext.cs:line 131&#xD;
[xUnit.net 00:00:16.25]       System.InvalidOperationException : Expected record schema&#xD;
[xUnit.net 00:00:16.25]       Stack Trace:&#xD;
[xUnit.net 00:00:16.25]         C:\dev\rc02\src\SchemaRegistryTools\SchemaRegistryMetaProvider.cs(55,0): at Kafka.Ksql.Linq.SchemaRegistryTools.SchemaRegistryMetaProvider.ParseSchema(String avroSchema)&#xD;
[xUnit.net 00:00:16.25]         C:\dev\rc02\src\SchemaRegistryTools\SchemaRegistryMetaProvider.cs(40,0): at Kafka.Ksql.Linq.SchemaRegistryTools.SchemaRegistryMetaProvider.GetMetaFromSchemaRegistry(EntityModel model, ISchemaRegistryClient client)&#xD;
[xUnit.net 00:00:16.25]         C:\dev\rc02\src\SchemaRegistryTools\DecimalSchemaValidator.cs(15,0): at Kafka.Ksql.Linq.SchemaRegistryTools.DecimalSchemaValidator.Validate(EntityModel model, ISchemaRegistryClient client, ValidationMode mode, ILogger logger)&#xD;
[xUnit.net 00:00:16.25]         C:\dev\rc02\src\KsqlContext.SchemaRegistration.cs(111,0): at Kafka.Ksql.Linq.KsqlContext.RegisterSchemasAndMaterializeAsync()&#xD;
[xUnit.net 00:00:16.25]         C:\dev\rc02\src\KsqlContext.SchemaRegistration.cs(28,0): at Kafka.Ksql.Linq.KsqlContext.InitializeWithSchemaRegistration()&#xD;
[xUnit.net 00:00:16.25]         C:\dev\rc02\src\KsqlContext.cs(131,0): at Kafka.Ksql.Linq.KsqlContext.InitializeCore(ILoggerFactory loggerFactory)&#xD;
[xUnit.net 00:00:16.25]         C:\dev\rc02\src\KsqlContext.cs(95,0): at Kafka.Ksql.Linq.KsqlContext..ctor(KsqlDslOptions options, ILoggerFactory loggerFactory)&#xD;
[xUnit.net 00:00:16.25]         C:\dev\rc02\physicalTests\OssSamples\JoinIntegrationTests.cs(50,0): at Kafka.Ksql.Linq.Tests.Integration.JoinIntegrationTests.JoinContext..ctor(KsqlDslOptions options, ILoggerFactory loggerFactory)&#xD;
[xUnit.net 00:00:16.25]         C:\dev\rc02\physicalTests\OssSamples\JoinIntegrationTests.cs(103,0): at Kafka.Ksql.Linq.Tests.Integration.JoinIntegrationTests.TwoTableJoin_Query_ShouldBeValid()&#xD;
[xUnit.net 00:00:16.25]         --- End of stack trace from previous location ---&#xD;
info: Kafka.Ksql.Linq.KsqlContext[0]&#xD;
      ksql execute: EXECUTE SQL=SHOW TOPICS;&#xD;
info: Kafka.Ksql.Linq.KsqlContext[0]&#xD;
      KSQL DDL (simple DlqEnvelope): CREATE STREAM IF NOT EXISTS dead_letter_queue (`Topic` VARCHAR KEY, `Partition` INT KEY, `Offset` BIGINT KEY, TimestampUtc VARCHAR, IngestedAtUtc VARCHAR, PayloadFormatKey VARCHAR, PayloadFormatValue VARCHAR, SchemaIdKey VARCHAR, SchemaIdValue VARCHAR, KeyIsNull BOOLEAN, ErrorType VARCHAR, ErrorMessageShort VARCHAR, StackTraceShort VARCHAR, ErrorFingerprint VARCHAR, ApplicationId VARCHAR, ConsumerGroup VARCHAR, Host VARCHAR, Headers MAP&lt;STRING, STRING&gt;) WITH (KAFKA_TOPIC='dead-letter-queue', KEY_FORMAT='AVRO', VALUE_FORMAT='AVRO', VALUE_AVRO_SCHEMA_FULL_NAME='kafka_ksql_linq_messaging.dead_letter_queue_valueAvro', PARTITIONS=1, REPLICAS=1);&#xD;
info: Kafka.Ksql.Linq.KsqlContext[0]&#xD;
      ksql execute: EXECUTE SQL=CREATE STREAM IF NOT EXISTS dead_letter_queue (`Topic` VARCHAR KEY, `Partition` INT KEY, `Offset` BIGINT KEY, TimestampU...&#xD;
info: Kafka.Ksql.Linq.KsqlContext[0]&#xD;
      ksql execute: EXECUTE SQL=DESCRIBE EXTENDED DEAD-LETTER-QUEUE;&#xD;
info: Kafka.Ksql.Linq.KsqlContext[0]&#xD;
      ksql execute: EXECUTE SQL=DESCRIBE EXTENDED DEAD-LETTER-QUEUE;&#xD;
info: Kafka.Ksql.Linq.KsqlContext[0]&#xD;
      ksql execute: EXECUTE SQL=DESCRIBE EXTENDED DEAD-LETTER-QUEUE;&#xD;
info: Kafka.Ksql.Linq.KsqlContext[0]&#xD;
      ksql execute: EXECUTE SQL=DESCRIBE EXTENDED DEAD-LETTER-QUEUE;&#xD;
info: Kafka.Ksql.Linq.KsqlContext[0]&#xD;
      ksql execute: EXECUTE SQL=DESCRIBE EXTENDED DEAD-LETTER-QUEUE;&#xD;
info: Kafka.Ksql.Linq.KsqlContext[0]&#xD;
      ksql execute: EXECUTE SQL=DESCRIBE EXTENDED DEAD-LETTER-QUEUE;&#xD;
info: Kafka.Ksql.Linq.KsqlContext[0]&#xD;
      ksql execute: EXECUTE SQL=DESCRIBE EXTENDED DEAD-LETTER-QUEUE;&#xD;
info: Kafka.Ksql.Linq.KsqlContext[0]&#xD;
      ksql execute: EXECUTE SQL=DESCRIBE EXTENDED DEAD-LETTER-QUEUE;&#xD;
info: Kafka.Ksql.Linq.KsqlContext[0]&#xD;
      ksql execute: EXECUTE SQL=DESCRIBE EXTENDED DEAD-LETTER-QUEUE;&#xD;
info: Kafka.Ksql.Linq.KsqlContext[0]&#xD;
      ksql execute: EXECUTE SQL=DESCRIBE EXTENDED DEAD-LETTER-QUEUE;&#xD;
info: Kafka.Ksql.Linq.KsqlContext[0]&#xD;
      ksql execute: EXECUTE SQL=DESCRIBE EXTENDED DEAD-LETTER-QUEUE;&#xD;
info: Kafka.Ksql.Linq.KsqlContext[0]&#xD;
      ksql execute: EXECUTE SQL=DESCRIBE EXTENDED DEAD-LETTER-QUEUE;&#xD;
info: Kafka.Ksql.Linq.KsqlContext[0]&#xD;
      ksql execute: EXECUTE SQL=DESCRIBE EXTENDED DEAD-LETTER-QUEUE;&#xD;
info: Kafka.Ksql.Linq.KsqlContext[0]&#xD;
      ksql execute: EXECUTE SQL=DESCRIBE EXTENDED DEAD-LETTER-QUEUE;&#xD;
info: Kafka.Ksql.Linq.KsqlContext[0]&#xD;
      ksql execute: EXECUTE SQL=DESCRIBE EXTENDED DEAD-LETTER-QUEUE;&#xD;
info: Kafka.Ksql.Linq.KsqlContext[0]&#xD;
      ksql execute: EXECUTE SQL=DESCRIBE EXTENDED DEAD-LETTER-QUEUE;&#xD;
info: Kafka.Ksql.Linq.KsqlContext[0]&#xD;
      ksql execute: EXECUTE SQL=DESCRIBE EXTENDED DEAD-LETTER-QUEUE;&#xD;
info: Kafka.Ksql.Linq.KsqlContext[0]&#xD;
      ksql execute: EXECUTE SQL=DESCRIBE EXTENDED DEAD-LETTER-QUEUE;&#xD;
info: Kafka.Ksql.Linq.KsqlContext[0]&#xD;
      ksql execute: EXECUTE SQL=DESCRIBE EXTENDED DEAD-LETTER-QUEUE;&#xD;
info: Kafka.Ksql.Linq.KsqlContext[0]&#xD;
      ksql execute: EXECUTE SQL=DESCRIBE EXTENDED DEAD-LETTER-QUEUE;&#xD;
info: Kafka.Ksql.Linq.KsqlContext[0]&#xD;
      ksql execute: EXECUTE SQL=DESCRIBE EXTENDED DEAD-LETTER-QUEUE;&#xD;
info: Kafka.Ksql.Linq.KsqlContext[0]&#xD;
      ksql execute: EXECUTE SQL=DESCRIBE EXTENDED DEAD-LETTER-QUEUE;&#xD;
info: Kafka.Ksql.Linq.KsqlContext[0]&#xD;
      ksql execute: EXECUTE SQL=DESCRIBE EXTENDED DEAD-LETTER-QUEUE;&#xD;
info: Kafka.Ksql.Linq.KsqlContext[0]&#xD;
      ksql execute: EXECUTE SQL=DESCRIBE EXTENDED DEAD-LETTER-QUEUE;&#xD;
info: Kafka.Ksql.Linq.Infrastructure.Admin.KafkaAdminService[0]&#xD;
      DB topic created: marketschedule&#xD;
info: Kafka.Ksql.Linq.KsqlContext[0]&#xD;
      ksql execute: EXECUTE SQL=SHOW TOPICS;&#xD;
info: Kafka.Ksql.Linq.KsqlContext[0]&#xD;
      KSQL DDL (simple MarketSchedule): CREATE STREAM IF NOT EXISTS marketschedule (Broker VARCHAR KEY, Symbol VARCHAR KEY, Open TIMESTAMP, Close TIMESTAMP, MarketDate TIMESTAMP) WITH (KAFKA_TOPIC='marketschedule', KEY_FORMAT='AVRO', VALUE_FORMAT='AVRO', VALUE_AVRO_SCHEMA_FULL_NAME='kafka_ksql_linq_tests_integration.marketschedule_valueAvro', PARTITIONS=1, REPLICAS=1);&#xD;
info: Kafka.Ksql.Linq.KsqlContext[0]&#xD;
      ksql execute: EXECUTE SQL=CREATE STREAM IF NOT EXISTS marketschedule (Broker VARCHAR KEY, Symbol VARCHAR KEY, Open TIMESTAMP, Close TIMESTAMP, Mar...&#xD;
info: Kafka.Ksql.Linq.KsqlContext[0]&#xD;
      ksql execute: EXECUTE SQL=DESCRIBE EXTENDED MARKETSCHEDULE;&#xD;
info: Kafka.Ksql.Linq.KsqlContext[0]&#xD;
      ksql execute: EXECUTE SQL=DESCRIBE EXTENDED MARKETSCHEDULE;&#xD;
info: Kafka.Ksql.Linq.KsqlContext[0]&#xD;
      ksql execute: EXECUTE SQL=DESCRIBE EXTENDED MARKETSCHEDULE;&#xD;
info: Kafka.Ksql.Linq.KsqlContext[0]&#xD;
      ksql execute: EXECUTE SQL=DESCRIBE EXTENDED MARKETSCHEDULE;&#xD;
info: Kafka.Ksql.Linq.KsqlContext[0]&#xD;
      ksql execute: EXECUTE SQL=DESCRIBE EXTENDED MARKETSCHEDULE;&#xD;
info: Kafka.Ksql.Linq.KsqlContext[0]&#xD;
      ksql execute: EXECUTE SQL=DESCRIBE EXTENDED MARKETSCHEDULE;&#xD;
info: Kafka.Ksql.Linq.KsqlContext[0]&#xD;
      ksql execute: EXECUTE SQL=DESCRIBE EXTENDED MARKETSCHEDULE;&#xD;
info: Kafka.Ksql.Linq.KsqlContext[0]&#xD;
      ksql execute: EXECUTE SQL=DESCRIBE EXTENDED MARKETSCHEDULE;&#xD;
info: Kafka.Ksql.Linq.KsqlContext[0]&#xD;
      ksql execute: EXECUTE SQL=DESCRIBE EXTENDED MARKETSCHEDULE;&#xD;
info: Kafka.Ksql.Linq.KsqlContext[0]&#xD;
      ksql execute: EXECUTE SQL=DESCRIBE EXTENDED MARKETSCHEDULE;&#xD;
info: Kafka.Ksql.Linq.KsqlContext[0]&#xD;
      ksql execute: EXECUTE SQL=DESCRIBE EXTENDED MARKETSCHEDULE;&#xD;
info: Kafka.Ksql.Linq.KsqlContext[0]&#xD;
      ksql execute: EXECUTE SQL=DESCRIBE EXTENDED MARKETSCHEDULE;&#xD;
info: Kafka.Ksql.Linq.KsqlContext[0]&#xD;
      ksql execute: EXECUTE SQL=DESCRIBE EXTENDED MARKETSCHEDULE;&#xD;
info: Kafka.Ksql.Linq.KsqlContext[0]&#xD;
      ksql execute: EXECUTE SQL=DESCRIBE EXTENDED MARKETSCHEDULE;&#xD;
info: Kafka.Ksql.Linq.KsqlContext[0]&#xD;
      ksql execute: EXECUTE SQL=DESCRIBE EXTENDED MARKETSCHEDULE;&#xD;
info: Kafka.Ksql.Linq.KsqlContext[0]&#xD;
      ksql execute: EXECUTE SQL=DESCRIBE EXTENDED MARKETSCHEDULE;&#xD;
info: Kafka.Ksql.Linq.KsqlContext[0]&#xD;
      ksql execute: EXECUTE SQL=DESCRIBE EXTENDED MARKETSCHEDULE;&#xD;
info: Kafka.Ksql.Linq.KsqlContext[0]&#xD;
      ksql execute: EXECUTE SQL=DESCRIBE EXTENDED MARKETSCHEDULE;&#xD;
info: Kafka.Ksql.Linq.KsqlContext[0]&#xD;
      ksql execute: EXECUTE SQL=DESCRIBE EXTENDED MARKETSCHEDULE;&#xD;
info: Kafka.Ksql.Linq.KsqlContext[0]&#xD;
      ksql execute: EXECUTE SQL=DESCRIBE EXTENDED MARKETSCHEDULE;&#xD;
info: Kafka.Ksql.Linq.KsqlContext[0]&#xD;
      ksql execute: EXECUTE SQL=DESCRIBE EXTENDED MARKETSCHEDULE;&#xD;
info: Kafka.Ksql.Linq.KsqlContext[0]&#xD;
      ksql execute: EXECUTE SQL=DESCRIBE EXTENDED MARKETSCHEDULE;&#xD;
info: Kafka.Ksql.Linq.KsqlContext[0]&#xD;
      ksql execute: EXECUTE SQL=DESCRIBE EXTENDED MARKETSCHEDULE;&#xD;
info: Kafka.Ksql.Linq.KsqlContext[0]&#xD;
      ksql execute: EXECUTE SQL=DESCRIBE EXTENDED MARKETSCHEDULE;&#xD;
info: Kafka.Ksql.Linq.KsqlContext[0]&#xD;
      ksql execute: EXECUTE SQL=SHOW TOPICS;&#xD;
info: Kafka.Ksql.Linq.KsqlContext[0]&#xD;
      KSQL DDL (simple Rate): CREATE STREAM IF NOT EXISTS deduprates (Broker VARCHAR KEY, Symbol VARCHAR KEY, Timestamp TIMESTAMP, Bid DOUBLE) WITH (KAFKA_TOPIC='deduprates', KEY_FORMAT='AVRO', VALUE_FORMAT='AVRO', VALUE_AVRO_SCHEMA_FULL_NAME='kafka_ksql_linq_tests_integration.deduprates_valueAvro', PARTITIONS=1, REPLICAS=1);&#xD;
info: Kafka.Ksql.Linq.KsqlContext[0]&#xD;
      ksql execute: EXECUTE SQL=CREATE STREAM IF NOT EXISTS deduprates (Broker VARCHAR KEY, Symbol VARCHAR KEY, Timestamp TIMESTAMP, Bid DOUBLE) WITH (K...&#xD;
info: Kafka.Ksql.Linq.KsqlContext[0]&#xD;
      ksql execute: EXECUTE SQL=DESCRIBE EXTENDED DEDUPRATES;&#xD;
info: Kafka.Ksql.Linq.KsqlContext[0]&#xD;
      ksql execute: EXECUTE SQL=DESCRIBE EXTENDED DEDUPRATES;&#xD;
info: Kafka.Ksql.Linq.KsqlContext[0]&#xD;
      ksql execute: EXECUTE SQL=DESCRIBE EXTENDED DEDUPRATES;&#xD;
info: Kafka.Ksql.Linq.KsqlContext[0]&#xD;
      ksql execute: EXECUTE SQL=DESCRIBE EXTENDED DEDUPRATES;&#xD;
info: Kafka.Ksql.Linq.KsqlContext[0]&#xD;
      ksql execute: EXECUTE SQL=DESCRIBE EXTENDED DEDUPRATES;&#xD;
info: Kafka.Ksql.Linq.KsqlContext[0]&#xD;
      ksql execute: EXECUTE SQL=DESCRIBE EXTENDED DEDUPRATES;&#xD;
info: Kafka.Ksql.Linq.KsqlContext[0]&#xD;
      ksql execute: EXECUTE SQL=DESCRIBE EXTENDED DEDUPRATES;&#xD;
info: Kafka.Ksql.Linq.KsqlContext[0]&#xD;
      ksql execute: EXECUTE SQL=DESCRIBE EXTENDED DEDUPRATES;&#xD;
info: Kafka.Ksql.Linq.KsqlContext[0]&#xD;
      ksql execute: EXECUTE SQL=DESCRIBE EXTENDED DEDUPRATES;&#xD;
info: Kafka.Ksql.Linq.KsqlContext[0]&#xD;
      ksql execute: EXECUTE SQL=DESCRIBE EXTENDED DEDUPRATES;&#xD;
info: Kafka.Ksql.Linq.KsqlContext[0]&#xD;
      ksql execute: EXECUTE SQL=DESCRIBE EXTENDED DEDUPRATES;&#xD;
info: Kafka.Ksql.Linq.KsqlContext[0]&#xD;
      ksql execute: EXECUTE SQL=DESCRIBE EXTENDED DEDUPRATES;&#xD;
info: Kafka.Ksql.Linq.KsqlContext[0]&#xD;
      ksql execute: EXECUTE SQL=DESCRIBE EXTENDED DEDUPRATES;&#xD;
info: Kafka.Ksql.Linq.KsqlContext[0]&#xD;
      ksql execute: EXECUTE SQL=DESCRIBE EXTENDED DEDUPRATES;&#xD;
info: Kafka.Ksql.Linq.KsqlContext[0]&#xD;
      ksql execute: EXECUTE SQL=DESCRIBE EXTENDED DEDUPRATES;&#xD;
info: Kafka.Ksql.Linq.KsqlContext[0]&#xD;
      ksql execute: EXECUTE SQL=DESCRIBE EXTENDED DEDUPRATES;&#xD;
info: Kafka.Ksql.Linq.KsqlContext[0]&#xD;
      ksql execute: EXECUTE SQL=DESCRIBE EXTENDED DEDUPRATES;&#xD;
info: Kafka.Ksql.Linq.KsqlContext[0]&#xD;
      ksql execute: EXECUTE SQL=DESCRIBE EXTENDED DEDUPRATES;&#xD;
info: Kafka.Ksql.Linq.KsqlContext[0]&#xD;
      ksql execute: EXECUTE SQL=DESCRIBE EXTENDED DEDUPRATES;&#xD;
info: Kafka.Ksql.Linq.KsqlContext[0]&#xD;
      ksql execute: EXECUTE SQL=DESCRIBE EXTENDED DEDUPRATES;&#xD;
info: Kafka.Ksql.Linq.KsqlContext[0]&#xD;
      ksql execute: EXECUTE SQL=DESCRIBE EXTENDED DEDUPRATES;&#xD;
info: Kafka.Ksql.Linq.KsqlContext[0]&#xD;
      ksql execute: EXECUTE SQL=DESCRIBE EXTENDED DEDUPRATES;&#xD;
info: Kafka.Ksql.Linq.KsqlContext[0]&#xD;
      ksql execute: EXECUTE SQL=DESCRIBE EXTENDED DEDUPRATES;&#xD;
info: Kafka.Ksql.Linq.KsqlContext[0]&#xD;
      ksql execute: EXECUTE SQL=DESCRIBE EXTENDED DEDUPRATES;&#xD;
info: Kafka.Ksql.Linq.KsqlContext[0]&#xD;
      KSQL DDL (derived bar1wkfinal_1s_final_s): CREATE STREAM bar1wkfinal_1s_final_s WITH (KAFKA_TOPIC='bar1wkfinal_1s_final_s', KEY_FORMAT='AVRO', VALUE_FORMAT='AVRO') AS&#xD;
      SELECT *&#xD;
      FROM deduprates o&#xD;
      EMIT CHANGES;&#xD;
info: Kafka.Ksql.Linq.KsqlContext[0]&#xD;
      ksql execute: EXECUTE SQL=CREATE STREAM bar1wkfinal_1s_final_s WITH (KAFKA_TOPIC='bar1wkfinal_1s_final_s', KEY_FORMAT='AVRO', VALUE_FORMAT='AVRO')...&#xD;
info: Kafka.Ksql.Linq.KsqlContext[0]&#xD;
      KSQL DDL (derived bar1wkfinal_1s_final): CREATE TABLE bar1wkfinal_1s_final WITH (KAFKA_TOPIC='bar1wkfinal_1s_final', KEY_FORMAT='AVRO', VALUE_FORMAT='AVRO') AS&#xD;
      SELECT BROKER AS Broker, SYMBOL AS Symbol, WINDOWSTART AS BucketStart, EARLIEST_BY_OFFSET(Bid) AS Open, MAX(Bid) AS High, MIN(Bid) AS Low, LATEST_BY_OFFSET(Bid) AS KsqlTimeFrameClose&#xD;
      FROM bar1wkfinal_1s_final_s o WINDOW TUMBLING (SIZE 1 MINUTES)&#xD;
      GROUP BY BROKER, SYMBOL&#xD;
      EMIT FINAL;&#xD;
info: Kafka.Ksql.Linq.KsqlContext[0]&#xD;
      ksql execute: EXECUTE SQL=CREATE TABLE bar1wkfinal_1s_final WITH (KAFKA_TOPIC='bar1wkfinal_1s_final', KEY_FORMAT='AVRO', VALUE_FORMAT='AVRO') AS  ...&#xD;
info: Kafka.Ksql.Linq.KsqlContext[0]&#xD;
      KSQL DDL (derived bar1wkfinal_7d_live): CREATE TABLE bar1wkfinal_7d_live WITH (KAFKA_TOPIC='bar1wkfinal_7d_live', KEY_FORMAT='AVRO', VALUE_FORMAT='AVRO') AS&#xD;
      SELECT BROKER AS Broker, SYMBOL AS Symbol, WINDOWSTART AS BucketStart, EARLIEST_BY_OFFSET(Bid) AS Open, MAX(Bid) AS High, MIN(Bid) AS Low, LATEST_BY_OFFSET(Bid) AS KsqlTimeFrameClose&#xD;
      FROM bar1wkfinal_1s_final_s o WINDOW TUMBLING (SIZE 7 DAYS)&#xD;
      GROUP BY BROKER, SYMBOL&#xD;
      EMIT CHANGES;&#xD;
info: Kafka.Ksql.Linq.KsqlContext[0]&#xD;
      ksql execute: EXECUTE SQL=CREATE TABLE bar1wkfinal_7d_live WITH (KAFKA_TOPIC='bar1wkfinal_7d_live', KEY_FORMAT='AVRO', VALUE_FORMAT='AVRO') AS  SE...&#xD;
info: Kafka.Ksql.Linq.KsqlContext[0]&#xD;
      ksql execute: EXECUTE SQL=SHOW QUERIES;&#xD;
info: Kafka.Ksql.Linq.KsqlContext[0]&#xD;
      ksql execute: EXECUTE SQL=SHOW QUERIES;&#xD;
info: Kafka.Ksql.Linq.KsqlContext[0]&#xD;
      ksql execute: EXECUTE SQL=SHOW QUERIES;&#xD;
info: Kafka.Ksql.Linq.KsqlContext[0]&#xD;
      ksql execute: EXECUTE SQL=SHOW QUERIES;&#xD;
info: Kafka.Ksql.Linq.KsqlContext[0]&#xD;
      ksql execute: EXECUTE SQL=SHOW QUERIES;&#xD;
info: Kafka.Ksql.Linq.KsqlContext[0]&#xD;
      ksql execute: EXECUTE SQL=SHOW QUERIES;&#xD;
info: Kafka.Ksql.Linq.KsqlContext[0]&#xD;
      ksql execute: EXECUTE SQL=SHOW QUERIES;&#xD;
info: Kafka.Ksql.Linq.KsqlContext[0]&#xD;
      ksql execute: EXECUTE SQL=SHOW QUERIES;&#xD;
info: Kafka.Ksql.Linq.KsqlContext[0]&#xD;
      ksql execute: EXECUTE SQL=SHOW QUERIES;&#xD;
info: Kafka.Ksql.Linq.KsqlContext[0]&#xD;
      ksql execute: EXECUTE SQL=SHOW QUERIES;&#xD;
info: Kafka.Ksql.Linq.KsqlContext[0]&#xD;
      ksql execute: EXECUTE SQL=SHOW QUERIES;&#xD;
info: Kafka.Ksql.Linq.KsqlContext[0]&#xD;
      ksql execute: EXECUTE SQL=SHOW QUERIES;&#xD;
info: Kafka.Ksql.Linq.KsqlContext[0]&#xD;
      ksql execute: EXECUTE SQL=SHOW QUERIES;&#xD;
info: Kafka.Ksql.Linq.KsqlContext[0]&#xD;
      ksql execute: EXECUTE SQL=SHOW QUERIES;&#xD;
info: Kafka.Ksql.Linq.KsqlContext[0]&#xD;
      ksql execute: EXECUTE SQL=SHOW QUERIES;&#xD;
info: Kafka.Ksql.Linq.KsqlContext[0]&#xD;
      ksql execute: EXECUTE SQL=SHOW QUERIES;&#xD;
info: Kafka.Ksql.Linq.KsqlContext[0]&#xD;
      ksql execute: EXECUTE SQL=SHOW QUERIES;&#xD;
info: Kafka.Ksql.Linq.KsqlContext[0]&#xD;
      ksql execute: EXECUTE SQL=SHOW QUERIES;&#xD;
info: Kafka.Ksql.Linq.KsqlContext[0]&#xD;
      ksql execute: EXECUTE SQL=SHOW QUERIES;&#xD;
info: Kafka.Ksql.Linq.KsqlContext[0]&#xD;
      ksql execute: EXECUTE SQL=SHOW QUERIES;&#xD;
info: Kafka.Ksql.Linq.KsqlContext[0]&#xD;
      ksql execute: EXECUTE SQL=SHOW QUERIES;&#xD;
info: Kafka.Ksql.Linq.KsqlContext[0]&#xD;
      ksql execute: EXECUTE SQL=SHOW QUERIES;&#xD;
info: Kafka.Ksql.Linq.KsqlContext[0]&#xD;
      ksql execute: EXECUTE SQL=SHOW QUERIES;&#xD;
info: Kafka.Ksql.Linq.KsqlContext[0]&#xD;
      ksql execute: EXECUTE SQL=SHOW QUERIES;&#xD;
info: Kafka.Ksql.Linq.KsqlContext[0]&#xD;
      ksql execute: EXECUTE SQL=SHOW QUERIES;&#xD;
info: Kafka.Ksql.Linq.KsqlContext[0]&#xD;
      ksql execute: EXECUTE SQL=SHOW QUERIES;&#xD;
info: Kafka.Ksql.Linq.KsqlContext[0]&#xD;
      ksql execute: EXECUTE SQL=SHOW QUERIES;&#xD;
info: Kafka.Ksql.Linq.KsqlContext[0]&#xD;
      ksql execute: EXECUTE SQL=SHOW QUERIES;&#xD;
info: Kafka.Ksql.Linq.KsqlContext[0]&#xD;
      ksql execute: EXECUTE SQL=SHOW QUERIES;&#xD;
info: Kafka.Ksql.Linq.KsqlContext[0]&#xD;
      ksql execute: EXECUTE SQL=SHOW QUERIES;&#xD;
info: Kafka.Ksql.Linq.KsqlContext[0]&#xD;
      ksql execute: EXECUTE SQL=SHOW QUERIES;&#xD;
info: Kafka.Ksql.Linq.KsqlContext[0]&#xD;
      ksql execute: EXECUTE SQL=SHOW QUERIES;&#xD;
info: Kafka.Ksql.Linq.KsqlContext[0]&#xD;
      ksql execute: EXECUTE SQL=SHOW QUERIES;&#xD;
info: Kafka.Ksql.Linq.KsqlContext[0]&#xD;
      ksql execute: EXECUTE SQL=SHOW QUERIES;&#xD;
info: Kafka.Ksql.Linq.KsqlContext[0]&#xD;
      ksql execute: EXECUTE SQL=SHOW QUERIES;&#xD;
info: Kafka.Ksql.Linq.KsqlContext[0]&#xD;
      ksql execute: EXECUTE SQL=SHOW QUERIES;&#xD;
info: Kafka.Ksql.Linq.KsqlContext[0]&#xD;
      ksql execute: EXECUTE SQL=SHOW QUERIES;&#xD;
info: Kafka.Ksql.Linq.KsqlContext[0]&#xD;
      ksql execute: EXECUTE SQL=SHOW QUERIES;&#xD;
info: Kafka.Ksql.Linq.KsqlContext[0]&#xD;
      ksql execute: EXECUTE SQL=SHOW QUERIES;&#xD;
info: Kafka.Ksql.Linq.KsqlContext[0]&#xD;
      ksql execute: EXECUTE SQL=SHOW QUERIES;&#xD;
info: Kafka.Ksql.Linq.KsqlContext[0]&#xD;
      ksql execute: EXECUTE SQL=SHOW QUERIES;&#xD;
info: Kafka.Ksql.Linq.KsqlContext[0]&#xD;
      ksql execute: EXECUTE SQL=SHOW QUERIES;&#xD;
info: Kafka.Ksql.Linq.KsqlContext[0]&#xD;
      ksql execute: EXECUTE SQL=SHOW QUERIES;&#xD;
info: Kafka.Ksql.Linq.KsqlContext[0]&#xD;
      ksql execute: EXECUTE SQL=SHOW QUERIES;&#xD;
info: Kafka.Ksql.Linq.KsqlContext[0]&#xD;
      ksql execute: EXECUTE SQL=SHOW QUERIES;&#xD;
info: Kafka.Ksql.Linq.KsqlContext[0]&#xD;
      ksql execute: EXECUTE SQL=SHOW QUERIES;&#xD;
info: Kafka.Ksql.Linq.KsqlContext[0]&#xD;
      ksql execute: EXECUTE SQL=SHOW QUERIES;&#xD;
info: Kafka.Ksql.Linq.KsqlContext[0]&#xD;
      ksql execute: EXECUTE SQL=SHOW QUERIES;&#xD;
info: Kafka.Ksql.Linq.KsqlContext[0]&#xD;
      ksql execute: EXECUTE SQL=SHOW QUERIES;&#xD;
info: Kafka.Ksql.Linq.KsqlContext[0]&#xD;
      ksql execute: EXECUTE SQL=SHOW QUERIES;&#xD;
info: Kafka.Ksql.Linq.KsqlContext[0]&#xD;
      ksql execute: EXECUTE SQL=SHOW QUERIES;&#xD;
info: Kafka.Ksql.Linq.KsqlContext[0]&#xD;
      ksql execute: EXECUTE SQL=SHOW QUERIES;&#xD;
info: Kafka.Ksql.Linq.KsqlContext[0]&#xD;
      ksql execute: EXECUTE SQL=SHOW QUERIES;&#xD;
info: Kafka.Ksql.Linq.KsqlContext[0]&#xD;
      ksql execute: EXECUTE SQL=SHOW QUERIES;&#xD;
info: Kafka.Ksql.Linq.KsqlContext[0]&#xD;
      ksql execute: EXECUTE SQL=SHOW QUERIES;&#xD;
info: Kafka.Ksql.Linq.KsqlContext[0]&#xD;
      ksql execute: EXECUTE SQL=SHOW QUERIES;&#xD;
info: Kafka.Ksql.Linq.KsqlContext[0]&#xD;
      ksql execute: EXECUTE SQL=SHOW QUERIES;&#xD;
info: Kafka.Ksql.Linq.KsqlContext[0]&#xD;
      ksql execute: EXECUTE SQL=SHOW QUERIES;&#xD;
info: Kafka.Ksql.Linq.KsqlContext[0]&#xD;
      ksql execute: EXECUTE SQL=SHOW QUERIES;&#xD;
info: Kafka.Ksql.Linq.KsqlContext[0]&#xD;
      ksql execute: EXECUTE SQL=SHOW QUERIES;&#xD;
info: Kafka.Ksql.Linq.KsqlContext[0]&#xD;
      ksql execute: EXECUTE SQL=SHOW QUERIES;&#xD;
info: Kafka.Ksql.Linq.KsqlContext[0]&#xD;
      ksql execute: EXECUTE SQL=SHOW QUERIES;&#xD;
info: Kafka.Ksql.Linq.KsqlContext[0]&#xD;
      ksql execute: EXECUTE SQL=SHOW QUERIES;&#xD;
info: Kafka.Ksql.Linq.KsqlContext[0]&#xD;
      ksql execute: EXECUTE SQL=SHOW QUERIES;&#xD;
info: Kafka.Ksql.Linq.KsqlContext[0]&#xD;
      ksql execute: EXECUTE SQL=SHOW QUERIES;&#xD;
info: Kafka.Ksql.Linq.KsqlContext[0]&#xD;
      ksql execute: EXECUTE SQL=SHOW QUERIES;&#xD;
info: Kafka.Ksql.Linq.KsqlContext[0]&#xD;
      ksql execute: EXECUTE SQL=SHOW QUERIES;&#xD;
info: Kafka.Ksql.Linq.KsqlContext[0]&#xD;
      ksql execute: EXECUTE SQL=SHOW QUERIES;&#xD;
info: Kafka.Ksql.Linq.KsqlContext[0]&#xD;
      ksql execute: EXECUTE SQL=SHOW QUERIES;&#xD;
info: Kafka.Ksql.Linq.KsqlContext[0]&#xD;
      ksql execute: EXECUTE SQL=SHOW QUERIES;&#xD;
info: Kafka.Ksql.Linq.KsqlContext[0]&#xD;
      ksql execute: EXECUTE SQL=SHOW QUERIES;&#xD;
info: Kafka.Ksql.Linq.KsqlContext[0]&#xD;
      ksql execute: EXECUTE SQL=SHOW QUERIES;&#xD;
info: Kafka.Ksql.Linq.KsqlContext[0]&#xD;
      ksql execute: EXECUTE SQL=SHOW QUERIES;&#xD;
info: Kafka.Ksql.Linq.KsqlContext[0]&#xD;
      ksql execute: EXECUTE SQL=SHOW QUERIES;&#xD;
info: Kafka.Ksql.Linq.KsqlContext[0]&#xD;
      ksql execute: EXECUTE SQL=SHOW QUERIES;&#xD;
info: Kafka.Ksql.Linq.KsqlContext[0]&#xD;
      ksql execute: EXECUTE SQL=SHOW QUERIES;&#xD;
info: Kafka.Ksql.Linq.KsqlContext[0]&#xD;
      ksql execute: EXECUTE SQL=SHOW QUERIES;&#xD;
info: Kafka.Ksql.Linq.KsqlContext[0]&#xD;
      ksql execute: EXECUTE SQL=SHOW QUERIES;&#xD;
info: Kafka.Ksql.Linq.KsqlContext[0]&#xD;
      ksql execute: EXECUTE SQL=SHOW QUERIES;&#xD;
info: Kafka.Ksql.Linq.KsqlContext[0]&#xD;
      ksql execute: EXECUTE SQL=SHOW QUERIES;&#xD;
info: Kafka.Ksql.Linq.KsqlContext[0]&#xD;
      ksql execute: EXECUTE SQL=SHOW QUERIES;&#xD;
[...]
info: Kafka.Ksql.Linq.KsqlContext[0]&#xD;
      ksql execute: EXECUTE SQL=SHOW QUERIES;&#xD;
info: Kafka.Ksql.Linq.KsqlContext[0]&#xD;
      ksql execute: EXECUTE SQL=SHOW QUERIES;&#xD;
info: Kafka.Ksql.Linq.KsqlContext[0]&#xD;
      ksql execute: EXECUTE SQL=SHOW QUERIES;&#xD;
info: Kafka.Ksql.Linq.KsqlContext[0]&#xD;
      ksql execute: EXECUTE SQL=SHOW QUERIES;&#xD;
info: Kafka.Ksql.Linq.KsqlContext[0]&#xD;
      ksql execute: EXECUTE SQL=SHOW QUERIES;&#xD;
info: Kafka.Ksql.Linq.KsqlContext[0]&#xD;
      ksql execute: EXECUTE SQL=SHOW QUERIES;&#xD;
info: Kafka.Ksql.Linq.KsqlContext[0]&#xD;
      ksql execute: EXECUTE SQL=SHOW QUERIES;&#xD;
info: Kafka.Ksql.Linq.KsqlContext[0]&#xD;
      ksql execute: EXECUTE SQL=SHOW QUERIES;&#xD;
info: Kafka.Ksql.Linq.KsqlContext[0]&#xD;
      ksql execute: EXECUTE SQL=SHOW QUERIES;&#xD;
info: Kafka.Ksql.Linq.KsqlContext[0]&#xD;
      ksql execute: EXECUTE SQL=SHOW QUERIES;&#xD;
info: Kafka.Ksql.Linq.KsqlContext[0]&#xD;
      ksql execute: EXECUTE SQL=SHOW QUERIES;&#xD;
info: Kafka.Ksql.Linq.KsqlContext[0]&#xD;
      ksql execute: EXECUTE SQL=SHOW QUERIES;&#xD;
info: Kafka.Ksql.Linq.KsqlContext[0]&#xD;
      ksql execute: EXECUTE SQL=SHOW QUERIES;&#xD;
info: Kafka.Ksql.Linq.KsqlContext[0]&#xD;
      ksql execute: EXECUTE SQL=SHOW QUERIES;&#xD;
info: Kafka.Ksql.Linq.KsqlContext[0]&#xD;
      ksql execute: EXECUTE SQL=SHOW QUERIES;&#xD;
info: Kafka.Ksql.Linq.KsqlContext[0]&#xD;
      ksql execute: EXECUTE SQL=SHOW QUERIES;&#xD;
info: Kafka.Ksql.Linq.KsqlContext[0]&#xD;
      ksql execute: EXECUTE SQL=SHOW QUERIES;&#xD;
info: Kafka.Ksql.Linq.KsqlContext[0]&#xD;
      ksql execute: EXECUTE SQL=SHOW QUERIES;&#xD;
info: Kafka.Ksql.Linq.KsqlContext[0]&#xD;
      ksql execute: EXECUTE SQL=SHOW QUERIES;&#xD;
info: Kafka.Ksql.Linq.KsqlContext[0]&#xD;
      ksql execute: EXECUTE SQL=SHOW QUERIES;&#xD;
info: Kafka.Ksql.Linq.KsqlContext[0]&#xD;
      Kafka initialization completed; DLQ topic 'dead-letter-queue' ready with 5000ms retention&#xD;
info: Kafka.Ksql.Linq.KsqlContext[0]&#xD;
      ksql execute: EXECUTE SQL=SHOW STREAMS;&#xD;
info: Kafka.Ksql.Linq.Messaging.Producers.KafkaProducerManager[0]&#xD;
      producer:deduprates config: Acks=All, BatchNumMessages=10000, BatchSize=16384, BootstrapServers=127.0.0.1:39092, ClientId=ksql-dsl-client, CompressionType=Snappy, EnableIdempotence=True, LingerMs=5, MaxInFlight=1, MessageTimeoutMs=120000, RetryBackoffMs=100&#xD;
info: Kafka.Ksql.Linq.Messaging.Producers.KafkaProducerManager[0]&#xD;
      schema-registry(producer) config: Url=http://127.0.0.1:18081&#xD;
info: Kafka.Ksql.Linq.Messaging.Producers.KafkaProducerManager[0]&#xD;
      kafka produce: topic=deduprates, entity=Rate, method=SendAsync&#xD;
info: Kafka.Ksql.Linq.Messaging.Producers.KafkaProducerManager[0]&#xD;
      kafka produce: topic=deduprates, entity=Rate, method=SendAsync&#xD;
info: Kafka.Ksql.Linq.Messaging.Producers.KafkaProducerManager[0]&#xD;
      kafka produce: topic=deduprates, entity=Rate, method=SendAsync&#xD;
info: Kafka.Ksql.Linq.Messaging.Producers.KafkaProducerManager[0]&#xD;
      kafka produce: topic=deduprates, entity=Rate, method=SendAsync&#xD;
info: Kafka.Ksql.Linq.Messaging.Producers.KafkaProducerManager[0]&#xD;
      kafka produce: topic=deduprates, entity=Rate, method=SendAsync&#xD;
info: Kafka.Ksql.Linq.Messaging.Producers.KafkaProducerManager[0]&#xD;
      kafka produce: topic=deduprates, entity=Rate, method=SendAsync&#xD;
info: Kafka.Ksql.Linq.Messaging.Producers.KafkaProducerManager[0]&#xD;
      kafka produce: topic=deduprates, entity=Rate, method=SendAsync&#xD;
info: Kafka.Ksql.Linq.Messaging.Producers.KafkaProducerManager[0]&#xD;
      kafka produce: topic=deduprates, entity=Rate, method=SendAsync&#xD;
info: Kafka.Ksql.Linq.Messaging.Producers.KafkaProducerManager[0]&#xD;
      kafka produce: topic=deduprates, entity=Rate, method=SendAsync&#xD;
info: Kafka.Ksql.Linq.Messaging.Producers.KafkaProducerManager[0]&#xD;
      kafka produce: topic=deduprates, entity=Rate, method=SendAsync&#xD;
info: Kafka.Ksql.Linq.Messaging.Producers.KafkaProducerManager[0]&#xD;
      kafka produce: topic=deduprates, entity=Rate, method=SendAsync&#xD;
info: Kafka.Ksql.Linq.Messaging.Producers.KafkaProducerManager[0]&#xD;
      kafka produce: topic=deduprates, entity=Rate, method=SendAsync&#xD;
info: Kafka.Ksql.Linq.Messaging.Producers.KafkaProducerManager[0]&#xD;
      kafka produce: topic=deduprates, entity=Rate, method=SendAsync&#xD;
info: Kafka.Ksql.Linq.Messaging.Producers.KafkaProducerManager[0]&#xD;
      kafka produce: topic=deduprates, entity=Rate, method=SendAsync&#xD;
info: Kafka.Ksql.Linq.Messaging.Producers.KafkaProducerManager[0]&#xD;
      kafka produce: topic=deduprates, entity=Rate, method=SendAsync&#xD;
info: Kafka.Ksql.Linq.Messaging.Producers.KafkaProducerManager[0]&#xD;
      kafka produce: topic=deduprates, entity=Rate, method=SendAsync&#xD;
info: Kafka.Ksql.Linq.Messaging.Producers.KafkaProducerManager[0]&#xD;
      kafka produce: topic=deduprates, entity=Rate, method=SendAsync&#xD;
info: Kafka.Ksql.Linq.Messaging.Producers.KafkaProducerManager[0]&#xD;
      kafka produce: topic=deduprates, entity=Rate, method=SendAsync&#xD;
info: Kafka.Ksql.Linq.Messaging.Producers.KafkaProducerManager[0]&#xD;
      kafka produce: topic=deduprates, entity=Rate, method=SendAsync&#xD;
info: Kafka.Ksql.Linq.Messaging.Producers.KafkaProducerManager[0]&#xD;
      kafka produce: topic=deduprates, entity=Rate, method=SendAsync&#xD;
info: Kafka.Ksql.Linq.Messaging.Producers.KafkaProducerManager[0]&#xD;
      kafka produce: topic=deduprates, entity=Rate, method=SendAsync&#xD;
info: Kafka.Ksql.Linq.Messaging.Producers.KafkaProducerManager[0]&#xD;
      kafka produce: topic=deduprates, entity=Rate, method=SendAsync&#xD;
info: Kafka.Ksql.Linq.Messaging.Producers.KafkaProducerManager[0]&#xD;
      kafka produce: topic=deduprates, entity=Rate, method=SendAsync&#xD;
info: Streamiz.Kafka.Net.Processors.StreamThread[0]&#xD;
      Processed 0 total records, ran 0 punctuators and committed 0 total tasks since the last update&#xD;
info: Streamiz.Kafka.Net.Processors.StreamThread[0]&#xD;
      Processed 0 total records, ran 0 punctuators and committed 0 total tasks since the last update&#xD;
info: Streamiz.Kafka.Net.Processors.StreamThread[0]&#xD;
      Processed 0 total records, ran 0 punctuators and committed 0 total tasks since the last update&#xD;
info: Streamiz.Kafka.Net.Processors.StreamThread[0]&#xD;
      Processed 0 total records, ran 0 punctuators and committed 0 total tasks since the last update&#xD;
info: Streamiz.Kafka.Net.Processors.StreamThread[0]&#xD;
      Processed 0 total records, ran 0 punctuators and committed 0 total tasks since the last update&#xD;
info: Streamiz.Kafka.Net.Processors.StreamThread[0]&#xD;
      Processed 0 total records, ran 0 punctuators and committed 0 total tasks since the last update&#xD;
info: Streamiz.Kafka.Net.Processors.StreamThread[0]&#xD;
      Processed 0 total records, ran 0 punctuators and committed 0 total tasks since the last update&#xD;
info: Streamiz.Kafka.Net.Processors.StreamThread[0]&#xD;
      Processed 0 total records, ran 0 punctuators and committed 0 total tasks since the last update&#xD;
info: Streamiz.Kafka.Net.Processors.StreamThread[0]&#xD;
      Processed 0 total records, ran 0 punctuators and committed 0 total tasks since the last update&#xD;
info: Streamiz.Kafka.Net.Processors.StreamThread[0]&#xD;
      Processed 0 total records, ran 0 punctuators and committed 0 total tasks since the last update&#xD;
info: Streamiz.Kafka.Net.Processors.StreamThread[0]&#xD;
      Processed 0 total records, ran 0 punctuators and committed 0 total tasks since the last update&#xD;
info: Streamiz.Kafka.Net.Processors.StreamThread[0]&#xD;
      Processed 0 total records, ran 0 punctuators and committed 0 total tasks since the last update&#xD;
info: Streamiz.Kafka.Net.Processors.StreamThread[0]&#xD;
      Processed 0 total records, ran 0 punctuators and committed 0 total tasks since the last update&#xD;
info: Streamiz.Kafka.Net.Processors.StreamThread[0]&#xD;
      Processed 0 total records, ran 0 punctuators and committed 0 total tasks since the last update&#xD;
info: Streamiz.Kafka.Net.Processors.StreamThread[0]&#xD;
      Processed 0 total records, ran 0 punctuators and committed 0 total tasks since the last update&#xD;
info: Streamiz.Kafka.Net.Processors.StreamThread[0]&#xD;
      Processed 0 total records, ran 0 punctuators and committed 0 total tasks since the last update&#xD;
info: Streamiz.Kafka.Net.Processors.StreamThread[0]&#xD;
      Processed 0 total records, ran 0 punctuators and committed 0 total tasks since the last update&#xD;
info: Streamiz.Kafka.Net.Processors.StreamThread[0]&#xD;
      Processed 0 total records, ran 0 punctuators and committed 0 total tasks since the last update&#xD;
</StdOut>
    </Output>
    <RunInfos>
      <RunInfo computerName="SAGESOHO01" outcome="Error" timestamp="2025-09-14T17:28:51.8745894+09:00">
        <Text>[xUnit.net 00:00:04.60]     Kafka.Ksql.Linq.Tests.Integration.SchemaRegistryResetTests.UpperCaseSubjects_ShouldNotExist [FAIL]</Text>
      </RunInfo>
      <RunInfo computerName="SAGESOHO01" outcome="Error" timestamp="2025-09-14T17:28:55.2972007+09:00">
        <Text>[xUnit.net 00:00:08.02]     Kafka.Ksql.Linq.Tests.Integration.SchemaRegistryResetTests.Setup_ShouldRegisterAllSchemas [FAIL]</Text>
      </RunInfo>
      <RunInfo computerName="SAGESOHO01" outcome="Error" timestamp="2025-09-14T17:28:58.7062598+09:00">
        <Text>[xUnit.net 00:00:11.43]     Kafka.Ksql.Linq.Tests.Integration.SchemaRegistryResetTests.DuplicateSchemaRegistration_ShouldSucceed [FAIL]</Text>
      </RunInfo>
      <RunInfo computerName="SAGESOHO01" outcome="Error" timestamp="2025-09-14T17:29:03.5214783+09:00">
        <Text>[xUnit.net 00:00:16.25]     Kafka.Ksql.Linq.Tests.Integration.JoinIntegrationTests.TwoTableJoin_Query_ShouldBeValid [FAIL]</Text>
      </RunInfo>
      <RunInfo computerName="SAGESOHO01" outcome="Error" timestamp="2025-09-14T17:31:48.1921744+09:00">
        <Text>[xUnit.net 00:03:00.92]     Kafka.Ksql.Linq.Tests.Integration.BarScheduleWeekendTests.WeekdaysOnly_DailyBars_With_MarketSchedule [FAIL]</Text>
      </RunInfo>
      <RunInfo computerName="SAGESOHO01" outcome="Error" timestamp="2025-09-14T17:36:16.9468533+09:00">
        <Text>[xUnit.net 00:07:29.67]     Kafka.Ksql.Linq.Tests.Integration.TimeBucketImportTumblingTests.Import_Ticks_Define_Tumbling_Query_Then_Extract_Bars_Via_TimeBucket [FAIL]</Text>
      </RunInfo>
      <RunInfo computerName="SAGESOHO01" outcome="Error" timestamp="2025-09-14T17:41:57.4701742+09:00">
        <Text>[xUnit.net 00:13:10.20]     Kafka.Ksql.Linq.Tests.Integration.DlqIntegrationTests.ForEachAsync_OnErrorDlq_WritesToDlq [FAIL]</Text>
      </RunInfo>
      <RunInfo computerName="SAGESOHO01" outcome="Error" timestamp="2025-09-14T17:42:31.8822061+09:00">
        <Text>[xUnit.net 00:13:44.61]     Kafka.Ksql.Linq.Tests.Integration.ManualCommitIntegrationTests.ManualCommit_PersistsOffset [FAIL]</Text>
      </RunInfo>
      <RunInfo computerName="SAGESOHO01" outcome="Error" timestamp="2025-09-14T17:43:29.8366371+09:00">
        <Text>[xUnit.net 00:14:42.56]     Kafka.Ksql.Linq.Tests.Integration.PrimingBehaviorTests.AlwaysPriming_DoesNotLeakIntoConsumption [FAIL]</Text>
      </RunInfo>
      <RunInfo computerName="SAGESOHO01" outcome="Error" timestamp="2025-09-14T18:02:57.6771683+09:00">
        <Text>アクティブなテストの実行が中止されました。理由: テストのホスト プロセスがクラッシュしました : %3|1757838977.254|ERROR|ksql-dsl-client-admin#producer-11| [thrd:127.0.0.1:39092/1]: 1/1 brokers are down&#xD;
%6|1757838977.299|FAIL|ksql-dsl-client-admin#producer-11| [thrd:127.0.0.1:39092/1]: 127.0.0.1:39092/1: Disconnected while requesting ApiVersion: might be caused by incorrect security.protocol configuration (connecting to a SSL listener?) or broker version is &lt; 0.10 (see api.version.request) (after 0ms in state APIVERSION_QUERY)&#xD;
%3|1757838977.299|ERROR|ksql-dsl-client-admin#producer-11| [thrd:app]: ksql-dsl-client-admin#producer-11: 127.0.0.1:39092/1: Disconnected while requesting ApiVersion: might be caused by incorrect security.protocol configuration (connecting to a SSL listener?) or broker version is &lt; 0.10 (see api.version.request) (after 0ms in state APIVERSION_QUERY)&#xD;
%6|1757838977.600|FAIL|ksql-dsl-client-admin#producer-11| [thrd:127.0.0.1:39092/1]: 127.0.0.1:39092/1: Disconnected while requesting ApiVersion: might be caused by incorrect security.protocol configuration (connecting to a SSL listener?) or broker version is &lt; 0.10 (see api.version.request) (after 1ms in state APIVERSION_QUERY, 1 identical error(s) suppressed)&#xD;
%3|1757838977.600|ERROR|ksql-dsl-client-admin#producer-11| [thrd:app]: ksql-dsl-client-admin#producer-11: 127.0.0.1:39092/1: Disconnected while requesting ApiVersion: might be caused by incorrect security.protocol configuration (connecting to a SSL listener?) or broker version is &lt; 0.10 (see api.version.request) (after 1ms in state APIVERSION_QUERY, 1 identical error(s) suppressed)&#xD;
%6|1757838978.290|FAIL|ksql-dsl-client-admin#producer-11| [thrd:127.0.0.1:39092/bootstrap]: 127.0.0.1:39092/bootstrap: Disconnected while requesting ApiVersion: might be caused by incorrect security.protocol configuration (connecting to a SSL listener?) or broker version is &lt; 0.10 (see api.version.request) (after 1ms in state APIVERSION_QUERY)&#xD;
%3|1757838978.290|ERROR|ksql-dsl-client-admin#producer-11| [thrd:127.0.0.1:39092/bootstrap]: 2/2 brokers are down&#xD;
%3|1757838978.290|ERROR|ksql-dsl-client-admin#producer-11| [thrd:app]: ksql-dsl-client-admin#producer-11: 127.0.0.1:39092/bootstrap: Disconnected while requesting ApiVersion: might be caused by incorrect security.protocol configuration (connecting to a SSL listener?) or broker version is &lt; 0.10 (see api.version.request) (after 1ms in state APIVERSION_QUERY)&#xD;
%6|1757838978.490|FAIL|ksql-dsl-client-admin#producer-11| [thrd:127.0.0.1:39092/bootstrap]: 127.0.0.1:39092/bootstrap: Disconnected while requesting ApiVersion: might be caused by incorrect security.protocol configuration (connecting to a SSL listener?) or broker version is &lt; 0.10 (see api.version.request) (after 1ms in state APIVERSION_QUERY, 1 identical error(s) suppressed)&#xD;
%3|1757838978.490|ERROR|ksql-dsl-client-admin#producer-11| [thrd:app]: ksql-dsl-client-admin#producer-11: 127.0.0.1:39092/bootstrap: Disconnected while requesting ApiVersion: might be caused by incorrect security.protocol configuration (connecting to a SSL listener?) or broker version is &lt; 0.10 (see api.version.request) (after 1ms in state APIVERSION_QUERY, 1 identical error(s) suppressed)&#xD;
%3|1757838981.488|FAIL|ksql-dsl-client-admin#producer-19| [thrd:127.0.0.1:39092/bootstrap]: 127.0.0.1:39092/bootstrap: Connect to ipv4#127.0.0.1:39092 failed: Unknown error (after 2035ms in state CONNECT)&#xD;
%3|1757838981.488|ERROR|ksql-dsl-client-admin#producer-19| [thrd:127.0.0.1:39092/bootstrap]: 1/1 brokers are down&#xD;
%3|1757838981.488|ERROR|ksql-dsl-client-admin#producer-19| [thrd:app]: ksql-dsl-client-admin#producer-19: 127.0.0.1:39092/bootstrap: Connect to ipv4#127.0.0.1:39092 failed: Unknown error (after 2035ms in state CONNECT)&#xD;
%3|1757838985.041|FAIL|ksql-dsl-client-admin#producer-11| [thrd:127.0.0.1:39092/1]: 127.0.0.1:39092/1: Connect to ipv4#127.0.0.1:39092 failed: Unknown error (after 2027ms in state CONNECT)&#xD;
%3|1757838985.041|ERROR|ksql-dsl-client-admin#producer-11| [thrd:app]: ksql-dsl-client-admin#producer-11: 127.0.0.1:39092/1: Connect to ipv4#127.0.0.1:39092 failed: Unknown error (after 2027ms in state CONNECT)&#xD;
%3|1757838985.197|FAIL|ksql-dsl-client-admin#producer-11| [thrd:127.0.0.1:39092/bootstrap]: 127.0.0.1:39092/bootstrap: Connect to ipv4#127.0.0.1:39092 failed: Unknown error (after 2039ms in state CONNECT)&#xD;
%3|1757838985.197|ERROR|ksql-dsl-client-admin#producer-11| [thrd:app]: ksql-dsl-client-admin#producer-11: 127.0.0.1:39092/bootstrap: Connect to ipv4#127.0.0.1:39092 failed: Unknown error (after 2039ms in state CONNECT)&#xD;
%3|1757838986.764|FAIL|ksql-dsl-client#consumer-29| [thrd:127.0.0.1:39092/bootstrap]: 127.0.0.1:39092/bootstrap: Connect to ipv4#127.0.0.1:39092 failed: Unknown error (after 2033ms in state CONNECT)&#xD;
%3|1757838986.764|FAIL|ksql-dsl-client-admin#producer-28| [thrd:127.0.0.1:39092/bootstrap]: 127.0.0.1:39092/bootstrap: Connect to ipv4#127.0.0.1:39092 failed: Unknown error (after 2036ms in state CONNECT)&#xD;
%3|1757838986.764|ERROR|ksql-dsl-client#consumer-29| [thrd:127.0.0.1:39092/bootstrap]: 1/1 brokers are down&#xD;
%3|1757838986.764|ERROR|ksql-dsl-client#consumer-29| [thrd:app]: ksql-dsl-client#consumer-29: 127.0.0.1:39092/bootstrap: Connect to ipv4#127.0.0.1:39092 failed: Unknown error (after 2033ms in state CONNECT)&#xD;
%3|1757838986.764|ERROR|ksql-dsl-client-admin#producer-28| [thrd:127.0.0.1:39092/bootstrap]: 1/1 brokers are down&#xD;
%3|1757838986.764|ERROR|ksql-dsl-client-admin#producer-28| [thrd:app]: ksql-dsl-client-admin#producer-28: 127.0.0.1:39092/bootstrap: Connect to ipv4#127.0.0.1:39092 failed: Unknown error (after 2036ms in state CONNECT)&#xD;
%3|1757838988.856|FAIL|ksql-dsl-client#consumer-29| [thrd:127.0.0.1:39092/bootstrap]: 127.0.0.1:39092/bootstrap: Connect to ipv4#127.0.0.1:39092 failed: Unknown error (after 2061ms in state CONNECT, 1 identical error(s) suppressed)&#xD;
%3|1757838988.856|ERROR|ksql-dsl-client#consumer-29| [thrd:app]: ksql-dsl-client#consumer-29: 127.0.0.1:39092/bootstrap: Connect to ipv4#127.0.0.1:39092 failed: Unknown error (after 2061ms in state CONNECT, 1 identical error(s) suppressed)&#xD;
%3|1757838989.760|FAIL|ksql-dsl-client-admin#producer-28| [thrd:127.0.0.1:39092/bootstrap]: 127.0.0.1:39092/bootstrap: Connect to ipv4#127.0.0.1:39092 failed: Unknown error (after 2017ms in state CONNECT, 1 identical error(s) suppressed)&#xD;
%3|1757838989.760|ERROR|ksql-dsl-client-admin#producer-28| [thrd:app]: ksql-dsl-client-admin#producer-28: 127.0.0.1:39092/bootstrap: Connect to ipv4#127.0.0.1:39092 failed: Unknown error (after 2017ms in state CONNECT, 1 identical error(s) suppressed)&#xD;
%6|1757838997.469|FAIL|ksql-dsl-client-admin#producer-11| [thrd:127.0.0.1:39092/1]: 127.0.0.1:39092/1: Disconnected while requesting ApiVersion: might be caused by incorrect security.protocol configuration (connecting to a SSL listener?) or broker version is &lt; 0.10 (see api.version.request) (after 1ms in state APIVERSION_QUERY)&#xD;
%3|1757838997.469|ERROR|ksql-dsl-client-admin#producer-11| [thrd:app]: ksql-dsl-client-admin#producer-11: 127.0.0.1:39092/1: Disconnected while requesting ApiVersion: might be caused by incorrect security.protocol configuration (connecting to a SSL listener?) or broker version is &lt; 0.10 (see api.version.request) (after 1ms in state APIVERSION_QUERY)&#xD;
%6|1757838997.484|FAIL|ksql-dsl-client-admin#producer-11| [thrd:127.0.0.1:39092/bootstrap]: 127.0.0.1:39092/bootstrap: Disconnected while requesting ApiVersion: might be caused by incorrect security.protocol configuration (connecting to a SSL listener?) or broker version is &lt; 0.10 (see api.version.request) (after 0ms in state APIVERSION_QUERY)&#xD;
%3|1757838997.484|ERROR|ksql-dsl-client-admin#producer-11| [thrd:app]: ksql-dsl-client-admin#producer-11: 127.0.0.1:39092/bootstrap: Disconnected while requesting ApiVersion: might be caused by incorrect security.protocol configuration (connecting to a SSL listener?) or broker version is &lt; 0.10 (see api.version.request) (after 0ms in state APIVERSION_QUERY)&#xD;
%6|1757838997.859|FAIL|ksql-dsl-client-admin#producer-28| [thrd:127.0.0.1:39092/bootstrap]: 127.0.0.1:39092/bootstrap: Disconnected while requesting ApiVersion: might be caused by incorrect security.protocol configuration (connecting to a SSL listener?) or broker versi</Text>
      </RunInfo>
    </RunInfos>
  </ResultSummary>
</TestRun>