<?xml version="1.0" encoding="utf-8"?>
<TestRun id="5533d7e5-4d08-4c5d-8387-18991e8b8986" name="@sagesoho01 2025-09-14 03:43:03" xmlns="http://microsoft.com/schemas/VisualStudio/TeamTest/2010">
  <Times creation="2025-09-14T03:43:03.4053000+09:00" queuing="2025-09-14T03:43:03.4053001+09:00" start="2025-09-14T03:42:59.9363922+09:00" finish="2025-09-14T03:43:18.5393985+09:00" />
  <TestSettings name="default" id="972d8dda-f57c-4543-8639-0d1aae8d58d4">
    <Deployment runDeploymentRoot="_sagesoho01_2025-09-14_03_43_03" />
  </TestSettings>
  <Results>
    <UnitTestResult executionId="bd5c349d-5350-490f-a9ca-6b7acef9666c" testId="222a08aa-0e0b-3cfc-ce7e-b3e8b43a3b5c" testName="Kafka.Ksql.Linq.Tests.Query.ValidationResultTests.Failure_CreatesInvalidResult" computerName="sagesoho01" duration="00:00:00.0002625" startTime="2025-09-14T03:43:03.7599368+09:00" endTime="2025-09-14T03:43:03.7599368+09:00" testType="13cdc9d9-ddb5-4fa4-a97d-d965ccfc6d4b" outcome="Passed" testListId="8c84fa94-04c1-424b-9868-57a2d4851a1d" relativeResultsDirectory="bd5c349d-5350-490f-a9ca-6b7acef9666c" />
    <UnitTestResult executionId="9e06d9e7-cb76-427a-b867-b77dc76ce25b" testId="b8e090eb-d179-0b57-11ec-d87509887420" testName="Kafka.Ksql.Linq.Tests.Query.Builders.Visitors.GroupByExpressionVisitorTests.ProcessGroupByFunction_Floor_ReturnsFloor" computerName="sagesoho01" duration="00:00:00.0025864" startTime="2025-09-14T03:43:03.4204954+09:00" endTime="2025-09-14T03:43:03.4204958+09:00" testType="13cdc9d9-ddb5-4fa4-a97d-d965ccfc6d4b" outcome="Passed" testListId="8c84fa94-04c1-424b-9868-57a2d4851a1d" relativeResultsDirectory="9e06d9e7-cb76-427a-b867-b77dc76ce25b" />
    <UnitTestResult executionId="115aab76-cfa8-490a-8d00-a5371df3f8b2" testId="c03944f0-272c-c627-109e-62dc92e45f12" testName="Kafka.Ksql.Linq.Tests.Query.Ddl.EntityModelDdlAdapterTests.Rocks_Created_For_TableOnly_StreamNone" computerName="sagesoho01" duration="00:00:00.0012313" startTime="2025-09-14T03:43:03.6883874+09:00" endTime="2025-09-14T03:43:03.6883875+09:00" testType="13cdc9d9-ddb5-4fa4-a97d-d965ccfc6d4b" outcome="Passed" testListId="8c84fa94-04c1-424b-9868-57a2d4851a1d" relativeResultsDirectory="115aab76-cfa8-490a-8d00-a5371df3f8b2" />
    <UnitTestResult executionId="7de7db0b-3c7e-4105-bcc0-86466fd069b0" testId="b741eadc-242c-a66e-94a5-7b8784c8f087" testName="Kafka.Ksql.Linq.Tests.ForEachAsyncDlqTests.FinalFailure_SendsDlq" computerName="sagesoho01" duration="00:00:00.4737740" startTime="2025-09-14T03:43:03.9167932+09:00" endTime="2025-09-14T03:43:03.9167934+09:00" testType="13cdc9d9-ddb5-4fa4-a97d-d965ccfc6d4b" outcome="Passed" testListId="8c84fa94-04c1-424b-9868-57a2d4851a1d" relativeResultsDirectory="7de7db0b-3c7e-4105-bcc0-86466fd069b0" />
    <UnitTestResult executionId="ac2c2510-e2cb-4b22-bb19-864fcfba30d8" testId="223d2f5b-17d6-73a1-1a46-511735a6d226" testName="Kafka.Ksql.Linq.Tests.Query.Analysis.DerivedTumblingPipelineOrderTests.Emits_DDL_in_expected_order" computerName="sagesoho01" duration="00:00:00.2503764" startTime="2025-09-14T03:43:03.4469234+09:00" endTime="2025-09-14T03:43:03.4469235+09:00" testType="13cdc9d9-ddb5-4fa4-a97d-d965ccfc6d4b" outcome="Passed" testListId="8c84fa94-04c1-424b-9868-57a2d4851a1d" relativeResultsDirectory="ac2c2510-e2cb-4b22-bb19-864fcfba30d8" />
    <UnitTestResult executionId="58184d4d-6dfd-4520-b419-3c7dba907c76" testId="dc051fc2-4569-68bb-c033-acaf24e6dd0a" testName="Kafka.Ksql.Linq.Tests.Query.Builders.Functions.KsqlFunctionTranslatorTests.Translate_Length_ReturnsLen" computerName="sagesoho01" duration="00:00:00.0005319" startTime="2025-09-14T03:43:03.5333331+09:00" endTime="2025-09-14T03:43:03.5333331+09:00" testType="13cdc9d9-ddb5-4fa4-a97d-d965ccfc6d4b" outcome="Passed" testListId="8c84fa94-04c1-424b-9868-57a2d4851a1d" relativeResultsDirectory="58184d4d-6dfd-4520-b419-3c7dba907c76" />
    <UnitTestResult executionId="0d92363c-c0e6-4355-8167-57082202d218" testId="c49fc8a3-ac67-a5b1-8837-60c90d4de976" testName="Kafka.Ksql.Linq.Tests.Query.Analysis.DerivationPlannerTests.Plan_Month_Windows_Use_Hub" computerName="sagesoho01" duration="00:00:00.0010427" startTime="2025-09-14T03:43:03.3750938+09:00" endTime="2025-09-14T03:43:03.3750939+09:00" testType="13cdc9d9-ddb5-4fa4-a97d-d965ccfc6d4b" outcome="Passed" testListId="8c84fa94-04c1-424b-9868-57a2d4851a1d" relativeResultsDirectory="0d92363c-c0e6-4355-8167-57082202d218" />
    <UnitTestResult executionId="5bea2195-bfee-41fb-b45e-4e84470ebc39" testId="54685612-572c-d43d-6455-0c59cd68c62e" testName="Kafka.Ksql.Linq.Tests.Query.Builders.Visitors.JoinExpressionVisitorTests.GetOperator_SupportedTypes_ReturnsExpected(type: GreaterThan, expected: &quot;&gt;&quot;)" computerName="sagesoho01" duration="00:00:00.0000046" startTime="2025-09-14T03:43:03.3683259+09:00" endTime="2025-09-14T03:43:03.3683259+09:00" testType="13cdc9d9-ddb5-4fa4-a97d-d965ccfc6d4b" outcome="Passed" testListId="8c84fa94-04c1-424b-9868-57a2d4851a1d" relativeResultsDirectory="5bea2195-bfee-41fb-b45e-4e84470ebc39" />
    <UnitTestResult executionId="b2ce6ec9-77df-4898-ab91-8e6be125a069" testId="c49fbb43-27d4-2306-208c-7def1b8a69fa" testName="Kafka.Ksql.Linq.Tests.Query.Dsl.KsqlQueryable2Tests.BuildCreateStatement_UsesCreateTableForAggregates" computerName="sagesoho01" duration="00:00:00.0010000" startTime="2025-09-14T03:43:03.7269444+09:00" endTime="2025-09-14T03:43:03.7269446+09:00" testType="13cdc9d9-ddb5-4fa4-a97d-d965ccfc6d4b" outcome="NotExecuted" testListId="8c84fa94-04c1-424b-9868-57a2d4851a1d" relativeResultsDirectory="b2ce6ec9-77df-4898-ab91-8e6be125a069">
      <Output>
        <StdOut>Requires join condition setup</StdOut>
      </Output>
    </UnitTestResult>
    <UnitTestResult executionId="45d6c85c-f964-4b52-b540-0c1ce55b391b" testId="5d427fcf-0fb0-f7d9-adb5-a961f670edf1" testName="Kafka.Ksql.Linq.Tests.Query.Pipeline.GeneratorBaseTests.AssembleQuery_NoValidParts_Throws" computerName="sagesoho01" duration="00:00:00.0003399" startTime="2025-09-14T03:43:03.7030600+09:00" endTime="2025-09-14T03:43:03.7030601+09:00" testType="13cdc9d9-ddb5-4fa4-a97d-d965ccfc6d4b" outcome="Passed" testListId="8c84fa94-04c1-424b-9868-57a2d4851a1d" relativeResultsDirectory="45d6c85c-f964-4b52-b540-0c1ce55b391b" />
    <UnitTestResult executionId="4b355857-c30a-4946-87e6-1582743bd330" testId="26ff1052-10f5-6717-7cda-06c02f334348" testName="Kafka.Ksql.Linq.Tests.Runtime.PeriodTests.Period_FloorUtc_Minutes5_Boundary" computerName="sagesoho01" duration="00:00:00.0041169" startTime="2025-09-14T03:43:03.4954110+09:00" endTime="2025-09-14T03:43:03.4954112+09:00" testType="13cdc9d9-ddb5-4fa4-a97d-d965ccfc6d4b" outcome="Passed" testListId="8c84fa94-04c1-424b-9868-57a2d4851a1d" relativeResultsDirectory="4b355857-c30a-4946-87e6-1582743bd330" />
    <UnitTestResult executionId="28f83ba8-da0e-4288-99c8-432e0fa967dc" testId="5e3711a3-ceb0-ff08-63af-5ce4f4db3a20" testName="Kafka.Ksql.Linq.Tests.Query.Builders.Functions.KsqlFunctionTranslatorTests.GetSqlOperator_NotEqual_ReturnsNotEquals" computerName="sagesoho01" duration="00:00:00.0000982" startTime="2025-09-14T03:43:03.5307879+09:00" endTime="2025-09-14T03:43:03.5307880+09:00" testType="13cdc9d9-ddb5-4fa4-a97d-d965ccfc6d4b" outcome="Passed" testListId="8c84fa94-04c1-424b-9868-57a2d4851a1d" relativeResultsDirectory="28f83ba8-da0e-4288-99c8-432e0fa967dc" />
    <UnitTestResult executionId="c4d54e1c-578e-42c5-ac19-16771c6dd567" testId="319a99ad-4a26-d41d-3e5c-d6b9dd9fb90e" testName="Kafka.Ksql.Linq.Tests.Query.Builders.Functions.KsqlFunctionTranslatorInternalTests.InferTypeFromMethodName_ReturnsExpected(name: &quot;SuM&quot;, expected: &quot;DOUBLE&quot;)" computerName="sagesoho01" duration="00:00:00.0000058" startTime="2025-09-14T03:43:03.7444347+09:00" endTime="2025-09-14T03:43:03.7444348+09:00" testType="13cdc9d9-ddb5-4fa4-a97d-d965ccfc6d4b" outcome="Passed" testListId="8c84fa94-04c1-424b-9868-57a2d4851a1d" relativeResultsDirectory="c4d54e1c-578e-42c5-ac19-16771c6dd567" />
    <UnitTestResult executionId="6bc52bf6-3ef2-4969-83d1-aa3ddcf10337" testId="5c0dc262-543b-bc72-80b9-902451040e70" testName="Kafka.Ksql.Linq.Tests.Query.Builders.Visitors.GroupByExpressionVisitorTests.ProcessGroupByFunction_ToString_ReturnsCast" computerName="sagesoho01" duration="00:00:00.0004410" startTime="2025-09-14T03:43:03.4255622+09:00" endTime="2025-09-14T03:43:03.4255623+09:00" testType="13cdc9d9-ddb5-4fa4-a97d-d965ccfc6d4b" outcome="Passed" testListId="8c84fa94-04c1-424b-9868-57a2d4851a1d" relativeResultsDirectory="6bc52bf6-3ef2-4969-83d1-aa3ddcf10337" />
    <UnitTestResult executionId="d80a5d7c-01b7-48fa-83f7-21b9e703ef16" testId="4352dadc-ae49-7a94-195d-baa83f1c26ac" testName="Kafka.Ksql.Linq.Tests.Application.KsqlContextOptionsExtensionsTests.WithTimeouts_SetsTimeout" computerName="sagesoho01" duration="00:00:00.0042922" startTime="2025-09-14T03:43:03.3765296+09:00" endTime="2025-09-14T03:43:03.3765297+09:00" testType="13cdc9d9-ddb5-4fa4-a97d-d965ccfc6d4b" outcome="Passed" testListId="8c84fa94-04c1-424b-9868-57a2d4851a1d" relativeResultsDirectory="d80a5d7c-01b7-48fa-83f7-21b9e703ef16" />
    <UnitTestResult executionId="1b2627e3-24fb-413f-84a1-b0223df99dc7" testId="45e382ac-8b2b-680b-b5e3-ded575d867b9" testName="Kafka.Ksql.Linq.Tests.Infrastructure.KafkaAdminServiceTests.CreateAdminConfig_WithSecurityOptions" computerName="sagesoho01" duration="00:00:00.0072190" startTime="2025-09-14T03:43:03.5728989+09:00" endTime="2025-09-14T03:43:03.5728993+09:00" testType="13cdc9d9-ddb5-4fa4-a97d-d965ccfc6d4b" outcome="Passed" testListId="8c84fa94-04c1-424b-9868-57a2d4851a1d" relativeResultsDirectory="1b2627e3-24fb-413f-84a1-b0223df99dc7" />
    <UnitTestResult executionId="d5ceaf66-af35-4db6-9841-0b7b3b2cb235" testId="60b83dc3-b48c-2702-3fdb-0c66584a38f6" testName="Kafka.Ksql.Linq.Tests.Query.Dsl.KsqlInsertStatementBuilderTests.Build_InsertSelect_GeneratesKsql" computerName="sagesoho01" duration="00:00:00.0046640" startTime="2025-09-14T03:43:03.4584735+09:00" endTime="2025-09-14T03:43:03.4584736+09:00" testType="13cdc9d9-ddb5-4fa4-a97d-d965ccfc6d4b" outcome="Passed" testListId="8c84fa94-04c1-424b-9868-57a2d4851a1d" relativeResultsDirectory="d5ceaf66-af35-4db6-9841-0b7b3b2cb235" />
    <UnitTestResult executionId="9d768878-2d8a-4678-a086-da3574c5ddb4" testId="d15589ad-f127-7483-b19a-1ec10fd5d329" testName="Kafka.Ksql.Linq.Tests.Query.Builders.Functions.KsqlFunctionTranslatorInternalTests.InferTypeFromMethodName_ReturnsExpected(name: &quot;AVG&quot;, expected: &quot;DOUBLE&quot;)" computerName="sagesoho01" duration="00:00:00.0000024" startTime="2025-09-14T03:43:03.7446003+09:00" endTime="2025-09-14T03:43:03.7446004+09:00" testType="13cdc9d9-ddb5-4fa4-a97d-d965ccfc6d4b" outcome="Passed" testListId="8c84fa94-04c1-424b-9868-57a2d4851a1d" relativeResultsDirectory="9d768878-2d8a-4678-a086-da3574c5ddb4" />
    <UnitTestResult executionId="637bf06d-79aa-4530-95bc-13f3b1aad450" testId="df1d728f-b8f9-83c4-037c-52c58cc6f270" testName="Kafka.Ksql.Linq.Tests.Query.DdlColumnDefinitionsTests.CreateStream_SingleKey_UsesKeyModifier" computerName="sagesoho01" duration="00:00:00.0025919" startTime="2025-09-14T03:43:03.6970461+09:00" endTime="2025-09-14T03:43:03.6970461+09:00" testType="13cdc9d9-ddb5-4fa4-a97d-d965ccfc6d4b" outcome="Passed" testListId="8c84fa94-04c1-424b-9868-57a2d4851a1d" relativeResultsDirectory="637bf06d-79aa-4530-95bc-13f3b1aad450" />
    <UnitTestResult executionId="cadd03a7-94aa-4bb3-a190-f7a9ccf4bfbd" testId="9b2bb106-871d-4bd2-b88b-1759602a4951" testName="Kafka.Ksql.Linq.Tests.Query.Builders.WhereClauseBuilderTests.BuildCondition_ComparisonOperators(op: &quot;&lt;=&quot;, value: 100, expected: &quot;(Amount &lt;= 100)&quot;)" computerName="sagesoho01" duration="00:00:00.0000261" startTime="2025-09-14T03:43:03.3691000+09:00" endTime="2025-09-14T03:43:03.3691001+09:00" testType="13cdc9d9-ddb5-4fa4-a97d-d965ccfc6d4b" outcome="Passed" testListId="8c84fa94-04c1-424b-9868-57a2d4851a1d" relativeResultsDirectory="cadd03a7-94aa-4bb3-a190-f7a9ccf4bfbd" />
    <UnitTestResult executionId="092ffa0b-6b8c-4168-a985-a53516258297" testId="a164f00d-bb8d-a8b3-f8af-3ac71869ce66" testName="Kafka.Ksql.Linq.Tests.Query.Pipeline.DDLQueryGeneratorTests.GenerateCreateTable_AlwaysIncludesValueFormat" computerName="sagesoho01" duration="00:00:00.0004820" startTime="2025-09-14T03:43:03.7670797+09:00" endTime="2025-09-14T03:43:03.7670798+09:00" testType="13cdc9d9-ddb5-4fa4-a97d-d965ccfc6d4b" outcome="Passed" testListId="8c84fa94-04c1-424b-9868-57a2d4851a1d" relativeResultsDirectory="092ffa0b-6b8c-4168-a985-a53516258297" />
    <UnitTestResult executionId="9be3b228-23bc-4b4d-9f56-76caca4780a7" testId="7305de6e-5395-658c-769c-5cb3595ddb5f" testName="Kafka.Ksql.Linq.Tests.Core.CoreValidationResultTests.Properties_CanBeSetViaReflection" computerName="sagesoho01" duration="00:00:00.0010000" startTime="2025-09-14T03:43:03.5459099+09:00" endTime="2025-09-14T03:43:03.5459099+09:00" testType="13cdc9d9-ddb5-4fa4-a97d-d965ccfc6d4b" outcome="NotExecuted" testListId="8c84fa94-04c1-424b-9868-57a2d4851a1d" relativeResultsDirectory="9be3b228-23bc-4b4d-9f56-76caca4780a7">
      <Output>
        <StdOut>CoreValidationResult not available</StdOut>
      </Output>
    </UnitTestResult>
    <UnitTestResult executionId="2a8fd452-8d52-43b0-9ece-ed27ee2bd74f" testId="576b3f5b-5dfa-38a5-db7f-6a5a5c07fbf5" testName="Kafka.Ksql.Linq.Tests.Mapping.SpecificRecordGeneratorTests.Generate_ClassWithNoProperties_ProducesSchemaWithoutFields" computerName="sagesoho01" duration="00:00:00.0111919" startTime="2025-09-14T03:43:03.4047329+09:00" endTime="2025-09-14T03:43:03.4047331+09:00" testType="13cdc9d9-ddb5-4fa4-a97d-d965ccfc6d4b" outcome="Passed" testListId="8c84fa94-04c1-424b-9868-57a2d4851a1d" relativeResultsDirectory="2a8fd452-8d52-43b0-9ece-ed27ee2bd74f" />
    <UnitTestResult executionId="3ac09e95-db82-4ba8-a471-0e14fc482593" testId="1fdaee0b-d441-32f2-011e-f1732fad7c07" testName="Kafka.Ksql.Linq.Tests.Infrastructure.KafkaAdminServiceTests.CreateDbTopicAsync_Succeeds_WhenTopicDoesNotExist" computerName="sagesoho01" duration="00:00:00.0018409" startTime="2025-09-14T03:43:03.6704426+09:00" endTime="2025-09-14T03:43:03.6704430+09:00" testType="13cdc9d9-ddb5-4fa4-a97d-d965ccfc6d4b" outcome="Passed" testListId="8c84fa94-04c1-424b-9868-57a2d4851a1d" relativeResultsDirectory="3ac09e95-db82-4ba8-a471-0e14fc482593" />
    <UnitTestResult executionId="86e2a868-e5c9-4511-993d-0d72e7aa4906" testId="b7b38a97-1d3d-2d1b-6811-2b16019cac54" testName="Kafka.Ksql.Linq.Tests.Application.KsqlContextOptionsTests.Validate_WithNonPositiveTimeout_Throws" computerName="sagesoho01" duration="00:00:00.0026244" startTime="2025-09-14T03:43:03.3777450+09:00" endTime="2025-09-14T03:43:03.3777451+09:00" testType="13cdc9d9-ddb5-4fa4-a97d-d965ccfc6d4b" outcome="Passed" testListId="8c84fa94-04c1-424b-9868-57a2d4851a1d" relativeResultsDirectory="86e2a868-e5c9-4511-993d-0d72e7aa4906" />
    <UnitTestResult executionId="ad9eb84d-74c0-4799-8658-809cd792f499" testId="580528d2-5189-282b-f736-3cb5d62e2cbc" testName="Kafka.Ksql.Linq.Tests.Validation.ValidationModeTests.RelaxedMode_ShouldReturnFalse_OnInvalidModel" computerName="sagesoho01" duration="00:00:00.0006296" startTime="2025-09-14T03:43:03.5514682+09:00" endTime="2025-09-14T03:43:03.5514683+09:00" testType="13cdc9d9-ddb5-4fa4-a97d-d965ccfc6d4b" outcome="Passed" testListId="8c84fa94-04c1-424b-9868-57a2d4851a1d" relativeResultsDirectory="ad9eb84d-74c0-4799-8658-809cd792f499" />
    <UnitTestResult executionId="872cf7c8-fb2d-472a-acfa-f63fb6983f35" testId="88521b15-e80b-135e-3aff-93fecf4111f8" testName="Kafka.Ksql.Linq.Tests.Query.Builders.Functions.KsqlFunctionTranslatorTests.GetSqlOperator_GreaterThan_ReturnsGreaterThan" computerName="sagesoho01" duration="00:00:00.0001461" startTime="2025-09-14T03:43:03.5342934+09:00" endTime="2025-09-14T03:43:03.5342934+09:00" testType="13cdc9d9-ddb5-4fa4-a97d-d965ccfc6d4b" outcome="Passed" testListId="8c84fa94-04c1-424b-9868-57a2d4851a1d" relativeResultsDirectory="872cf7c8-fb2d-472a-acfa-f63fb6983f35" />
    <UnitTestResult executionId="4e5d3f04-cf8a-4c8b-a623-a4d8214c2805" testId="a96523bc-4060-9925-d8dc-7e25f87f3df2" testName="Kafka.Ksql.Linq.Tests.Messaging.KafkaProducerManagerMappingTests.GetProducerAsync_Keyless_ReturnsKeylessProducer" computerName="sagesoho01" duration="00:00:00.0160835" startTime="2025-09-14T03:43:03.8679231+09:00" endTime="2025-09-14T03:43:03.8679232+09:00" testType="13cdc9d9-ddb5-4fa4-a97d-d965ccfc6d4b" outcome="Passed" testListId="8c84fa94-04c1-424b-9868-57a2d4851a1d" relativeResultsDirectory="4e5d3f04-cf8a-4c8b-a623-a4d8214c2805" />
    <UnitTestResult executionId="50a36490-6bbd-4224-b441-181b05451084" testId="5713c988-dc69-ecde-7fba-3c08d66037dd" testName="Kafka.Ksql.Linq.Tests.Query.Builders.Functions.KsqlFunctionTranslatorInternalTests.MapToKsqlType_ReturnsExpected(type: typeof(double), expected: &quot;DOUBLE&quot;)" computerName="sagesoho01" duration="00:00:00.0002350" startTime="2025-09-14T03:43:03.7426166+09:00" endTime="2025-09-14T03:43:03.7426166+09:00" testType="13cdc9d9-ddb5-4fa4-a97d-d965ccfc6d4b" outcome="Passed" testListId="8c84fa94-04c1-424b-9868-57a2d4851a1d" relativeResultsDirectory="50a36490-6bbd-4224-b441-181b05451084" />
    <UnitTestResult executionId="92125800-f6fa-48bf-a31b-f0d37d0c3df1" testId="d7ba79d4-90bb-eb9e-2fd4-56d29a5c7a4e" testName="Kafka.Ksql.Linq.Tests.Query.Builders.Visitors.GroupByExpressionVisitorTests.Visit_CompositeKey_ReturnsCommaSeparatedKeys" computerName="sagesoho01" duration="00:00:00.0046773" startTime="2025-09-14T03:43:03.4321991+09:00" endTime="2025-09-14T03:43:03.4321993+09:00" testType="13cdc9d9-ddb5-4fa4-a97d-d965ccfc6d4b" outcome="Passed" testListId="8c84fa94-04c1-424b-9868-57a2d4851a1d" relativeResultsDirectory="92125800-f6fa-48bf-a31b-f0d37d0c3df1" />
    <UnitTestResult executionId="95878b21-828c-4cf9-a6d0-10d0b2318147" testId="84ef5d51-e1bc-1c95-785d-49298e4c41e2" testName="Kafka.Ksql.Linq.Tests.Query.Builders.WhereClauseBuilderTests.BuildCondition_AndCondition_ReturnsJoinedClause" computerName="sagesoho01" duration="00:00:00.0025493" startTime="2025-09-14T03:43:03.3702129+09:00" endTime="2025-09-14T03:43:03.3702129+09:00" testType="13cdc9d9-ddb5-4fa4-a97d-d965ccfc6d4b" outcome="Passed" testListId="8c84fa94-04c1-424b-9868-57a2d4851a1d" relativeResultsDirectory="95878b21-828c-4cf9-a6d0-10d0b2318147" />
    <UnitTestResult executionId="0f3bcb37-c3f0-491c-b717-593970b331ce" testId="834d6098-fff8-e36c-0d67-a71179cd6dcf" testName="Kafka.Ksql.Linq.Tests.Runtime.Heartbeat.MarketScheduleProviderTests.MarketScheduleProvider_Loads_And_Indexes_With_ToListAsync" computerName="sagesoho01" duration="00:00:00.2365177" startTime="2025-09-14T03:43:03.4315772+09:00" endTime="2025-09-14T03:43:03.4315774+09:00" testType="13cdc9d9-ddb5-4fa4-a97d-d965ccfc6d4b" outcome="Passed" testListId="8c84fa94-04c1-424b-9868-57a2d4851a1d" relativeResultsDirectory="0f3bcb37-c3f0-491c-b717-593970b331ce" />
    <UnitTestResult executionId="bb547765-64df-4e1b-a74f-0b93ebef5818" testId="5dfb5900-b98e-a35b-587d-3ac839bb3cb8" testName="Kafka.Ksql.Linq.Tests.Infrastructure.KafkaAdminServiceTests.CreateDbTopicAsync_InvalidParameters_Throws(name: null, partitions: 1, rep: 1)" computerName="sagesoho01" duration="00:00:00.0032969" startTime="2025-09-14T03:43:03.5594306+09:00" endTime="2025-09-14T03:43:03.5594309+09:00" testType="13cdc9d9-ddb5-4fa4-a97d-d965ccfc6d4b" outcome="Passed" testListId="8c84fa94-04c1-424b-9868-57a2d4851a1d" relativeResultsDirectory="bb547765-64df-4e1b-a74f-0b93ebef5818" />
    <UnitTestResult executionId="8965d231-720d-4d5b-953d-0a135e2432af" testId="da37bce6-06f6-ed21-8e25-9513d747f63f" testName="Kafka.Ksql.Linq.Tests.ModelBuilderTests.TableAttributeTests.Keyed_Defaults_To_Stream" computerName="sagesoho01" duration="00:00:00.0250837" startTime="2025-09-14T03:43:03.3779805+09:00" endTime="2025-09-14T03:43:03.3779806+09:00" testType="13cdc9d9-ddb5-4fa4-a97d-d965ccfc6d4b" outcome="Passed" testListId="8c84fa94-04c1-424b-9868-57a2d4851a1d" relativeResultsDirectory="8965d231-720d-4d5b-953d-0a135e2432af" />
    <UnitTestResult executionId="d6a4ea67-4022-439c-b308-0fd02655722c" testId="6d902e13-b083-01fc-a33c-72c4a325ca7e" testName="Kafka.Ksql.Linq.Tests.Query.TypedJoinResultEntitySetTests.UnsupportedOperations_Throw" computerName="sagesoho01" duration="00:00:00.0033005" startTime="2025-09-14T03:43:03.9112189+09:00" endTime="2025-09-14T03:43:03.9112189+09:00" testType="13cdc9d9-ddb5-4fa4-a97d-d965ccfc6d4b" outcome="Passed" testListId="8c84fa94-04c1-424b-9868-57a2d4851a1d" relativeResultsDirectory="d6a4ea67-4022-439c-b308-0fd02655722c" />
    <UnitTestResult executionId="105d93ca-c526-4056-8455-b6e3862e3509" testId="f68f03ad-dca4-fb4d-48c7-191a331284f5" testName="Kafka.Ksql.Linq.Tests.Runtime.PeriodTests.Period_FloorUtc_Hours1_Days1_Months1" computerName="sagesoho01" duration="00:00:00.0009967" startTime="2025-09-14T03:43:03.4980392+09:00" endTime="2025-09-14T03:43:03.4980393+09:00" testType="13cdc9d9-ddb5-4fa4-a97d-d965ccfc6d4b" outcome="Passed" testListId="8c84fa94-04c1-424b-9868-57a2d4851a1d" relativeResultsDirectory="105d93ca-c526-4056-8455-b6e3862e3509" />
    <UnitTestResult executionId="9336f2c2-dc86-4b7b-b13f-c5959fb9d318" testId="aecde0b3-85b0-6764-4c16-8316ef25d53d" testName="Kafka.Ksql.Linq.Tests.Query.Pipeline.DDLQueryGeneratorTests.DynamicTopic_UsesAppsettingsConfiguredPartitions" computerName="sagesoho01" duration="00:00:00.0052687" startTime="2025-09-14T03:43:03.7820925+09:00" endTime="2025-09-14T03:43:03.7820928+09:00" testType="13cdc9d9-ddb5-4fa4-a97d-d965ccfc6d4b" outcome="Passed" testListId="8c84fa94-04c1-424b-9868-57a2d4851a1d" relativeResultsDirectory="9336f2c2-dc86-4b7b-b13f-c5959fb9d318" />
    <UnitTestResult executionId="9d05c001-2504-44a8-a4ab-d7aa9bba36f1" testId="32e2a8b1-1427-7b4d-f75e-d209150aa876" testName="Kafka.Ksql.Linq.Tests.Query.Builders.Functions.KsqlFunctionTranslatorInternalTests.MapToKsqlType_ReturnsExpected(type: typeof(byte[]), expected: &quot;BYTES&quot;)" computerName="sagesoho01" duration="00:00:00.0000014" startTime="2025-09-14T03:43:03.7436401+09:00" endTime="2025-09-14T03:43:03.7436402+09:00" testType="13cdc9d9-ddb5-4fa4-a97d-d965ccfc6d4b" outcome="Passed" testListId="8c84fa94-04c1-424b-9868-57a2d4851a1d" relativeResultsDirectory="9d05c001-2504-44a8-a4ab-d7aa9bba36f1" />
    <UnitTestResult executionId="e2762358-d917-4c22-8ce6-0d870ca79706" testId="2870b790-8d55-6974-74de-853bb7572955" testName="Kafka.Ksql.Linq.Tests.Query.Pipeline.DMLQueryGeneratorTests.GenerateLinqQuery_GroupByWithCaseWhen_ReturnsExpectedQuery" computerName="sagesoho01" duration="00:00:00.0030621" startTime="2025-09-14T03:43:03.6175538+09:00" endTime="2025-09-14T03:43:03.6175539+09:00" testType="13cdc9d9-ddb5-4fa4-a97d-d965ccfc6d4b" outcome="Passed" testListId="8c84fa94-04c1-424b-9868-57a2d4851a1d" relativeResultsDirectory="e2762358-d917-4c22-8ce6-0d870ca79706" />
    <UnitTestResult executionId="938196e5-d88a-42d5-82c3-9c0c003716d5" testId="6129cdec-87d9-b4f3-022c-4f0d2d0c5804" testName="Kafka.Ksql.Linq.Tests.Messaging.KafkaProducerManagerDisposeTests.Dispose_AfterUse_DisposesProducers" computerName="sagesoho01" duration="00:00:00.0065293" startTime="2025-09-14T03:43:03.7603468+09:00" endTime="2025-09-14T03:43:03.7603468+09:00" testType="13cdc9d9-ddb5-4fa4-a97d-d965ccfc6d4b" outcome="Passed" testListId="8c84fa94-04c1-424b-9868-57a2d4851a1d" relativeResultsDirectory="938196e5-d88a-42d5-82c3-9c0c003716d5" />
    <UnitTestResult executionId="67d1f25e-04c9-4c56-8683-13fca0986bd1" testId="da56d81a-eeda-0989-15f9-0be13962cf39" testName="Kafka.Ksql.Linq.Tests.Query.Pipeline.GeneratorBaseTests.AssembleQuery_IgnoresEmptyOptionalParts" computerName="sagesoho01" duration="00:00:00.0002742" startTime="2025-09-14T03:43:03.7020468+09:00" endTime="2025-09-14T03:43:03.7020468+09:00" testType="13cdc9d9-ddb5-4fa4-a97d-d965ccfc6d4b" outcome="Passed" testListId="8c84fa94-04c1-424b-9868-57a2d4851a1d" relativeResultsDirectory="67d1f25e-04c9-4c56-8683-13fca0986bd1" />
    <UnitTestResult executionId="6ac9582f-9ce6-4890-8d4b-0a742971e2b9" testId="3c591515-a2e1-52cc-65cb-b166e4a9ae05" testName="Kafka.Ksql.Linq.Tests.Query.Builders.GroupByClauseBuilderTests.Build_CompositeKey_ReturnsCommaSeparatedKeys" computerName="sagesoho01" duration="00:00:00.0020917" startTime="2025-09-14T03:43:03.4553969+09:00" endTime="2025-09-14T03:43:03.4553970+09:00" testType="13cdc9d9-ddb5-4fa4-a97d-d965ccfc6d4b" outcome="Passed" testListId="8c84fa94-04c1-424b-9868-57a2d4851a1d" relativeResultsDirectory="6ac9582f-9ce6-4890-8d4b-0a742971e2b9" />
    <UnitTestResult executionId="226c32ae-7bdc-4d8e-b50e-4527048bbaf6" testId="3504afcb-5f28-7865-b975-6b89e3f63860" testName="Kafka.Ksql.Linq.Tests.EventSetAutoCommitPropagationTests.ForEachAsync_PassesAutoCommit_ToConsumeAsync(flag: True)" computerName="sagesoho01" duration="00:00:00.6113831" startTime="2025-09-14T03:43:04.0554512+09:00" endTime="2025-09-14T03:43:04.0554513+09:00" testType="13cdc9d9-ddb5-4fa4-a97d-d965ccfc6d4b" outcome="Passed" testListId="8c84fa94-04c1-424b-9868-57a2d4851a1d" relativeResultsDirectory="226c32ae-7bdc-4d8e-b50e-4527048bbaf6" />
    <UnitTestResult executionId="5202160d-5144-4b5f-a834-a3057cd35fd5" testId="bdaaf14c-2c37-f977-4774-9d9354bba958" testName="Kafka.Ksql.Linq.Tests.Query.Builders.Functions.KsqlFunctionTranslatorInternalTests.MapToKsqlType_ReturnsExpected(type: typeof(System.DateTime), expected: &quot;TIMESTAMP&quot;)" computerName="sagesoho01" duration="00:00:00.0000014" startTime="2025-09-14T03:43:03.7435588+09:00" endTime="2025-09-14T03:43:03.7435591+09:00" testType="13cdc9d9-ddb5-4fa4-a97d-d965ccfc6d4b" outcome="Passed" testListId="8c84fa94-04c1-424b-9868-57a2d4851a1d" relativeResultsDirectory="5202160d-5144-4b5f-a834-a3057cd35fd5" />
    <UnitTestResult executionId="d907c144-9820-45c2-8c0a-e36aa2c11e71" testId="caa409b3-516d-beaf-9054-4d7c25001180" testName="Kafka.Ksql.Linq.Tests.Mapping.SpecificRecordGeneratorTests.Generate_DecimalProperty_RespectsPrecisionConfig" computerName="sagesoho01" duration="00:00:00.1980454" startTime="2025-09-14T03:43:03.3933755+09:00" endTime="2025-09-14T03:43:03.3933758+09:00" testType="13cdc9d9-ddb5-4fa4-a97d-d965ccfc6d4b" outcome="Passed" testListId="8c84fa94-04c1-424b-9868-57a2d4851a1d" relativeResultsDirectory="d907c144-9820-45c2-8c0a-e36aa2c11e71" />
    <UnitTestResult executionId="0d671340-a493-42ea-abf5-18cb5e29c241" testId="82555213-9634-3cd7-a62d-8c234b57258b" testName="Kafka.Ksql.Linq.Tests.Runtime.Heartbeat.MarketScheduleProviderTests.IsInSession_OpenInclusive_CloseExclusive_Boundaries" computerName="sagesoho01" duration="00:00:00.0076037" startTime="2025-09-14T03:43:03.4392081+09:00" endTime="2025-09-14T03:43:03.4392081+09:00" testType="13cdc9d9-ddb5-4fa4-a97d-d965ccfc6d4b" outcome="Passed" testListId="8c84fa94-04c1-424b-9868-57a2d4851a1d" relativeResultsDirectory="0d671340-a493-42ea-abf5-18cb5e29c241" />
    <UnitTestResult executionId="6412ca92-4f94-4d59-b0cb-c4b00b864579" testId="b58b6603-579b-3d9a-98bf-d7f25b7d9d04" testName="Kafka.Ksql.Linq.Tests.Core.LoggerFactoryExtensionsTests.CreateLoggerOrNull_ReturnsNullLoggerWhenFactoryNull" computerName="sagesoho01" duration="00:00:00.0001514" startTime="2025-09-14T03:43:03.6986863+09:00" endTime="2025-09-14T03:43:03.6986864+09:00" testType="13cdc9d9-ddb5-4fa4-a97d-d965ccfc6d4b" outcome="Passed" testListId="8c84fa94-04c1-424b-9868-57a2d4851a1d" relativeResultsDirectory="6412ca92-4f94-4d59-b0cb-c4b00b864579" />
    <UnitTestResult executionId="bb3e682e-8416-436b-aafd-9a8b8e6182d8" testId="c7d32545-9915-cc1d-68c4-8b46cac715d4" testName="Kafka.Ksql.Linq.Tests.Query.Pipeline.DMLQueryGeneratorTests.GenerateLinqQuery_GroupByWithAvgSum_ReturnsExpectedQuery" computerName="sagesoho01" duration="00:00:00.0047225" startTime="2025-09-14T03:43:03.5696737+09:00" endTime="2025-09-14T03:43:03.5696738+09:00" testType="13cdc9d9-ddb5-4fa4-a97d-d965ccfc6d4b" outcome="Passed" testListId="8c84fa94-04c1-424b-9868-57a2d4851a1d" relativeResultsDirectory="bb3e682e-8416-436b-aafd-9a8b8e6182d8" />
    <UnitTestResult executionId="c978af46-6624-40c0-a8f9-3bbb372a8600" testId="1b9cb234-d515-a174-4af7-6751ff59bd8e" testName="Kafka.Ksql.Linq.Tests.Application.KsqlContextTests.Dispose_DoesNotThrow" computerName="sagesoho01" duration="00:00:00.2055790" startTime="2025-09-14T03:43:04.1125010+09:00" endTime="2025-09-14T03:43:04.1125012+09:00" testType="13cdc9d9-ddb5-4fa4-a97d-d965ccfc6d4b" outcome="Passed" testListId="8c84fa94-04c1-424b-9868-57a2d4851a1d" relativeResultsDirectory="c978af46-6624-40c0-a8f9-3bbb372a8600" />
    <UnitTestResult executionId="ca2d81b8-0ae3-495e-81b5-a90a521d00ee" testId="2904ea48-8af7-bebe-7418-607192404253" testName="Kafka.Ksql.Linq.Tests.ForEachAsyncErrorHandlingTests.EnumeratorException_IsSkipped" computerName="sagesoho01" duration="00:00:00.0010000" startTime="2025-09-14T03:43:03.7481398+09:00" endTime="2025-09-14T03:43:03.7481398+09:00" testType="13cdc9d9-ddb5-4fa4-a97d-d965ccfc6d4b" outcome="NotExecuted" testListId="8c84fa94-04c1-424b-9868-57a2d4851a1d" relativeResultsDirectory="ca2d81b8-0ae3-495e-81b5-a90a521d00ee">
      <Output>
        <StdOut>Requires KsqlContext</StdOut>
      </Output>
    </UnitTestResult>
    <UnitTestResult executionId="7fe06fbc-d5ea-4fc0-8720-254e635b8954" testId="2fa6433f-32df-cd9b-9ec3-43155654a703" testName="Kafka.Ksql.Linq.Tests.Query.Analysis.DerivationPlannerTests.Plan_5m_Includes_1s_Hub" computerName="sagesoho01" duration="00:00:00.0707910" startTime="2025-09-14T03:43:03.3718350+09:00" endTime="2025-09-14T03:43:03.3718353+09:00" testType="13cdc9d9-ddb5-4fa4-a97d-d965ccfc6d4b" outcome="Passed" testListId="8c84fa94-04c1-424b-9868-57a2d4851a1d" relativeResultsDirectory="7fe06fbc-d5ea-4fc0-8720-254e635b8954" />
    <UnitTestResult executionId="ef8d6e67-c0cb-400d-b60a-7e9db32f38b1" testId="c6c5b1fa-a98e-295c-c7f9-c1a176708009" testName="Kafka.Ksql.Linq.Tests.Core.RegisterSchemasAndMaterializeAsyncQueryTests.RegisterSchemasAndMaterializeAsync_ProcessesGroupedQueryWithCtas" computerName="sagesoho01" duration="00:00:00.0081713" startTime="2025-09-14T03:43:03.7488996+09:00" endTime="2025-09-14T03:43:03.7488996+09:00" testType="13cdc9d9-ddb5-4fa4-a97d-d965ccfc6d4b" outcome="Passed" testListId="8c84fa94-04c1-424b-9868-57a2d4851a1d" relativeResultsDirectory="ef8d6e67-c0cb-400d-b60a-7e9db32f38b1" />
    <UnitTestResult executionId="8754df33-d302-4ad7-abc8-c7b077ab75ab" testId="1116ed1a-7087-7f17-a434-db54376cfcc9" testName="Kafka.Ksql.Linq.Tests.Query.Dsl.ToQueryDslTests.GroupByHaving_GeneratesHavingClause" computerName="sagesoho01" duration="00:00:00.0022415" startTime="2025-09-14T03:43:03.5157623+09:00" endTime="2025-09-14T03:43:03.5157624+09:00" testType="13cdc9d9-ddb5-4fa4-a97d-d965ccfc6d4b" outcome="Passed" testListId="8c84fa94-04c1-424b-9868-57a2d4851a1d" relativeResultsDirectory="8754df33-d302-4ad7-abc8-c7b077ab75ab" />
    <UnitTestResult executionId="c198a4e5-4a6d-44ed-9156-2c1d85ad7484" testId="49a5edd6-5536-0bce-22ce-e335d5867053" testName="Kafka.Ksql.Linq.Tests.Query.Dsl.KsqlQueryable2Tests.Join_WithUnqualifiedColumnInCondition_Throws" computerName="sagesoho01" duration="00:00:00.0222573" startTime="2025-09-14T03:43:03.7281779+09:00" endTime="2025-09-14T03:43:03.7281779+09:00" testType="13cdc9d9-ddb5-4fa4-a97d-d965ccfc6d4b" outcome="Passed" testListId="8c84fa94-04c1-424b-9868-57a2d4851a1d" relativeResultsDirectory="c198a4e5-4a6d-44ed-9156-2c1d85ad7484" />
    <UnitTestResult executionId="e209f8cf-c637-466b-8310-b654569c6a1c" testId="1c29fddc-3098-e69e-33f3-acad48db5027" testName="Kafka.Ksql.Linq.Tests.Query.Pipeline.GeneratorBaseTests.MapToKSqlType_ReturnsExpected(type: typeof(string), expected: &quot;VARCHAR&quot;)" computerName="sagesoho01" duration="00:00:00.0004240" startTime="2025-09-14T03:43:03.7012736+09:00" endTime="2025-09-14T03:43:03.7012737+09:00" testType="13cdc9d9-ddb5-4fa4-a97d-d965ccfc6d4b" outcome="Passed" testListId="8c84fa94-04c1-424b-9868-57a2d4851a1d" relativeResultsDirectory="e209f8cf-c637-466b-8310-b654569c6a1c" />
    <UnitTestResult executionId="2f54df20-289b-4671-a621-b59621823195" testId="628355bb-5fb1-e7b7-0b11-cb3ed9056a27" testName="Kafka.Ksql.Linq.Tests.Query.Builders.Functions.KsqlFunctionTranslatorTests.GetSqlOperator_Subtract_ReturnsMinus" computerName="sagesoho01" duration="00:00:00.0001742" startTime="2025-09-14T03:43:03.5346265+09:00" endTime="2025-09-14T03:43:03.5346266+09:00" testType="13cdc9d9-ddb5-4fa4-a97d-d965ccfc6d4b" outcome="Passed" testListId="8c84fa94-04c1-424b-9868-57a2d4851a1d" relativeResultsDirectory="2f54df20-289b-4671-a621-b59621823195" />
    <UnitTestResult executionId="c7197fe1-ef8f-415c-b980-662447065af2" testId="2d37311f-4e18-4b88-b293-80b353bd53a4" testName="Kafka.Ksql.Linq.Tests.Query.Dsl.KsqlQueryable2Tests.Select_WithAggregate_SetsAggregateFlag" computerName="sagesoho01" duration="00:00:00.0009293" startTime="2025-09-14T03:43:03.7291719+09:00" endTime="2025-09-14T03:43:03.7291720+09:00" testType="13cdc9d9-ddb5-4fa4-a97d-d965ccfc6d4b" outcome="Passed" testListId="8c84fa94-04c1-424b-9868-57a2d4851a1d" relativeResultsDirectory="c7197fe1-ef8f-415c-b980-662447065af2" />
    <UnitTestResult executionId="78202fe4-b021-41e4-b6ae-8740277aaa21" testId="8e2c7ec8-4749-ae7c-6610-e8321bb2dacc" testName="Kafka.Ksql.Linq.Tests.Runtime.Heartbeat.HeartbeatRunnerTests.Runner_Aligns_To_MinuteBoundary_And_AfterGrace" computerName="sagesoho01" duration="00:00:00.2414393" startTime="2025-09-14T03:43:03.9046561+09:00" endTime="2025-09-14T03:43:03.9046561+09:00" testType="13cdc9d9-ddb5-4fa4-a97d-d965ccfc6d4b" outcome="Passed" testListId="8c84fa94-04c1-424b-9868-57a2d4851a1d" relativeResultsDirectory="78202fe4-b021-41e4-b6ae-8740277aaa21" />
    <UnitTestResult executionId="967fac06-46fe-4d14-b1ec-688a8fe784e3" testId="443542fe-08d2-5e4a-606f-18b112495222" testName="Kafka.Ksql.Linq.Tests.ForEachAsyncStreamingTests.ForEachAsync_Cancels_With_Token" computerName="sagesoho01" duration="00:00:00.0010000" startTime="2025-09-14T03:43:03.4914745+09:00" endTime="2025-09-14T03:43:03.4914745+09:00" testType="13cdc9d9-ddb5-4fa4-a97d-d965ccfc6d4b" outcome="NotExecuted" testListId="8c84fa94-04c1-424b-9868-57a2d4851a1d" relativeResultsDirectory="967fac06-46fe-4d14-b1ec-688a8fe784e3">
      <Output>
        <StdOut>Requires KsqlContext</StdOut>
      </Output>
    </UnitTestResult>
    <UnitTestResult executionId="02a98a0b-eb8f-4ce6-8bb0-c19a5c1a0f50" testId="38962e93-e0e7-55fa-971b-84ef8c85d81a" testName="Kafka.Ksql.Linq.Tests.Query.Pipeline.WindowValidatorTests.Validate_Throws_When_BaseUnit_Not_Divide_60" computerName="sagesoho01" duration="00:00:00.0001771" startTime="2025-09-14T03:43:03.7483688+09:00" endTime="2025-09-14T03:43:03.7483688+09:00" testType="13cdc9d9-ddb5-4fa4-a97d-d965ccfc6d4b" outcome="Passed" testListId="8c84fa94-04c1-424b-9868-57a2d4851a1d" relativeResultsDirectory="02a98a0b-eb8f-4ce6-8bb0-c19a5c1a0f50" />
    <UnitTestResult executionId="39d4e7f7-eb25-4a6b-87d0-4d5641da1116" testId="b4f83068-0ebd-b97e-4892-1e657c70590c" testName="Kafka.Ksql.Linq.Tests.Query.TypedJoinResultEntitySetTests.ToListAsync_ReturnsEmptyList" computerName="sagesoho01" duration="00:00:00.3480417" startTime="2025-09-14T03:43:03.9046178+09:00" endTime="2025-09-14T03:43:03.9046179+09:00" testType="13cdc9d9-ddb5-4fa4-a97d-d965ccfc6d4b" outcome="Passed" testListId="8c84fa94-04c1-424b-9868-57a2d4851a1d" relativeResultsDirectory="39d4e7f7-eb25-4a6b-87d0-4d5641da1116" />
    <UnitTestResult executionId="e35d30f0-db7f-4f6f-915a-b2d237c41b61" testId="87405df6-9074-891a-4dd7-f566c07d522d" testName="Kafka.Ksql.Linq.Tests.Runtime.TimeBucketTests.TimeBucket_Get_1wk_ToListAsync_Prefix" computerName="sagesoho01" duration="00:00:00.0295972" startTime="2025-09-14T03:43:03.9823628+09:00" endTime="2025-09-14T03:43:03.9823630+09:00" testType="13cdc9d9-ddb5-4fa4-a97d-d965ccfc6d4b" outcome="Passed" testListId="8c84fa94-04c1-424b-9868-57a2d4851a1d" relativeResultsDirectory="e35d30f0-db7f-4f6f-915a-b2d237c41b61" />
    <UnitTestResult executionId="6842e8b8-5bf9-4694-9a5c-4c49674942d0" testId="25bfada9-29ed-9c28-4f7b-bbb05a6cc202" testName="Kafka.Ksql.Linq.Tests.Query.Builders.Visitors.JoinExpressionVisitorTests.GetOperator_SupportedTypes_ReturnsExpected(type: LessThan, expected: &quot;&lt;&quot;)" computerName="sagesoho01" duration="00:00:00.0259864" startTime="2025-09-14T03:43:03.2966064+09:00" endTime="2025-09-14T03:43:03.2966066+09:00" testType="13cdc9d9-ddb5-4fa4-a97d-d965ccfc6d4b" outcome="Passed" testListId="8c84fa94-04c1-424b-9868-57a2d4851a1d" relativeResultsDirectory="6842e8b8-5bf9-4694-9a5c-4c49674942d0" />
    <UnitTestResult executionId="28ef8496-5f52-40e4-933e-af846d002a22" testId="87e9c645-233b-ec31-53b3-331d65326c8e" testName="Kafka.Ksql.Linq.Tests.Query.Builders.JoinWithinBuilderTests.Join_With_Explicit_Within_TimeSpan_WritesSeconds" computerName="sagesoho01" duration="00:00:00.0103335" startTime="2025-09-14T03:43:03.7608936+09:00" endTime="2025-09-14T03:43:03.7608936+09:00" testType="13cdc9d9-ddb5-4fa4-a97d-d965ccfc6d4b" outcome="Passed" testListId="8c84fa94-04c1-424b-9868-57a2d4851a1d" relativeResultsDirectory="28ef8496-5f52-40e4-933e-af846d002a22" />
    <UnitTestResult executionId="13fbfb36-2ca9-4fe0-b75e-0280a9574d5a" testId="b0bef46d-8fe3-850e-746e-5327d0d95974" testName="Kafka.Ksql.Linq.Tests.Messaging.KafkaConsumerManagerTests.GetEntityModel_ThrowsWhenModelMissing" computerName="sagesoho01" duration="00:00:00.0015283" startTime="2025-09-14T03:43:03.5290014+09:00" endTime="2025-09-14T03:43:03.5290015+09:00" testType="13cdc9d9-ddb5-4fa4-a97d-d965ccfc6d4b" outcome="Passed" testListId="8c84fa94-04c1-424b-9868-57a2d4851a1d" relativeResultsDirectory="13fbfb36-2ca9-4fe0-b75e-0280a9574d5a" />
    <UnitTestResult executionId="f24b1bf6-b76d-404a-ab98-c311cfbae801" testId="b130e7e0-b64c-94b3-5257-c2d5a33c503f" testName="Kafka.Ksql.Linq.Tests.Query.Dsl.PropertyNameParsingTests.Tumbling_Extracts_TimeKey" computerName="sagesoho01" duration="00:00:00.0025900" startTime="2025-09-14T03:43:03.3736539+09:00" endTime="2025-09-14T03:43:03.3736540+09:00" testType="13cdc9d9-ddb5-4fa4-a97d-d965ccfc6d4b" outcome="Passed" testListId="8c84fa94-04c1-424b-9868-57a2d4851a1d" relativeResultsDirectory="f24b1bf6-b76d-404a-ab98-c311cfbae801" />
    <UnitTestResult executionId="fcded7de-2f64-477c-83e4-bc3e9a387e47" testId="82c8da41-9a91-6c14-9f07-ce6a08992e87" testName="Kafka.Ksql.Linq.Tests.Query.KsqlContextToQueryIntegrationTests.ToQuery_Retains_Model" computerName="sagesoho01" duration="00:00:00.2027114" startTime="2025-09-14T03:43:04.4692531+09:00" endTime="2025-09-14T03:43:04.4692536+09:00" testType="13cdc9d9-ddb5-4fa4-a97d-d965ccfc6d4b" outcome="Passed" testListId="8c84fa94-04c1-424b-9868-57a2d4851a1d" relativeResultsDirectory="fcded7de-2f64-477c-83e4-bc3e9a387e47" />
    <UnitTestResult executionId="b047286d-4d26-4e14-9c50-d17459c0fbb2" testId="908f7e20-7b86-611d-0594-2855846e3d80" testName="Kafka.Ksql.Linq.Tests.Query.Pipeline.GeneratorBaseTests.MapToKSqlType_ReturnsExpected(type: typeof(decimal), expected: &quot;DECIMAL(18, 2)&quot;)" computerName="sagesoho01" duration="00:00:00.0000054" startTime="2025-09-14T03:43:03.7018951+09:00" endTime="2025-09-14T03:43:03.7018952+09:00" testType="13cdc9d9-ddb5-4fa4-a97d-d965ccfc6d4b" outcome="Passed" testListId="8c84fa94-04c1-424b-9868-57a2d4851a1d" relativeResultsDirectory="b047286d-4d26-4e14-9c50-d17459c0fbb2" />
    <UnitTestResult executionId="76e4515c-52ba-40fb-b0ee-d09c139c51d2" testId="730a7f61-b93c-09f9-b3c1-b7cc0f94a434" testName="Kafka.Ksql.Linq.Tests.Query.Pipeline.DDLQueryGeneratorTests.GenerateCreateStream_OutsideScope_Throws" computerName="sagesoho01" duration="00:00:00.0023599" startTime="2025-09-14T03:43:03.8594787+09:00" endTime="2025-09-14T03:43:03.8594790+09:00" testType="13cdc9d9-ddb5-4fa4-a97d-d965ccfc6d4b" outcome="Passed" testListId="8c84fa94-04c1-424b-9868-57a2d4851a1d" relativeResultsDirectory="76e4515c-52ba-40fb-b0ee-d09c139c51d2" />
    <UnitTestResult executionId="85c83ad7-f760-4cd1-a7e8-199e2f834656" testId="80bf9bd6-902f-f925-ad07-faccb17a2666" testName="Kafka.Ksql.Linq.Tests.Messaging.KafkaProducerManagerTests.GetEntityModel_ReturnsModelWithAttributes" computerName="sagesoho01" duration="00:00:00.0010717" startTime="2025-09-14T03:43:03.7492523+09:00" endTime="2025-09-14T03:43:03.7492525+09:00" testType="13cdc9d9-ddb5-4fa4-a97d-d965ccfc6d4b" outcome="Passed" testListId="8c84fa94-04c1-424b-9868-57a2d4851a1d" relativeResultsDirectory="85c83ad7-f760-4cd1-a7e8-199e2f834656" />
    <UnitTestResult executionId="e0ac8ece-96f1-490e-aff3-161d39dc2625" testId="1dbe4624-bb34-f9b3-f6cc-081a036f6ad6" testName="Kafka.Ksql.Linq.Tests.Query.Pipeline.DDLQueryGeneratorTests.GenerateCreateStream_CreatesExpectedStatement" computerName="sagesoho01" duration="00:00:00.0069822" startTime="2025-09-14T03:43:03.7757090+09:00" endTime="2025-09-14T03:43:03.7757092+09:00" testType="13cdc9d9-ddb5-4fa4-a97d-d965ccfc6d4b" outcome="Passed" testListId="8c84fa94-04c1-424b-9868-57a2d4851a1d" relativeResultsDirectory="e0ac8ece-96f1-490e-aff3-161d39dc2625" />
    <UnitTestResult executionId="8cccc47d-8e71-4d4b-bcd1-5c4cfe4d7153" testId="41453dd7-468b-5655-7f76-ec3c4632d1e2" testName="Kafka.Ksql.Linq.Tests.Query.Pipeline.DMLQueryGeneratorTests.GenerateSelectAll_OutsideScope_Throws" computerName="sagesoho01" duration="00:00:00.0004021" startTime="2025-09-14T03:43:03.6249198+09:00" endTime="2025-09-14T03:43:03.6249200+09:00" testType="13cdc9d9-ddb5-4fa4-a97d-d965ccfc6d4b" outcome="Passed" testListId="8c84fa94-04c1-424b-9868-57a2d4851a1d" relativeResultsDirectory="8cccc47d-8e71-4d4b-bcd1-5c4cfe4d7153" />
    <UnitTestResult executionId="ae39ccf6-6076-4c1a-a963-4f77a8350c26" testId="ebc3ee61-2522-c854-d860-dd471b103f5e" testName="Kafka.Ksql.Linq.Tests.Query.Builders.KsqlCreateWindowedStatementBuilderTests.DetermineType_Tumbling_Returns_Table" computerName="sagesoho01" duration="00:00:00.0008884" startTime="2025-09-14T03:43:03.7683158+09:00" endTime="2025-09-14T03:43:03.7683159+09:00" testType="13cdc9d9-ddb5-4fa4-a97d-d965ccfc6d4b" outcome="Passed" testListId="8c84fa94-04c1-424b-9868-57a2d4851a1d" relativeResultsDirectory="ae39ccf6-6076-4c1a-a963-4f77a8350c26" />
    <UnitTestResult executionId="95dcc370-54ca-4d36-a57d-860c5200bf0c" testId="2401dbcb-04e0-cb3a-6afa-6452de07b9a0" testName="Kafka.Ksql.Linq.Tests.Query.Builders.Functions.KsqlFunctionTranslatorInternalTests.GetOperator_ReturnsExpected(nodeType: LessThanOrEqual, expected: &quot;&lt;=&quot;)" computerName="sagesoho01" duration="00:00:00.0000022" startTime="2025-09-14T03:43:03.7457707+09:00" endTime="2025-09-14T03:43:03.7457708+09:00" testType="13cdc9d9-ddb5-4fa4-a97d-d965ccfc6d4b" outcome="Passed" testListId="8c84fa94-04c1-424b-9868-57a2d4851a1d" relativeResultsDirectory="95dcc370-54ca-4d36-a57d-860c5200bf0c" />
    <UnitTestResult executionId="a3f7f325-6a66-4707-b33f-bfe59b07b45b" testId="1ee17d42-0231-5d3b-df27-aeb5e47286ae" testName="Kafka.Ksql.Linq.Tests.ManualCommitManagerTests.DuplicateCommit_IsIgnored" computerName="sagesoho01" duration="00:00:00.0004396" startTime="2025-09-14T03:43:03.9005333+09:00" endTime="2025-09-14T03:43:03.9005334+09:00" testType="13cdc9d9-ddb5-4fa4-a97d-d965ccfc6d4b" outcome="Passed" testListId="8c84fa94-04c1-424b-9868-57a2d4851a1d" relativeResultsDirectory="a3f7f325-6a66-4707-b33f-bfe59b07b45b" />
    <UnitTestResult executionId="30ad7848-3cd2-4589-9125-e414862a5b24" testId="c86d4271-7643-21d6-ff6f-425082962ff8" testName="Kafka.Ksql.Linq.Tests.Infrastructure.KafkaAdminServiceTests.Heartbeat_Topic_Inherits_Base_Config_And_Allows_Override" computerName="sagesoho01" duration="00:00:00.0017148" startTime="2025-09-14T03:43:03.5748304+09:00" endTime="2025-09-14T03:43:03.5748306+09:00" testType="13cdc9d9-ddb5-4fa4-a97d-d965ccfc6d4b" outcome="Passed" testListId="8c84fa94-04c1-424b-9868-57a2d4851a1d" relativeResultsDirectory="30ad7848-3cd2-4589-9125-e414862a5b24" />
    <UnitTestResult executionId="7381039b-c60d-4e7c-b932-2af21be0857e" testId="fce558d8-d348-7119-8d08-e8555e6ba5bf" testName="Kafka.Ksql.Linq.Tests.Query.Dsl.KsqlCreateStatementBuilderDslTests.Build_WithJoinWhereSelect_GeneratesKsql" computerName="sagesoho01" duration="00:00:00.0010688" startTime="2025-09-14T03:43:03.6877276+09:00" endTime="2025-09-14T03:43:03.6877277+09:00" testType="13cdc9d9-ddb5-4fa4-a97d-d965ccfc6d4b" outcome="Passed" testListId="8c84fa94-04c1-424b-9868-57a2d4851a1d" relativeResultsDirectory="7381039b-c60d-4e7c-b932-2af21be0857e" />
    <UnitTestResult executionId="2fcf28ed-9de7-455f-90ed-5dd1eeb1efca" testId="fda07afb-392e-9285-a177-e2b70e856b74" testName="Kafka.Ksql.Linq.Tests.EventSetTests.Metadata_ReturnsExpectedValues" computerName="sagesoho01" duration="00:00:00.0010388" startTime="2025-09-14T03:43:03.7286918+09:00" endTime="2025-09-14T03:43:03.7286918+09:00" testType="13cdc9d9-ddb5-4fa4-a97d-d965ccfc6d4b" outcome="Passed" testListId="8c84fa94-04c1-424b-9868-57a2d4851a1d" relativeResultsDirectory="2fcf28ed-9de7-455f-90ed-5dd1eeb1efca" />
    <UnitTestResult executionId="a86b660e-434c-4199-b5c0-2f73fe51bb3d" testId="e5684518-9c4a-5654-10a5-0ab0744477c9" testName="Kafka.Ksql.Linq.Tests.Query.Builders.Visitors.SelectExpressionVisitorDtoOrderTests.VisitNew_GroupKeyOrderMatch_NoException" computerName="sagesoho01" duration="00:00:00.0009268" startTime="2025-09-14T03:43:03.6903417+09:00" endTime="2025-09-14T03:43:03.6903417+09:00" testType="13cdc9d9-ddb5-4fa4-a97d-d965ccfc6d4b" outcome="Passed" testListId="8c84fa94-04c1-424b-9868-57a2d4851a1d" relativeResultsDirectory="a86b660e-434c-4199-b5c0-2f73fe51bb3d" />
    <UnitTestResult executionId="72b8d801-543e-45b0-a75e-631dfbb6d616" testId="115d24f5-6d7e-4567-a92a-f664e957b0d6" testName="Kafka.Ksql.Linq.Tests.Query.Pipeline.GeneratorBaseTests.MapToKSqlType_ReturnsExpected(type: typeof(byte[]), expected: &quot;BYTES&quot;)" computerName="sagesoho01" duration="00:00:00.0004698" startTime="2025-09-14T03:43:03.7014172+09:00" endTime="2025-09-14T03:43:03.7014173+09:00" testType="13cdc9d9-ddb5-4fa4-a97d-d965ccfc6d4b" outcome="Passed" testListId="8c84fa94-04c1-424b-9868-57a2d4851a1d" relativeResultsDirectory="72b8d801-543e-45b0-a75e-631dfbb6d616" />
    <UnitTestResult executionId="77c46c70-82ad-4dd8-8321-bfe3eb78c530" testId="0dbddb84-4825-cf4e-8ce2-dee3f45c4666" testName="Kafka.Ksql.Linq.Tests.EventSetTests.ForEachAsync_InvokesAction" computerName="sagesoho01" duration="00:00:00.0014409" startTime="2025-09-14T03:43:03.7276093+09:00" endTime="2025-09-14T03:43:03.7276094+09:00" testType="13cdc9d9-ddb5-4fa4-a97d-d965ccfc6d4b" outcome="Passed" testListId="8c84fa94-04c1-424b-9868-57a2d4851a1d" relativeResultsDirectory="77c46c70-82ad-4dd8-8321-bfe3eb78c530" />
    <UnitTestResult executionId="9031b3a9-df65-4c6e-be9e-12292e5c0675" testId="82a55c19-a132-a34f-e85e-da8b8129169c" testName="Kafka.Ksql.Linq.Tests.Infrastructure.KafkaAdminServiceTests.EnsureTopicExistsAsync_ThrowsWhenChildHasStructure" computerName="sagesoho01" duration="00:00:00.0015880" startTime="2025-09-14T03:43:03.6686086+09:00" endTime="2025-09-14T03:43:03.6686087+09:00" testType="13cdc9d9-ddb5-4fa4-a97d-d965ccfc6d4b" outcome="Passed" testListId="8c84fa94-04c1-424b-9868-57a2d4851a1d" relativeResultsDirectory="9031b3a9-df65-4c6e-be9e-12292e5c0675" />
    <UnitTestResult executionId="5dfa2a5a-3257-440a-a88d-4e87bfeb97ca" testId="3c927b57-6596-8ecb-df84-f9fc421871d7" testName="Kafka.Ksql.Linq.Tests.Query.Builders.Functions.KsqlFunctionRegistryTests.GetSpecialHandlingFunctions_IncludesParseAndConvert" computerName="sagesoho01" duration="00:00:00.0014372" startTime="2025-09-14T03:43:03.6987631+09:00" endTime="2025-09-14T03:43:03.6987631+09:00" testType="13cdc9d9-ddb5-4fa4-a97d-d965ccfc6d4b" outcome="Passed" testListId="8c84fa94-04c1-424b-9868-57a2d4851a1d" relativeResultsDirectory="5dfa2a5a-3257-440a-a88d-4e87bfeb97ca" />
    <UnitTestResult executionId="64e3e9e0-2a76-4333-9f88-4dda35f75866" testId="c876ad47-0169-90b8-4b87-56f0ba4952a1" testName="Kafka.Ksql.Linq.Tests.Query.Dsl.ToQueryDslTests.DecimalPrecisionMismatch_Throws" computerName="sagesoho01" duration="00:00:00.0042462" startTime="2025-09-14T03:43:03.4902890+09:00" endTime="2025-09-14T03:43:03.4902893+09:00" testType="13cdc9d9-ddb5-4fa4-a97d-d965ccfc6d4b" outcome="Passed" testListId="8c84fa94-04c1-424b-9868-57a2d4851a1d" relativeResultsDirectory="64e3e9e0-2a76-4333-9f88-4dda35f75866" />
    <UnitTestResult executionId="228ecf02-e609-4a87-ad7d-ee063cda5c54" testId="77a72f3c-b331-2858-dd33-e28674e30538" testName="Kafka.Ksql.Linq.Tests.Core.CoreExtensionsMoreTests.IsNullableProperty_WorksForNullableAndReference" computerName="sagesoho01" duration="00:00:00.0001546" startTime="2025-09-14T03:43:03.7614268+09:00" endTime="2025-09-14T03:43:03.7614270+09:00" testType="13cdc9d9-ddb5-4fa4-a97d-d965ccfc6d4b" outcome="Passed" testListId="8c84fa94-04c1-424b-9868-57a2d4851a1d" relativeResultsDirectory="228ecf02-e609-4a87-ad7d-ee063cda5c54" />
    <UnitTestResult executionId="67080585-f969-4c77-8fb7-91c79999e068" testId="9323652a-d8fd-b5c1-7569-bcb72514addb" testName="Kafka.Ksql.Linq.Tests.Query.Builders.Functions.KsqlFunctionTranslatorTests.Translate_ToLower_WithInt_Throws" computerName="sagesoho01" duration="00:00:00.0004211" startTime="2025-09-14T03:43:03.5327212+09:00" endTime="2025-09-14T03:43:03.5327212+09:00" testType="13cdc9d9-ddb5-4fa4-a97d-d965ccfc6d4b" outcome="Passed" testListId="8c84fa94-04c1-424b-9868-57a2d4851a1d" relativeResultsDirectory="67080585-f969-4c77-8fb7-91c79999e068" />
    <UnitTestResult executionId="e35e376a-5f1a-4d12-9798-e2f1d72e36e3" testId="efb6188b-9e29-7f5e-4608-c94ef00e9516" testName="Kafka.Ksql.Linq.Tests.Query.Dsl.ToQueryDslTests.WhereClause_KeyArrowApplied" computerName="sagesoho01" duration="00:00:00.0012215" startTime="2025-09-14T03:43:03.5000552+09:00" endTime="2025-09-14T03:43:03.5000553+09:00" testType="13cdc9d9-ddb5-4fa4-a97d-d965ccfc6d4b" outcome="Passed" testListId="8c84fa94-04c1-424b-9868-57a2d4851a1d" relativeResultsDirectory="e35e376a-5f1a-4d12-9798-e2f1d72e36e3" />
    <UnitTestResult executionId="91e0b8ff-b17a-4806-91d1-e858cba62559" testId="ba929396-0ce0-b30d-c844-e790b666cc33" testName="Kafka.Ksql.Linq.Tests.Query.Dsl.ToQueryDslTests.KeyPathStyle_Arrow_RendersKeyArrowForTable" computerName="sagesoho01" duration="00:00:00.0009336" startTime="2025-09-14T03:43:03.5330196+09:00" endTime="2025-09-14T03:43:03.5330196+09:00" testType="13cdc9d9-ddb5-4fa4-a97d-d965ccfc6d4b" outcome="Passed" testListId="8c84fa94-04c1-424b-9868-57a2d4851a1d" relativeResultsDirectory="91e0b8ff-b17a-4806-91d1-e858cba62559" />
    <UnitTestResult executionId="22057906-b91e-4eab-a235-25911b24dcd1" testId="5b6846f5-96e8-1338-6cb7-36804070bd21" testName="Kafka.Ksql.Linq.Tests.Query.Pipeline.JoinQueryGeneratorTests.GenerateTwoTableJoin_CompositeKeys_ReturnsJoinQuery" computerName="sagesoho01" duration="00:00:00.0028217" startTime="2025-09-14T03:43:03.3776275+09:00" endTime="2025-09-14T03:43:03.3776276+09:00" testType="13cdc9d9-ddb5-4fa4-a97d-d965ccfc6d4b" outcome="Passed" testListId="8c84fa94-04c1-424b-9868-57a2d4851a1d" relativeResultsDirectory="22057906-b91e-4eab-a235-25911b24dcd1" />
    <UnitTestResult executionId="fabfcbfd-6411-4718-bbd5-ce8a134f4c98" testId="696bd856-2bcf-3309-1196-7c5b6f2a1136" testName="Kafka.Ksql.Linq.Tests.Runtime.Heartbeat.KsqlContextRunnerTests.ToListAsync_DoesNotRequire_AppLevel_PK_Hardcode" computerName="sagesoho01" duration="00:00:00.0010000" startTime="2025-09-14T03:43:03.4996224+09:00" endTime="2025-09-14T03:43:03.4996224+09:00" testType="13cdc9d9-ddb5-4fa4-a97d-d965ccfc6d4b" outcome="NotExecuted" testListId="8c84fa94-04c1-424b-9868-57a2d4851a1d" relativeResultsDirectory="fabfcbfd-6411-4718-bbd5-ce8a134f4c98">
      <Output>
        <StdOut>Tumbling entities removed from context</StdOut>
      </Output>
    </UnitTestResult>
    <UnitTestResult executionId="0548be9f-caca-4aa7-a821-602b6891234d" testId="34f557b4-9d96-d443-1b23-96f45805b7c6" testName="Kafka.Ksql.Linq.Tests.Messaging.KafkaConsumerAutoCommitTests.ConsumeAsync_CallsBind_WhenEnableAutoCommitFalse" computerName="sagesoho01" duration="00:00:00.3290250" startTime="2025-09-14T03:43:03.8794503+09:00" endTime="2025-09-14T03:43:03.8794505+09:00" testType="13cdc9d9-ddb5-4fa4-a97d-d965ccfc6d4b" outcome="Failed" testListId="8c84fa94-04c1-424b-9868-57a2d4851a1d" relativeResultsDirectory="0548be9f-caca-4aa7-a821-602b6891234d">
      <Output>
        <ErrorInfo>
          <Message>Moq.MockException : 
Expected invocation on the mock once, but was 0 times: x =&gt; x.Bind(Kafka.Ksql.Linq.Tests.TestEntity, It.IsAny&lt;string&gt;(), It.IsAny&lt;object&gt;())

Performed invocations:

   Mock&lt;ICommitManager:3&gt; (x):
   No invocations performed.
</Message>
          <StackTrace>   at Moq.Mock.Verify(Mock mock, LambdaExpression expression, Times times, String failMessage) in /_/src/Moq/Mock.cs:line 331
   at Moq.Mock`1.Verify(Expression`1 expression, Times times) in /_/src/Moq/Mock`1.cs:line 920
   at Moq.Mock`1.Verify(Expression`1 expression, Func`1 times) in /_/src/Moq/Mock`1.cs:line 934
   at Kafka.Ksql.Linq.Tests.Messaging.KafkaConsumerAutoCommitTests.ConsumeAsync_CallsBind_WhenEnableAutoCommitFalse() in /mnt/wsl/docker-desktop-bind-mounts/Ubuntu/d9ef84556503c32434aeee48bd4028088809a87f442d883b71606c13c82f68c5/tests/Messaging/KafkaConsumerAutoCommitTests.cs:line 76
--- End of stack trace from previous location ---</StackTrace>
        </ErrorInfo>
      </Output>
    </UnitTestResult>
    <UnitTestResult executionId="ac5f94e0-b105-4f22-8e11-25a6494dec75" testId="e3669fa3-1acb-f555-b8ba-26bf6f466415" testName="Kafka.Ksql.Linq.Tests.Query.Pipeline.DMLQueryGeneratorTests.GenerateLINQQuery_JoinGroupByHavingCondition_ReturnsExpectedQuery" computerName="sagesoho01" duration="00:00:00.0084133" startTime="2025-09-14T03:43:03.5492037+09:00" endTime="2025-09-14T03:43:03.5492038+09:00" testType="13cdc9d9-ddb5-4fa4-a97d-d965ccfc6d4b" outcome="Passed" testListId="8c84fa94-04c1-424b-9868-57a2d4851a1d" relativeResultsDirectory="ac5f94e0-b105-4f22-8e11-25a6494dec75" />
    <UnitTestResult executionId="244a9a5d-2469-4779-a1ce-9a0dd3eead6a" testId="b269041c-b4dc-8f67-6eb0-c66859b1fdf5" testName="Kafka.Ksql.Linq.Tests.Query.Builders.Functions.KsqlFunctionRegistryTests.GetFunctionsByCategory_AggregateCategoryContents" computerName="sagesoho01" duration="00:00:00.0001141" startTime="2025-09-14T03:43:03.7030044+09:00" endTime="2025-09-14T03:43:03.7030044+09:00" testType="13cdc9d9-ddb5-4fa4-a97d-d965ccfc6d4b" outcome="Passed" testListId="8c84fa94-04c1-424b-9868-57a2d4851a1d" relativeResultsDirectory="244a9a5d-2469-4779-a1ce-9a0dd3eead6a" />
    <UnitTestResult executionId="1b54775f-ac72-4189-a16d-471b32268e21" testId="21dc5a7b-655d-98d0-f7c8-bb3864400695" testName="Kafka.Ksql.Linq.Tests.Query.Builders.JoinWithinBuilderTests.Join_Without_Within_Uses_Default_300s" computerName="sagesoho01" duration="00:00:00.0004332" startTime="2025-09-14T03:43:03.7607736+09:00" endTime="2025-09-14T03:43:03.7607736+09:00" testType="13cdc9d9-ddb5-4fa4-a97d-d965ccfc6d4b" outcome="Passed" testListId="8c84fa94-04c1-424b-9868-57a2d4851a1d" relativeResultsDirectory="1b54775f-ac72-4189-a16d-471b32268e21" />
    <UnitTestResult executionId="be480a19-bba4-4359-aafa-f2566cc55059" testId="085d40ce-ba7c-213b-8301-1bcf03996fe1" testName="Kafka.Ksql.Linq.Tests.Query.JoinableEntitySetTests.Join_NullArguments_Throws" computerName="sagesoho01" duration="00:00:00.0029784" startTime="2025-09-14T03:43:03.9110915+09:00" endTime="2025-09-14T03:43:03.9110919+09:00" testType="13cdc9d9-ddb5-4fa4-a97d-d965ccfc6d4b" outcome="Passed" testListId="8c84fa94-04c1-424b-9868-57a2d4851a1d" relativeResultsDirectory="be480a19-bba4-4359-aafa-f2566cc55059" />
    <UnitTestResult executionId="a63407df-5de6-4370-9025-9bee87461873" testId="444cbea8-35c3-f2b9-3857-44c2e3104544" testName="Kafka.Ksql.Linq.Tests.Query.Pipeline.DDLQueryGeneratorTests.GenerateCreateStream_IncludesSchemaFullNames" computerName="sagesoho01" duration="00:00:00.0016617" startTime="2025-09-14T03:43:03.8628038+09:00" endTime="2025-09-14T03:43:03.8628041+09:00" testType="13cdc9d9-ddb5-4fa4-a97d-d965ccfc6d4b" outcome="Passed" testListId="8c84fa94-04c1-424b-9868-57a2d4851a1d" relativeResultsDirectory="a63407df-5de6-4370-9025-9bee87461873" />
    <UnitTestResult executionId="4fefb04f-20d9-4569-949a-309ed79dc2c9" testId="06e96947-7735-3dd5-573d-a2532f8f46b7" testName="Kafka.Ksql.Linq.Tests.Query.Builders.FunctionTranslatorTests.TranslateMethodCall_UnknownMethod_Throws" computerName="sagesoho01" duration="00:00:00.0015578" startTime="2025-09-14T03:43:03.3748782+09:00" endTime="2025-09-14T03:43:03.3748783+09:00" testType="13cdc9d9-ddb5-4fa4-a97d-d965ccfc6d4b" outcome="Passed" testListId="8c84fa94-04c1-424b-9868-57a2d4851a1d" relativeResultsDirectory="4fefb04f-20d9-4569-949a-309ed79dc2c9" />
    <UnitTestResult executionId="c306fb5d-a85b-43b4-8789-ff1c10436a2b" testId="c65478b0-91f5-569a-6f34-f084747e6f7c" testName="Kafka.Ksql.Linq.Tests.Validation.ValidationModeTests.StrictMode_ShouldThrow_OnInvalidModel" computerName="sagesoho01" duration="00:00:00.0005651" startTime="2025-09-14T03:43:03.5525616+09:00" endTime="2025-09-14T03:43:03.5525616+09:00" testType="13cdc9d9-ddb5-4fa4-a97d-d965ccfc6d4b" outcome="Passed" testListId="8c84fa94-04c1-424b-9868-57a2d4851a1d" relativeResultsDirectory="c306fb5d-a85b-43b4-8789-ff1c10436a2b" />
    <UnitTestResult executionId="c49a355f-43d4-4b63-997c-a164134aeed9" testId="84edad59-8db6-3cbe-1673-a14f5f981af6" testName="Kafka.Ksql.Linq.Tests.Query.Pipeline.DMLQueryGeneratorTests.GenerateCountQuery_ReturnsExpected" computerName="sagesoho01" duration="00:00:00.0028541" startTime="2025-09-14T03:43:03.5520842+09:00" endTime="2025-09-14T03:43:03.5520843+09:00" testType="13cdc9d9-ddb5-4fa4-a97d-d965ccfc6d4b" outcome="Passed" testListId="8c84fa94-04c1-424b-9868-57a2d4851a1d" relativeResultsDirectory="c49a355f-43d4-4b63-997c-a164134aeed9" />
    <UnitTestResult executionId="1ea7c1f3-139d-4f1f-a97a-e21b922e8aa6" testId="3682a61e-2d80-d937-aa15-5579dafa6cd8" testName="Kafka.Ksql.Linq.Tests.StreamTableInterfaceRestrictionTests.Stream_ToListAsync_Throws" computerName="sagesoho01" duration="00:00:00.0009153" startTime="2025-09-14T03:43:03.7460360+09:00" endTime="2025-09-14T03:43:03.7460361+09:00" testType="13cdc9d9-ddb5-4fa4-a97d-d965ccfc6d4b" outcome="Passed" testListId="8c84fa94-04c1-424b-9868-57a2d4851a1d" relativeResultsDirectory="1ea7c1f3-139d-4f1f-a97a-e21b922e8aa6" />
    <UnitTestResult executionId="e9c8219c-8723-47d4-abc3-70720808cd64" testId="65df9699-c7eb-9141-ef75-1af801ade393" testName="Kafka.Ksql.Linq.Tests.Query.Builders.JoinLimitationEnforcerTests.ValidateJoinExpression_UnsupportedPattern_Throws" computerName="sagesoho01" duration="00:00:00.0245077" startTime="2025-09-14T03:43:03.4056267+09:00" endTime="2025-09-14T03:43:03.4056270+09:00" testType="13cdc9d9-ddb5-4fa4-a97d-d965ccfc6d4b" outcome="Passed" testListId="8c84fa94-04c1-424b-9868-57a2d4851a1d" relativeResultsDirectory="e9c8219c-8723-47d4-abc3-70720808cd64" />
    <UnitTestResult executionId="ee593027-df1c-4405-a703-0e971a59ba7a" testId="6177b730-40f5-314e-82d2-d83531de1719" testName="Kafka.Ksql.Linq.Tests.Query.Pipeline.WindowValidatorTests.Validate_Passes_For_Aligned_Windows" computerName="sagesoho01" duration="00:00:00.0000792" startTime="2025-09-14T03:43:03.7487584+09:00" endTime="2025-09-14T03:43:03.7487585+09:00" testType="13cdc9d9-ddb5-4fa4-a97d-d965ccfc6d4b" outcome="Passed" testListId="8c84fa94-04c1-424b-9868-57a2d4851a1d" relativeResultsDirectory="ee593027-df1c-4405-a703-0e971a59ba7a" />
    <UnitTestResult executionId="a9b421bf-8fad-4b2c-99d4-06b63a412b49" testId="a160f519-3e6a-c78d-4ae0-3ae46fa4c879" testName="Kafka.Ksql.Linq.Tests.ManualCommitManagerTests.TrackThenCommit_CommitsOffsetPlusOne" computerName="sagesoho01" duration="00:00:00.0008144" startTime="2025-09-14T03:43:03.8995350+09:00" endTime="2025-09-14T03:43:03.8995351+09:00" testType="13cdc9d9-ddb5-4fa4-a97d-d965ccfc6d4b" outcome="Passed" testListId="8c84fa94-04c1-424b-9868-57a2d4851a1d" relativeResultsDirectory="a9b421bf-8fad-4b2c-99d4-06b63a412b49" />
    <UnitTestResult executionId="9cba7a55-ed54-4bcc-a2f4-8f88adc404f8" testId="ce8cfae9-06fa-e08c-846c-1c88961a0fee" testName="Kafka.Ksql.Linq.Tests.Query.Pipeline.DMLQueryGeneratorTests.GenerateLinqQuery_FullClauseCombination" computerName="sagesoho01" duration="00:00:00.0055439" startTime="2025-09-14T03:43:03.5577912+09:00" endTime="2025-09-14T03:43:03.5577915+09:00" testType="13cdc9d9-ddb5-4fa4-a97d-d965ccfc6d4b" outcome="Passed" testListId="8c84fa94-04c1-424b-9868-57a2d4851a1d" relativeResultsDirectory="9cba7a55-ed54-4bcc-a2f4-8f88adc404f8" />
    <UnitTestResult executionId="b6568569-4ed4-41e1-a02b-dcc54cfba936" testId="22c37040-1555-e33b-8fea-309fb097c98c" testName="Kafka.Ksql.Linq.Tests.Query.Builders.Functions.KsqlFunctionTranslatorInternalTests.MapToKsqlType_Unsupported_Throws(type: typeof(Kafka.Ksql.Linq.Tests.Query.Builders.Functions.KsqlFunctionTranslatorInternalTests+CustomType))" computerName="sagesoho01" duration="00:00:00.0002376" startTime="2025-09-14T03:43:03.7461222+09:00" endTime="2025-09-14T03:43:03.7461222+09:00" testType="13cdc9d9-ddb5-4fa4-a97d-d965ccfc6d4b" outcome="Passed" testListId="8c84fa94-04c1-424b-9868-57a2d4851a1d" relativeResultsDirectory="b6568569-4ed4-41e1-a02b-dcc54cfba936" />
    <UnitTestResult executionId="30ccdcd9-f727-4df5-bb6c-71b54cfe5865" testId="25eb8c91-4e5b-a512-6b77-993cda56bd21" testName="Kafka.Ksql.Linq.Tests.Query.Pipeline.DMLQueryGeneratorTests.GenerateLinqQuery_NestedAggregate_ThrowsNotSupportedException" computerName="sagesoho01" duration="00:00:00.0011758" startTime="2025-09-14T03:43:03.6188172+09:00" endTime="2025-09-14T03:43:03.6188173+09:00" testType="13cdc9d9-ddb5-4fa4-a97d-d965ccfc6d4b" outcome="Passed" testListId="8c84fa94-04c1-424b-9868-57a2d4851a1d" relativeResultsDirectory="30ccdcd9-f727-4df5-bb6c-71b54cfe5865" />
    <UnitTestResult executionId="b33612aa-0234-4f7f-987f-4cf3774430d5" testId="f855d5bd-dfff-b8b9-3bfe-9ec6c6686292" testName="Kafka.Ksql.Linq.Tests.Core.LoggerFactoryExtensionsTests.CreateLoggerOrNull_UsesFactory" computerName="sagesoho01" duration="00:00:00.0007657" startTime="2025-09-14T03:43:03.7282381+09:00" endTime="2025-09-14T03:43:03.7282382+09:00" testType="13cdc9d9-ddb5-4fa4-a97d-d965ccfc6d4b" outcome="Passed" testListId="8c84fa94-04c1-424b-9868-57a2d4851a1d" relativeResultsDirectory="b33612aa-0234-4f7f-987f-4cf3774430d5" />
    <UnitTestResult executionId="86ba7b24-8393-4a2a-b1bf-510eb61253ba" testId="5fd674f4-bb72-a8e6-f87e-564ca1756f83" testName="Kafka.Ksql.Linq.Tests.Query.Builders.JoinLimitationEnforcerTests.ValidateJoinExpression_TooManyTables_Throws" computerName="sagesoho01" duration="00:00:00.0129348" startTime="2025-09-14T03:43:03.3808975+09:00" endTime="2025-09-14T03:43:03.3808976+09:00" testType="13cdc9d9-ddb5-4fa4-a97d-d965ccfc6d4b" outcome="Passed" testListId="8c84fa94-04c1-424b-9868-57a2d4851a1d" relativeResultsDirectory="86ba7b24-8393-4a2a-b1bf-510eb61253ba" />
    <UnitTestResult executionId="f2129228-f93b-48d8-9a44-4ba2c7b235a5" testId="ae84e226-f6f6-30b2-2087-4ac5c72e072a" testName="Kafka.Ksql.Linq.Tests.Query.Analysis.DerivationPlannerTests.Plan_Hour_Windows_Use_Hub" computerName="sagesoho01" duration="00:00:00.0026111" startTime="2025-09-14T03:43:03.3728849+09:00" endTime="2025-09-14T03:43:03.3728849+09:00" testType="13cdc9d9-ddb5-4fa4-a97d-d965ccfc6d4b" outcome="Passed" testListId="8c84fa94-04c1-424b-9868-57a2d4851a1d" relativeResultsDirectory="f2129228-f93b-48d8-9a44-4ba2c7b235a5" />
    <UnitTestResult executionId="16e86664-ad7e-4581-930c-fa4d9443d5c6" testId="7c78aab0-bb18-ddf7-a632-141b2727465f" testName="Kafka.Ksql.Linq.Tests.Query.Pipeline.DDLQueryGeneratorTests.ConfigToQuery_EmitsConfiguredPartitionsAndReplicas" computerName="sagesoho01" duration="00:00:00.0016650" startTime="2025-09-14T03:43:03.8540635+09:00" endTime="2025-09-14T03:43:03.8540636+09:00" testType="13cdc9d9-ddb5-4fa4-a97d-d965ccfc6d4b" outcome="Passed" testListId="8c84fa94-04c1-424b-9868-57a2d4851a1d" relativeResultsDirectory="16e86664-ad7e-4581-930c-fa4d9443d5c6" />
    <UnitTestResult executionId="852d6cbb-b880-467f-af81-78ebfa0ab49f" testId="aef47d9d-3575-0095-6d11-b700584626ed" testName="Kafka.Ksql.Linq.Tests.Query.Pipeline.DMLQueryGeneratorTests.GenerateLinqQuery_WhereNotInClause_ReturnsExpectedQuery" computerName="sagesoho01" duration="00:00:00.0135439" startTime="2025-09-14T03:43:03.4815435+09:00" endTime="2025-09-14T03:43:03.4815437+09:00" testType="13cdc9d9-ddb5-4fa4-a97d-d965ccfc6d4b" outcome="Passed" testListId="8c84fa94-04c1-424b-9868-57a2d4851a1d" relativeResultsDirectory="852d6cbb-b880-467f-af81-78ebfa0ab49f" />
    <UnitTestResult executionId="20fbc721-28e8-43a6-a814-1204a9e2b40c" testId="b15a9b7a-4b55-d263-48a7-4700f0806819" testName="Kafka.Ksql.Linq.Tests.EventSetWithRetryTests.WithRetry_DelaySpecified_RegistersContext" computerName="sagesoho01" duration="00:00:00.0016557" startTime="2025-09-14T03:43:03.7259184+09:00" endTime="2025-09-14T03:43:03.7259185+09:00" testType="13cdc9d9-ddb5-4fa4-a97d-d965ccfc6d4b" outcome="Passed" testListId="8c84fa94-04c1-424b-9868-57a2d4851a1d" relativeResultsDirectory="20fbc721-28e8-43a6-a814-1204a9e2b40c" />
    <UnitTestResult executionId="965b2ab8-eef6-4427-9ee4-54c778bf05b0" testId="bb3f6f07-925a-9077-713d-07c038d79c17" testName="Kafka.Ksql.Linq.Tests.Query.Builders.Visitors.GroupByExpressionVisitorTests.Visit_UnsupportedExpression_Throws" computerName="sagesoho01" duration="00:00:00.0018826" startTime="2025-09-14T03:43:03.4363706+09:00" endTime="2025-09-14T03:43:03.4363708+09:00" testType="13cdc9d9-ddb5-4fa4-a97d-d965ccfc6d4b" outcome="Passed" testListId="8c84fa94-04c1-424b-9868-57a2d4851a1d" relativeResultsDirectory="965b2ab8-eef6-4427-9ee4-54c778bf05b0" />
    <UnitTestResult executionId="95a0607c-06e7-4e19-872d-396ecf7bc2df" testId="4b883021-2790-8286-2c55-75249c79a658" testName="Kafka.Ksql.Linq.Tests.Query.Builders.WhereClauseBuilderTests.BuildCondition_IsNullComparison_ReturnsIsNull" computerName="sagesoho01" duration="00:00:00.0015140" startTime="2025-09-14T03:43:03.3703135+09:00" endTime="2025-09-14T03:43:03.3703135+09:00" testType="13cdc9d9-ddb5-4fa4-a97d-d965ccfc6d4b" outcome="Passed" testListId="8c84fa94-04c1-424b-9868-57a2d4851a1d" relativeResultsDirectory="95a0607c-06e7-4e19-872d-396ecf7bc2df" />
    <UnitTestResult executionId="f54bc331-c895-424c-8c22-5173f190190a" testId="e4c5c5bd-fb0c-05b4-4d48-2612c9bf6ca2" testName="Kafka.Ksql.Linq.Tests.Messaging.KafkaProducerManagerMappingTests.GetProducerAsync_Keyed_UsesMappingTypes" computerName="sagesoho01" duration="00:00:00.6566814" startTime="2025-09-14T03:43:03.8517603+09:00" endTime="2025-09-14T03:43:03.8517606+09:00" testType="13cdc9d9-ddb5-4fa4-a97d-d965ccfc6d4b" outcome="Passed" testListId="8c84fa94-04c1-424b-9868-57a2d4851a1d" relativeResultsDirectory="f54bc331-c895-424c-8c22-5173f190190a" />
    <UnitTestResult executionId="efe87fa3-f2e2-4fa7-b8d2-cda4f80cc7b6" testId="29140a2c-2c7e-179a-c66e-8907d2415a69" testName="Kafka.Ksql.Linq.Tests.Query.Analysis.DerivationPlannerTests.Plan_WhenEmpty_Adds_Fill_Entity" computerName="sagesoho01" duration="00:00:00.0014365" startTime="2025-09-14T03:43:03.3747300+09:00" endTime="2025-09-14T03:43:03.3747300+09:00" testType="13cdc9d9-ddb5-4fa4-a97d-d965ccfc6d4b" outcome="Passed" testListId="8c84fa94-04c1-424b-9868-57a2d4851a1d" relativeResultsDirectory="efe87fa3-f2e2-4fa7-b8d2-cda4f80cc7b6" />
    <UnitTestResult executionId="270ba6e5-6151-4d90-b5dc-de30e711cc5c" testId="047e7ac9-85d9-2cdf-eb16-c926a1529737" testName="Kafka.Ksql.Linq.Tests.Query.Pipeline.GeneratorBaseTests.MapToKSqlType_ReturnsExpected(type: typeof(double), expected: &quot;DOUBLE&quot;)" computerName="sagesoho01" duration="00:00:00.0000028" startTime="2025-09-14T03:43:03.7014945+09:00" endTime="2025-09-14T03:43:03.7014945+09:00" testType="13cdc9d9-ddb5-4fa4-a97d-d965ccfc6d4b" outcome="Passed" testListId="8c84fa94-04c1-424b-9868-57a2d4851a1d" relativeResultsDirectory="270ba6e5-6151-4d90-b5dc-de30e711cc5c" />
    <UnitTestResult executionId="91eca294-a3bb-42b5-aa21-d18d54418a14" testId="475af4cf-bf4d-e67c-5ffe-7620e67c157e" testName="Kafka.Ksql.Linq.Tests.Query.Pipeline.WindowStartDetectionVisitorTests.Detects_WindowStart_Alias" computerName="sagesoho01" duration="00:00:00.0004592" startTime="2025-09-14T03:43:03.7598812+09:00" endTime="2025-09-14T03:43:03.7598813+09:00" testType="13cdc9d9-ddb5-4fa4-a97d-d965ccfc6d4b" outcome="Passed" testListId="8c84fa94-04c1-424b-9868-57a2d4851a1d" relativeResultsDirectory="91eca294-a3bb-42b5-aa21-d18d54418a14" />
    <UnitTestResult executionId="ddc9252e-7c27-466e-84ea-6e63c28cea20" testId="300c3e1a-35ca-b1f4-6996-b6ab7760b84e" testName="Kafka.Ksql.Linq.Tests.Mapping.SpecificRecordGeneratorTests.Generate_NonStringDictionary_Throws" computerName="sagesoho01" duration="00:00:00.0089428" startTime="2025-09-14T03:43:03.4173043+09:00" endTime="2025-09-14T03:43:03.4173046+09:00" testType="13cdc9d9-ddb5-4fa4-a97d-d965ccfc6d4b" outcome="Passed" testListId="8c84fa94-04c1-424b-9868-57a2d4851a1d" relativeResultsDirectory="ddc9252e-7c27-466e-84ea-6e63c28cea20" />
    <UnitTestResult executionId="e9b8d89f-c5ac-4171-a94a-b1425e5bd320" testId="a70edcd2-b81b-f105-b675-13ce34d0e0d2" testName="Kafka.Ksql.Linq.Tests.Query.Dsl.PropertyNameParsingTests.Tumbling_Sets_TimeKey_On_Model" computerName="sagesoho01" duration="00:00:00.0067141" startTime="2025-09-14T03:43:03.3727160+09:00" endTime="2025-09-14T03:43:03.3727161+09:00" testType="13cdc9d9-ddb5-4fa4-a97d-d965ccfc6d4b" outcome="Passed" testListId="8c84fa94-04c1-424b-9868-57a2d4851a1d" relativeResultsDirectory="e9b8d89f-c5ac-4171-a94a-b1425e5bd320" />
    <UnitTestResult executionId="fa04e9f9-1815-4a7b-811f-7856e7112713" testId="67b527e3-2917-0508-de45-22b813bbd9ff" testName="Kafka.Ksql.Linq.Tests.Query.Pipeline.DMLQueryGeneratorTests.GenerateLinqQuery_GroupByWithExpressionKey_ReturnsExpectedQuery" computerName="sagesoho01" duration="00:00:00.1547453" startTime="2025-09-14T03:43:03.4441946+09:00" endTime="2025-09-14T03:43:03.4441947+09:00" testType="13cdc9d9-ddb5-4fa4-a97d-d965ccfc6d4b" outcome="Passed" testListId="8c84fa94-04c1-424b-9868-57a2d4851a1d" relativeResultsDirectory="fa04e9f9-1815-4a7b-811f-7856e7112713" />
    <UnitTestResult executionId="1d87d12d-bc2d-4015-a930-74e14b493159" testId="e2df1b80-9b32-3e17-e605-c9158a69f3d3" testName="Kafka.Ksql.Linq.Tests.Mapping.MappingRegistryTests.RegisterEntityModel_OverrideNamespace_UsesOverride" computerName="sagesoho01" duration="00:00:00.0037917" startTime="2025-09-14T03:43:03.7013663+09:00" endTime="2025-09-14T03:43:03.7013663+09:00" testType="13cdc9d9-ddb5-4fa4-a97d-d965ccfc6d4b" outcome="Passed" testListId="8c84fa94-04c1-424b-9868-57a2d4851a1d" relativeResultsDirectory="1d87d12d-bc2d-4015-a930-74e14b493159" />
    <UnitTestResult executionId="58acdc6d-f622-489d-bd8f-7c1d466ce3cf" testId="0fcf0763-950f-134b-d07d-e5ce06329377" testName="Kafka.Ksql.Linq.Tests.Query.Pipeline.WindowValidatorTests.Validate_Computes_Grace_Map" computerName="sagesoho01" duration="00:00:00.0001626" startTime="2025-09-14T03:43:03.7482614+09:00" endTime="2025-09-14T03:43:03.7482614+09:00" testType="13cdc9d9-ddb5-4fa4-a97d-d965ccfc6d4b" outcome="Passed" testListId="8c84fa94-04c1-424b-9868-57a2d4851a1d" relativeResultsDirectory="58acdc6d-f622-489d-bd8f-7c1d466ce3cf" />
    <UnitTestResult executionId="c32d9249-9c63-405c-9727-38ec15b25ff2" testId="9f3fccd1-09fe-6482-b9ea-f0065dd783d2" testName="Kafka.Ksql.Linq.Tests.Query.Builders.Visitors.OrderByComplexityVisitorTests.Visit_ComplexExpression_SetsFlag" computerName="sagesoho01" duration="00:00:00.0006806" startTime="2025-09-14T03:43:03.5223227+09:00" endTime="2025-09-14T03:43:03.5223229+09:00" testType="13cdc9d9-ddb5-4fa4-a97d-d965ccfc6d4b" outcome="Passed" testListId="8c84fa94-04c1-424b-9868-57a2d4851a1d" relativeResultsDirectory="c32d9249-9c63-405c-9727-38ec15b25ff2" />
    <UnitTestResult executionId="4b533e14-7ca8-40e9-b871-d3416d7ff98d" testId="8b15535d-0c4c-cf16-1964-847950fedcbe" testName="Kafka.Ksql.Linq.Tests.Core.CoreExtensionsTests.PropertyExtensions_DetectKey" computerName="sagesoho01" duration="00:00:00.0000875" startTime="2025-09-14T03:43:03.7651574+09:00" endTime="2025-09-14T03:43:03.7651574+09:00" testType="13cdc9d9-ddb5-4fa4-a97d-d965ccfc6d4b" outcome="Passed" testListId="8c84fa94-04c1-424b-9868-57a2d4851a1d" relativeResultsDirectory="4b533e14-7ca8-40e9-b871-d3416d7ff98d" />
    <UnitTestResult executionId="ec0e6452-d034-413d-a42d-083b067aa4ee" testId="0ea7800d-4489-23d1-b8a4-6ebe372ba644" testName="Kafka.Ksql.Linq.Tests.Infrastructure.KafkaAdminServiceTests.CreateDbTopicAsync_InvalidParameters_Throws(name: &quot;t&quot;, partitions: 0, rep: 1)" computerName="sagesoho01" duration="00:00:00.0003297" startTime="2025-09-14T03:43:03.5616553+09:00" endTime="2025-09-14T03:43:03.5616554+09:00" testType="13cdc9d9-ddb5-4fa4-a97d-d965ccfc6d4b" outcome="Passed" testListId="8c84fa94-04c1-424b-9868-57a2d4851a1d" relativeResultsDirectory="ec0e6452-d034-413d-a42d-083b067aa4ee" />
    <UnitTestResult executionId="9186934b-f5a1-4ae1-8cbb-9f4f409a39a3" testId="f2604344-fd1e-36e5-c3ea-d23b44f444c6" testName="Kafka.Ksql.Linq.Tests.Query.Builders.Functions.KsqlFunctionRegistryTests.InferTypeFromMethodName_ReturnsExpected(methodName: &quot;Histogram&quot;, expected: &quot;MAP&quot;)" computerName="sagesoho01" duration="00:00:00.0000367" startTime="2025-09-14T03:43:03.6976087+09:00" endTime="2025-09-14T03:43:03.6976087+09:00" testType="13cdc9d9-ddb5-4fa4-a97d-d965ccfc6d4b" outcome="Passed" testListId="8c84fa94-04c1-424b-9868-57a2d4851a1d" relativeResultsDirectory="9186934b-f5a1-4ae1-8cbb-9f4f409a39a3" />
    <UnitTestResult executionId="a965a82f-3934-4aac-9497-1175ad4019ab" testId="5742283e-e9f9-a718-f895-2afc8fcc2676" testName="Kafka.Ksql.Linq.Tests.Query.Builders.WhereClauseBuilderTests.BuildCondition_Negation_ReturnsEqualsFalse" computerName="sagesoho01" duration="00:00:00.0032412" startTime="2025-09-14T03:43:03.3694511+09:00" endTime="2025-09-14T03:43:03.3694513+09:00" testType="13cdc9d9-ddb5-4fa4-a97d-d965ccfc6d4b" outcome="Passed" testListId="8c84fa94-04c1-424b-9868-57a2d4851a1d" relativeResultsDirectory="a965a82f-3934-4aac-9497-1175ad4019ab" />
    <UnitTestResult executionId="b52a45f3-6993-4004-af33-8026dddf431b" testId="50fd4766-492b-03ea-6783-e0fce0c204ec" testName="Kafka.Ksql.Linq.Tests.Application.WaitForReadyTests.WaitForEntityReadyAsync_ThrowsOnTimeout" computerName="sagesoho01" duration="00:00:00.0010000" startTime="2025-09-14T03:43:03.5456545+09:00" endTime="2025-09-14T03:43:03.5456545+09:00" testType="13cdc9d9-ddb5-4fa4-a97d-d965ccfc6d4b" outcome="NotExecuted" testListId="8c84fa94-04c1-424b-9868-57a2d4851a1d" relativeResultsDirectory="b52a45f3-6993-4004-af33-8026dddf431b">
      <Output>
        <StdOut>Requires KsqlDb client</StdOut>
      </Output>
    </UnitTestResult>
    <UnitTestResult executionId="98ec9e49-5331-4181-aaac-2aa0ecfa6d3d" testId="913074a3-b257-b6cd-4a52-62608546d810" testName="Kafka.Ksql.Linq.Tests.EventSetWithRetryTests.WithRetry_DefaultDelay_RegistersContext" computerName="sagesoho01" duration="00:00:00.0002294" startTime="2025-09-14T03:43:03.7259917+09:00" endTime="2025-09-14T03:43:03.7259918+09:00" testType="13cdc9d9-ddb5-4fa4-a97d-d965ccfc6d4b" outcome="Passed" testListId="8c84fa94-04c1-424b-9868-57a2d4851a1d" relativeResultsDirectory="98ec9e49-5331-4181-aaac-2aa0ecfa6d3d" />
    <UnitTestResult executionId="ed0f121b-afec-4926-aab7-753f8fc16dc9" testId="99e5e738-fedf-dcbb-411a-a7f3b0eec8b3" testName="Kafka.Ksql.Linq.Tests.Query.Analysis.ProjectionAnalyzerTests.Validate_MultipleWindowStart_Throws" computerName="sagesoho01" duration="00:00:00.0004617" startTime="2025-09-14T03:43:03.7616179+09:00" endTime="2025-09-14T03:43:03.7616180+09:00" testType="13cdc9d9-ddb5-4fa4-a97d-d965ccfc6d4b" outcome="Passed" testListId="8c84fa94-04c1-424b-9868-57a2d4851a1d" relativeResultsDirectory="ed0f121b-afec-4926-aab7-753f8fc16dc9" />
    <UnitTestResult executionId="71de99c5-270c-4c79-9198-3eeec3523afc" testId="3d51595b-d9cf-dcdb-6b44-f38fab9caa2b" testName="Kafka.Ksql.Linq.Tests.Query.Pipeline.QueryAssemblyContextTests.WithExecutionMode_UpdatesFlags" computerName="sagesoho01" duration="00:00:00.0025661" startTime="2025-09-14T03:43:03.5252723+09:00" endTime="2025-09-14T03:43:03.5252727+09:00" testType="13cdc9d9-ddb5-4fa4-a97d-d965ccfc6d4b" outcome="Passed" testListId="8c84fa94-04c1-424b-9868-57a2d4851a1d" relativeResultsDirectory="71de99c5-270c-4c79-9198-3eeec3523afc" />
    <UnitTestResult executionId="77bdba65-d34b-46a3-9cf8-e0bf121e8466" testId="aefe71ca-36d0-2c47-495e-14f642f90494" testName="Kafka.Ksql.Linq.Tests.Query.Pipeline.DDLQueryGeneratorTests.ConfigEntity_EmitsConfiguredPartitionsAndReplicas" computerName="sagesoho01" duration="00:00:00.0008222" startTime="2025-09-14T03:43:03.7766598+09:00" endTime="2025-09-14T03:43:03.7766601+09:00" testType="13cdc9d9-ddb5-4fa4-a97d-d965ccfc6d4b" outcome="Passed" testListId="8c84fa94-04c1-424b-9868-57a2d4851a1d" relativeResultsDirectory="77bdba65-d34b-46a3-9cf8-e0bf121e8466" />
    <UnitTestResult executionId="9b354967-63d8-4ad9-bd89-c636ed1b3740" testId="34984aeb-7ebc-62d8-8048-926eff7902e0" testName="Kafka.Ksql.Linq.Tests.Query.Builders.Visitors.SelectExpressionVisitorGroupKeyAliasTests.VisitMemberInit_GroupKeysAndAggregates_EmitAsAliases" computerName="sagesoho01" duration="00:00:00.0034504" startTime="2025-09-14T03:43:03.3792249+09:00" endTime="2025-09-14T03:43:03.3792249+09:00" testType="13cdc9d9-ddb5-4fa4-a97d-d965ccfc6d4b" outcome="Passed" testListId="8c84fa94-04c1-424b-9868-57a2d4851a1d" relativeResultsDirectory="9b354967-63d8-4ad9-bd89-c636ed1b3740" />
    <UnitTestResult executionId="cc34035d-7cc5-4eb5-a8ad-3b974cf7f055" testId="bd38a17d-7b6a-0070-7895-028c0cc3e125" testName="Kafka.Ksql.Linq.Tests.Query.Builders.Functions.KsqlFunctionTranslatorTests.Translate_InvalidArgumentCount_Throws" computerName="sagesoho01" duration="00:00:00.0004354" startTime="2025-09-14T03:43:03.5302841+09:00" endTime="2025-09-14T03:43:03.5302841+09:00" testType="13cdc9d9-ddb5-4fa4-a97d-d965ccfc6d4b" outcome="Passed" testListId="8c84fa94-04c1-424b-9868-57a2d4851a1d" relativeResultsDirectory="cc34035d-7cc5-4eb5-a8ad-3b974cf7f055" />
    <UnitTestResult executionId="985c8e03-ecaf-4bff-bcd4-aae96a822f48" testId="ae0d7d13-7db0-f061-b60a-639f6c0d6ca9" testName="Kafka.Ksql.Linq.Tests.Core.ModelValidationResultTests.Properties_DefaultValues" computerName="sagesoho01" duration="00:00:00.0003606" startTime="2025-09-14T03:43:03.7296694+09:00" endTime="2025-09-14T03:43:03.7296694+09:00" testType="13cdc9d9-ddb5-4fa4-a97d-d965ccfc6d4b" outcome="Passed" testListId="8c84fa94-04c1-424b-9868-57a2d4851a1d" relativeResultsDirectory="985c8e03-ecaf-4bff-bcd4-aae96a822f48" />
    <UnitTestResult executionId="32cfb137-e3d6-40b9-a8d4-f4ab32d74622" testId="0ea2da5b-1fd1-b286-45c6-74b5ea04cf6d" testName="Kafka.Ksql.Linq.Tests.Query.Pipeline.GeneratorBaseTests.AssembleQuery_OrdersPartsAndTrims" computerName="sagesoho01" duration="00:00:00.0003626" startTime="2025-09-14T03:43:03.7021711+09:00" endTime="2025-09-14T03:43:03.7021711+09:00" testType="13cdc9d9-ddb5-4fa4-a97d-d965ccfc6d4b" outcome="Passed" testListId="8c84fa94-04c1-424b-9868-57a2d4851a1d" relativeResultsDirectory="32cfb137-e3d6-40b9-a8d4-f4ab32d74622" />
    <UnitTestResult executionId="2b0e92e5-5ab5-4c2f-b8c7-9ac94c665540" testId="90ed5213-3313-24ce-a144-4b68037c271d" testName="Kafka.Ksql.Linq.Tests.Query.Builders.Functions.KsqlFunctionTranslatorInternalTests.MapToKsqlType_ReturnsExpected(type: typeof(string), expected: &quot;VARCHAR&quot;)" computerName="sagesoho01" duration="00:00:00.0000017" startTime="2025-09-14T03:43:03.7428217+09:00" endTime="2025-09-14T03:43:03.7428217+09:00" testType="13cdc9d9-ddb5-4fa4-a97d-d965ccfc6d4b" outcome="Passed" testListId="8c84fa94-04c1-424b-9868-57a2d4851a1d" relativeResultsDirectory="2b0e92e5-5ab5-4c2f-b8c7-9ac94c665540" />
[...]
[xUnit.net 00:00:02.57]       Requires Schema Registry
Test 'Kafka.Ksql.Linq.Tests.Application.KsqlContextBindingEventTests.TableCacheRegistry_IsInitialized' was skipped in the test run.
Test 'Kafka.Ksql.Linq.Tests.Regression.KafkaFailureBehaviorsTests.Keyless_Entity_Produce_Should_Not_Throw_ArgumentNullException' was skipped in the test run.
Test 'Kafka.Ksql.Linq.Tests.Messaging.KafkaProducerManagerMappingTests.SendAsync_PopulatesKeyAndValueObjects' was skipped in the test run.
[xUnit.net 00:00:02.64]       Requires full Kafka context setup
Test 'Kafka.Ksql.Linq.Tests.Application.EventSetWithServicesSendTests.SendEntityAsync_UsesProducerManager' was skipped in the test run.
[xUnit.net 00:00:02.73]       Decimal precision overrides not part of current scope
Test 'Kafka.Ksql.Linq.Tests.Configuration.DecimalPrecisionConfigTests.AppsettingsOverrideWins' was skipped in the test run.
[xUnit.net 00:00:02.77]       Requires KsqlContext
[xUnit.net 00:00:02.77]       Requires KsqlContext
Test 'Kafka.Ksql.Linq.Tests.ForEachAsyncStreamingTests.ForEachAsync_Cancels_With_Token' was skipped in the test run.
Test 'Kafka.Ksql.Linq.Tests.ForEachAsyncStreamingTests.ForEachAsync_Processes_NewData_Until_Inactivity' was skipped in the test run.
[xUnit.net 00:00:02.78]       Tumbling entities removed from context
[xUnit.net 00:00:02.78]       Tumbling entities removed from context
Test 'Kafka.Ksql.Linq.Tests.Runtime.Heartbeat.KsqlContextRunnerTests.StartsDailyRefresh_And_RefreshesProvider' was skipped in the test run.
Test 'Kafka.Ksql.Linq.Tests.Runtime.Heartbeat.KsqlContextRunnerTests.ToListAsync_DoesNotRequire_AppLevel_PK_Hardcode' was skipped in the test run.
[xUnit.net 00:00:02.82]       Requires KsqlDb client
[xUnit.net 00:00:02.82]       Requires KsqlDb client
[xUnit.net 00:00:02.82]       CoreValidationResult not available
[xUnit.net 00:00:02.82]       Requires full configuration
[xUnit.net 00:00:02.82]       Requires internal serializer access
Test 'Kafka.Ksql.Linq.Tests.Application.WaitForReadyTests.WaitForEntityReadyAsync_ReturnsWhenExists' was skipped in the test run.
Test 'Kafka.Ksql.Linq.Tests.Application.WaitForReadyTests.WaitForEntityReadyAsync_ThrowsOnTimeout' was skipped in the test run.
Test 'Kafka.Ksql.Linq.Tests.Core.CoreValidationResultTests.Properties_CanBeSetViaReflection' was skipped in the test run.
Test 'Kafka.Ksql.Linq.Tests.Messaging.KafkaProducerManagerExtraTests.BuildProducerConfig_WithSecurityAndPartitioner' was skipped in the test run.
Test 'Kafka.Ksql.Linq.Tests.Messaging.KafkaProducerManagerExtraTests.SerializerCaching_WorksPerType' was skipped in the test run.
[xUnit.net 00:00:02.83]       Requires full query pipeline
Test 'Kafka.Ksql.Linq.Tests.Query.KsqlContextToQueryIntegrationTests.ToQuery_Model_IsRegisteredAndSqlGenerated' was skipped in the test run.
[xUnit.net 00:00:02.93]       Requires DlqOptions configuration
[xUnit.net 00:00:02.93]       Requires full context initialization
Test 'Kafka.Ksql.Linq.Tests.Core.DlqModelAttributeTests.DlqConfigOverridesAttribute' was skipped in the test run.
Test 'Kafka.Ksql.Linq.Tests.Core.DlqModelAttributeTests.DlqEnvelope_ShouldBeStream' was skipped in the test run.
[xUnit.net 00:00:02.94]       Disabled after key prefix changes
Test 'Kafka.Ksql.Linq.Tests.Runtime.BarsRollupTests.FiveMinuteBars_Are_Rollup_Of_OneMinuteBars' was skipped in the test run.
[xUnit.net 00:00:02.96]       Requires schema registry
Test 'Kafka.Ksql.Linq.Tests.Configuration.DecimalSchemaValidatorTests.RelaxedAdjustsScale' was skipped in the test run.
[xUnit.net 00:00:02.97]       The collection was expected to contain a single element, but it contained 4 elements.
[xUnit.net 00:00:02.97]       Stack Trace:
[xUnit.net 00:00:02.97]         /mnt/wsl/docker-desktop-bind-mounts/Ubuntu/d9ef84556503c32434aeee48bd4028088809a87f442d883b71606c13c82f68c5/tests/Core/EnsureQueryEntityDdlAsyncTests.cs(152,0): at Kafka.Ksql.Linq.Tests.Core.EnsureQueryEntityDdlAsyncTests.GroupByQuery_IgnoresExplicitStream_LogsCtas()
[xUnit.net 00:00:02.97]         --- End of stack trace from previous location ---
[xUnit.net 00:00:02.98]       Assert.Equal() Failure
[xUnit.net 00:00:02.98]       Expected: 2
[xUnit.net 00:00:02.98]       Actual:   4
[xUnit.net 00:00:02.98]       Stack Trace:
[xUnit.net 00:00:02.98]         /mnt/wsl/docker-desktop-bind-mounts/Ubuntu/d9ef84556503c32434aeee48bd4028088809a87f442d883b71606c13c82f68c5/tests/Core/EnsureQueryEntityDdlAsyncTests.cs(105,0): at Kafka.Ksql.Linq.Tests.Core.EnsureQueryEntityDdlAsyncTests.LogsCreateThenInsert()
[xUnit.net 00:00:02.98]         --- End of stack trace from previous location ---
[xUnit.net 00:00:02.98]       Assert.Equal() Failure
[xUnit.net 00:00:02.98]       Expected: 2
[xUnit.net 00:00:02.98]       Actual:   4
[xUnit.net 00:00:02.98]       Stack Trace:
[xUnit.net 00:00:02.98]         /mnt/wsl/docker-desktop-bind-mounts/Ubuntu/d9ef84556503c32434aeee48bd4028088809a87f442d883b71606c13c82f68c5/tests/Core/EnsureQueryEntityDdlAsyncTests.cs(200,0): at Kafka.Ksql.Linq.Tests.Core.EnsureQueryEntityDdlAsyncTests.ExplicitTableWithoutAggregation_LogsCreateThenInsert()
[xUnit.net 00:00:02.98]         --- End of stack trace from previous location ---
[xUnit.net 00:00:03.00]       Requires join condition setup
[xUnit.net 00:00:03.00]       The collection was expected to contain a single element, but it contained 4 elements.
[xUnit.net 00:00:03.00]       Stack Trace:
[xUnit.net 00:00:03.00]         /mnt/wsl/docker-desktop-bind-mounts/Ubuntu/d9ef84556503c32434aeee48bd4028088809a87f442d883b71606c13c82f68c5/tests/Core/EnsureQueryEntityDdlAsyncTests.cs(248,0): at Kafka.Ksql.Linq.Tests.Core.EnsureQueryEntityDdlAsyncTests.LogsCtasForTable()
[xUnit.net 00:00:03.00]         --- End of stack trace from previous location ---
Test 'Kafka.Ksql.Linq.Tests.Query.Dsl.KsqlQueryable2Tests.BuildCreateStatement_UsesCreateTableForAggregates' was skipped in the test run.
[xUnit.net 00:00:03.00]       Requires KsqlContext
Test 'Kafka.Ksql.Linq.Tests.DlqStreamRestrictionsTests.DlqStream_ForEachAsync_Allows' was skipped in the test run.
[xUnit.net 00:00:03.01]       Within check not enforced
[xUnit.net 00:00:03.01]       Requires Kafka REST proxy
Test 'Kafka.Ksql.Linq.Tests.Query.Dsl.KsqlQueryable2Tests.Join_WithoutWithin_Throws' was skipped in the test run.
Test 'Kafka.Ksql.Linq.Tests.Validation.KafkaRestProxyValidationTests.Appsettings_ShouldMapCorrectly_AndSendKafkaMessage' was skipped in the test run.
[xUnit.net 00:00:03.02]       Requires KsqlContext
Test 'Kafka.Ksql.Linq.Tests.ForEachAsyncErrorHandlingTests.EnumeratorException_IsSkipped' was skipped in the test run.
[xUnit.net 00:00:03.03]       Requires full producer configuration
Test 'Kafka.Ksql.Linq.Tests.Messaging.KafkaProducerManagerTests.BuildProducerConfig_ReturnsConfiguredValues' was skipped in the test run.
[xUnit.net 00:00:03.04]       Requires KsqlContext
Test 'Kafka.Ksql.Linq.Tests.EventSetMapTests.Map_ForEachAsync_ReturnsMappedValues' was skipped in the test run.
[xUnit.net 00:00:03.05]       Requires full KsqlContext initialization
Test 'Kafka.Ksql.Linq.Tests.Application.EventSetWithServicesTests.Constructors_CreateInstances' was skipped in the test run.
[xUnit.net 00:00:03.15]       Moq.MockException : 
[xUnit.net 00:00:03.15]       Expected invocation on the mock once, but was 0 times: x =&gt; x.Bind(Kafka.Ksql.Linq.Tests.TestEntity, It.IsAny&lt;string&gt;(), It.IsAny&lt;object&gt;())
[xUnit.net 00:00:03.15]       
[xUnit.net 00:00:03.15]       Performed invocations:
[xUnit.net 00:00:03.15]       
[xUnit.net 00:00:03.15]          Mock&lt;ICommitManager:3&gt; (x):
[xUnit.net 00:00:03.15]          No invocations performed.
[xUnit.net 00:00:03.16]       
[xUnit.net 00:00:03.16]       Stack Trace:
[xUnit.net 00:00:03.16]         /_/src/Moq/Mock.cs(331,0): at Moq.Mock.Verify(Mock mock, LambdaExpression expression, Times times, String failMessage)
[xUnit.net 00:00:03.16]         /_/src/Moq/Mock`1.cs(920,0): at Moq.Mock`1.Verify(Expression`1 expression, Times times)
[xUnit.net 00:00:03.16]         /_/src/Moq/Mock`1.cs(934,0): at Moq.Mock`1.Verify(Expression`1 expression, Func`1 times)
[xUnit.net 00:00:03.16]         /mnt/wsl/docker-desktop-bind-mounts/Ubuntu/d9ef84556503c32434aeee48bd4028088809a87f442d883b71606c13c82f68c5/tests/Messaging/KafkaConsumerAutoCommitTests.cs(76,0): at Kafka.Ksql.Linq.Tests.Messaging.KafkaConsumerAutoCommitTests.ConsumeAsync_CallsBind_WhenEnableAutoCommitFalse()
[xUnit.net 00:00:03.16]         --- End of stack trace from previous location ---
[xUnit.net 00:00:03.18]       Requires HTTP client wiring
Test 'Kafka.Ksql.Linq.Tests.Application.KsqlContextTests.KsqlDbUrl_OverridesSchemaRegistryPort' was skipped in the test run.
[xUnit.net 00:00:03.18]       Assert.False() Failure
[xUnit.net 00:00:03.18]       Expected: False
[xUnit.net 00:00:03.18]       Actual:   True
[xUnit.net 00:00:03.18]       Stack Trace:
[xUnit.net 00:00:03.18]         /mnt/wsl/docker-desktop-bind-mounts/Ubuntu/d9ef84556503c32434aeee48bd4028088809a87f442d883b71606c13c82f68c5/tests/Messaging/KafkaConsumerAutoCommitTests.cs(89,0): at Kafka.Ksql.Linq.Tests.Messaging.KafkaConsumerAutoCommitTests.BuildConsumerConfig_Respects_EnableAutoCommit_FromTopic()
[xUnit.net 00:00:03.18]            at System.RuntimeMethodHandle.InvokeMethod(Object target, Void** arguments, Signature sig, Boolean isConstructor)
[xUnit.net 00:00:03.18]            at System.Reflection.MethodBaseInvoker.InvokeWithNoArgs(Object obj, BindingFlags invokeAttr)
[xUnit.net 00:00:03.23]       Tumbling entities removed from context
[xUnit.net 00:00:03.23]       Tumbling entities removed from context
Test 'Kafka.Ksql.Linq.Tests.Runtime.Heartbeat.KsqlContextRunnerTests.KsqlContext_StartsLeaderElection_Then_Runner_WhenHasTumbling' was skipped in the test run.
Test 'Kafka.Ksql.Linq.Tests.Runtime.Heartbeat.KsqlContextRunnerTests.ToQuery_WithTumbling_Triggers_MarketSchedule_Load_Once' was skipped in the test run.
[xUnit.net 00:00:17.79]   Finished:    Kafka.Ksql.Linq.Tests
</StdOut>
    </Output>
    <RunInfos>
      <RunInfo computerName="sagesoho01" outcome="Warning" timestamp="2025-09-14T03:43:03.2502412+09:00">
        <Text>[xUnit.net 00:00:02.52]     Kafka.Ksql.Linq.Tests.Application.KsqlContextBindingEventTests.TableCacheRegistry_IsInitialized [SKIP]</Text>
      </RunInfo>
      <RunInfo computerName="sagesoho01" outcome="Warning" timestamp="2025-09-14T03:43:03.2794776+09:00">
        <Text>[xUnit.net 00:00:02.56]     Kafka.Ksql.Linq.Tests.Regression.KafkaFailureBehaviorsTests.Keyless_Entity_Produce_Should_Not_Throw_ArgumentNullException [SKIP]</Text>
      </RunInfo>
      <RunInfo computerName="sagesoho01" outcome="Warning" timestamp="2025-09-14T03:43:03.2937429+09:00">
        <Text>[xUnit.net 00:00:02.57]     Kafka.Ksql.Linq.Tests.Messaging.KafkaProducerManagerMappingTests.SendAsync_PopulatesKeyAndValueObjects [SKIP]</Text>
      </RunInfo>
      <RunInfo computerName="sagesoho01" outcome="Warning" timestamp="2025-09-14T03:43:03.4168533+09:00">
        <Text>[xUnit.net 00:00:02.64]     Kafka.Ksql.Linq.Tests.Application.EventSetWithServicesSendTests.SendEntityAsync_UsesProducerManager [SKIP]</Text>
      </RunInfo>
      <RunInfo computerName="sagesoho01" outcome="Warning" timestamp="2025-09-14T03:43:03.4542782+09:00">
        <Text>[xUnit.net 00:00:02.73]     Kafka.Ksql.Linq.Tests.Configuration.DecimalPrecisionConfigTests.AppsettingsOverrideWins [SKIP]</Text>
      </RunInfo>
      <RunInfo computerName="sagesoho01" outcome="Warning" timestamp="2025-09-14T03:43:03.4925780+09:00">
        <Text>[xUnit.net 00:00:02.77]     Kafka.Ksql.Linq.Tests.ForEachAsyncStreamingTests.ForEachAsync_Cancels_With_Token [SKIP]</Text>
      </RunInfo>
      <RunInfo computerName="sagesoho01" outcome="Warning" timestamp="2025-09-14T03:43:03.4927463+09:00">
        <Text>[xUnit.net 00:00:02.77]     Kafka.Ksql.Linq.Tests.ForEachAsyncStreamingTests.ForEachAsync_Processes_NewData_Until_Inactivity [SKIP]</Text>
      </RunInfo>
      <RunInfo computerName="sagesoho01" outcome="Warning" timestamp="2025-09-14T03:43:03.5077613+09:00">
        <Text>[xUnit.net 00:00:02.78]     Kafka.Ksql.Linq.Tests.Runtime.Heartbeat.KsqlContextRunnerTests.StartsDailyRefresh_And_RefreshesProvider [SKIP]</Text>
      </RunInfo>
      <RunInfo computerName="sagesoho01" outcome="Warning" timestamp="2025-09-14T03:43:03.5077998+09:00">
        <Text>[xUnit.net 00:00:02.78]     Kafka.Ksql.Linq.Tests.Runtime.Heartbeat.KsqlContextRunnerTests.ToListAsync_DoesNotRequire_AppLevel_PK_Hardcode [SKIP]</Text>
      </RunInfo>
      <RunInfo computerName="sagesoho01" outcome="Warning" timestamp="2025-09-14T03:43:03.5463963+09:00">
        <Text>[xUnit.net 00:00:02.82]     Kafka.Ksql.Linq.Tests.Application.WaitForReadyTests.WaitForEntityReadyAsync_ReturnsWhenExists [SKIP]</Text>
      </RunInfo>
      <RunInfo computerName="sagesoho01" outcome="Warning" timestamp="2025-09-14T03:43:03.5464702+09:00">
        <Text>[xUnit.net 00:00:02.82]     Kafka.Ksql.Linq.Tests.Application.WaitForReadyTests.WaitForEntityReadyAsync_ThrowsOnTimeout [SKIP]</Text>
      </RunInfo>
      <RunInfo computerName="sagesoho01" outcome="Warning" timestamp="2025-09-14T03:43:03.5464842+09:00">
        <Text>[xUnit.net 00:00:02.82]     Kafka.Ksql.Linq.Tests.Core.CoreValidationResultTests.Properties_CanBeSetViaReflection [SKIP]</Text>
      </RunInfo>
      <RunInfo computerName="sagesoho01" outcome="Warning" timestamp="2025-09-14T03:43:03.5466282+09:00">
        <Text>[xUnit.net 00:00:02.82]     Kafka.Ksql.Linq.Tests.Messaging.KafkaProducerManagerExtraTests.BuildProducerConfig_WithSecurityAndPartitioner [SKIP]</Text>
      </RunInfo>
      <RunInfo computerName="sagesoho01" outcome="Warning" timestamp="2025-09-14T03:43:03.5479296+09:00">
        <Text>[xUnit.net 00:00:02.82]     Kafka.Ksql.Linq.Tests.Messaging.KafkaProducerManagerExtraTests.SerializerCaching_WorksPerType [SKIP]</Text>
      </RunInfo>
      <RunInfo computerName="sagesoho01" outcome="Warning" timestamp="2025-09-14T03:43:03.5534144+09:00">
        <Text>[xUnit.net 00:00:02.83]     Kafka.Ksql.Linq.Tests.Query.KsqlContextToQueryIntegrationTests.ToQuery_Model_IsRegisteredAndSqlGenerated [SKIP]</Text>
      </RunInfo>
      <RunInfo computerName="sagesoho01" outcome="Warning" timestamp="2025-09-14T03:43:03.6498581+09:00">
        <Text>[xUnit.net 00:00:02.93]     Kafka.Ksql.Linq.Tests.Core.DlqModelAttributeTests.DlqConfigOverridesAttribute [SKIP]</Text>
      </RunInfo>
      <RunInfo computerName="sagesoho01" outcome="Warning" timestamp="2025-09-14T03:43:03.6500327+09:00">
        <Text>[xUnit.net 00:00:02.93]     Kafka.Ksql.Linq.Tests.Core.DlqModelAttributeTests.DlqEnvelope_ShouldBeStream [SKIP]</Text>
      </RunInfo>
      <RunInfo computerName="sagesoho01" outcome="Warning" timestamp="2025-09-14T03:43:03.6685125+09:00">
        <Text>[xUnit.net 00:00:02.94]     Kafka.Ksql.Linq.Tests.Runtime.BarsRollupTests.FiveMinuteBars_Are_Rollup_Of_OneMinuteBars [SKIP]</Text>
      </RunInfo>
      <RunInfo computerName="sagesoho01" outcome="Warning" timestamp="2025-09-14T03:43:03.6887363+09:00">
        <Text>[xUnit.net 00:00:02.96]     Kafka.Ksql.Linq.Tests.Configuration.DecimalSchemaValidatorTests.RelaxedAdjustsScale [SKIP]</Text>
      </RunInfo>
      <RunInfo computerName="sagesoho01" outcome="Error" timestamp="2025-09-14T03:43:03.6942480+09:00">
        <Text>[xUnit.net 00:00:02.97]     Kafka.Ksql.Linq.Tests.Core.EnsureQueryEntityDdlAsyncTests.GroupByQuery_IgnoresExplicitStream_LogsCtas [FAIL]</Text>
      </RunInfo>
      <RunInfo computerName="sagesoho01" outcome="Error" timestamp="2025-09-14T03:43:03.7005125+09:00">
        <Text>[xUnit.net 00:00:02.98]     Kafka.Ksql.Linq.Tests.Core.EnsureQueryEntityDdlAsyncTests.LogsCreateThenInsert [FAIL]</Text>
      </RunInfo>
      <RunInfo computerName="sagesoho01" outcome="Error" timestamp="2025-09-14T03:43:03.7034460+09:00">
        <Text>[xUnit.net 00:00:02.98]     Kafka.Ksql.Linq.Tests.Core.EnsureQueryEntityDdlAsyncTests.ExplicitTableWithoutAggregation_LogsCreateThenInsert [FAIL]</Text>
      </RunInfo>
      <RunInfo computerName="sagesoho01" outcome="Warning" timestamp="2025-09-14T03:43:03.7277386+09:00">
        <Text>[xUnit.net 00:00:03.00]     Kafka.Ksql.Linq.Tests.Query.Dsl.KsqlQueryable2Tests.BuildCreateStatement_UsesCreateTableForAggregates [SKIP]</Text>
      </RunInfo>
      <RunInfo computerName="sagesoho01" outcome="Error" timestamp="2025-09-14T03:43:03.7278101+09:00">
        <Text>[xUnit.net 00:00:03.00]     Kafka.Ksql.Linq.Tests.Core.EnsureQueryEntityDdlAsyncTests.LogsCtasForTable [FAIL]</Text>
      </RunInfo>
      <RunInfo computerName="sagesoho01" outcome="Warning" timestamp="2025-09-14T03:43:03.7292141+09:00">
        <Text>[xUnit.net 00:00:03.00]     Kafka.Ksql.Linq.Tests.DlqStreamRestrictionsTests.DlqStream_ForEachAsync_Allows [SKIP]</Text>
      </RunInfo>
      <RunInfo computerName="sagesoho01" outcome="Warning" timestamp="2025-09-14T03:43:03.7298870+09:00">
        <Text>[xUnit.net 00:00:03.01]     Kafka.Ksql.Linq.Tests.Query.Dsl.KsqlQueryable2Tests.Join_WithoutWithin_Throws [SKIP]</Text>
      </RunInfo>
      <RunInfo computerName="sagesoho01" outcome="Warning" timestamp="2025-09-14T03:43:03.7299306+09:00">
        <Text>[xUnit.net 00:00:03.01]     Kafka.Ksql.Linq.Tests.Validation.KafkaRestProxyValidationTests.Appsettings_ShouldMapCorrectly_AndSendKafkaMessage [SKIP]</Text>
      </RunInfo>
      <RunInfo computerName="sagesoho01" outcome="Warning" timestamp="2025-09-14T03:43:03.7699652+09:00">
        <Text>[xUnit.net 00:00:03.02]     Kafka.Ksql.Linq.Tests.ForEachAsyncErrorHandlingTests.EnumeratorException_IsSkipped [SKIP]</Text>
      </RunInfo>
      <RunInfo computerName="sagesoho01" outcome="Warning" timestamp="2025-09-14T03:43:03.7704845+09:00">
        <Text>[xUnit.net 00:00:03.03]     Kafka.Ksql.Linq.Tests.Messaging.KafkaProducerManagerTests.BuildProducerConfig_ReturnsConfiguredValues [SKIP]</Text>
      </RunInfo>
      <RunInfo computerName="sagesoho01" outcome="Warning" timestamp="2025-09-14T03:43:03.7708116+09:00">
        <Text>[xUnit.net 00:00:03.04]     Kafka.Ksql.Linq.Tests.EventSetMapTests.Map_ForEachAsync_ReturnsMappedValues [SKIP]</Text>
      </RunInfo>
      <RunInfo computerName="sagesoho01" outcome="Warning" timestamp="2025-09-14T03:43:03.7735274+09:00">
        <Text>[xUnit.net 00:00:03.05]     Kafka.Ksql.Linq.Tests.Application.EventSetWithServicesTests.Constructors_CreateInstances [SKIP]</Text>
      </RunInfo>
      <RunInfo computerName="sagesoho01" outcome="Error" timestamp="2025-09-14T03:43:03.8793295+09:00">
        <Text>[xUnit.net 00:00:03.15]     Kafka.Ksql.Linq.Tests.Messaging.KafkaConsumerAutoCommitTests.ConsumeAsync_CallsBind_WhenEnableAutoCommitFalse [FAIL]</Text>
      </RunInfo>
      <RunInfo computerName="sagesoho01" outcome="Warning" timestamp="2025-09-14T03:43:03.9003049+09:00">
        <Text>[xUnit.net 00:00:03.18]     Kafka.Ksql.Linq.Tests.Application.KsqlContextTests.KsqlDbUrl_OverridesSchemaRegistryPort [SKIP]</Text>
      </RunInfo>
      <RunInfo computerName="sagesoho01" outcome="Error" timestamp="2025-09-14T03:43:03.9018871+09:00">
        <Text>[xUnit.net 00:00:03.18]     Kafka.Ksql.Linq.Tests.Messaging.KafkaConsumerAutoCommitTests.BuildConsumerConfig_Respects_EnableAutoCommit_FromTopic [FAIL]</Text>
      </RunInfo>
      <RunInfo computerName="sagesoho01" outcome="Warning" timestamp="2025-09-14T03:43:03.9557496+09:00">
        <Text>[xUnit.net 00:00:03.23]     Kafka.Ksql.Linq.Tests.Runtime.Heartbeat.KsqlContextRunnerTests.KsqlContext_StartsLeaderElection_Then_Runner_WhenHasTumbling [SKIP]</Text>
      </RunInfo>
      <RunInfo computerName="sagesoho01" outcome="Warning" timestamp="2025-09-14T03:43:03.9558340+09:00">
        <Text>[xUnit.net 00:00:03.23]     Kafka.Ksql.Linq.Tests.Runtime.Heartbeat.KsqlContextRunnerTests.ToQuery_WithTumbling_Triggers_MarketSchedule_Load_Once [SKIP]</Text>
      </RunInfo>
    </RunInfos>
  </ResultSummary>
</TestRun>