<?xml version="1.0" encoding="utf-8"?>
<TestRun id="7cc86c2e-da81-4c01-a452-732b71e655a6" name="@sagesoho01 2025-09-14 10:04:30" xmlns="http://microsoft.com/schemas/VisualStudio/TeamTest/2010">
  <Times creation="2025-09-14T10:04:30.9326108+09:00" queuing="2025-09-14T10:04:30.9326108+09:00" start="2025-09-14T10:04:29.1255527+09:00" finish="2025-09-14T10:04:30.9408790+09:00" />
  <TestSettings name="default" id="04c9417d-970e-44a9-89f7-16783ed2a884">
    <Deployment runDeploymentRoot="_sagesoho01_2025-09-14_10_04_30" />
  </TestSettings>
  <Results>
    <UnitTestResult executionId="e2f54505-7f75-40ac-aa52-3435c23cd7a1" testId="02642506-86b5-622b-5ff5-41e600e8b06c" testName="Kafka.Ksql.Linq.Tests.Query.Analysis.DerivedTumblingPipelineConcurrencyTests.RunAsync_registers_all_models_without_conflict" computerName="sagesoho01" duration="00:00:00.0901008" startTime="2025-09-14T10:04:30.7883328+09:00" endTime="2025-09-14T10:04:30.7883330+09:00" testType="13cdc9d9-ddb5-4fa4-a97d-d965ccfc6d4b" outcome="Passed" testListId="8c84fa94-04c1-424b-9868-57a2d4851a1d" relativeResultsDirectory="e2f54505-7f75-40ac-aa52-3435c23cd7a1" />
    <UnitTestResult executionId="51afcf1e-6ff9-49c9-be56-8662189025af" testId="223d2f5b-17d6-73a1-1a46-511735a6d226" testName="Kafka.Ksql.Linq.Tests.Query.Analysis.DerivedTumblingPipelineOrderTests.Emits_DDL_in_expected_order" computerName="sagesoho01" duration="00:00:00.0792173" startTime="2025-09-14T10:04:30.7807264+09:00" endTime="2025-09-14T10:04:30.7807454+09:00" testType="13cdc9d9-ddb5-4fa4-a97d-d965ccfc6d4b" outcome="Passed" testListId="8c84fa94-04c1-424b-9868-57a2d4851a1d" relativeResultsDirectory="51afcf1e-6ff9-49c9-be56-8662189025af" />
  </Results>
  <TestDefinitions>
    <UnitTest name="Kafka.Ksql.Linq.Tests.Query.Analysis.DerivedTumblingPipelineOrderTests.Emits_DDL_in_expected_order" storage="/mnt/wsl/docker-desktop-bind-mounts/ubuntu/26713ee8003cb7bc282ce8244ea5001ccb92a1311fa1bee6e964f4a36321e42a/ubuntu/de963e6efae39b1e8a1abcd3e4621d6fc830ee851b48bb5c2718ffd0134d54eb/tests/bin/release/net8.0/kafka.ksql.linq.tests.dll" id="223d2f5b-17d6-73a1-1a46-511735a6d226">
      <Execution id="51afcf1e-6ff9-49c9-be56-8662189025af" />
      <TestMethod codeBase="/mnt/wsl/docker-desktop-bind-mounts/Ubuntu/26713ee8003cb7bc282ce8244ea5001ccb92a1311fa1bee6e964f4a36321e42a/Ubuntu/de963e6efae39b1e8a1abcd3e4621d6fc830ee851b48bb5c2718ffd0134d54eb/tests/bin/Release/net8.0/Kafka.Ksql.Linq.Tests.dll" adapterTypeName="executor://xunit/VsTestRunner2/netcoreapp" className="Kafka.Ksql.Linq.Tests.Query.Analysis.DerivedTumblingPipelineOrderTests" name="Emits_DDL_in_expected_order" />
    </UnitTest>
    <UnitTest name="Kafka.Ksql.Linq.Tests.Query.Analysis.DerivedTumblingPipelineConcurrencyTests.RunAsync_registers_all_models_without_conflict" storage="/mnt/wsl/docker-desktop-bind-mounts/ubuntu/26713ee8003cb7bc282ce8244ea5001ccb92a1311fa1bee6e964f4a36321e42a/ubuntu/de963e6efae39b1e8a1abcd3e4621d6fc830ee851b48bb5c2718ffd0134d54eb/tests/bin/release/net8.0/kafka.ksql.linq.tests.dll" id="02642506-86b5-622b-5ff5-41e600e8b06c">
      <Execution id="e2f54505-7f75-40ac-aa52-3435c23cd7a1" />
      <TestMethod codeBase="/mnt/wsl/docker-desktop-bind-mounts/Ubuntu/26713ee8003cb7bc282ce8244ea5001ccb92a1311fa1bee6e964f4a36321e42a/Ubuntu/de963e6efae39b1e8a1abcd3e4621d6fc830ee851b48bb5c2718ffd0134d54eb/tests/bin/Release/net8.0/Kafka.Ksql.Linq.Tests.dll" adapterTypeName="executor://xunit/VsTestRunner2/netcoreapp" className="Kafka.Ksql.Linq.Tests.Query.Analysis.DerivedTumblingPipelineConcurrencyTests" name="RunAsync_registers_all_models_without_conflict" />
    </UnitTest>
  </TestDefinitions>
  <TestEntries>
    <TestEntry testId="02642506-86b5-622b-5ff5-41e600e8b06c" executionId="e2f54505-7f75-40ac-aa52-3435c23cd7a1" testListId="8c84fa94-04c1-424b-9868-57a2d4851a1d" />
    <TestEntry testId="223d2f5b-17d6-73a1-1a46-511735a6d226" executionId="51afcf1e-6ff9-49c9-be56-8662189025af" testListId="8c84fa94-04c1-424b-9868-57a2d4851a1d" />
  </TestEntries>
  <TestLists>
    <TestList name="Results Not in a List" id="8c84fa94-04c1-424b-9868-57a2d4851a1d" />
    <TestList name="All Loaded Results" id="19431567-8539-422a-85d7-44ee4e166bda" />
  </TestLists>
  <ResultSummary outcome="Completed">
    <Counters total="2" executed="2" passed="2" failed="0" error="0" timeout="0" aborted="0" inconclusive="0" passedButRunAborted="0" notRunnable="0" notExecuted="0" disconnected="0" warning="0" completed="0" inProgress="0" pending="0" />
    <Output>
      <StdOut>[xUnit.net 00:00:00.00] xUnit.net VSTest Adapter v2.4.5+1caef2f33e (64-bit .NET 8.0.19)
[xUnit.net 00:00:00.85]   Discovering: Kafka.Ksql.Linq.Tests
[xUnit.net 00:00:00.95]   Discovered:  Kafka.Ksql.Linq.Tests
[xUnit.net 00:00:00.96]   Starting:    Kafka.Ksql.Linq.Tests
[xUnit.net 00:00:01.11]   Finished:    Kafka.Ksql.Linq.Tests
</StdOut>
    </Output>
  </ResultSummary>
</TestRun>