<?xml version="1.0" encoding="utf-8"?>
<TestRun id="6870689e-b279-48c8-8a66-cbcde08c04ac" name="@sagesoho01 2025-09-14 10:09:46" xmlns="http://microsoft.com/schemas/VisualStudio/TeamTest/2010">
  <Times creation="2025-09-14T10:09:46.6229139+09:00" queuing="2025-09-14T10:09:46.6229139+09:00" start="2025-09-14T10:09:44.8012902+09:00" finish="2025-09-14T10:09:46.6297038+09:00" />
  <TestSettings name="default" id="bcbd2032-ead7-4fad-873f-b7cc7384babd">
    <Deployment runDeploymentRoot="_sagesoho01_2025-09-14_10_09_46" />
  </TestSettings>
  <Results>
    <UnitTestResult executionId="ba6a4116-bf05-4fa9-8dd0-dfdf57eac70a" testId="02642506-86b5-622b-5ff5-41e600e8b06c" testName="Kafka.Ksql.Linq.Tests.Query.Analysis.DerivedTumblingPipelineConcurrencyTests.RunAsync_registers_all_models_without_conflict" computerName="sagesoho01" duration="00:00:00.0826780" startTime="2025-09-14T10:09:46.4882218+09:00" endTime="2025-09-14T10:09:46.4882220+09:00" testType="13cdc9d9-ddb5-4fa4-a97d-d965ccfc6d4b" outcome="Failed" testListId="8c84fa94-04c1-424b-9868-57a2d4851a1d" relativeResultsDirectory="ba6a4116-bf05-4fa9-8dd0-dfdf57eac70a">
      <Output>
        <ErrorInfo>
          <Message>Assert.Equal() Failure
Expected: 5
Actual:   4</Message>
          <StackTrace>   at Kafka.Ksql.Linq.Tests.Query.Analysis.DerivedTumblingPipelineConcurrencyTests.RunAsync_registers_all_models_without_conflict() in /mnt/wsl/docker-desktop-bind-mounts/Ubuntu/26713ee8003cb7bc282ce8244ea5001ccb92a1311fa1bee6e964f4a36321e42a/Ubuntu/de963e6efae39b1e8a1abcd3e4621d6fc830ee851b48bb5c2718ffd0134d54eb/tests/Query/Analysis/DerivedTumblingPipelineConcurrencyTests.cs:line 64
--- End of stack trace from previous location ---</StackTrace>
        </ErrorInfo>
      </Output>
    </UnitTestResult>
    <UnitTestResult executionId="954f12ba-6278-4fd0-b716-11f2237b0555" testId="ca0b5a60-c12c-7358-befc-7025159d5031" testName="Kafka.Ksql.Linq.Tests.Query.Analysis.DerivationPlannerTests.Plan_1m_Includes_Live_Hb" computerName="sagesoho01" duration="00:00:00.0187724" startTime="2025-09-14T10:09:46.4488753+09:00" endTime="2025-09-14T10:09:46.4488899+09:00" testType="13cdc9d9-ddb5-4fa4-a97d-d965ccfc6d4b" outcome="Failed" testListId="8c84fa94-04c1-424b-9868-57a2d4851a1d" relativeResultsDirectory="954f12ba-6278-4fd0-b716-11f2237b0555">
      <Output>
        <ErrorInfo>
          <Message>Assert.Contains() Failure
Not found: (filter expression)
In value:  List&lt;DerivedEntity&gt; [DerivedEntity { BasedOnSpec = BasedOnSpec { JoinKeys = System.String[], OpenProp = , CloseProp = KsqlTimeFrameClose, DayKey = , IsOpenInclusive = True, IsCloseInclusive = False }, GraceSeconds = 1, Id = "bar_1s_final_s", InputHint = "bar_1s_final_s", KeyShape = [...], ... }, DerivedEntity { BasedOnSpec = BasedOnSpec { JoinKeys = System.String[], OpenProp = , CloseProp = KsqlTimeFrameClose, DayKey = , IsOpenInclusive = True, IsCloseInclusive = False }, GraceSeconds = 1, Id = "bar_1s_final", InputHint = "bar_1s_final_s", KeyShape = [...], ... }, DerivedEntity { BasedOnSpec = BasedOnSpec { JoinKeys = System.String[], OpenProp = , CloseProp = KsqlTimeFrameClose, DayKey = , IsOpenInclusive = True, IsCloseInclusive = False }, GraceSeconds = 2, Id = "bar_1m_live", InputHint = "bar_1s_final_s", KeyShape = [...], ... }]</Message>
          <StackTrace>   at Kafka.Ksql.Linq.Tests.Query.Analysis.DerivationPlannerTests.Plan_1m_Includes_Live_Hb() in /mnt/wsl/docker-desktop-bind-mounts/Ubuntu/26713ee8003cb7bc282ce8244ea5001ccb92a1311fa1bee6e964f4a36321e42a/Ubuntu/de963e6efae39b1e8a1abcd3e4621d6fc830ee851b48bb5c2718ffd0134d54eb/tests/Query/Analysis/DerivationPlannerTests.cs:line 55
   at System.RuntimeMethodHandle.InvokeMethod(Object target, Void** arguments, Signature sig, Boolean isConstructor)
   at System.Reflection.MethodBaseInvoker.InvokeWithNoArgs(Object obj, BindingFlags invokeAttr)</StackTrace>
        </ErrorInfo>
      </Output>
    </UnitTestResult>
    <UnitTestResult executionId="3fcf9d24-8213-465f-b923-7130158a9377" testId="223d2f5b-17d6-73a1-1a46-511735a6d226" testName="Kafka.Ksql.Linq.Tests.Query.Analysis.DerivedTumblingPipelineOrderTests.Emits_DDL_in_expected_order" computerName="sagesoho01" duration="00:00:00.0817766" startTime="2025-09-14T10:09:46.4888546+09:00" endTime="2025-09-14T10:09:46.4888547+09:00" testType="13cdc9d9-ddb5-4fa4-a97d-d965ccfc6d4b" outcome="Failed" testListId="8c84fa94-04c1-424b-9868-57a2d4851a1d" relativeResultsDirectory="3fcf9d24-8213-465f-b923-7130158a9377">
      <Output>
        <ErrorInfo>
          <Message>Assert.Collection() Failure
Collection: ["CREATE STREAM foo_1s_final_s WITH (KAFKA_TOPIC='fo"..., "CREATE TABLE foo_1s_final WITH (KAFKA_TOPIC='foo_1"..., "CREATE TABLE foo_1m_live WITH (KAFKA_TOPIC='foo_1m"..., "CREATE TABLE foo_5m_live WITH (KAFKA_TOPIC='foo_5m"...]
Expected item count: 5
Actual item count:   4</Message>
          <StackTrace>   at Kafka.Ksql.Linq.Tests.Query.Analysis.DerivedTumblingPipelineOrderTests.Emits_DDL_in_expected_order() in /mnt/wsl/docker-desktop-bind-mounts/Ubuntu/26713ee8003cb7bc282ce8244ea5001ccb92a1311fa1bee6e964f4a36321e42a/Ubuntu/de963e6efae39b1e8a1abcd3e4621d6fc830ee851b48bb5c2718ffd0134d54eb/tests/Query/Analysis/DerivedTumblingPipelineOrderTests.cs:line 47
--- End of stack trace from previous location ---</StackTrace>
        </ErrorInfo>
      </Output>
    </UnitTestResult>
  </Results>
  <TestDefinitions>
    <UnitTest name="Kafka.Ksql.Linq.Tests.Query.Analysis.DerivedTumblingPipelineOrderTests.Emits_DDL_in_expected_order" storage="/mnt/wsl/docker-desktop-bind-mounts/ubuntu/26713ee8003cb7bc282ce8244ea5001ccb92a1311fa1bee6e964f4a36321e42a/ubuntu/de963e6efae39b1e8a1abcd3e4621d6fc830ee851b48bb5c2718ffd0134d54eb/tests/bin/release/net8.0/kafka.ksql.linq.tests.dll" id="223d2f5b-17d6-73a1-1a46-511735a6d226">
      <Execution id="3fcf9d24-8213-465f-b923-7130158a9377" />
      <TestMethod codeBase="/mnt/wsl/docker-desktop-bind-mounts/Ubuntu/26713ee8003cb7bc282ce8244ea5001ccb92a1311fa1bee6e964f4a36321e42a/Ubuntu/de963e6efae39b1e8a1abcd3e4621d6fc830ee851b48bb5c2718ffd0134d54eb/tests/bin/Release/net8.0/Kafka.Ksql.Linq.Tests.dll" adapterTypeName="executor://xunit/VsTestRunner2/netcoreapp" className="Kafka.Ksql.Linq.Tests.Query.Analysis.DerivedTumblingPipelineOrderTests" name="Emits_DDL_in_expected_order" />
    </UnitTest>
    <UnitTest name="Kafka.Ksql.Linq.Tests.Query.Analysis.DerivedTumblingPipelineConcurrencyTests.RunAsync_registers_all_models_without_conflict" storage="/mnt/wsl/docker-desktop-bind-mounts/ubuntu/26713ee8003cb7bc282ce8244ea5001ccb92a1311fa1bee6e964f4a36321e42a/ubuntu/de963e6efae39b1e8a1abcd3e4621d6fc830ee851b48bb5c2718ffd0134d54eb/tests/bin/release/net8.0/kafka.ksql.linq.tests.dll" id="02642506-86b5-622b-5ff5-41e600e8b06c">
      <Execution id="ba6a4116-bf05-4fa9-8dd0-dfdf57eac70a" />
      <TestMethod codeBase="/mnt/wsl/docker-desktop-bind-mounts/Ubuntu/26713ee8003cb7bc282ce8244ea5001ccb92a1311fa1bee6e964f4a36321e42a/Ubuntu/de963e6efae39b1e8a1abcd3e4621d6fc830ee851b48bb5c2718ffd0134d54eb/tests/bin/Release/net8.0/Kafka.Ksql.Linq.Tests.dll" adapterTypeName="executor://xunit/VsTestRunner2/netcoreapp" className="Kafka.Ksql.Linq.Tests.Query.Analysis.DerivedTumblingPipelineConcurrencyTests" name="RunAsync_registers_all_models_without_conflict" />
    </UnitTest>
    <UnitTest name="Kafka.Ksql.Linq.Tests.Query.Analysis.DerivationPlannerTests.Plan_1m_Includes_Live_Hb" storage="/mnt/wsl/docker-desktop-bind-mounts/ubuntu/26713ee8003cb7bc282ce8244ea5001ccb92a1311fa1bee6e964f4a36321e42a/ubuntu/de963e6efae39b1e8a1abcd3e4621d6fc830ee851b48bb5c2718ffd0134d54eb/tests/bin/release/net8.0/kafka.ksql.linq.tests.dll" id="ca0b5a60-c12c-7358-befc-7025159d5031">
      <Execution id="954f12ba-6278-4fd0-b716-11f2237b0555" />
      <TestMethod codeBase="/mnt/wsl/docker-desktop-bind-mounts/Ubuntu/26713ee8003cb7bc282ce8244ea5001ccb92a1311fa1bee6e964f4a36321e42a/Ubuntu/de963e6efae39b1e8a1abcd3e4621d6fc830ee851b48bb5c2718ffd0134d54eb/tests/bin/Release/net8.0/Kafka.Ksql.Linq.Tests.dll" adapterTypeName="executor://xunit/VsTestRunner2/netcoreapp" className="Kafka.Ksql.Linq.Tests.Query.Analysis.DerivationPlannerTests" name="Plan_1m_Includes_Live_Hb" />
    </UnitTest>
  </TestDefinitions>
  <TestEntries>
    <TestEntry testId="02642506-86b5-622b-5ff5-41e600e8b06c" executionId="ba6a4116-bf05-4fa9-8dd0-dfdf57eac70a" testListId="8c84fa94-04c1-424b-9868-57a2d4851a1d" />
    <TestEntry testId="ca0b5a60-c12c-7358-befc-7025159d5031" executionId="954f12ba-6278-4fd0-b716-11f2237b0555" testListId="8c84fa94-04c1-424b-9868-57a2d4851a1d" />
    <TestEntry testId="223d2f5b-17d6-73a1-1a46-511735a6d226" executionId="3fcf9d24-8213-465f-b923-7130158a9377" testListId="8c84fa94-04c1-424b-9868-57a2d4851a1d" />
  </TestEntries>
  <TestLists>
    <TestList name="Results Not in a List" id="8c84fa94-04c1-424b-9868-57a2d4851a1d" />
    <TestList name="All Loaded Results" id="19431567-8539-422a-85d7-44ee4e166bda" />
  </TestLists>
  <ResultSummary outcome="Failed">
    <Counters total="3" executed="3" passed="0" failed="3" error="0" timeout="0" aborted="0" inconclusive="0" passedButRunAborted="0" notRunnable="0" notExecuted="0" disconnected="0" warning="0" completed="0" inProgress="0" pending="0" />
    <Output>
      <StdOut>[xUnit.net 00:00:00.00] xUnit.net VSTest Adapter v2.4.5+1caef2f33e (64-bit .NET 8.0.19)
[xUnit.net 00:00:00.88]   Discovering: Kafka.Ksql.Linq.Tests
[xUnit.net 00:00:00.98]   Discovered:  Kafka.Ksql.Linq.Tests
[xUnit.net 00:00:00.99]   Starting:    Kafka.Ksql.Linq.Tests
[xUnit.net 00:00:01.09]       Assert.Contains() Failure
[xUnit.net 00:00:01.09]       Not found: (filter expression)
[xUnit.net 00:00:01.09]       In value:  List&lt;DerivedEntity&gt; [DerivedEntity { BasedOnSpec = BasedOnSpec { JoinKeys = System.String[], OpenProp = , CloseProp = KsqlTimeFrameClose, DayKey = , IsOpenInclusive = True, IsCloseInclusive = False }, GraceSeconds = 1, Id = "bar_1s_final_s", InputHint = "bar_1s_final_s", KeyShape = [...], ... }, DerivedEntity { BasedOnSpec = BasedOnSpec { JoinKeys = System.String[], OpenProp = , CloseProp = KsqlTimeFrameClose, DayKey = , IsOpenInclusive = True, IsCloseInclusive = False }, GraceSeconds = 1, Id = "bar_1s_final", InputHint = "bar_1s_final_s", KeyShape = [...], ... }, DerivedEntity { BasedOnSpec = BasedOnSpec { JoinKeys = System.String[], OpenProp = , CloseProp = KsqlTimeFrameClose, DayKey = , IsOpenInclusive = True, IsCloseInclusive = False }, GraceSeconds = 2, Id = "bar_1m_live", InputHint = "bar_1s_final_s", KeyShape = [...], ... }]
[xUnit.net 00:00:01.09]       Stack Trace:
[xUnit.net 00:00:01.09]         /mnt/wsl/docker-desktop-bind-mounts/Ubuntu/26713ee8003cb7bc282ce8244ea5001ccb92a1311fa1bee6e964f4a36321e42a/Ubuntu/de963e6efae39b1e8a1abcd3e4621d6fc830ee851b48bb5c2718ffd0134d54eb/tests/Query/Analysis/DerivationPlannerTests.cs(55,0): at Kafka.Ksql.Linq.Tests.Query.Analysis.DerivationPlannerTests.Plan_1m_Includes_Live_Hb()
[xUnit.net 00:00:01.09]            at System.RuntimeMethodHandle.InvokeMethod(Object target, Void** arguments, Signature sig, Boolean isConstructor)
[xUnit.net 00:00:01.09]            at System.Reflection.MethodBaseInvoker.InvokeWithNoArgs(Object obj, BindingFlags invokeAttr)
[xUnit.net 00:00:01.13]       Assert.Equal() Failure
[xUnit.net 00:00:01.13]       Expected: 5
[xUnit.net 00:00:01.13]       Actual:   4
[xUnit.net 00:00:01.13]       Stack Trace:
[xUnit.net 00:00:01.13]         /mnt/wsl/docker-desktop-bind-mounts/Ubuntu/26713ee8003cb7bc282ce8244ea5001ccb92a1311fa1bee6e964f4a36321e42a/Ubuntu/de963e6efae39b1e8a1abcd3e4621d6fc830ee851b48bb5c2718ffd0134d54eb/tests/Query/Analysis/DerivedTumblingPipelineConcurrencyTests.cs(64,0): at Kafka.Ksql.Linq.Tests.Query.Analysis.DerivedTumblingPipelineConcurrencyTests.RunAsync_registers_all_models_without_conflict()
[xUnit.net 00:00:01.13]         --- End of stack trace from previous location ---
[xUnit.net 00:00:01.13]       Assert.Collection() Failure
[xUnit.net 00:00:01.13]       Collection: ["CREATE STREAM foo_1s_final_s WITH (KAFKA_TOPIC='fo"..., "CREATE TABLE foo_1s_final WITH (KAFKA_TOPIC='foo_1"..., "CREATE TABLE foo_1m_live WITH (KAFKA_TOPIC='foo_1m"..., "CREATE TABLE foo_5m_live WITH (KAFKA_TOPIC='foo_5m"...]
[xUnit.net 00:00:01.13]       Expected item count: 5
[xUnit.net 00:00:01.13]       Actual item count:   4
[xUnit.net 00:00:01.13]       Stack Trace:
[xUnit.net 00:00:01.13]         /mnt/wsl/docker-desktop-bind-mounts/Ubuntu/26713ee8003cb7bc282ce8244ea5001ccb92a1311fa1bee6e964f4a36321e42a/Ubuntu/de963e6efae39b1e8a1abcd3e4621d6fc830ee851b48bb5c2718ffd0134d54eb/tests/Query/Analysis/DerivedTumblingPipelineOrderTests.cs(47,0): at Kafka.Ksql.Linq.Tests.Query.Analysis.DerivedTumblingPipelineOrderTests.Emits_DDL_in_expected_order()
[xUnit.net 00:00:01.13]         --- End of stack trace from previous location ---
[xUnit.net 00:00:01.13]   Finished:    Kafka.Ksql.Linq.Tests
</StdOut>
    </Output>
    <RunInfos>
      <RunInfo computerName="sagesoho01" outcome="Error" timestamp="2025-09-14T10:09:46.4476305+09:00">
        <Text>[xUnit.net 00:00:01.09]     Kafka.Ksql.Linq.Tests.Query.Analysis.DerivationPlannerTests.Plan_1m_Includes_Live_Hb [FAIL]</Text>
      </RunInfo>
      <RunInfo computerName="sagesoho01" outcome="Error" timestamp="2025-09-14T10:09:46.4882149+09:00">
        <Text>[xUnit.net 00:00:01.13]     Kafka.Ksql.Linq.Tests.Query.Analysis.DerivedTumblingPipelineConcurrencyTests.RunAsync_registers_all_models_without_conflict [FAIL]</Text>
      </RunInfo>
      <RunInfo computerName="sagesoho01" outcome="Error" timestamp="2025-09-14T10:09:46.4889281+09:00">
        <Text>[xUnit.net 00:00:01.13]     Kafka.Ksql.Linq.Tests.Query.Analysis.DerivedTumblingPipelineOrderTests.Emits_DDL_in_expected_order [FAIL]</Text>
      </RunInfo>
    </RunInfos>
  </ResultSummary>
</TestRun>