<?xml version="1.0" encoding="utf-8"?>
<TestRun id="71cd7ca0-ab14-4e0a-8d03-9bd9dec09ce1" name="@sagesoho01 2025-09-14 10:32:03" xmlns="http://microsoft.com/schemas/VisualStudio/TeamTest/2010">
  <Times creation="2025-09-14T10:32:03.9468450+09:00" queuing="2025-09-14T10:32:03.9468450+09:00" start="2025-09-14T10:32:02.2094999+09:00" finish="2025-09-14T10:32:04.0928883+09:00" />
  <TestSettings name="default" id="2fb1f59a-59e6-4797-9d47-71f4f520e457">
    <Deployment runDeploymentRoot="_sagesoho01_2025-09-14_10_32_03" />
  </TestSettings>
  <Results>
    <UnitTestResult executionId="5ac3f054-d63b-4961-b013-a451e505a3ae" testId="ce59f1fe-9e38-6a49-d410-296c7d0dabe1" testName="Kafka.Ksql.Linq.Tests.Query.Pipeline.DMLQueryGeneratorTests.GenerateLinqQuery_GroupByNullableKey_WithWhereNotNull_ProducesCorrectQuery" computerName="sagesoho01" duration="00:00:00.0054117" startTime="2025-09-14T10:32:03.9089425+09:00" endTime="2025-09-14T10:32:03.9089425+09:00" testType="13cdc9d9-ddb5-4fa4-a97d-d965ccfc6d4b" outcome="Passed" testListId="8c84fa94-04c1-424b-9868-57a2d4851a1d" relativeResultsDirectory="5ac3f054-d63b-4961-b013-a451e505a3ae" />
    <UnitTestResult executionId="3b61a310-ee1b-4a82-b018-6777cac5d160" testId="c7d32545-9915-cc1d-68c4-8b46cac715d4" testName="Kafka.Ksql.Linq.Tests.Query.Pipeline.DMLQueryGeneratorTests.GenerateLinqQuery_GroupByWithAvgSum_ReturnsExpectedQuery" computerName="sagesoho01" duration="00:00:00.0035382" startTime="2025-09-14T10:32:03.9383959+09:00" endTime="2025-09-14T10:32:03.9383960+09:00" testType="13cdc9d9-ddb5-4fa4-a97d-d965ccfc6d4b" outcome="Passed" testListId="8c84fa94-04c1-424b-9868-57a2d4851a1d" relativeResultsDirectory="3b61a310-ee1b-4a82-b018-6777cac5d160" />
    <UnitTestResult executionId="7f07431f-087a-45e9-bce3-2c9581a8c48e" testId="137b68a7-448a-cbea-7995-daf4e7cfdeca" testName="Kafka.Ksql.Linq.Tests.Query.Pipeline.DMLQueryGeneratorTests.GenerateSelectWithCondition_TableQuery_NoEmitChanges" computerName="sagesoho01" duration="00:00:00.0024511" startTime="2025-09-14T10:32:03.9090263+09:00" endTime="2025-09-14T10:32:03.9090264+09:00" testType="13cdc9d9-ddb5-4fa4-a97d-d965ccfc6d4b" outcome="Passed" testListId="8c84fa94-04c1-424b-9868-57a2d4851a1d" relativeResultsDirectory="7f07431f-087a-45e9-bce3-2c9581a8c48e" />
    <UnitTestResult executionId="5a3a2b3c-84d4-48e4-a3c5-818524f5d3eb" testId="f8a15fa8-6154-6f5d-e526-e9f632f36ae1" testName="Kafka.Ksql.Linq.Tests.Query.Pipeline.DMLQueryGeneratorTests.GenerateSelectAll_WithPushQuery_AppendsEmitChanges" computerName="sagesoho01" duration="00:00:00.0025867" startTime="2025-09-14T10:32:03.9346976+09:00" endTime="2025-09-14T10:32:03.9346977+09:00" testType="13cdc9d9-ddb5-4fa4-a97d-d965ccfc6d4b" outcome="Passed" testListId="8c84fa94-04c1-424b-9868-57a2d4851a1d" relativeResultsDirectory="5a3a2b3c-84d4-48e4-a3c5-818524f5d3eb" />
    <UnitTestResult executionId="95bb8972-6133-4b27-8e23-4ec569a9463e" testId="6111ff99-69cd-e1bd-c62b-9a71b5b18362" testName="Kafka.Ksql.Linq.Tests.Query.Pipeline.DMLQueryGeneratorTests.GenerateLinqQuery_GroupBySelectOrderByDescending_ReturnsExpectedQuery" computerName="sagesoho01" duration="00:00:00.0075808" startTime="2025-09-14T10:32:03.9080295+09:00" endTime="2025-09-14T10:32:03.9080295+09:00" testType="13cdc9d9-ddb5-4fa4-a97d-d965ccfc6d4b" outcome="Passed" testListId="8c84fa94-04c1-424b-9868-57a2d4851a1d" relativeResultsDirectory="95bb8972-6133-4b27-8e23-4ec569a9463e" />
    <UnitTestResult executionId="5896ac52-ff0c-4b73-b1d4-878a30e8dbeb" testId="9ed1df39-42d2-dc40-40e6-7589bd653cb3" testName="Kafka.Ksql.Linq.Tests.Query.Pipeline.DMLQueryGeneratorTests.GenerateLinqQuery_GroupByAnonymousKeyWithKeyProjection_ReturnsExpectedQuery" computerName="sagesoho01" duration="00:00:00.0036464" startTime="2025-09-14T10:32:03.9548243+09:00" endTime="2025-09-14T10:32:03.9548245+09:00" testType="13cdc9d9-ddb5-4fa4-a97d-d965ccfc6d4b" outcome="Passed" testListId="8c84fa94-04c1-424b-9868-57a2d4851a1d" relativeResultsDirectory="5896ac52-ff0c-4b73-b1d4-878a30e8dbeb" />
    <UnitTestResult executionId="b7983ae5-3cbb-46b0-a599-66ce6302ba07" testId="4ad0ff50-443d-a860-e10d-c2c9ec912f7c" testName="Kafka.Ksql.Linq.Tests.Query.Pipeline.DMLQueryGeneratorTests.GenerateLinqQuery_OrderByThenByDescending_ReturnsExpectedQuery" computerName="sagesoho01" duration="00:00:00.0041125" startTime="2025-09-14T10:32:03.9520711+09:00" endTime="2025-09-14T10:32:03.9520712+09:00" testType="13cdc9d9-ddb5-4fa4-a97d-d965ccfc6d4b" outcome="Failed" testListId="8c84fa94-04c1-424b-9868-57a2d4851a1d" relativeResultsDirectory="b7983ae5-3cbb-46b0-a599-66ce6302ba07">
      <Output>
        <ErrorInfo>
          <Message>System.InvalidOperationException : DMLQueryGenerator failed during LINQ query generation (Context: Object: orders): DMLQueryGenerator failed during SELECT processing using Select builder (Context: new &lt;&gt;f__AnonymousType43`3(CustomerId = g.Key.CustomerId, Region = g.Key.Region, Total = g.Sum(o =&gt; o.Amount))): SELECT clause cannot mix aggregate functions with non-aggregate columns without GROUP BY
---- System.InvalidOperationException : DMLQueryGenerator failed during SELECT processing using Select builder (Context: new &lt;&gt;f__AnonymousType43`3(CustomerId = g.Key.CustomerId, Region = g.Key.Region, Total = g.Sum(o =&gt; o.Amount))): SELECT clause cannot mix aggregate functions with non-aggregate columns without GROUP BY
-------- System.InvalidOperationException : SELECT clause cannot mix aggregate functions with non-aggregate columns without GROUP BY</Message>
          <StackTrace>   at Kafka.Ksql.Linq.Query.Pipeline.GeneratorBase.HandleGenerationError(String operation, Exception exception, String context) in /mnt/wsl/docker-desktop-bind-mounts/Ubuntu/26713ee8003cb7bc282ce8244ea5001ccb92a1311fa1bee6e964f4a36321e42a/Ubuntu/de963e6efae39b1e8a1abcd3e4621d6fc830ee851b48bb5c2718ffd0134d54eb/src/Query/Pipeline/GeneratorBase.cs:line 306
   at Kafka.Ksql.Linq.Query.Pipeline.DMLQueryGenerator.GenerateLinqQuery(String objectName, Expression linqExpression, Boolean isPullQuery, Boolean isTableQuery) in /mnt/wsl/docker-desktop-bind-mounts/Ubuntu/26713ee8003cb7bc282ce8244ea5001ccb92a1311fa1bee6e964f4a36321e42a/Ubuntu/de963e6efae39b1e8a1abcd3e4621d6fc830ee851b48bb5c2718ffd0134d54eb/src/Query/Pipeline/DMLQueryGenerator.cs:line 154
   at Kafka.Ksql.Linq.Tests.Query.Pipeline.DMLQueryGeneratorTests.&lt;&gt;c__DisplayClass28_0.&lt;GenerateLinqQuery_OrderByThenByDescending_ReturnsExpectedQuery&gt;b__4() in /mnt/wsl/docker-desktop-bind-mounts/Ubuntu/26713ee8003cb7bc282ce8244ea5001ccb92a1311fa1bee6e964f4a36321e42a/Ubuntu/de963e6efae39b1e8a1abcd3e4621d6fc830ee851b48bb5c2718ffd0134d54eb/tests/Query/Pipeline/DMLQueryGeneratorTests.cs:line 490
   at Kafka.Ksql.Linq.Tests.Query.Pipeline.DMLQueryGeneratorTests.ExecuteInScope[T](Func`1 func) in /mnt/wsl/docker-desktop-bind-mounts/Ubuntu/26713ee8003cb7bc282ce8244ea5001ccb92a1311fa1bee6e964f4a36321e42a/Ubuntu/de963e6efae39b1e8a1abcd3e4621d6fc830ee851b48bb5c2718ffd0134d54eb/tests/Query/Pipeline/DMLQueryGeneratorTests.cs:line 20
   at Kafka.Ksql.Linq.Tests.Query.Pipeline.DMLQueryGeneratorTests.GenerateLinqQuery_OrderByThenByDescending_ReturnsExpectedQuery() in /mnt/wsl/docker-desktop-bind-mounts/Ubuntu/26713ee8003cb7bc282ce8244ea5001ccb92a1311fa1bee6e964f4a36321e42a/Ubuntu/de963e6efae39b1e8a1abcd3e4621d6fc830ee851b48bb5c2718ffd0134d54eb/tests/Query/Pipeline/DMLQueryGeneratorTests.cs:line 490
   at System.RuntimeMethodHandle.InvokeMethod(Object target, Void** arguments, Signature sig, Boolean isConstructor)
   at System.Reflection.MethodBaseInvoker.InvokeWithNoArgs(Object obj, BindingFlags invokeAttr)
----- Inner Stack Trace -----
   at Kafka.Ksql.Linq.Query.Pipeline.GeneratorBase.HandleGenerationError(String operation, Exception exception, String context) in /mnt/wsl/docker-desktop-bind-mounts/Ubuntu/26713ee8003cb7bc282ce8244ea5001ccb92a1311fa1bee6e964f4a36321e42a/Ubuntu/de963e6efae39b1e8a1abcd3e4621d6fc830ee851b48bb5c2718ffd0134d54eb/src/Query/Pipeline/GeneratorBase.cs:line 306
   at Kafka.Ksql.Linq.Query.Pipeline.GeneratorBase.SafeCallBuilder(KsqlBuilderType builderType, Expression expression, String operation) in /mnt/wsl/docker-desktop-bind-mounts/Ubuntu/26713ee8003cb7bc282ce8244ea5001ccb92a1311fa1bee6e964f4a36321e42a/Ubuntu/de963e6efae39b1e8a1abcd3e4621d6fc830ee851b48bb5c2718ffd0134d54eb/src/Query/Pipeline/GeneratorBase.cs:line 321
   at Kafka.Ksql.Linq.Query.Pipeline.DMLQueryGenerator.ProcessSelectMethod(QueryStructure structure, MethodCallExpression methodCall) in /mnt/wsl/docker-desktop-bind-mounts/Ubuntu/26713ee8003cb7bc282ce8244ea5001ccb92a1311fa1bee6e964f4a36321e42a/Ubuntu/de963e6efae39b1e8a1abcd3e4621d6fc830ee851b48bb5c2718ffd0134d54eb/src/Query/Pipeline/DMLQueryGenerator.cs:line 233
   at Kafka.Ksql.Linq.Query.Pipeline.DMLQueryGenerator.ProcessMethodCall(QueryStructure structure, MethodCallExpression methodCall, QueryAssemblyContext context) in /mnt/wsl/docker-desktop-bind-mounts/Ubuntu/26713ee8003cb7bc282ce8244ea5001ccb92a1311fa1bee6e964f4a36321e42a/Ubuntu/de963e6efae39b1e8a1abcd3e4621d6fc830ee851b48bb5c2718ffd0134d54eb/src/Query/Pipeline/DMLQueryGenerator.cs:line 211
   at Kafka.Ksql.Linq.Query.Pipeline.DMLQueryGenerator.ProcessLinqExpression(QueryStructure structure, Expression linqExpression, QueryAssemblyContext context) in /mnt/wsl/docker-desktop-bind-mounts/Ubuntu/26713ee8003cb7bc282ce8244ea5001ccb92a1311fa1bee6e964f4a36321e42a/Ubuntu/de963e6efae39b1e8a1abcd3e4621d6fc830ee851b48bb5c2718ffd0134d54eb/src/Query/Pipeline/DMLQueryGenerator.cs:line 196
   at Kafka.Ksql.Linq.Query.Pipeline.DMLQueryGenerator.GenerateLinqQuery(String objectName, Expression linqExpression, Boolean isPullQuery, Boolean isTableQuery) in /mnt/wsl/docker-desktop-bind-mounts/Ubuntu/26713ee8003cb7bc282ce8244ea5001ccb92a1311fa1bee6e964f4a36321e42a/Ubuntu/de963e6efae39b1e8a1abcd3e4621d6fc830ee851b48bb5c2718ffd0134d54eb/src/Query/Pipeline/DMLQueryGenerator.cs:line 147
----- Inner Stack Trace -----
   at Kafka.Ksql.Linq.Query.Builders.SelectExpressionVisitor.EnforceNoMixAggregateWithoutGroupBy(Expression expr) in /mnt/wsl/docker-desktop-bind-mounts/Ubuntu/26713ee8003cb7bc282ce8244ea5001ccb92a1311fa1bee6e964f4a36321e42a/Ubuntu/de963e6efae39b1e8a1abcd3e4621d6fc830ee851b48bb5c2718ffd0134d54eb/src/Query/Builders/SelectExpressionVisitor.cs:line 213
   at Kafka.Ksql.Linq.Query.Builders.SelectExpressionVisitor.VisitNew(NewExpression node) in /mnt/wsl/docker-desktop-bind-mounts/Ubuntu/26713ee8003cb7bc282ce8244ea5001ccb92a1311fa1bee6e964f4a36321e42a/Ubuntu/de963e6efae39b1e8a1abcd3e4621d6fc830ee851b48bb5c2718ffd0134d54eb/src/Query/Builders/SelectExpressionVisitor.cs:line 62
   at Kafka.Ksql.Linq.Query.Builders.SelectClauseBuilder.BuildInternal(Expression expression) in /mnt/wsl/docker-desktop-bind-mounts/Ubuntu/26713ee8003cb7bc282ce8244ea5001ccb92a1311fa1bee6e964f4a36321e42a/Ubuntu/de963e6efae39b1e8a1abcd3e4621d6fc830ee851b48bb5c2718ffd0134d54eb/src/Query/Builders/SelectClauseBuilder.cs:line 37
   at Kafka.Ksql.Linq.Query.Builders.Common.BuilderBase.Build(Expression expression) in /mnt/wsl/docker-desktop-bind-mounts/Ubuntu/26713ee8003cb7bc282ce8244ea5001ccb92a1311fa1bee6e964f4a36321e42a/Ubuntu/de963e6efae39b1e8a1abcd3e4621d6fc830ee851b48bb5c2718ffd0134d54eb/src/Query/Builders/Common/BuilderBase.cs:line 32
   at Kafka.Ksql.Linq.Query.Pipeline.GeneratorBase.SafeCallBuilder(KsqlBuilderType builderType, Expression expression, String operation) in /mnt/wsl/docker-desktop-bind-mounts/Ubuntu/26713ee8003cb7bc282ce8244ea5001ccb92a1311fa1bee6e964f4a36321e42a/Ubuntu/de963e6efae39b1e8a1abcd3e4621d6fc830ee851b48bb5c2718ffd0134d54eb/src/Query/Pipeline/GeneratorBase.cs:line 316</StackTrace>
        </ErrorInfo>
      </Output>
    </UnitTestResult>
    <UnitTestResult executionId="e35a3e7c-fa40-45f5-b2fa-a1f33653722c" testId="3896c681-ff8b-5564-4928-14af7eaa16af" testName="Kafka.Ksql.Linq.Tests.Query.Pipeline.DMLQueryGeneratorTests.GenerateLinqQuery_GroupBySelectOrderBy_ReturnsExpectedQuery" computerName="sagesoho01" duration="00:00:00.0038349" startTime="2025-09-14T10:32:03.9319172+09:00" endTime="2025-09-14T10:32:03.9319173+09:00" testType="13cdc9d9-ddb5-4fa4-a97d-d965ccfc6d4b" outcome="Passed" testListId="8c84fa94-04c1-424b-9868-57a2d4851a1d" relativeResultsDirectory="e35a3e7c-fa40-45f5-b2fa-a1f33653722c" />
    <UnitTestResult executionId="a075bc44-6b5e-4fdb-a635-c0311024f3bb" testId="2bf779e3-a554-be27-e255-5d3d39e383eb" testName="Kafka.Ksql.Linq.Tests.Query.Pipeline.DMLQueryGeneratorTests.GenerateLinqQuery_GroupByHavingWithMultipleAggregates_ReturnsExpectedQuery" computerName="sagesoho01" duration="00:00:00.0044457" startTime="2025-09-14T10:32:03.9796452+09:00" endTime="2025-09-14T10:32:03.9796453+09:00" testType="13cdc9d9-ddb5-4fa4-a97d-d965ccfc6d4b" outcome="Passed" testListId="8c84fa94-04c1-424b-9868-57a2d4851a1d" relativeResultsDirectory="a075bc44-6b5e-4fdb-a635-c0311024f3bb" />
    <UnitTestResult executionId="3796b34d-3ef0-4c15-96e0-23a0c9a4179f" testId="e066d13d-bf47-4850-9b00-0b411947804f" testName="Kafka.Ksql.Linq.Tests.Query.Pipeline.DMLQueryGeneratorTests.GenerateAggregateQuery_LatestByOffset" computerName="sagesoho01" duration="00:00:00.0037795" startTime="2025-09-14T10:32:03.9423776+09:00" endTime="2025-09-14T10:32:03.9423778+09:00" testType="13cdc9d9-ddb5-4fa4-a97d-d965ccfc6d4b" outcome="Passed" testListId="8c84fa94-04c1-424b-9868-57a2d4851a1d" relativeResultsDirectory="3796b34d-3ef0-4c15-96e0-23a0c9a4179f" />
    <UnitTestResult executionId="d2446abe-0672-41b5-a82b-e5405bc06799" testId="4521797b-15de-015f-baba-a9ee7ef266b8" testName="Kafka.Ksql.Linq.Tests.Query.Builders.KsqlCreateWindowedStatementBuilderTests.DetermineType_NoAggregation_Returns_Stream" computerName="sagesoho01" duration="00:00:00.0002665" startTime="2025-09-14T10:32:03.9078359+09:00" endTime="2025-09-14T10:32:03.9078359+09:00" testType="13cdc9d9-ddb5-4fa4-a97d-d965ccfc6d4b" outcome="Passed" testListId="8c84fa94-04c1-424b-9868-57a2d4851a1d" relativeResultsDirectory="d2446abe-0672-41b5-a82b-e5405bc06799" />
    <UnitTestResult executionId="1032c0c6-447a-496a-8e73-b48765cd2e6b" testId="25eb8c91-4e5b-a512-6b77-993cda56bd21" testName="Kafka.Ksql.Linq.Tests.Query.Pipeline.DMLQueryGeneratorTests.GenerateLinqQuery_NestedAggregate_ThrowsNotSupportedException" computerName="sagesoho01" duration="00:00:00.0017936" startTime="2025-09-14T10:32:03.9895375+09:00" endTime="2025-09-14T10:32:03.9895377+09:00" testType="13cdc9d9-ddb5-4fa4-a97d-d965ccfc6d4b" outcome="Passed" testListId="8c84fa94-04c1-424b-9868-57a2d4851a1d" relativeResultsDirectory="1032c0c6-447a-496a-8e73-b48765cd2e6b" />
    <UnitTestResult executionId="6fd4d139-e095-44e7-a531-4067dbf6fc54" testId="438c1303-62cf-4e7a-c82c-eb1a54f529b6" testName="Kafka.Ksql.Linq.Tests.Query.Pipeline.DMLQueryGeneratorTests.GenerateLinqQuery_GroupByKeys_UsesEntityPrefix" computerName="sagesoho01" duration="00:00:00.0064882" startTime="2025-09-14T10:32:03.8665286+09:00" endTime="2025-09-14T10:32:03.8665297+09:00" testType="13cdc9d9-ddb5-4fa4-a97d-d965ccfc6d4b" outcome="Failed" testListId="8c84fa94-04c1-424b-9868-57a2d4851a1d" relativeResultsDirectory="6fd4d139-e095-44e7-a531-4067dbf6fc54">
      <Output>
        <ErrorInfo>
          <Message>System.InvalidOperationException : DMLQueryGenerator failed during LINQ query generation (Context: Object: deduprate): DMLQueryGenerator failed during SELECT processing using Select builder (Context: new &lt;&gt;f__AnonymousType38`3(Broker = g.Key.Broker, Symbol = g.Key.Symbol, Count = g.Count())): SELECT clause cannot mix aggregate functions with non-aggregate columns without GROUP BY
---- System.InvalidOperationException : DMLQueryGenerator failed during SELECT processing using Select builder (Context: new &lt;&gt;f__AnonymousType38`3(Broker = g.Key.Broker, Symbol = g.Key.Symbol, Count = g.Count())): SELECT clause cannot mix aggregate functions with non-aggregate columns without GROUP BY
-------- System.InvalidOperationException : SELECT clause cannot mix aggregate functions with non-aggregate columns without GROUP BY</Message>
          <StackTrace>   at Kafka.Ksql.Linq.Query.Pipeline.GeneratorBase.HandleGenerationError(String operation, Exception exception, String context) in /mnt/wsl/docker-desktop-bind-mounts/Ubuntu/26713ee8003cb7bc282ce8244ea5001ccb92a1311fa1bee6e964f4a36321e42a/Ubuntu/de963e6efae39b1e8a1abcd3e4621d6fc830ee851b48bb5c2718ffd0134d54eb/src/Query/Pipeline/GeneratorBase.cs:line 306
   at Kafka.Ksql.Linq.Query.Pipeline.DMLQueryGenerator.GenerateLinqQuery(String objectName, Expression linqExpression, Boolean isPullQuery, Boolean isTableQuery) in /mnt/wsl/docker-desktop-bind-mounts/Ubuntu/26713ee8003cb7bc282ce8244ea5001ccb92a1311fa1bee6e964f4a36321e42a/Ubuntu/de963e6efae39b1e8a1abcd3e4621d6fc830ee851b48bb5c2718ffd0134d54eb/src/Query/Pipeline/DMLQueryGenerator.cs:line 154
   at Kafka.Ksql.Linq.Tests.Query.Pipeline.DMLQueryGeneratorTests.&lt;&gt;c__DisplayClass11_0.&lt;GenerateLinqQuery_GroupByKeys_UsesEntityPrefix&gt;b__2() in /mnt/wsl/docker-desktop-bind-mounts/Ubuntu/26713ee8003cb7bc282ce8244ea5001ccb92a1311fa1bee6e964f4a36321e42a/Ubuntu/de963e6efae39b1e8a1abcd3e4621d6fc830ee851b48bb5c2718ffd0134d54eb/tests/Query/Pipeline/DMLQueryGeneratorTests.cs:line 127
   at Kafka.Ksql.Linq.Tests.Query.Pipeline.DMLQueryGeneratorTests.ExecuteInScope[T](Func`1 func) in /mnt/wsl/docker-desktop-bind-mounts/Ubuntu/26713ee8003cb7bc282ce8244ea5001ccb92a1311fa1bee6e964f4a36321e42a/Ubuntu/de963e6efae39b1e8a1abcd3e4621d6fc830ee851b48bb5c2718ffd0134d54eb/tests/Query/Pipeline/DMLQueryGeneratorTests.cs:line 20
   at Kafka.Ksql.Linq.Tests.Query.Pipeline.DMLQueryGeneratorTests.GenerateLinqQuery_GroupByKeys_UsesEntityPrefix() in /mnt/wsl/docker-desktop-bind-mounts/Ubuntu/26713ee8003cb7bc282ce8244ea5001ccb92a1311fa1bee6e964f4a36321e42a/Ubuntu/de963e6efae39b1e8a1abcd3e4621d6fc830ee851b48bb5c2718ffd0134d54eb/tests/Query/Pipeline/DMLQueryGeneratorTests.cs:line 127
   at System.RuntimeMethodHandle.InvokeMethod(Object target, Void** arguments, Signature sig, Boolean isConstructor)
   at System.Reflection.MethodBaseInvoker.InvokeWithNoArgs(Object obj, BindingFlags invokeAttr)
----- Inner Stack Trace -----
   at Kafka.Ksql.Linq.Query.Pipeline.GeneratorBase.HandleGenerationError(String operation, Exception exception, String context) in /mnt/wsl/docker-desktop-bind-mounts/Ubuntu/26713ee8003cb7bc282ce8244ea5001ccb92a1311fa1bee6e964f4a36321e42a/Ubuntu/de963e6efae39b1e8a1abcd3e4621d6fc830ee851b48bb5c2718ffd0134d54eb/src/Query/Pipeline/GeneratorBase.cs:line 306
   at Kafka.Ksql.Linq.Query.Pipeline.GeneratorBase.SafeCallBuilder(KsqlBuilderType builderType, Expression expression, String operation) in /mnt/wsl/docker-desktop-bind-mounts/Ubuntu/26713ee8003cb7bc282ce8244ea5001ccb92a1311fa1bee6e964f4a36321e42a/Ubuntu/de963e6efae39b1e8a1abcd3e4621d6fc830ee851b48bb5c2718ffd0134d54eb/src/Query/Pipeline/GeneratorBase.cs:line 321
   at Kafka.Ksql.Linq.Query.Pipeline.DMLQueryGenerator.ProcessSelectMethod(QueryStructure structure, MethodCallExpression methodCall) in /mnt/wsl/docker-desktop-bind-mounts/Ubuntu/26713ee8003cb7bc282ce8244ea5001ccb92a1311fa1bee6e964f4a36321e42a/Ubuntu/de963e6efae39b1e8a1abcd3e4621d6fc830ee851b48bb5c2718ffd0134d54eb/src/Query/Pipeline/DMLQueryGenerator.cs:line 233
   at Kafka.Ksql.Linq.Query.Pipeline.DMLQueryGenerator.ProcessMethodCall(QueryStructure structure, MethodCallExpression methodCall, QueryAssemblyContext context) in /mnt/wsl/docker-desktop-bind-mounts/Ubuntu/26713ee8003cb7bc282ce8244ea5001ccb92a1311fa1bee6e964f4a36321e42a/Ubuntu/de963e6efae39b1e8a1abcd3e4621d6fc830ee851b48bb5c2718ffd0134d54eb/src/Query/Pipeline/DMLQueryGenerator.cs:line 211
   at Kafka.Ksql.Linq.Query.Pipeline.DMLQueryGenerator.ProcessLinqExpression(QueryStructure structure, Expression linqExpression, QueryAssemblyContext context) in /mnt/wsl/docker-desktop-bind-mounts/Ubuntu/26713ee8003cb7bc282ce8244ea5001ccb92a1311fa1bee6e964f4a36321e42a/Ubuntu/de963e6efae39b1e8a1abcd3e4621d6fc830ee851b48bb5c2718ffd0134d54eb/src/Query/Pipeline/DMLQueryGenerator.cs:line 196
   at Kafka.Ksql.Linq.Query.Pipeline.DMLQueryGenerator.GenerateLinqQuery(String objectName, Expression linqExpression, Boolean isPullQuery, Boolean isTableQuery) in /mnt/wsl/docker-desktop-bind-mounts/Ubuntu/26713ee8003cb7bc282ce8244ea5001ccb92a1311fa1bee6e964f4a36321e42a/Ubuntu/de963e6efae39b1e8a1abcd3e4621d6fc830ee851b48bb5c2718ffd0134d54eb/src/Query/Pipeline/DMLQueryGenerator.cs:line 147
----- Inner Stack Trace -----
   at Kafka.Ksql.Linq.Query.Builders.SelectExpressionVisitor.EnforceNoMixAggregateWithoutGroupBy(Expression expr) in /mnt/wsl/docker-desktop-bind-mounts/Ubuntu/26713ee8003cb7bc282ce8244ea5001ccb92a1311fa1bee6e964f4a36321e42a/Ubuntu/de963e6efae39b1e8a1abcd3e4621d6fc830ee851b48bb5c2718ffd0134d54eb/src/Query/Builders/SelectExpressionVisitor.cs:line 213
   at Kafka.Ksql.Linq.Query.Builders.SelectExpressionVisitor.VisitNew(NewExpression node) in /mnt/wsl/docker-desktop-bind-mounts/Ubuntu/26713ee8003cb7bc282ce8244ea5001ccb92a1311fa1bee6e964f4a36321e42a/Ubuntu/de963e6efae39b1e8a1abcd3e4621d6fc830ee851b48bb5c2718ffd0134d54eb/src/Query/Builders/SelectExpressionVisitor.cs:line 62
   at Kafka.Ksql.Linq.Query.Builders.SelectClauseBuilder.BuildInternal(Expression expression) in /mnt/wsl/docker-desktop-bind-mounts/Ubuntu/26713ee8003cb7bc282ce8244ea5001ccb92a1311fa1bee6e964f4a36321e42a/Ubuntu/de963e6efae39b1e8a1abcd3e4621d6fc830ee851b48bb5c2718ffd0134d54eb/src/Query/Builders/SelectClauseBuilder.cs:line 37
   at Kafka.Ksql.Linq.Query.Builders.Common.BuilderBase.Build(Expression expression) in /mnt/wsl/docker-desktop-bind-mounts/Ubuntu/26713ee8003cb7bc282ce8244ea5001ccb92a1311fa1bee6e964f4a36321e42a/Ubuntu/de963e6efae39b1e8a1abcd3e4621d6fc830ee851b48bb5c2718ffd0134d54eb/src/Query/Builders/Common/BuilderBase.cs:line 32
   at Kafka.Ksql.Linq.Query.Pipeline.GeneratorBase.SafeCallBuilder(KsqlBuilderType builderType, Expression expression, String operation) in /mnt/wsl/docker-desktop-bind-mounts/Ubuntu/26713ee8003cb7bc282ce8244ea5001ccb92a1311fa1bee6e964f4a36321e42a/Ubuntu/de963e6efae39b1e8a1abcd3e4621d6fc830ee851b48bb5c2718ffd0134d54eb/src/Query/Pipeline/GeneratorBase.cs:line 316</StackTrace>
        </ErrorInfo>
      </Output>
    </UnitTestResult>
    <UnitTestResult executionId="70638174-8881-43bc-932e-99b03a77d8a3" testId="77e7d7d5-ba04-6965-f70e-9f94455100cb" testName="Kafka.Ksql.Linq.Tests.Query.Pipeline.DMLQueryGeneratorTests.GenerateLinqQuery_MultipleWindowStart_Throws" computerName="sagesoho01" duration="00:00:00.0040580" startTime="2025-09-14T10:32:03.9078892+09:00" endTime="2025-09-14T10:32:03.9078892+09:00" testType="13cdc9d9-ddb5-4fa4-a97d-d965ccfc6d4b" outcome="Passed" testListId="8c84fa94-04c1-424b-9868-57a2d4851a1d" relativeResultsDirectory="70638174-8881-43bc-932e-99b03a77d8a3" />
    <UnitTestResult executionId="3d1a6713-8e76-4360-8352-b2760f79675e" testId="1c7dc480-04cf-c4e4-6800-b9d508367da6" testName="Kafka.Ksql.Linq.Tests.Query.Pipeline.DMLQueryGeneratorTests.GenerateLinqQuery_WhereIsNullClause_ReturnsExpectedQuery" computerName="sagesoho01" duration="00:00:00.0033266" startTime="2025-09-14T10:32:03.9831505+09:00" endTime="2025-09-14T10:32:03.9831507+09:00" testType="13cdc9d9-ddb5-4fa4-a97d-d965ccfc6d4b" outcome="Passed" testListId="8c84fa94-04c1-424b-9868-57a2d4851a1d" relativeResultsDirectory="3d1a6713-8e76-4360-8352-b2760f79675e" />
    <UnitTestResult executionId="4015b33a-8a08-4458-89f1-6fa69ca5d0b9" testId="3e21243f-761f-b9d5-eeb8-c708618d9b86" testName="Kafka.Ksql.Linq.Tests.Query.Builders.KsqlCreateWindowedStatementBuilderTests.Build_NoWindow_Creates_Stream" computerName="sagesoho01" duration="00:00:00.0139126" startTime="2025-09-14T10:32:03.8254825+09:00" endTime="2025-09-14T10:32:03.8255450+09:00" testType="13cdc9d9-ddb5-4fa4-a97d-d965ccfc6d4b" outcome="Passed" testListId="8c84fa94-04c1-424b-9868-57a2d4851a1d" relativeResultsDirectory="4015b33a-8a08-4458-89f1-6fa69ca5d0b9" />
    <UnitTestResult executionId="26b95b6a-8786-4d9f-a9ba-adb24f29440d" testId="ebc3ee61-2522-c854-d860-dd471b103f5e" testName="Kafka.Ksql.Linq.Tests.Query.Builders.KsqlCreateWindowedStatementBuilderTests.DetermineType_Tumbling_Returns_Table" computerName="sagesoho01" duration="00:00:00.0019914" startTime="2025-09-14T10:32:03.9070154+09:00" endTime="2025-09-14T10:32:03.9070154+09:00" testType="13cdc9d9-ddb5-4fa4-a97d-d965ccfc6d4b" outcome="Passed" testListId="8c84fa94-04c1-424b-9868-57a2d4851a1d" relativeResultsDirectory="26b95b6a-8786-4d9f-a9ba-adb24f29440d" />
    <UnitTestResult executionId="199fe760-6a09-496f-8130-eeee22fb472c" testId="e3669fa3-1acb-f555-b8ba-26bf6f466415" testName="Kafka.Ksql.Linq.Tests.Query.Pipeline.DMLQueryGeneratorTests.GenerateLINQQuery_JoinGroupByHavingCondition_ReturnsExpectedQuery" computerName="sagesoho01" duration="00:00:00.0080326" startTime="2025-09-14T10:32:03.9193017+09:00" endTime="2025-09-14T10:32:03.9193019+09:00" testType="13cdc9d9-ddb5-4fa4-a97d-d965ccfc6d4b" outcome="Passed" testListId="8c84fa94-04c1-424b-9868-57a2d4851a1d" relativeResultsDirectory="199fe760-6a09-496f-8130-eeee22fb472c" />
    <UnitTestResult executionId="a578e603-b624-415a-8522-d0d7498a68fd" testId="3af9b2be-ed65-053a-1d52-6f8bd0b0ed9c" testName="Kafka.Ksql.Linq.Tests.Query.Builders.KsqlCreateWindowedStatementBuilderTests.Build_WithWindow_Creates_Table" computerName="sagesoho01" duration="00:00:00.0011111" startTime="2025-09-14T10:32:03.9077884+09:00" endTime="2025-09-14T10:32:03.9077884+09:00" testType="13cdc9d9-ddb5-4fa4-a97d-d965ccfc6d4b" outcome="Failed" testListId="8c84fa94-04c1-424b-9868-57a2d4851a1d" relativeResultsDirectory="a578e603-b624-415a-8522-d0d7498a68fd">
      <Output>
        <ErrorInfo>
          <Message>System.InvalidOperationException : SELECT clause cannot mix aggregate functions with non-aggregate columns without GROUP BY</Message>
          <StackTrace>   at Kafka.Ksql.Linq.Query.Builders.SelectExpressionVisitor.EnforceNoMixAggregateWithoutGroupBy(Expression expr) in /mnt/wsl/docker-desktop-bind-mounts/Ubuntu/26713ee8003cb7bc282ce8244ea5001ccb92a1311fa1bee6e964f4a36321e42a/Ubuntu/de963e6efae39b1e8a1abcd3e4621d6fc830ee851b48bb5c2718ffd0134d54eb/src/Query/Builders/SelectExpressionVisitor.cs:line 213
   at Kafka.Ksql.Linq.Query.Builders.SelectExpressionVisitor.VisitNew(NewExpression node) in /mnt/wsl/docker-desktop-bind-mounts/Ubuntu/26713ee8003cb7bc282ce8244ea5001ccb92a1311fa1bee6e964f4a36321e42a/Ubuntu/de963e6efae39b1e8a1abcd3e4621d6fc830ee851b48bb5c2718ffd0134d54eb/src/Query/Builders/SelectExpressionVisitor.cs:line 62
   at Kafka.Ksql.Linq.Query.Builders.SelectClauseBuilder.BuildInternal(Expression expression) in /mnt/wsl/docker-desktop-bind-mounts/Ubuntu/26713ee8003cb7bc282ce8244ea5001ccb92a1311fa1bee6e964f4a36321e42a/Ubuntu/de963e6efae39b1e8a1abcd3e4621d6fc830ee851b48bb5c2718ffd0134d54eb/src/Query/Builders/SelectClauseBuilder.cs:line 37
   at Kafka.Ksql.Linq.Query.Builders.Common.BuilderBase.Build(Expression expression) in /mnt/wsl/docker-desktop-bind-mounts/Ubuntu/26713ee8003cb7bc282ce8244ea5001ccb92a1311fa1bee6e964f4a36321e42a/Ubuntu/de963e6efae39b1e8a1abcd3e4621d6fc830ee851b48bb5c2718ffd0134d54eb/src/Query/Builders/Common/BuilderBase.cs:line 32
   at Kafka.Ksql.Linq.Query.Builders.KsqlCreateStatementBuilder.Build(String streamName, KsqlQueryModel model, String keySchemaFullName, String valueSchemaFullName, Func`2 sourceNameResolver, String partitionBy, RenderOptions options) in /mnt/wsl/docker-desktop-bind-mounts/Ubuntu/26713ee8003cb7bc282ce8244ea5001ccb92a1311fa1bee6e964f4a36321e42a/Ubuntu/de963e6efae39b1e8a1abcd3e4621d6fc830ee851b48bb5c2718ffd0134d54eb/src/Query/Builders/KsqlCreateStatementBuilder.cs:line 47
   at Kafka.Ksql.Linq.Query.Builders.KsqlCreateStatementBuilder.Build(String streamName, KsqlQueryModel model, String keySchemaFullName, String valueSchemaFullName, String partitionBy, RenderOptions options) in /mnt/wsl/docker-desktop-bind-mounts/Ubuntu/26713ee8003cb7bc282ce8244ea5001ccb92a1311fa1bee6e964f4a36321e42a/Ubuntu/de963e6efae39b1e8a1abcd3e4621d6fc830ee851b48bb5c2718ffd0134d54eb/src/Query/Builders/KsqlCreateStatementBuilder.cs:line 16
   at Kafka.Ksql.Linq.Query.Builders.KsqlCreateWindowedStatementBuilder.Build(String name, KsqlQueryModel model, String timeframe, String emitOverride, String inputOverride) in /mnt/wsl/docker-desktop-bind-mounts/Ubuntu/26713ee8003cb7bc282ce8244ea5001ccb92a1311fa1bee6e964f4a36321e42a/Ubuntu/de963e6efae39b1e8a1abcd3e4621d6fc830ee851b48bb5c2718ffd0134d54eb/src/Query/Builders/KsqlCreateWindowedStatementBuilder.cs:line 20
   at Kafka.Ksql.Linq.Tests.Query.Builders.KsqlCreateWindowedStatementBuilderTests.Build_WithWindow_Creates_Table() in /mnt/wsl/docker-desktop-bind-mounts/Ubuntu/26713ee8003cb7bc282ce8244ea5001ccb92a1311fa1bee6e964f4a36321e42a/Ubuntu/de963e6efae39b1e8a1abcd3e4621d6fc830ee851b48bb5c2718ffd0134d54eb/tests/Query/Builders/KsqlCreateWindowedStatementBuilderTests.cs:line 115
   at System.RuntimeMethodHandle.InvokeMethod(Object target, Void** arguments, Signature sig, Boolean isConstructor)
   at System.Reflection.MethodBaseInvoker.InvokeWithNoArgs(Object obj, BindingFlags invokeAttr)</StackTrace>
        </ErrorInfo>
      </Output>
    </UnitTestResult>
    <UnitTestResult executionId="86f791c4-dd0e-4acd-9ae0-c549c2a831fc" testId="356cc1c0-83fc-535f-9c6c-63cdd19b4fde" testName="Kafka.Ksql.Linq.Tests.Query.Pipeline.DMLQueryGeneratorTests.GenerateLinqQuery_JoinGroupByHavingCombination_ReturnsExpectedQuery" computerName="sagesoho01" duration="00:00:00.0057004" startTime="2025-09-14T10:32:03.9640364+09:00" endTime="2025-09-14T10:32:03.9640365+09:00" testType="13cdc9d9-ddb5-4fa4-a97d-d965ccfc6d4b" outcome="Passed" testListId="8c84fa94-04c1-424b-9868-57a2d4851a1d" relativeResultsDirectory="86f791c4-dd0e-4acd-9ae0-c549c2a831fc" />
    <UnitTestResult executionId="ee095a72-792a-40c5-b181-b53f5ed773d6" testId="3b12b5f0-be1e-f770-752a-c6049e8d43d6" testName="Kafka.Ksql.Linq.Tests.Query.Builders.KsqlCreateWindowedStatementBuilderTests.Build_From_With_Alias_Inserts_Window_After_Alias" computerName="sagesoho01" duration="00:00:00.0009951" startTime="2025-09-14T10:32:03.8671943+09:00" endTime="2025-09-14T10:32:03.8671944+09:00" testType="13cdc9d9-ddb5-4fa4-a97d-d965ccfc6d4b" outcome="Failed" testListId="8c84fa94-04c1-424b-9868-57a2d4851a1d" relativeResultsDirectory="ee095a72-792a-40c5-b181-b53f5ed773d6">
      <Output>
        <ErrorInfo>
          <Message>System.InvalidOperationException : SELECT clause cannot mix aggregate functions with non-aggregate columns without GROUP BY</Message>
          <StackTrace>   at Kafka.Ksql.Linq.Query.Builders.SelectExpressionVisitor.EnforceNoMixAggregateWithoutGroupBy(Expression expr) in /mnt/wsl/docker-desktop-bind-mounts/Ubuntu/26713ee8003cb7bc282ce8244ea5001ccb92a1311fa1bee6e964f4a36321e42a/Ubuntu/de963e6efae39b1e8a1abcd3e4621d6fc830ee851b48bb5c2718ffd0134d54eb/src/Query/Builders/SelectExpressionVisitor.cs:line 213
   at Kafka.Ksql.Linq.Query.Builders.SelectExpressionVisitor.VisitNew(NewExpression node) in /mnt/wsl/docker-desktop-bind-mounts/Ubuntu/26713ee8003cb7bc282ce8244ea5001ccb92a1311fa1bee6e964f4a36321e42a/Ubuntu/de963e6efae39b1e8a1abcd3e4621d6fc830ee851b48bb5c2718ffd0134d54eb/src/Query/Builders/SelectExpressionVisitor.cs:line 62
   at Kafka.Ksql.Linq.Query.Builders.SelectClauseBuilder.BuildInternal(Expression expression) in /mnt/wsl/docker-desktop-bind-mounts/Ubuntu/26713ee8003cb7bc282ce8244ea5001ccb92a1311fa1bee6e964f4a36321e42a/Ubuntu/de963e6efae39b1e8a1abcd3e4621d6fc830ee851b48bb5c2718ffd0134d54eb/src/Query/Builders/SelectClauseBuilder.cs:line 37
   at Kafka.Ksql.Linq.Query.Builders.Common.BuilderBase.Build(Expression expression) in /mnt/wsl/docker-desktop-bind-mounts/Ubuntu/26713ee8003cb7bc282ce8244ea5001ccb92a1311fa1bee6e964f4a36321e42a/Ubuntu/de963e6efae39b1e8a1abcd3e4621d6fc830ee851b48bb5c2718ffd0134d54eb/src/Query/Builders/Common/BuilderBase.cs:line 32
   at Kafka.Ksql.Linq.Query.Builders.KsqlCreateStatementBuilder.Build(String streamName, KsqlQueryModel model, String keySchemaFullName, String valueSchemaFullName, Func`2 sourceNameResolver, String partitionBy, RenderOptions options) in /mnt/wsl/docker-desktop-bind-mounts/Ubuntu/26713ee8003cb7bc282ce8244ea5001ccb92a1311fa1bee6e964f4a36321e42a/Ubuntu/de963e6efae39b1e8a1abcd3e4621d6fc830ee851b48bb5c2718ffd0134d54eb/src/Query/Builders/KsqlCreateStatementBuilder.cs:line 47
   at Kafka.Ksql.Linq.Query.Builders.KsqlCreateStatementBuilder.Build(String streamName, KsqlQueryModel model, String keySchemaFullName, String valueSchemaFullName, String partitionBy, RenderOptions options) in /mnt/wsl/docker-desktop-bind-mounts/Ubuntu/26713ee8003cb7bc282ce8244ea5001ccb92a1311fa1bee6e964f4a36321e42a/Ubuntu/de963e6efae39b1e8a1abcd3e4621d6fc830ee851b48bb5c2718ffd0134d54eb/src/Query/Builders/KsqlCreateStatementBuilder.cs:line 16
   at Kafka.Ksql.Linq.Query.Builders.KsqlCreateWindowedStatementBuilder.Build(String name, KsqlQueryModel model, String timeframe, String emitOverride, String inputOverride) in /mnt/wsl/docker-desktop-bind-mounts/Ubuntu/26713ee8003cb7bc282ce8244ea5001ccb92a1311fa1bee6e964f4a36321e42a/Ubuntu/de963e6efae39b1e8a1abcd3e4621d6fc830ee851b48bb5c2718ffd0134d54eb/src/Query/Builders/KsqlCreateWindowedStatementBuilder.cs:line 20
   at Kafka.Ksql.Linq.Tests.Query.Builders.KsqlCreateWindowedStatementBuilderTests.Build_From_With_Alias_Inserts_Window_After_Alias() in /mnt/wsl/docker-desktop-bind-mounts/Ubuntu/26713ee8003cb7bc282ce8244ea5001ccb92a1311fa1bee6e964f4a36321e42a/Ubuntu/de963e6efae39b1e8a1abcd3e4621d6fc830ee851b48bb5c2718ffd0134d54eb/tests/Query/Builders/KsqlCreateWindowedStatementBuilderTests.cs:line 63
   at System.RuntimeMethodHandle.InvokeMethod(Object target, Void** arguments, Signature sig, Boolean isConstructor)
   at System.Reflection.MethodBaseInvoker.InvokeWithNoArgs(Object obj, BindingFlags invokeAttr)</StackTrace>
        </ErrorInfo>
      </Output>
    </UnitTestResult>
    <UnitTestResult executionId="b207ef55-0779-4fdf-8f1e-e071d7659352" testId="68879efc-fd57-84ce-7787-5f5b952a8719" testName="Kafka.Ksql.Linq.Tests.Query.Pipeline.DMLQueryGeneratorTests.GenerateAggregateQuery_WindowStart" computerName="sagesoho01" duration="00:00:00.0035366" startTime="2025-09-14T10:32:03.9089813+09:00" endTime="2025-09-14T10:32:03.9089813+09:00" testType="13cdc9d9-ddb5-4fa4-a97d-d965ccfc6d4b" outcome="Passed" testListId="8c84fa94-04c1-424b-9868-57a2d4851a1d" relativeResultsDirectory="b207ef55-0779-4fdf-8f1e-e071d7659352" />
    <UnitTestResult executionId="4cb1828d-60a3-439e-84d1-b7f630adc35f" testId="526b6fca-5195-95ff-b02e-a90e6310dc06" testName="Kafka.Ksql.Linq.Tests.Query.Pipeline.DMLQueryGeneratorTests.GenerateAggregateQuery_EarliestByOffset" computerName="sagesoho01" duration="00:00:00.0035794" startTime="2025-09-14T10:32:03.9068130+09:00" endTime="2025-09-14T10:32:03.9068131+09:00" testType="13cdc9d9-ddb5-4fa4-a97d-d965ccfc6d4b" outcome="Passed" testListId="8c84fa94-04c1-424b-9868-57a2d4851a1d" relativeResultsDirectory="4cb1828d-60a3-439e-84d1-b7f630adc35f" />
    <UnitTestResult executionId="642fa205-2cdb-4af5-8da4-56f86954127a" testId="14e9b45f-fa07-72aa-2fcd-649449604406" testName="Kafka.Ksql.Linq.Tests.Query.Pipeline.DMLQueryGeneratorTests.GenerateLinqQuery_MultiKeyGroupByWithHaving_ReturnsExpectedQuery" computerName="sagesoho01" duration="00:00:00.0016856" startTime="2025-09-14T10:32:03.9712243+09:00" endTime="2025-09-14T10:32:03.9712244+09:00" testType="13cdc9d9-ddb5-4fa4-a97d-d965ccfc6d4b" outcome="Failed" testListId="8c84fa94-04c1-424b-9868-57a2d4851a1d" relativeResultsDirectory="642fa205-2cdb-4af5-8da4-56f86954127a">
      <Output>
        <ErrorInfo>
          <Message>System.InvalidOperationException : DMLQueryGenerator failed during LINQ query generation (Context: Object: orders): DMLQueryGenerator failed during SELECT processing using Select builder (Context: new &lt;&gt;f__AnonymousType43`3(CustomerId = g.Key.CustomerId, Region = g.Key.Region, Total = g.Sum(x =&gt; x.Amount))): SELECT clause cannot mix aggregate functions with non-aggregate columns without GROUP BY
---- System.InvalidOperationException : DMLQueryGenerator failed during SELECT processing using Select builder (Context: new &lt;&gt;f__AnonymousType43`3(CustomerId = g.Key.CustomerId, Region = g.Key.Region, Total = g.Sum(x =&gt; x.Amount))): SELECT clause cannot mix aggregate functions with non-aggregate columns without GROUP BY
-------- System.InvalidOperationException : SELECT clause cannot mix aggregate functions with non-aggregate columns without GROUP BY</Message>
          <StackTrace>   at Kafka.Ksql.Linq.Query.Pipeline.GeneratorBase.HandleGenerationError(String operation, Exception exception, String context) in /mnt/wsl/docker-desktop-bind-mounts/Ubuntu/26713ee8003cb7bc282ce8244ea5001ccb92a1311fa1bee6e964f4a36321e42a/Ubuntu/de963e6efae39b1e8a1abcd3e4621d6fc830ee851b48bb5c2718ffd0134d54eb/src/Query/Pipeline/GeneratorBase.cs:line 306
   at Kafka.Ksql.Linq.Query.Pipeline.DMLQueryGenerator.GenerateLinqQuery(String objectName, Expression linqExpression, Boolean isPullQuery, Boolean isTableQuery) in /mnt/wsl/docker-desktop-bind-mounts/Ubuntu/26713ee8003cb7bc282ce8244ea5001ccb92a1311fa1bee6e964f4a36321e42a/Ubuntu/de963e6efae39b1e8a1abcd3e4621d6fc830ee851b48bb5c2718ffd0134d54eb/src/Query/Pipeline/DMLQueryGenerator.cs:line 154
   at Kafka.Ksql.Linq.Tests.Query.Pipeline.DMLQueryGeneratorTests.&lt;&gt;c__DisplayClass22_0.&lt;GenerateLinqQuery_MultiKeyGroupByWithHaving_ReturnsExpectedQuery&gt;b__3() in /mnt/wsl/docker-desktop-bind-mounts/Ubuntu/26713ee8003cb7bc282ce8244ea5001ccb92a1311fa1bee6e964f4a36321e42a/Ubuntu/de963e6efae39b1e8a1abcd3e4621d6fc830ee851b48bb5c2718ffd0134d54eb/tests/Query/Pipeline/DMLQueryGeneratorTests.cs:line 350
   at Kafka.Ksql.Linq.Tests.Query.Pipeline.DMLQueryGeneratorTests.ExecuteInScope[T](Func`1 func) in /mnt/wsl/docker-desktop-bind-mounts/Ubuntu/26713ee8003cb7bc282ce8244ea5001ccb92a1311fa1bee6e964f4a36321e42a/Ubuntu/de963e6efae39b1e8a1abcd3e4621d6fc830ee851b48bb5c2718ffd0134d54eb/tests/Query/Pipeline/DMLQueryGeneratorTests.cs:line 20
   at Kafka.Ksql.Linq.Tests.Query.Pipeline.DMLQueryGeneratorTests.GenerateLinqQuery_MultiKeyGroupByWithHaving_ReturnsExpectedQuery() in /mnt/wsl/docker-desktop-bind-mounts/Ubuntu/26713ee8003cb7bc282ce8244ea5001ccb92a1311fa1bee6e964f4a36321e42a/Ubuntu/de963e6efae39b1e8a1abcd3e4621d6fc830ee851b48bb5c2718ffd0134d54eb/tests/Query/Pipeline/DMLQueryGeneratorTests.cs:line 350
   at System.RuntimeMethodHandle.InvokeMethod(Object target, Void** arguments, Signature sig, Boolean isConstructor)
   at System.Reflection.MethodBaseInvoker.InvokeWithNoArgs(Object obj, BindingFlags invokeAttr)
----- Inner Stack Trace -----
   at Kafka.Ksql.Linq.Query.Pipeline.GeneratorBase.HandleGenerationError(String operation, Exception exception, String context) in /mnt/wsl/docker-desktop-bind-mounts/Ubuntu/26713ee8003cb7bc282ce8244ea5001ccb92a1311fa1bee6e964f4a36321e42a/Ubuntu/de963e6efae39b1e8a1abcd3e4621d6fc830ee851b48bb5c2718ffd0134d54eb/src/Query/Pipeline/GeneratorBase.cs:line 306
   at Kafka.Ksql.Linq.Query.Pipeline.GeneratorBase.SafeCallBuilder(KsqlBuilderType builderType, Expression expression, String operation) in /mnt/wsl/docker-desktop-bind-mounts/Ubuntu/26713ee8003cb7bc282ce8244ea5001ccb92a1311fa1bee6e964f4a36321e42a/Ubuntu/de963e6efae39b1e8a1abcd3e4621d6fc830ee851b48bb5c2718ffd0134d54eb/src/Query/Pipeline/GeneratorBase.cs:line 321
   at Kafka.Ksql.Linq.Query.Pipeline.DMLQueryGenerator.ProcessSelectMethod(QueryStructure structure, MethodCallExpression methodCall) in /mnt/wsl/docker-desktop-bind-mounts/Ubuntu/26713ee8003cb7bc282ce8244ea5001ccb92a1311fa1bee6e964f4a36321e42a/Ubuntu/de963e6efae39b1e8a1abcd3e4621d6fc830ee851b48bb5c2718ffd0134d54eb/src/Query/Pipeline/DMLQueryGenerator.cs:line 233
   at Kafka.Ksql.Linq.Query.Pipeline.DMLQueryGenerator.ProcessMethodCall(QueryStructure structure, MethodCallExpression methodCall, QueryAssemblyContext context) in /mnt/wsl/docker-desktop-bind-mounts/Ubuntu/26713ee8003cb7bc282ce8244ea5001ccb92a1311fa1bee6e964f4a36321e42a/Ubuntu/de963e6efae39b1e8a1abcd3e4621d6fc830ee851b48bb5c2718ffd0134d54eb/src/Query/Pipeline/DMLQueryGenerator.cs:line 211
   at Kafka.Ksql.Linq.Query.Pipeline.DMLQueryGenerator.ProcessLinqExpression(QueryStructure structure, Expression linqExpression, QueryAssemblyContext context) in /mnt/wsl/docker-desktop-bind-mounts/Ubuntu/26713ee8003cb7bc282ce8244ea5001ccb92a1311fa1bee6e964f4a36321e42a/Ubuntu/de963e6efae39b1e8a1abcd3e4621d6fc830ee851b48bb5c2718ffd0134d54eb/src/Query/Pipeline/DMLQueryGenerator.cs:line 196
   at Kafka.Ksql.Linq.Query.Pipeline.DMLQueryGenerator.GenerateLinqQuery(String objectName, Expression linqExpression, Boolean isPullQuery, Boolean isTableQuery) in /mnt/wsl/docker-desktop-bind-mounts/Ubuntu/26713ee8003cb7bc282ce8244ea5001ccb92a1311fa1bee6e964f4a36321e42a/Ubuntu/de963e6efae39b1e8a1abcd3e4621d6fc830ee851b48bb5c2718ffd0134d54eb/src/Query/Pipeline/DMLQueryGenerator.cs:line 147
----- Inner Stack Trace -----
   at Kafka.Ksql.Linq.Query.Builders.SelectExpressionVisitor.EnforceNoMixAggregateWithoutGroupBy(Expression expr) in /mnt/wsl/docker-desktop-bind-mounts/Ubuntu/26713ee8003cb7bc282ce8244ea5001ccb92a1311fa1bee6e964f4a36321e42a/Ubuntu/de963e6efae39b1e8a1abcd3e4621d6fc830ee851b48bb5c2718ffd0134d54eb/src/Query/Builders/SelectExpressionVisitor.cs:line 213
   at Kafka.Ksql.Linq.Query.Builders.SelectExpressionVisitor.VisitNew(NewExpression node) in /mnt/wsl/docker-desktop-bind-mounts/Ubuntu/26713ee8003cb7bc282ce8244ea5001ccb92a1311fa1bee6e964f4a36321e42a/Ubuntu/de963e6efae39b1e8a1abcd3e4621d6fc830ee851b48bb5c2718ffd0134d54eb/src/Query/Builders/SelectExpressionVisitor.cs:line 62
   at Kafka.Ksql.Linq.Query.Builders.SelectClauseBuilder.BuildInternal(Expression expression) in /mnt/wsl/docker-desktop-bind-mounts/Ubuntu/26713ee8003cb7bc282ce8244ea5001ccb92a1311fa1bee6e964f4a36321e42a/Ubuntu/de963e6efae39b1e8a1abcd3e4621d6fc830ee851b48bb5c2718ffd0134d54eb/src/Query/Builders/SelectClauseBuilder.cs:line 37
   at Kafka.Ksql.Linq.Query.Builders.Common.BuilderBase.Build(Expression expression) in /mnt/wsl/docker-desktop-bind-mounts/Ubuntu/26713ee8003cb7bc282ce8244ea5001ccb92a1311fa1bee6e964f4a36321e42a/Ubuntu/de963e6efae39b1e8a1abcd3e4621d6fc830ee851b48bb5c2718ffd0134d54eb/src/Query/Builders/Common/BuilderBase.cs:line 32
   at Kafka.Ksql.Linq.Query.Pipeline.GeneratorBase.SafeCallBuilder(KsqlBuilderType builderType, Expression expression, String operation) in /mnt/wsl/docker-desktop-bind-mounts/Ubuntu/26713ee8003cb7bc282ce8244ea5001ccb92a1311fa1bee6e964f4a36321e42a/Ubuntu/de963e6efae39b1e8a1abcd3e4621d6fc830ee851b48bb5c2718ffd0134d54eb/src/Query/Pipeline/GeneratorBase.cs:line 316</StackTrace>
        </ErrorInfo>
      </Output>
    </UnitTestResult>
    <UnitTestResult executionId="10823a67-b5ae-4b91-a33e-5a6e1dde59bc" testId="27f53e8f-9c15-8074-2e91-a36c12939015" testName="Kafka.Ksql.Linq.Tests.Query.Pipeline.DMLQueryGeneratorTests.GenerateLinqQuery_JoinGroupByHavingCondition_ReturnsExpectedQuery" computerName="sagesoho01" duration="00:00:00.0049119" startTime="2025-09-14T10:32:03.9750521+09:00" endTime="2025-09-14T10:32:03.9750522+09:00" testType="13cdc9d9-ddb5-4fa4-a97d-d965ccfc6d4b" outcome="Passed" testListId="8c84fa94-04c1-424b-9868-57a2d4851a1d" relativeResultsDirectory="10823a67-b5ae-4b91-a33e-5a6e1dde59bc" />
    <UnitTestResult executionId="0232a2ae-24d6-467c-aefd-2dfc1a3d82dd" testId="67b527e3-2917-0508-de45-22b813bbd9ff" testName="Kafka.Ksql.Linq.Tests.Query.Pipeline.DMLQueryGeneratorTests.GenerateLinqQuery_GroupByWithExpressionKey_ReturnsExpectedQuery" computerName="sagesoho01" duration="00:00:00.0340207" startTime="2025-09-14T10:32:03.8501559+09:00" endTime="2025-09-14T10:32:03.8501560+09:00" testType="13cdc9d9-ddb5-4fa4-a97d-d965ccfc6d4b" outcome="Passed" testListId="8c84fa94-04c1-424b-9868-57a2d4851a1d" relativeResultsDirectory="0232a2ae-24d6-467c-aefd-2dfc1a3d82dd" />
    <UnitTestResult executionId="11752047-cc4e-42c1-a691-f58c9a76e76f" testId="6da010a1-af75-f226-b94e-645827547d3d" testName="Kafka.Ksql.Linq.Tests.Query.Pipeline.DMLQueryGeneratorTests.GenerateLinqQuery_WhereIsNotNullClause_ReturnsExpectedQuery" computerName="sagesoho01" duration="00:00:00.0038461" startTime="2025-09-14T10:32:03.9463972+09:00" endTime="2025-09-14T10:32:03.9463975+09:00" testType="13cdc9d9-ddb5-4fa4-a97d-d965ccfc6d4b" outcome="Passed" testListId="8c84fa94-04c1-424b-9868-57a2d4851a1d" relativeResultsDirectory="11752047-cc4e-42c1-a691-f58c9a76e76f" />
    <UnitTestResult executionId="f5a81bfe-01d2-4a99-935f-3bd804ed5c71" testId="84edad59-8db6-3cbe-1673-a14f5f981af6" testName="Kafka.Ksql.Linq.Tests.Query.Pipeline.DMLQueryGeneratorTests.GenerateCountQuery_ReturnsExpected" computerName="sagesoho01" duration="00:00:00.0029983" startTime="2025-09-14T10:32:03.9225593+09:00" endTime="2025-09-14T10:32:03.9225594+09:00" testType="13cdc9d9-ddb5-4fa4-a97d-d965ccfc6d4b" outcome="Passed" testListId="8c84fa94-04c1-424b-9868-57a2d4851a1d" relativeResultsDirectory="f5a81bfe-01d2-4a99-935f-3bd804ed5c71" />
    <UnitTestResult executionId="83a283cc-a987-40f8-8854-88e280de6f04" testId="56ea9c00-ad0b-6e39-1c4d-42ab1f4b2403" testName="Kafka.Ksql.Linq.Tests.Query.Pipeline.DMLQueryGeneratorTests.GenerateLinqQuery_MultiKeyGroupByMultipleAggregates_HavingComplexConditions_ReturnsExpectedQuery" computerName="sagesoho01" duration="00:00:00.0027812" startTime="2025-09-14T10:32:03.9599062+09:00" endTime="2025-09-14T10:32:03.9599063+09:00" testType="13cdc9d9-ddb5-4fa4-a97d-d965ccfc6d4b" outcome="Failed" testListId="8c84fa94-04c1-424b-9868-57a2d4851a1d" relativeResultsDirectory="83a283cc-a987-40f8-8854-88e280de6f04">
      <Output>
        <ErrorInfo>
          <Message>System.InvalidOperationException : DMLQueryGenerator failed during LINQ query generation (Context: Object: orders): DMLQueryGenerator failed during SELECT processing using Select builder (Context: new &lt;&gt;f__AnonymousType47`5(CustomerId = g.Key.CustomerId, Region = g.Key.Region, TotalAmount = g.Sum(x =&gt; x.Amount), OrderCount = g.Count(), AverageAmount = g.Average(x =&gt; x.Amount))): SELECT clause cannot mix aggregate functions with non-aggregate columns without GROUP BY
---- System.InvalidOperationException : DMLQueryGenerator failed during SELECT processing using Select builder (Context: new &lt;&gt;f__AnonymousType47`5(CustomerId = g.Key.CustomerId, Region = g.Key.Region, TotalAmount = g.Sum(x =&gt; x.Amount), OrderCount = g.Count(), AverageAmount = g.Average(x =&gt; x.Amount))): SELECT clause cannot mix aggregate functions with non-aggregate columns without GROUP BY
-------- System.InvalidOperationException : SELECT clause cannot mix aggregate functions with non-aggregate columns without GROUP BY</Message>
          <StackTrace>   at Kafka.Ksql.Linq.Query.Pipeline.GeneratorBase.HandleGenerationError(String operation, Exception exception, String context) in /mnt/wsl/docker-desktop-bind-mounts/Ubuntu/26713ee8003cb7bc282ce8244ea5001ccb92a1311fa1bee6e964f4a36321e42a/Ubuntu/de963e6efae39b1e8a1abcd3e4621d6fc830ee851b48bb5c2718ffd0134d54eb/src/Query/Pipeline/GeneratorBase.cs:line 306
   at Kafka.Ksql.Linq.Query.Pipeline.DMLQueryGenerator.GenerateLinqQuery(String objectName, Expression linqExpression, Boolean isPullQuery, Boolean isTableQuery) in /mnt/wsl/docker-desktop-bind-mounts/Ubuntu/26713ee8003cb7bc282ce8244ea5001ccb92a1311fa1bee6e964f4a36321e42a/Ubuntu/de963e6efae39b1e8a1abcd3e4621d6fc830ee851b48bb5c2718ffd0134d54eb/src/Query/Pipeline/DMLQueryGenerator.cs:line 154
   at Kafka.Ksql.Linq.Tests.Query.Pipeline.DMLQueryGeneratorTests.&lt;&gt;c__DisplayClass29_0.&lt;GenerateLinqQuery_MultiKeyGroupByMultipleAggregates_HavingComplexConditions_ReturnsExpectedQuery&gt;b__3() in /mnt/wsl/docker-desktop-bind-mounts/Ubuntu/26713ee8003cb7bc282ce8244ea5001ccb92a1311fa1bee6e964f4a36321e42a/Ubuntu/de963e6efae39b1e8a1abcd3e4621d6fc830ee851b48bb5c2718ffd0134d54eb/tests/Query/Pipeline/DMLQueryGeneratorTests.cs:line 517
   at Kafka.Ksql.Linq.Tests.Query.Pipeline.DMLQueryGeneratorTests.ExecuteInScope[T](Func`1 func) in /mnt/wsl/docker-desktop-bind-mounts/Ubuntu/26713ee8003cb7bc282ce8244ea5001ccb92a1311fa1bee6e964f4a36321e42a/Ubuntu/de963e6efae39b1e8a1abcd3e4621d6fc830ee851b48bb5c2718ffd0134d54eb/tests/Query/Pipeline/DMLQueryGeneratorTests.cs:line 20
   at Kafka.Ksql.Linq.Tests.Query.Pipeline.DMLQueryGeneratorTests.GenerateLinqQuery_MultiKeyGroupByMultipleAggregates_HavingComplexConditions_ReturnsExpectedQuery() in /mnt/wsl/docker-desktop-bind-mounts/Ubuntu/26713ee8003cb7bc282ce8244ea5001ccb92a1311fa1bee6e964f4a36321e42a/Ubuntu/de963e6efae39b1e8a1abcd3e4621d6fc830ee851b48bb5c2718ffd0134d54eb/tests/Query/Pipeline/DMLQueryGeneratorTests.cs:line 517
   at System.RuntimeMethodHandle.InvokeMethod(Object target, Void** arguments, Signature sig, Boolean isConstructor)
   at System.Reflection.MethodBaseInvoker.InvokeWithNoArgs(Object obj, BindingFlags invokeAttr)
----- Inner Stack Trace -----
   at Kafka.Ksql.Linq.Query.Pipeline.GeneratorBase.HandleGenerationError(String operation, Exception exception, String context) in /mnt/wsl/docker-desktop-bind-mounts/Ubuntu/26713ee8003cb7bc282ce8244ea5001ccb92a1311fa1bee6e964f4a36321e42a/Ubuntu/de963e6efae39b1e8a1abcd3e4621d6fc830ee851b48bb5c2718ffd0134d54eb/src/Query/Pipeline/GeneratorBase.cs:line 306
   at Kafka.Ksql.Linq.Query.Pipeline.GeneratorBase.SafeCallBuilder(KsqlBuilderType builderType, Expression expression, String operation) in /mnt/wsl/docker-desktop-bind-mounts/Ubuntu/26713ee8003cb7bc282ce8244ea5001ccb92a1311fa1bee6e964f4a36321e42a/Ubuntu/de963e6efae39b1e8a1abcd3e4621d6fc830ee851b48bb5c2718ffd0134d54eb/src/Query/Pipeline/GeneratorBase.cs:line 321
   at Kafka.Ksql.Linq.Query.Pipeline.DMLQueryGenerator.ProcessSelectMethod(QueryStructure structure, MethodCallExpression methodCall) in /mnt/wsl/docker-desktop-bind-mounts/Ubuntu/26713ee8003cb7bc282ce8244ea5001ccb92a1311fa1bee6e964f4a36321e42a/Ubuntu/de963e6efae39b1e8a1abcd3e4621d6fc830ee851b48bb5c2718ffd0134d54eb/src/Query/Pipeline/DMLQueryGenerator.cs:line 233
   at Kafka.Ksql.Linq.Query.Pipeline.DMLQueryGenerator.ProcessMethodCall(QueryStructure structure, MethodCallExpression methodCall, QueryAssemblyContext context) in /mnt/wsl/docker-desktop-bind-mounts/Ubuntu/26713ee8003cb7bc282ce8244ea5001ccb92a1311fa1bee6e964f4a36321e42a/Ubuntu/de963e6efae39b1e8a1abcd3e4621d6fc830ee851b48bb5c2718ffd0134d54eb/src/Query/Pipeline/DMLQueryGenerator.cs:line 211
   at Kafka.Ksql.Linq.Query.Pipeline.DMLQueryGenerator.ProcessLinqExpression(QueryStructure structure, Expression linqExpression, QueryAssemblyContext context) in /mnt/wsl/docker-desktop-bind-mounts/Ubuntu/26713ee8003cb7bc282ce8244ea5001ccb92a1311fa1bee6e964f4a36321e42a/Ubuntu/de963e6efae39b1e8a1abcd3e4621d6fc830ee851b48bb5c2718ffd0134d54eb/src/Query/Pipeline/DMLQueryGenerator.cs:line 196
   at Kafka.Ksql.Linq.Query.Pipeline.DMLQueryGenerator.GenerateLinqQuery(String objectName, Expression linqExpression, Boolean isPullQuery, Boolean isTableQuery) in /mnt/wsl/docker-desktop-bind-mounts/Ubuntu/26713ee8003cb7bc282ce8244ea5001ccb92a1311fa1bee6e964f4a36321e42a/Ubuntu/de963e6efae39b1e8a1abcd3e4621d6fc830ee851b48bb5c2718ffd0134d54eb/src/Query/Pipeline/DMLQueryGenerator.cs:line 147
----- Inner Stack Trace -----
   at Kafka.Ksql.Linq.Query.Builders.SelectExpressionVisitor.EnforceNoMixAggregateWithoutGroupBy(Expression expr) in /mnt/wsl/docker-desktop-bind-mounts/Ubuntu/26713ee8003cb7bc282ce8244ea5001ccb92a1311fa1bee6e964f4a36321e42a/Ubuntu/de963e6efae39b1e8a1abcd3e4621d6fc830ee851b48bb5c2718ffd0134d54eb/src/Query/Builders/SelectExpressionVisitor.cs:line 213
   at Kafka.Ksql.Linq.Query.Builders.SelectExpressionVisitor.VisitNew(NewExpression node) in /mnt/wsl/docker-desktop-bind-mounts/Ubuntu/26713ee8003cb7bc282ce8244ea5001ccb92a1311fa1bee6e964f4a36321e42a/Ubuntu/de963e6efae39b1e8a1abcd3e4621d6fc830ee851b48bb5c2718ffd0134d54eb/src/Query/Builders/SelectExpressionVisitor.cs:line 62
   at Kafka.Ksql.Linq.Query.Builders.SelectClauseBuilder.BuildInternal(Expression expression) in /mnt/wsl/docker-desktop-bind-mounts/Ubuntu/26713ee8003cb7bc282ce8244ea5001ccb92a1311fa1bee6e964f4a36321e42a/Ubuntu/de963e6efae39b1e8a1abcd3e4621d6fc830ee851b48bb5c2718ffd0134d54eb/src/Query/Builders/SelectClauseBuilder.cs:line 37
   at Kafka.Ksql.Linq.Query.Builders.Common.BuilderBase.Build(Expression expression) in /mnt/wsl/docker-desktop-bind-mounts/Ubuntu/26713ee8003cb7bc282ce8244ea5001ccb92a1311fa1bee6e964f4a36321e42a/Ubuntu/de963e6efae39b1e8a1abcd3e4621d6fc830ee851b48bb5c2718ffd0134d54eb/src/Query/Builders/Common/BuilderBase.cs:line 32
   at Kafka.Ksql.Linq.Query.Pipeline.GeneratorBase.SafeCallBuilder(KsqlBuilderType builderType, Expression expression, String operation) in /mnt/wsl/docker-desktop-bind-mounts/Ubuntu/26713ee8003cb7bc282ce8244ea5001ccb92a1311fa1bee6e964f4a36321e42a/Ubuntu/de963e6efae39b1e8a1abcd3e4621d6fc830ee851b48bb5c2718ffd0134d54eb/src/Query/Pipeline/GeneratorBase.cs:line 316</StackTrace>
        </ErrorInfo>
      </Output>
    </UnitTestResult>
    <UnitTestResult executionId="dcfef1d7-0e79-4a45-8180-4176a69debfa" testId="fb7958a0-550d-b17a-55ad-ca34e9edf7e7" testName="Kafka.Ksql.Linq.Tests.Query.Pipeline.DMLQueryGeneratorTests.GenerateLinqQuery_GroupByPullQuery_Throws" computerName="sagesoho01" duration="00:00:00.0008089" startTime="2025-09-14T10:32:03.9904614+09:00" endTime="2025-09-14T10:32:03.9904615+09:00" testType="13cdc9d9-ddb5-4fa4-a97d-d965ccfc6d4b" outcome="Passed" testListId="8c84fa94-04c1-424b-9868-57a2d4851a1d" relativeResultsDirectory="dcfef1d7-0e79-4a45-8180-4176a69debfa" />
    <UnitTestResult executionId="fdfb2c7b-b6e8-4a1b-89ae-eee4007a7991" testId="c23b04e8-2ab4-9f61-8c9d-402cd176eb39" testName="Kafka.Ksql.Linq.Tests.Query.Builders.KsqlCreateWindowedStatementBuilderTests.BuildAll_Generates_Per_Window" computerName="sagesoho01" duration="00:00:00.0086645" startTime="2025-09-14T10:32:03.8657343+09:00" endTime="2025-09-14T10:32:03.8657344+09:00" testType="13cdc9d9-ddb5-4fa4-a97d-d965ccfc6d4b" outcome="Failed" testListId="8c84fa94-04c1-424b-9868-57a2d4851a1d" relativeResultsDirectory="fdfb2c7b-b6e8-4a1b-89ae-eee4007a7991">
      <Output>
        <ErrorInfo>
          <Message>System.InvalidOperationException : SELECT clause cannot mix aggregate functions with non-aggregate columns without GROUP BY</Message>
          <StackTrace>   at Kafka.Ksql.Linq.Query.Builders.SelectExpressionVisitor.EnforceNoMixAggregateWithoutGroupBy(Expression expr) in /mnt/wsl/docker-desktop-bind-mounts/Ubuntu/26713ee8003cb7bc282ce8244ea5001ccb92a1311fa1bee6e964f4a36321e42a/Ubuntu/de963e6efae39b1e8a1abcd3e4621d6fc830ee851b48bb5c2718ffd0134d54eb/src/Query/Builders/SelectExpressionVisitor.cs:line 213
   at Kafka.Ksql.Linq.Query.Builders.SelectExpressionVisitor.VisitNew(NewExpression node) in /mnt/wsl/docker-desktop-bind-mounts/Ubuntu/26713ee8003cb7bc282ce8244ea5001ccb92a1311fa1bee6e964f4a36321e42a/Ubuntu/de963e6efae39b1e8a1abcd3e4621d6fc830ee851b48bb5c2718ffd0134d54eb/src/Query/Builders/SelectExpressionVisitor.cs:line 62
   at Kafka.Ksql.Linq.Query.Builders.SelectClauseBuilder.BuildInternal(Expression expression) in /mnt/wsl/docker-desktop-bind-mounts/Ubuntu/26713ee8003cb7bc282ce8244ea5001ccb92a1311fa1bee6e964f4a36321e42a/Ubuntu/de963e6efae39b1e8a1abcd3e4621d6fc830ee851b48bb5c2718ffd0134d54eb/src/Query/Builders/SelectClauseBuilder.cs:line 37
   at Kafka.Ksql.Linq.Query.Builders.Common.BuilderBase.Build(Expression expression) in /mnt/wsl/docker-desktop-bind-mounts/Ubuntu/26713ee8003cb7bc282ce8244ea5001ccb92a1311fa1bee6e964f4a36321e42a/Ubuntu/de963e6efae39b1e8a1abcd3e4621d6fc830ee851b48bb5c2718ffd0134d54eb/src/Query/Builders/Common/BuilderBase.cs:line 32
   at Kafka.Ksql.Linq.Query.Builders.KsqlCreateStatementBuilder.Build(String streamName, KsqlQueryModel model, String keySchemaFullName, String valueSchemaFullName, Func`2 sourceNameResolver, String partitionBy, RenderOptions options) in /mnt/wsl/docker-desktop-bind-mounts/Ubuntu/26713ee8003cb7bc282ce8244ea5001ccb92a1311fa1bee6e964f4a36321e42a/Ubuntu/de963e6efae39b1e8a1abcd3e4621d6fc830ee851b48bb5c2718ffd0134d54eb/src/Query/Builders/KsqlCreateStatementBuilder.cs:line 47
   at Kafka.Ksql.Linq.Query.Builders.KsqlCreateStatementBuilder.Build(String streamName, KsqlQueryModel model, String keySchemaFullName, String valueSchemaFullName, String partitionBy, RenderOptions options) in /mnt/wsl/docker-desktop-bind-mounts/Ubuntu/26713ee8003cb7bc282ce8244ea5001ccb92a1311fa1bee6e964f4a36321e42a/Ubuntu/de963e6efae39b1e8a1abcd3e4621d6fc830ee851b48bb5c2718ffd0134d54eb/src/Query/Builders/KsqlCreateStatementBuilder.cs:line 16
   at Kafka.Ksql.Linq.Query.Builders.KsqlCreateWindowedStatementBuilder.Build(String name, KsqlQueryModel model, String timeframe, String emitOverride, String inputOverride) in /mnt/wsl/docker-desktop-bind-mounts/Ubuntu/26713ee8003cb7bc282ce8244ea5001ccb92a1311fa1bee6e964f4a36321e42a/Ubuntu/de963e6efae39b1e8a1abcd3e4621d6fc830ee851b48bb5c2718ffd0134d54eb/src/Query/Builders/KsqlCreateWindowedStatementBuilder.cs:line 20
   at Kafka.Ksql.Linq.Query.Builders.KsqlCreateWindowedStatementBuilder.BuildAll(String namePrefix, KsqlQueryModel model, Func`2 nameFormatter) in /mnt/wsl/docker-desktop-bind-mounts/Ubuntu/26713ee8003cb7bc282ce8244ea5001ccb92a1311fa1bee6e964f4a36321e42a/Ubuntu/de963e6efae39b1e8a1abcd3e4621d6fc830ee851b48bb5c2718ffd0134d54eb/src/Query/Builders/KsqlCreateWindowedStatementBuilder.cs:line 38
   at Kafka.Ksql.Linq.Tests.Query.Builders.KsqlCreateWindowedStatementBuilderTests.BuildAll_Generates_Per_Window() in /mnt/wsl/docker-desktop-bind-mounts/Ubuntu/26713ee8003cb7bc282ce8244ea5001ccb92a1311fa1bee6e964f4a36321e42a/Ubuntu/de963e6efae39b1e8a1abcd3e4621d6fc830ee851b48bb5c2718ffd0134d54eb/tests/Query/Builders/KsqlCreateWindowedStatementBuilderTests.cs:line 82
   at System.RuntimeMethodHandle.InvokeMethod(Object target, Void** arguments, Signature sig, Boolean isConstructor)
   at System.Reflection.MethodBaseInvoker.InvokeWithNoArgs(Object obj, BindingFlags invokeAttr)</StackTrace>
        </ErrorInfo>
      </Output>
    </UnitTestResult>
    <UnitTestResult executionId="b8bddbbb-4f05-42ce-b238-becab0830a65" testId="2ea12c03-d8d8-431b-866a-daadcc5df355" testName="Kafka.Ksql.Linq.Tests.Query.Pipeline.DMLQueryGeneratorTests.GenerateSelectWithCondition_Basic" computerName="sagesoho01" duration="00:00:00.0034680" startTime="2025-09-14T10:32:03.9090043+09:00" endTime="2025-09-14T10:32:03.9090044+09:00" testType="13cdc9d9-ddb5-4fa4-a97d-d965ccfc6d4b" outcome="Passed" testListId="8c84fa94-04c1-424b-9868-57a2d4851a1d" relativeResultsDirectory="b8bddbbb-4f05-42ce-b238-becab0830a65" />
    <UnitTestResult executionId="22c3a483-692d-436e-a461-9683b0c17b91" testId="5edd936e-4b08-ecfd-159f-1c7d5f99e224" testName="Kafka.Ksql.Linq.Tests.Query.Builders.KsqlCreateWindowedStatementBuilderTests.Build_Includes_Window_Tumbling_1m" computerName="sagesoho01" duration="00:00:00.0009171" startTime="2025-09-14T10:32:03.8668680+09:00" endTime="2025-09-14T10:32:03.8668682+09:00" testType="13cdc9d9-ddb5-4fa4-a97d-d965ccfc6d4b" outcome="Failed" testListId="8c84fa94-04c1-424b-9868-57a2d4851a1d" relativeResultsDirectory="22c3a483-692d-436e-a461-9683b0c17b91">
      <Output>
        <ErrorInfo>
          <Message>System.InvalidOperationException : SELECT clause cannot mix aggregate functions with non-aggregate columns without GROUP BY</Message>
          <StackTrace>   at Kafka.Ksql.Linq.Query.Builders.SelectExpressionVisitor.EnforceNoMixAggregateWithoutGroupBy(Expression expr) in /mnt/wsl/docker-desktop-bind-mounts/Ubuntu/26713ee8003cb7bc282ce8244ea5001ccb92a1311fa1bee6e964f4a36321e42a/Ubuntu/de963e6efae39b1e8a1abcd3e4621d6fc830ee851b48bb5c2718ffd0134d54eb/src/Query/Builders/SelectExpressionVisitor.cs:line 213
   at Kafka.Ksql.Linq.Query.Builders.SelectExpressionVisitor.VisitNew(NewExpression node) in /mnt/wsl/docker-desktop-bind-mounts/Ubuntu/26713ee8003cb7bc282ce8244ea5001ccb92a1311fa1bee6e964f4a36321e42a/Ubuntu/de963e6efae39b1e8a1abcd3e4621d6fc830ee851b48bb5c2718ffd0134d54eb/src/Query/Builders/SelectExpressionVisitor.cs:line 62
   at Kafka.Ksql.Linq.Query.Builders.SelectClauseBuilder.BuildInternal(Expression expression) in /mnt/wsl/docker-desktop-bind-mounts/Ubuntu/26713ee8003cb7bc282ce8244ea5001ccb92a1311fa1bee6e964f4a36321e42a/Ubuntu/de963e6efae39b1e8a1abcd3e4621d6fc830ee851b48bb5c2718ffd0134d54eb/src/Query/Builders/SelectClauseBuilder.cs:line 37
   at Kafka.Ksql.Linq.Query.Builders.Common.BuilderBase.Build(Expression expression) in /mnt/wsl/docker-desktop-bind-mounts/Ubuntu/26713ee8003cb7bc282ce8244ea5001ccb92a1311fa1bee6e964f4a36321e42a/Ubuntu/de963e6efae39b1e8a1abcd3e4621d6fc830ee851b48bb5c2718ffd0134d54eb/src/Query/Builders/Common/BuilderBase.cs:line 32
   at Kafka.Ksql.Linq.Query.Builders.KsqlCreateStatementBuilder.Build(String streamName, KsqlQueryModel model, String keySchemaFullName, String valueSchemaFullName, Func`2 sourceNameResolver, String partitionBy, RenderOptions options) in /mnt/wsl/docker-desktop-bind-mounts/Ubuntu/26713ee8003cb7bc282ce8244ea5001ccb92a1311fa1bee6e964f4a36321e42a/Ubuntu/de963e6efae39b1e8a1abcd3e4621d6fc830ee851b48bb5c2718ffd0134d54eb/src/Query/Builders/KsqlCreateStatementBuilder.cs:line 47
   at Kafka.Ksql.Linq.Query.Builders.KsqlCreateStatementBuilder.Build(String streamName, KsqlQueryModel model, String keySchemaFullName, String valueSchemaFullName, String partitionBy, RenderOptions options) in /mnt/wsl/docker-desktop-bind-mounts/Ubuntu/26713ee8003cb7bc282ce8244ea5001ccb92a1311fa1bee6e964f4a36321e42a/Ubuntu/de963e6efae39b1e8a1abcd3e4621d6fc830ee851b48bb5c2718ffd0134d54eb/src/Query/Builders/KsqlCreateStatementBuilder.cs:line 16
   at Kafka.Ksql.Linq.Query.Builders.KsqlCreateWindowedStatementBuilder.Build(String name, KsqlQueryModel model, String timeframe, String emitOverride, String inputOverride) in /mnt/wsl/docker-desktop-bind-mounts/Ubuntu/26713ee8003cb7bc282ce8244ea5001ccb92a1311fa1bee6e964f4a36321e42a/Ubuntu/de963e6efae39b1e8a1abcd3e4621d6fc830ee851b48bb5c2718ffd0134d54eb/src/Query/Builders/KsqlCreateWindowedStatementBuilder.cs:line 20
   at Kafka.Ksql.Linq.Tests.Query.Builders.KsqlCreateWindowedStatementBuilderTests.Build_Includes_Window_Tumbling_1m() in /mnt/wsl/docker-desktop-bind-mounts/Ubuntu/26713ee8003cb7bc282ce8244ea5001ccb92a1311fa1bee6e964f4a36321e42a/Ubuntu/de963e6efae39b1e8a1abcd3e4621d6fc830ee851b48bb5c2718ffd0134d54eb/tests/Query/Builders/KsqlCreateWindowedStatementBuilderTests.cs:line 48
   at System.RuntimeMethodHandle.InvokeMethod(Object target, Void** arguments, Signature sig, Boolean isConstructor)
   at System.Reflection.MethodBaseInvoker.InvokeWithNoArgs(Object obj, BindingFlags invokeAttr)</StackTrace>
        </ErrorInfo>
      </Output>
    </UnitTestResult>
    <UnitTestResult executionId="97d14f3a-8e80-4742-9e14-8a5a16e0a42d" testId="c8a58308-4b10-96d0-7d94-2c56e053dbaf" testName="Kafka.Ksql.Linq.Tests.Query.Pipeline.DMLQueryGeneratorTests.GenerateLinqQuery_GroupByWithComplexOrHavingCondition_ReturnsExpectedQuery" computerName="sagesoho01" duration="00:00:00.0057708" startTime="2025-09-14T10:32:03.9095351+09:00" endTime="2025-09-14T10:32:03.9095351+09:00" testType="13cdc9d9-ddb5-4fa4-a97d-d965ccfc6d4b" outcome="Passed" testListId="8c84fa94-04c1-424b-9868-57a2d4851a1d" relativeResultsDirectory="97d14f3a-8e80-4742-9e14-8a5a16e0a42d" />
    <UnitTestResult executionId="d2a914b2-9bcf-4b7f-8c86-a2c2686b3d29" testId="9de3aee3-5eef-c8c0-08f2-d00e902cab74" testName="Kafka.Ksql.Linq.Tests.Query.Pipeline.DMLQueryGeneratorTests.GenerateLinqQuery_GroupBySelectHaving_ComplexCondition" computerName="sagesoho01" duration="00:00:00.0038348" startTime="2025-09-14T10:32:04.0035708+09:00" endTime="2025-09-14T10:32:04.0035710+09:00" testType="13cdc9d9-ddb5-4fa4-a97d-d965ccfc6d4b" outcome="Passed" testListId="8c84fa94-04c1-424b-9868-57a2d4851a1d" relativeResultsDirectory="d2a914b2-9bcf-4b7f-8c86-a2c2686b3d29" />
    <UnitTestResult executionId="0957c1d7-e16f-4832-83f5-d5fe11a9e4df" testId="4b7ec799-3eb7-c12f-710c-ce1c443ca61f" testName="Kafka.Ksql.Linq.Tests.Query.Pipeline.DMLQueryGeneratorTests.GenerateLinqQuery_GroupByWithComplexHavingConditions_ReturnsExpectedQuery" computerName="sagesoho01" duration="00:00:00.0046783" startTime="2025-09-14T10:32:03.9952559+09:00" endTime="2025-09-14T10:32:03.9952560+09:00" testType="13cdc9d9-ddb5-4fa4-a97d-d965ccfc6d4b" outcome="Passed" testListId="8c84fa94-04c1-424b-9868-57a2d4851a1d" relativeResultsDirectory="0957c1d7-e16f-4832-83f5-d5fe11a9e4df" />
    <UnitTestResult executionId="f21a2da6-fcbd-4019-8ba9-c9715a8dd1f4" testId="41453dd7-468b-5655-7f76-ec3c4632d1e2" testName="Kafka.Ksql.Linq.Tests.Query.Pipeline.DMLQueryGeneratorTests.GenerateSelectAll_OutsideScope_Throws" computerName="sagesoho01" duration="00:00:00.0004100" startTime="2025-09-14T10:32:03.9958011+09:00" endTime="2025-09-14T10:32:03.9958012+09:00" testType="13cdc9d9-ddb5-4fa4-a97d-d965ccfc6d4b" outcome="Passed" testListId="8c84fa94-04c1-424b-9868-57a2d4851a1d" relativeResultsDirectory="f21a2da6-fcbd-4019-8ba9-c9715a8dd1f4" />
    <UnitTestResult executionId="29d31837-7c30-4c77-b340-857fd34f1516" testId="10c554fd-ffbe-01b5-99df-57c9b58f2544" testName="Kafka.Ksql.Linq.Tests.Query.Pipeline.DMLQueryGeneratorTests.GenerateLinqQuery_GroupByTableQuery_Throws" computerName="sagesoho01" duration="00:00:00.0014256" startTime="2025-09-14T10:32:03.9111194+09:00" endTime="2025-09-14T10:32:03.9111196+09:00" testType="13cdc9d9-ddb5-4fa4-a97d-d965ccfc6d4b" outcome="Passed" testListId="8c84fa94-04c1-424b-9868-57a2d4851a1d" relativeResultsDirectory="29d31837-7c30-4c77-b340-857fd34f1516" />
    <UnitTestResult executionId="fc2e4f85-ec45-4827-9875-726c52396647" testId="9380a243-ffbf-4a6c-7e61-6bcb912c0663" testName="Kafka.Ksql.Linq.Tests.Query.Dsl.ToQueryEndToEndTests.Generates_count_and_avg_ddls" computerName="sagesoho01" duration="00:00:00.0020512" startTime="2025-09-14T10:32:03.8675964+09:00" endTime="2025-09-14T10:32:03.8675964+09:00" testType="13cdc9d9-ddb5-4fa4-a97d-d965ccfc6d4b" outcome="Failed" testListId="8c84fa94-04c1-424b-9868-57a2d4851a1d" relativeResultsDirectory="fc2e4f85-ec45-4827-9875-726c52396647">
      <Output>
        <ErrorInfo>
          <Message>System.InvalidOperationException : SELECT clause cannot mix aggregate functions with non-aggregate columns without GROUP BY</Message>
          <StackTrace>   at Kafka.Ksql.Linq.Query.Builders.SelectExpressionVisitor.EnforceNoMixAggregateWithoutGroupBy(Expression expr) in /mnt/wsl/docker-desktop-bind-mounts/Ubuntu/26713ee8003cb7bc282ce8244ea5001ccb92a1311fa1bee6e964f4a36321e42a/Ubuntu/de963e6efae39b1e8a1abcd3e4621d6fc830ee851b48bb5c2718ffd0134d54eb/src/Query/Builders/SelectExpressionVisitor.cs:line 213
   at Kafka.Ksql.Linq.Query.Builders.SelectExpressionVisitor.VisitMemberInit(MemberInitExpression node) in /mnt/wsl/docker-desktop-bind-mounts/Ubuntu/26713ee8003cb7bc282ce8244ea5001ccb92a1311fa1bee6e964f4a36321e42a/Ubuntu/de963e6efae39b1e8a1abcd3e4621d6fc830ee851b48bb5c2718ffd0134d54eb/src/Query/Builders/SelectExpressionVisitor.cs:line 88
   at Kafka.Ksql.Linq.Query.Builders.SelectClauseBuilder.BuildInternal(Expression expression) in /mnt/wsl/docker-desktop-bind-mounts/Ubuntu/26713ee8003cb7bc282ce8244ea5001ccb92a1311fa1bee6e964f4a36321e42a/Ubuntu/de963e6efae39b1e8a1abcd3e4621d6fc830ee851b48bb5c2718ffd0134d54eb/src/Query/Builders/SelectClauseBuilder.cs:line 37
   at Kafka.Ksql.Linq.Query.Builders.Common.BuilderBase.Build(Expression expression) in /mnt/wsl/docker-desktop-bind-mounts/Ubuntu/26713ee8003cb7bc282ce8244ea5001ccb92a1311fa1bee6e964f4a36321e42a/Ubuntu/de963e6efae39b1e8a1abcd3e4621d6fc830ee851b48bb5c2718ffd0134d54eb/src/Query/Builders/Common/BuilderBase.cs:line 32
   at Kafka.Ksql.Linq.Query.Builders.KsqlCreateStatementBuilder.Build(String streamName, KsqlQueryModel model, String keySchemaFullName, String valueSchemaFullName, Func`2 sourceNameResolver, String partitionBy, RenderOptions options) in /mnt/wsl/docker-desktop-bind-mounts/Ubuntu/26713ee8003cb7bc282ce8244ea5001ccb92a1311fa1bee6e964f4a36321e42a/Ubuntu/de963e6efae39b1e8a1abcd3e4621d6fc830ee851b48bb5c2718ffd0134d54eb/src/Query/Builders/KsqlCreateStatementBuilder.cs:line 47
   at Kafka.Ksql.Linq.Query.Builders.KsqlCreateStatementBuilder.Build(String streamName, KsqlQueryModel model, String keySchemaFullName, String valueSchemaFullName, String partitionBy, RenderOptions options) in /mnt/wsl/docker-desktop-bind-mounts/Ubuntu/26713ee8003cb7bc282ce8244ea5001ccb92a1311fa1bee6e964f4a36321e42a/Ubuntu/de963e6efae39b1e8a1abcd3e4621d6fc830ee851b48bb5c2718ffd0134d54eb/src/Query/Builders/KsqlCreateStatementBuilder.cs:line 16
   at Kafka.Ksql.Linq.Query.Builders.KsqlCreateWindowedStatementBuilder.Build(String name, KsqlQueryModel model, String timeframe, String emitOverride, String inputOverride) in /mnt/wsl/docker-desktop-bind-mounts/Ubuntu/26713ee8003cb7bc282ce8244ea5001ccb92a1311fa1bee6e964f4a36321e42a/Ubuntu/de963e6efae39b1e8a1abcd3e4621d6fc830ee851b48bb5c2718ffd0134d54eb/src/Query/Builders/KsqlCreateWindowedStatementBuilder.cs:line 20
   at Kafka.Ksql.Linq.Tests.Query.Dsl.ToQueryEndToEndTests.Generates_count_and_avg_ddls() in /mnt/wsl/docker-desktop-bind-mounts/Ubuntu/26713ee8003cb7bc282ce8244ea5001ccb92a1311fa1bee6e964f4a36321e42a/Ubuntu/de963e6efae39b1e8a1abcd3e4621d6fc830ee851b48bb5c2718ffd0134d54eb/tests/Query/Dsl/ToQueryEndToEndTests.cs:line 207
   at System.RuntimeMethodHandle.InvokeMethod(Object target, Void** arguments, Signature sig, Boolean isConstructor)
   at System.Reflection.MethodBaseInvoker.InvokeWithNoArgs(Object obj, BindingFlags invokeAttr)</StackTrace>
        </ErrorInfo>
      </Output>
    </UnitTestResult>
    <UnitTestResult executionId="5be904a1-ad68-4032-8027-66d71d9150d5" testId="ae3ca66c-0219-b97b-04a7-60bd76b1986d" testName="Kafka.Ksql.Linq.Tests.Query.Dsl.ToQueryEndToEndTests.Generates_expected_ddls" computerName="sagesoho01" duration="00:00:00.0289081" startTime="2025-09-14T10:32:03.8649356+09:00" endTime="2025-09-14T10:32:03.8649358+09:00" testType="13cdc9d9-ddb5-4fa4-a97d-d965ccfc6d4b" outcome="Failed" testListId="8c84fa94-04c1-424b-9868-57a2d4851a1d" relativeResultsDirectory="5be904a1-ad68-4032-8027-66d71d9150d5">
      <Output>
        <ErrorInfo>
          <Message>System.InvalidOperationException : SELECT clause cannot mix aggregate functions with non-aggregate columns without GROUP BY</Message>
          <StackTrace>   at Kafka.Ksql.Linq.Query.Builders.SelectExpressionVisitor.EnforceNoMixAggregateWithoutGroupBy(Expression expr) in /mnt/wsl/docker-desktop-bind-mounts/Ubuntu/26713ee8003cb7bc282ce8244ea5001ccb92a1311fa1bee6e964f4a36321e42a/Ubuntu/de963e6efae39b1e8a1abcd3e4621d6fc830ee851b48bb5c2718ffd0134d54eb/src/Query/Builders/SelectExpressionVisitor.cs:line 213
   at Kafka.Ksql.Linq.Query.Builders.SelectExpressionVisitor.VisitMemberInit(MemberInitExpression node) in /mnt/wsl/docker-desktop-bind-mounts/Ubuntu/26713ee8003cb7bc282ce8244ea5001ccb92a1311fa1bee6e964f4a36321e42a/Ubuntu/de963e6efae39b1e8a1abcd3e4621d6fc830ee851b48bb5c2718ffd0134d54eb/src/Query/Builders/SelectExpressionVisitor.cs:line 88
   at Kafka.Ksql.Linq.Query.Builders.SelectClauseBuilder.BuildInternal(Expression expression) in /mnt/wsl/docker-desktop-bind-mounts/Ubuntu/26713ee8003cb7bc282ce8244ea5001ccb92a1311fa1bee6e964f4a36321e42a/Ubuntu/de963e6efae39b1e8a1abcd3e4621d6fc830ee851b48bb5c2718ffd0134d54eb/src/Query/Builders/SelectClauseBuilder.cs:line 37
   at Kafka.Ksql.Linq.Query.Builders.Common.BuilderBase.Build(Expression expression) in /mnt/wsl/docker-desktop-bind-mounts/Ubuntu/26713ee8003cb7bc282ce8244ea5001ccb92a1311fa1bee6e964f4a36321e42a/Ubuntu/de963e6efae39b1e8a1abcd3e4621d6fc830ee851b48bb5c2718ffd0134d54eb/src/Query/Builders/Common/BuilderBase.cs:line 32
   at Kafka.Ksql.Linq.Query.Builders.KsqlCreateStatementBuilder.Build(String streamName, KsqlQueryModel model, String keySchemaFullName, String valueSchemaFullName, Func`2 sourceNameResolver, String partitionBy, RenderOptions options) in /mnt/wsl/docker-desktop-bind-mounts/Ubuntu/26713ee8003cb7bc282ce8244ea5001ccb92a1311fa1bee6e964f4a36321e42a/Ubuntu/de963e6efae39b1e8a1abcd3e4621d6fc830ee851b48bb5c2718ffd0134d54eb/src/Query/Builders/KsqlCreateStatementBuilder.cs:line 47
   at Kafka.Ksql.Linq.Query.Builders.KsqlCreateStatementBuilder.Build(String streamName, KsqlQueryModel model, String keySchemaFullName, String valueSchemaFullName, String partitionBy, RenderOptions options) in /mnt/wsl/docker-desktop-bind-mounts/Ubuntu/26713ee8003cb7bc282ce8244ea5001ccb92a1311fa1bee6e964f4a36321e42a/Ubuntu/de963e6efae39b1e8a1abcd3e4621d6fc830ee851b48bb5c2718ffd0134d54eb/src/Query/Builders/KsqlCreateStatementBuilder.cs:line 16
   at Kafka.Ksql.Linq.Query.Builders.KsqlCreateWindowedStatementBuilder.Build(String name, KsqlQueryModel model, String timeframe, String emitOverride, String inputOverride) in /mnt/wsl/docker-desktop-bind-mounts/Ubuntu/26713ee8003cb7bc282ce8244ea5001ccb92a1311fa1bee6e964f4a36321e42a/Ubuntu/de963e6efae39b1e8a1abcd3e4621d6fc830ee851b48bb5c2718ffd0134d54eb/src/Query/Builders/KsqlCreateWindowedStatementBuilder.cs:line 20
   at Kafka.Ksql.Linq.Tests.Query.Dsl.ToQueryEndToEndTests.Generates_expected_ddls() in /mnt/wsl/docker-desktop-bind-mounts/Ubuntu/26713ee8003cb7bc282ce8244ea5001ccb92a1311fa1bee6e964f4a36321e42a/Ubuntu/de963e6efae39b1e8a1abcd3e4621d6fc830ee851b48bb5c2718ffd0134d54eb/tests/Query/Dsl/ToQueryEndToEndTests.cs:line 148
   at System.RuntimeMethodHandle.InvokeMethod(Object target, Void** arguments, Signature sig, Boolean isConstructor)
   at System.Reflection.MethodBaseInvoker.InvokeWithNoArgs(Object obj, BindingFlags invokeAttr)</StackTrace>
        </ErrorInfo>
      </Output>
    </UnitTestResult>
    <UnitTestResult executionId="7336bb02-c2a3-4ec6-8db0-5219d3b248d4" testId="2870b790-8d55-6974-74de-853bb7572955" testName="Kafka.Ksql.Linq.Tests.Query.Pipeline.DMLQueryGeneratorTests.GenerateLinqQuery_GroupByWithCaseWhen_ReturnsExpectedQuery" computerName="sagesoho01" duration="00:00:00.0042404" startTime="2025-09-14T10:32:03.9875894+09:00" endTime="2025-09-14T10:32:03.9875896+09:00" testType="13cdc9d9-ddb5-4fa4-a97d-d965ccfc6d4b" outcome="Passed" testListId="8c84fa94-04c1-424b-9868-57a2d4851a1d" relativeResultsDirectory="7336bb02-c2a3-4ec6-8db0-5219d3b248d4" />
    <UnitTestResult executionId="4db7df92-44ba-4f31-806a-42e5797e2cf8" testId="aef47d9d-3575-0095-6d11-b700584626ed" testName="Kafka.Ksql.Linq.Tests.Query.Pipeline.DMLQueryGeneratorTests.GenerateLinqQuery_WhereNotInClause_ReturnsExpectedQuery" computerName="sagesoho01" duration="00:00:00.0086962" startTime="2025-09-14T10:32:03.9079990+09:00" endTime="2025-09-14T10:32:03.9079990+09:00" testType="13cdc9d9-ddb5-4fa4-a97d-d965ccfc6d4b" outcome="Passed" testListId="8c84fa94-04c1-424b-9868-57a2d4851a1d" relativeResultsDirectory="4db7df92-44ba-4f31-806a-42e5797e2cf8" />
    <UnitTestResult executionId="4ce0b761-f6df-41f8-98b4-9de01741ffc0" testId="ce8cfae9-06fa-e08c-846c-1c88961a0fee" testName="Kafka.Ksql.Linq.Tests.Query.Pipeline.DMLQueryGeneratorTests.GenerateLinqQuery_FullClauseCombination" computerName="sagesoho01" duration="00:00:00.0052497" startTime="2025-09-14T10:32:03.9279073+09:00" endTime="2025-09-14T10:32:03.9279075+09:00" testType="13cdc9d9-ddb5-4fa4-a97d-d965ccfc6d4b" outcome="Passed" testListId="8c84fa94-04c1-424b-9868-57a2d4851a1d" relativeResultsDirectory="4ce0b761-f6df-41f8-98b4-9de01741ffc0" />
    <UnitTestResult executionId="5a6eaba6-4ed4-403a-95f8-a331c0cd1242" testId="ce0b8b72-0eee-8384-b52f-bff62b9623b8" testName="Kafka.Ksql.Linq.Tests.Query.Pipeline.DMLQueryGeneratorTests.GenerateLinqQuery_GroupByWithConditionalSum_ReturnsExpectedQuery" computerName="sagesoho01" duration="00:00:00.0036123" startTime="2025-09-14T10:32:03.9995443+09:00" endTime="2025-09-14T10:32:03.9995446+09:00" testType="13cdc9d9-ddb5-4fa4-a97d-d965ccfc6d4b" outcome="Passed" testListId="8c84fa94-04c1-424b-9868-57a2d4851a1d" relativeResultsDirectory="5a6eaba6-4ed4-403a-95f8-a331c0cd1242" />
    <UnitTestResult executionId="4bfa8062-4886-45a5-94ba-f0fc3bae2b5f" testId="8ae974b4-fa36-ae36-59c0-ee856b2cb778" testName="Kafka.Ksql.Linq.Tests.Query.Pipeline.DMLQueryGeneratorTests.GenerateSelectAll_TableQuery_NoEmitChanges" computerName="sagesoho01" duration="00:00:00.0032517" startTime="2025-09-14T10:32:03.9080514+09:00" endTime="2025-09-14T10:32:03.9080515+09:00" testType="13cdc9d9-ddb5-4fa4-a97d-d965ccfc6d4b" outcome="Passed" testListId="8c84fa94-04c1-424b-9868-57a2d4851a1d" relativeResultsDirectory="4bfa8062-4886-45a5-94ba-f0fc3bae2b5f" />
    <UnitTestResult executionId="c1f8e9e2-ec4f-493b-850a-7c12b1263434" testId="21e170b9-cb35-de37-abed-04c5ba69dd8e" testName="Kafka.Ksql.Linq.Tests.Query.Pipeline.DMLQueryGeneratorTests.GenerateAggregateQuery_Basic" computerName="sagesoho01" duration="00:00:00.0037037" startTime="2025-09-14T10:32:03.9679126+09:00" endTime="2025-09-14T10:32:03.9679128+09:00" testType="13cdc9d9-ddb5-4fa4-a97d-d965ccfc6d4b" outcome="Passed" testListId="8c84fa94-04c1-424b-9868-57a2d4851a1d" relativeResultsDirectory="c1f8e9e2-ec4f-493b-850a-7c12b1263434" />
    <UnitTestResult executionId="4b94a0e7-7695-4112-8284-5990d49a82f6" testId="7ea21063-41c4-4dca-89aa-ad6dbf5edd28" testName="Kafka.Ksql.Linq.Tests.Query.Dsl.ToQueryEndToEndTests.Generates_single_key_ddls" computerName="sagesoho01" duration="00:00:00.0026942" startTime="2025-09-14T10:32:03.9075024+09:00" endTime="2025-09-14T10:32:03.9075024+09:00" testType="13cdc9d9-ddb5-4fa4-a97d-d965ccfc6d4b" outcome="Failed" testListId="8c84fa94-04c1-424b-9868-57a2d4851a1d" relativeResultsDirectory="4b94a0e7-7695-4112-8284-5990d49a82f6">
      <Output>
        <ErrorInfo>
          <Message>System.InvalidOperationException : SELECT clause cannot mix aggregate functions with non-aggregate columns without GROUP BY</Message>
          <StackTrace>   at Kafka.Ksql.Linq.Query.Builders.SelectExpressionVisitor.EnforceNoMixAggregateWithoutGroupBy(Expression expr) in /mnt/wsl/docker-desktop-bind-mounts/Ubuntu/26713ee8003cb7bc282ce8244ea5001ccb92a1311fa1bee6e964f4a36321e42a/Ubuntu/de963e6efae39b1e8a1abcd3e4621d6fc830ee851b48bb5c2718ffd0134d54eb/src/Query/Builders/SelectExpressionVisitor.cs:line 213
   at Kafka.Ksql.Linq.Query.Builders.SelectExpressionVisitor.VisitMemberInit(MemberInitExpression node) in /mnt/wsl/docker-desktop-bind-mounts/Ubuntu/26713ee8003cb7bc282ce8244ea5001ccb92a1311fa1bee6e964f4a36321e42a/Ubuntu/de963e6efae39b1e8a1abcd3e4621d6fc830ee851b48bb5c2718ffd0134d54eb/src/Query/Builders/SelectExpressionVisitor.cs:line 88
   at Kafka.Ksql.Linq.Query.Builders.SelectClauseBuilder.BuildInternal(Expression expression) in /mnt/wsl/docker-desktop-bind-mounts/Ubuntu/26713ee8003cb7bc282ce8244ea5001ccb92a1311fa1bee6e964f4a36321e42a/Ubuntu/de963e6efae39b1e8a1abcd3e4621d6fc830ee851b48bb5c2718ffd0134d54eb/src/Query/Builders/SelectClauseBuilder.cs:line 37
   at Kafka.Ksql.Linq.Query.Builders.Common.BuilderBase.Build(Expression expression) in /mnt/wsl/docker-desktop-bind-mounts/Ubuntu/26713ee8003cb7bc282ce8244ea5001ccb92a1311fa1bee6e964f4a36321e42a/Ubuntu/de963e6efae39b1e8a1abcd3e4621d6fc830ee851b48bb5c2718ffd0134d54eb/src/Query/Builders/Common/BuilderBase.cs:line 32
   at Kafka.Ksql.Linq.Query.Builders.KsqlCreateStatementBuilder.Build(String streamName, KsqlQueryModel model, String keySchemaFullName, String valueSchemaFullName, Func`2 sourceNameResolver, String partitionBy, RenderOptions options) in /mnt/wsl/docker-desktop-bind-mounts/Ubuntu/26713ee8003cb7bc282ce8244ea5001ccb92a1311fa1bee6e964f4a36321e42a/Ubuntu/de963e6efae39b1e8a1abcd3e4621d6fc830ee851b48bb5c2718ffd0134d54eb/src/Query/Builders/KsqlCreateStatementBuilder.cs:line 47
   at Kafka.Ksql.Linq.Query.Builders.KsqlCreateStatementBuilder.Build(String streamName, KsqlQueryModel model, String keySchemaFullName, String valueSchemaFullName, String partitionBy, RenderOptions options) in /mnt/wsl/docker-desktop-bind-mounts/Ubuntu/26713ee8003cb7bc282ce8244ea5001ccb92a1311fa1bee6e964f4a36321e42a/Ubuntu/de963e6efae39b1e8a1abcd3e4621d6fc830ee851b48bb5c2718ffd0134d54eb/src/Query/Builders/KsqlCreateStatementBuilder.cs:line 16
[...]
[xUnit.net 00:00:01.16]         /mnt/wsl/docker-desktop-bind-mounts/Ubuntu/26713ee8003cb7bc282ce8244ea5001ccb92a1311fa1bee6e964f4a36321e42a/Ubuntu/de963e6efae39b1e8a1abcd3e4621d6fc830ee851b48bb5c2718ffd0134d54eb/src/Query/Builders/SelectClauseBuilder.cs(37,0): at Kafka.Ksql.Linq.Query.Builders.SelectClauseBuilder.BuildInternal(Expression expression)
[xUnit.net 00:00:01.16]         /mnt/wsl/docker-desktop-bind-mounts/Ubuntu/26713ee8003cb7bc282ce8244ea5001ccb92a1311fa1bee6e964f4a36321e42a/Ubuntu/de963e6efae39b1e8a1abcd3e4621d6fc830ee851b48bb5c2718ffd0134d54eb/src/Query/Builders/Common/BuilderBase.cs(32,0): at Kafka.Ksql.Linq.Query.Builders.Common.BuilderBase.Build(Expression expression)
[xUnit.net 00:00:01.16]         /mnt/wsl/docker-desktop-bind-mounts/Ubuntu/26713ee8003cb7bc282ce8244ea5001ccb92a1311fa1bee6e964f4a36321e42a/Ubuntu/de963e6efae39b1e8a1abcd3e4621d6fc830ee851b48bb5c2718ffd0134d54eb/src/Query/Pipeline/GeneratorBase.cs(316,0): at Kafka.Ksql.Linq.Query.Pipeline.GeneratorBase.SafeCallBuilder(KsqlBuilderType builderType, Expression expression, String operation)
[xUnit.net 00:00:01.16]       System.InvalidOperationException : DMLQueryGenerator failed during LINQ query generation (Context: Object: orders): DMLQueryGenerator failed during SELECT processing using Select builder (Context: new &lt;&gt;f__AnonymousType47`5(CustomerId = g.Key.CustomerId, Region = g.Key.Region, TotalAmount = g.Sum(x =&gt; x.Amount), OrderCount = g.Count(), AverageAmount = g.Average(x =&gt; x.Amount))): SELECT clause cannot mix aggregate functions with non-aggregate columns without GROUP BY
[xUnit.net 00:00:01.16]       ---- System.InvalidOperationException : DMLQueryGenerator failed during SELECT processing using Select builder (Context: new &lt;&gt;f__AnonymousType47`5(CustomerId = g.Key.CustomerId, Region = g.Key.Region, TotalAmount = g.Sum(x =&gt; x.Amount), OrderCount = g.Count(), AverageAmount = g.Average(x =&gt; x.Amount))): SELECT clause cannot mix aggregate functions with non-aggregate columns without GROUP BY
[xUnit.net 00:00:01.16]       -------- System.InvalidOperationException : SELECT clause cannot mix aggregate functions with non-aggregate columns without GROUP BY
[xUnit.net 00:00:01.16]       Stack Trace:
[xUnit.net 00:00:01.16]         /mnt/wsl/docker-desktop-bind-mounts/Ubuntu/26713ee8003cb7bc282ce8244ea5001ccb92a1311fa1bee6e964f4a36321e42a/Ubuntu/de963e6efae39b1e8a1abcd3e4621d6fc830ee851b48bb5c2718ffd0134d54eb/src/Query/Pipeline/GeneratorBase.cs(306,0): at Kafka.Ksql.Linq.Query.Pipeline.GeneratorBase.HandleGenerationError(String operation, Exception exception, String context)
[xUnit.net 00:00:01.16]         /mnt/wsl/docker-desktop-bind-mounts/Ubuntu/26713ee8003cb7bc282ce8244ea5001ccb92a1311fa1bee6e964f4a36321e42a/Ubuntu/de963e6efae39b1e8a1abcd3e4621d6fc830ee851b48bb5c2718ffd0134d54eb/src/Query/Pipeline/DMLQueryGenerator.cs(154,0): at Kafka.Ksql.Linq.Query.Pipeline.DMLQueryGenerator.GenerateLinqQuery(String objectName, Expression linqExpression, Boolean isPullQuery, Boolean isTableQuery)
[xUnit.net 00:00:01.17]         /mnt/wsl/docker-desktop-bind-mounts/Ubuntu/26713ee8003cb7bc282ce8244ea5001ccb92a1311fa1bee6e964f4a36321e42a/Ubuntu/de963e6efae39b1e8a1abcd3e4621d6fc830ee851b48bb5c2718ffd0134d54eb/tests/Query/Pipeline/DMLQueryGeneratorTests.cs(517,0): at Kafka.Ksql.Linq.Tests.Query.Pipeline.DMLQueryGeneratorTests.&lt;&gt;c__DisplayClass29_0.&lt;GenerateLinqQuery_MultiKeyGroupByMultipleAggregates_HavingComplexConditions_ReturnsExpectedQuery&gt;b__3()
[xUnit.net 00:00:01.17]         /mnt/wsl/docker-desktop-bind-mounts/Ubuntu/26713ee8003cb7bc282ce8244ea5001ccb92a1311fa1bee6e964f4a36321e42a/Ubuntu/de963e6efae39b1e8a1abcd3e4621d6fc830ee851b48bb5c2718ffd0134d54eb/tests/Query/Pipeline/DMLQueryGeneratorTests.cs(20,0): at Kafka.Ksql.Linq.Tests.Query.Pipeline.DMLQueryGeneratorTests.ExecuteInScope[T](Func`1 func)
[xUnit.net 00:00:01.17]         /mnt/wsl/docker-desktop-bind-mounts/Ubuntu/26713ee8003cb7bc282ce8244ea5001ccb92a1311fa1bee6e964f4a36321e42a/Ubuntu/de963e6efae39b1e8a1abcd3e4621d6fc830ee851b48bb5c2718ffd0134d54eb/tests/Query/Pipeline/DMLQueryGeneratorTests.cs(517,0): at Kafka.Ksql.Linq.Tests.Query.Pipeline.DMLQueryGeneratorTests.GenerateLinqQuery_MultiKeyGroupByMultipleAggregates_HavingComplexConditions_ReturnsExpectedQuery()
[xUnit.net 00:00:01.17]            at System.RuntimeMethodHandle.InvokeMethod(Object target, Void** arguments, Signature sig, Boolean isConstructor)
[xUnit.net 00:00:01.17]            at System.Reflection.MethodBaseInvoker.InvokeWithNoArgs(Object obj, BindingFlags invokeAttr)
[xUnit.net 00:00:01.17]         ----- Inner Stack Trace -----
[xUnit.net 00:00:01.17]         /mnt/wsl/docker-desktop-bind-mounts/Ubuntu/26713ee8003cb7bc282ce8244ea5001ccb92a1311fa1bee6e964f4a36321e42a/Ubuntu/de963e6efae39b1e8a1abcd3e4621d6fc830ee851b48bb5c2718ffd0134d54eb/src/Query/Pipeline/GeneratorBase.cs(306,0): at Kafka.Ksql.Linq.Query.Pipeline.GeneratorBase.HandleGenerationError(String operation, Exception exception, String context)
[xUnit.net 00:00:01.17]         /mnt/wsl/docker-desktop-bind-mounts/Ubuntu/26713ee8003cb7bc282ce8244ea5001ccb92a1311fa1bee6e964f4a36321e42a/Ubuntu/de963e6efae39b1e8a1abcd3e4621d6fc830ee851b48bb5c2718ffd0134d54eb/src/Query/Pipeline/GeneratorBase.cs(321,0): at Kafka.Ksql.Linq.Query.Pipeline.GeneratorBase.SafeCallBuilder(KsqlBuilderType builderType, Expression expression, String operation)
[xUnit.net 00:00:01.17]         /mnt/wsl/docker-desktop-bind-mounts/Ubuntu/26713ee8003cb7bc282ce8244ea5001ccb92a1311fa1bee6e964f4a36321e42a/Ubuntu/de963e6efae39b1e8a1abcd3e4621d6fc830ee851b48bb5c2718ffd0134d54eb/src/Query/Pipeline/DMLQueryGenerator.cs(233,0): at Kafka.Ksql.Linq.Query.Pipeline.DMLQueryGenerator.ProcessSelectMethod(QueryStructure structure, MethodCallExpression methodCall)
[xUnit.net 00:00:01.17]         /mnt/wsl/docker-desktop-bind-mounts/Ubuntu/26713ee8003cb7bc282ce8244ea5001ccb92a1311fa1bee6e964f4a36321e42a/Ubuntu/de963e6efae39b1e8a1abcd3e4621d6fc830ee851b48bb5c2718ffd0134d54eb/src/Query/Pipeline/DMLQueryGenerator.cs(211,0): at Kafka.Ksql.Linq.Query.Pipeline.DMLQueryGenerator.ProcessMethodCall(QueryStructure structure, MethodCallExpression methodCall, QueryAssemblyContext context)
[xUnit.net 00:00:01.17]         /mnt/wsl/docker-desktop-bind-mounts/Ubuntu/26713ee8003cb7bc282ce8244ea5001ccb92a1311fa1bee6e964f4a36321e42a/Ubuntu/de963e6efae39b1e8a1abcd3e4621d6fc830ee851b48bb5c2718ffd0134d54eb/src/Query/Pipeline/DMLQueryGenerator.cs(196,0): at Kafka.Ksql.Linq.Query.Pipeline.DMLQueryGenerator.ProcessLinqExpression(QueryStructure structure, Expression linqExpression, QueryAssemblyContext context)
[xUnit.net 00:00:01.17]         /mnt/wsl/docker-desktop-bind-mounts/Ubuntu/26713ee8003cb7bc282ce8244ea5001ccb92a1311fa1bee6e964f4a36321e42a/Ubuntu/de963e6efae39b1e8a1abcd3e4621d6fc830ee851b48bb5c2718ffd0134d54eb/src/Query/Pipeline/DMLQueryGenerator.cs(147,0): at Kafka.Ksql.Linq.Query.Pipeline.DMLQueryGenerator.GenerateLinqQuery(String objectName, Expression linqExpression, Boolean isPullQuery, Boolean isTableQuery)
[xUnit.net 00:00:01.17]         ----- Inner Stack Trace -----
[xUnit.net 00:00:01.17]         /mnt/wsl/docker-desktop-bind-mounts/Ubuntu/26713ee8003cb7bc282ce8244ea5001ccb92a1311fa1bee6e964f4a36321e42a/Ubuntu/de963e6efae39b1e8a1abcd3e4621d6fc830ee851b48bb5c2718ffd0134d54eb/src/Query/Builders/SelectExpressionVisitor.cs(213,0): at Kafka.Ksql.Linq.Query.Builders.SelectExpressionVisitor.EnforceNoMixAggregateWithoutGroupBy(Expression expr)
[xUnit.net 00:00:01.17]         /mnt/wsl/docker-desktop-bind-mounts/Ubuntu/26713ee8003cb7bc282ce8244ea5001ccb92a1311fa1bee6e964f4a36321e42a/Ubuntu/de963e6efae39b1e8a1abcd3e4621d6fc830ee851b48bb5c2718ffd0134d54eb/src/Query/Builders/SelectExpressionVisitor.cs(62,0): at Kafka.Ksql.Linq.Query.Builders.SelectExpressionVisitor.VisitNew(NewExpression node)
[xUnit.net 00:00:01.17]         /mnt/wsl/docker-desktop-bind-mounts/Ubuntu/26713ee8003cb7bc282ce8244ea5001ccb92a1311fa1bee6e964f4a36321e42a/Ubuntu/de963e6efae39b1e8a1abcd3e4621d6fc830ee851b48bb5c2718ffd0134d54eb/src/Query/Builders/SelectClauseBuilder.cs(37,0): at Kafka.Ksql.Linq.Query.Builders.SelectClauseBuilder.BuildInternal(Expression expression)
[xUnit.net 00:00:01.17]         /mnt/wsl/docker-desktop-bind-mounts/Ubuntu/26713ee8003cb7bc282ce8244ea5001ccb92a1311fa1bee6e964f4a36321e42a/Ubuntu/de963e6efae39b1e8a1abcd3e4621d6fc830ee851b48bb5c2718ffd0134d54eb/src/Query/Builders/Common/BuilderBase.cs(32,0): at Kafka.Ksql.Linq.Query.Builders.Common.BuilderBase.Build(Expression expression)
[xUnit.net 00:00:01.17]         /mnt/wsl/docker-desktop-bind-mounts/Ubuntu/26713ee8003cb7bc282ce8244ea5001ccb92a1311fa1bee6e964f4a36321e42a/Ubuntu/de963e6efae39b1e8a1abcd3e4621d6fc830ee851b48bb5c2718ffd0134d54eb/src/Query/Pipeline/GeneratorBase.cs(316,0): at Kafka.Ksql.Linq.Query.Pipeline.GeneratorBase.SafeCallBuilder(KsqlBuilderType builderType, Expression expression, String operation)
[xUnit.net 00:00:01.18]       System.InvalidOperationException : DMLQueryGenerator failed during LINQ query generation (Context: Object: orders): DMLQueryGenerator failed during SELECT processing using Select builder (Context: new &lt;&gt;f__AnonymousType43`3(CustomerId = g.Key.CustomerId, Region = g.Key.Region, Total = g.Sum(x =&gt; x.Amount))): SELECT clause cannot mix aggregate functions with non-aggregate columns without GROUP BY
[xUnit.net 00:00:01.18]       ---- System.InvalidOperationException : DMLQueryGenerator failed during SELECT processing using Select builder (Context: new &lt;&gt;f__AnonymousType43`3(CustomerId = g.Key.CustomerId, Region = g.Key.Region, Total = g.Sum(x =&gt; x.Amount))): SELECT clause cannot mix aggregate functions with non-aggregate columns without GROUP BY
[xUnit.net 00:00:01.18]       -------- System.InvalidOperationException : SELECT clause cannot mix aggregate functions with non-aggregate columns without GROUP BY
[xUnit.net 00:00:01.18]       Stack Trace:
[xUnit.net 00:00:01.18]         /mnt/wsl/docker-desktop-bind-mounts/Ubuntu/26713ee8003cb7bc282ce8244ea5001ccb92a1311fa1bee6e964f4a36321e42a/Ubuntu/de963e6efae39b1e8a1abcd3e4621d6fc830ee851b48bb5c2718ffd0134d54eb/src/Query/Pipeline/GeneratorBase.cs(306,0): at Kafka.Ksql.Linq.Query.Pipeline.GeneratorBase.HandleGenerationError(String operation, Exception exception, String context)
[xUnit.net 00:00:01.18]         /mnt/wsl/docker-desktop-bind-mounts/Ubuntu/26713ee8003cb7bc282ce8244ea5001ccb92a1311fa1bee6e964f4a36321e42a/Ubuntu/de963e6efae39b1e8a1abcd3e4621d6fc830ee851b48bb5c2718ffd0134d54eb/src/Query/Pipeline/DMLQueryGenerator.cs(154,0): at Kafka.Ksql.Linq.Query.Pipeline.DMLQueryGenerator.GenerateLinqQuery(String objectName, Expression linqExpression, Boolean isPullQuery, Boolean isTableQuery)
[xUnit.net 00:00:01.18]         /mnt/wsl/docker-desktop-bind-mounts/Ubuntu/26713ee8003cb7bc282ce8244ea5001ccb92a1311fa1bee6e964f4a36321e42a/Ubuntu/de963e6efae39b1e8a1abcd3e4621d6fc830ee851b48bb5c2718ffd0134d54eb/tests/Query/Pipeline/DMLQueryGeneratorTests.cs(350,0): at Kafka.Ksql.Linq.Tests.Query.Pipeline.DMLQueryGeneratorTests.&lt;&gt;c__DisplayClass22_0.&lt;GenerateLinqQuery_MultiKeyGroupByWithHaving_ReturnsExpectedQuery&gt;b__3()
[xUnit.net 00:00:01.18]         /mnt/wsl/docker-desktop-bind-mounts/Ubuntu/26713ee8003cb7bc282ce8244ea5001ccb92a1311fa1bee6e964f4a36321e42a/Ubuntu/de963e6efae39b1e8a1abcd3e4621d6fc830ee851b48bb5c2718ffd0134d54eb/tests/Query/Pipeline/DMLQueryGeneratorTests.cs(20,0): at Kafka.Ksql.Linq.Tests.Query.Pipeline.DMLQueryGeneratorTests.ExecuteInScope[T](Func`1 func)
[xUnit.net 00:00:01.18]         /mnt/wsl/docker-desktop-bind-mounts/Ubuntu/26713ee8003cb7bc282ce8244ea5001ccb92a1311fa1bee6e964f4a36321e42a/Ubuntu/de963e6efae39b1e8a1abcd3e4621d6fc830ee851b48bb5c2718ffd0134d54eb/tests/Query/Pipeline/DMLQueryGeneratorTests.cs(350,0): at Kafka.Ksql.Linq.Tests.Query.Pipeline.DMLQueryGeneratorTests.GenerateLinqQuery_MultiKeyGroupByWithHaving_ReturnsExpectedQuery()
[xUnit.net 00:00:01.18]            at System.RuntimeMethodHandle.InvokeMethod(Object target, Void** arguments, Signature sig, Boolean isConstructor)
[xUnit.net 00:00:01.18]            at System.Reflection.MethodBaseInvoker.InvokeWithNoArgs(Object obj, BindingFlags invokeAttr)
[xUnit.net 00:00:01.18]         ----- Inner Stack Trace -----
[xUnit.net 00:00:01.18]         /mnt/wsl/docker-desktop-bind-mounts/Ubuntu/26713ee8003cb7bc282ce8244ea5001ccb92a1311fa1bee6e964f4a36321e42a/Ubuntu/de963e6efae39b1e8a1abcd3e4621d6fc830ee851b48bb5c2718ffd0134d54eb/src/Query/Pipeline/GeneratorBase.cs(306,0): at Kafka.Ksql.Linq.Query.Pipeline.GeneratorBase.HandleGenerationError(String operation, Exception exception, String context)
[xUnit.net 00:00:01.18]         /mnt/wsl/docker-desktop-bind-mounts/Ubuntu/26713ee8003cb7bc282ce8244ea5001ccb92a1311fa1bee6e964f4a36321e42a/Ubuntu/de963e6efae39b1e8a1abcd3e4621d6fc830ee851b48bb5c2718ffd0134d54eb/src/Query/Pipeline/GeneratorBase.cs(321,0): at Kafka.Ksql.Linq.Query.Pipeline.GeneratorBase.SafeCallBuilder(KsqlBuilderType builderType, Expression expression, String operation)
[xUnit.net 00:00:01.18]         /mnt/wsl/docker-desktop-bind-mounts/Ubuntu/26713ee8003cb7bc282ce8244ea5001ccb92a1311fa1bee6e964f4a36321e42a/Ubuntu/de963e6efae39b1e8a1abcd3e4621d6fc830ee851b48bb5c2718ffd0134d54eb/src/Query/Pipeline/DMLQueryGenerator.cs(233,0): at Kafka.Ksql.Linq.Query.Pipeline.DMLQueryGenerator.ProcessSelectMethod(QueryStructure structure, MethodCallExpression methodCall)
[xUnit.net 00:00:01.18]         /mnt/wsl/docker-desktop-bind-mounts/Ubuntu/26713ee8003cb7bc282ce8244ea5001ccb92a1311fa1bee6e964f4a36321e42a/Ubuntu/de963e6efae39b1e8a1abcd3e4621d6fc830ee851b48bb5c2718ffd0134d54eb/src/Query/Pipeline/DMLQueryGenerator.cs(211,0): at Kafka.Ksql.Linq.Query.Pipeline.DMLQueryGenerator.ProcessMethodCall(QueryStructure structure, MethodCallExpression methodCall, QueryAssemblyContext context)
[xUnit.net 00:00:01.18]         /mnt/wsl/docker-desktop-bind-mounts/Ubuntu/26713ee8003cb7bc282ce8244ea5001ccb92a1311fa1bee6e964f4a36321e42a/Ubuntu/de963e6efae39b1e8a1abcd3e4621d6fc830ee851b48bb5c2718ffd0134d54eb/src/Query/Pipeline/DMLQueryGenerator.cs(196,0): at Kafka.Ksql.Linq.Query.Pipeline.DMLQueryGenerator.ProcessLinqExpression(QueryStructure structure, Expression linqExpression, QueryAssemblyContext context)
[xUnit.net 00:00:01.18]         /mnt/wsl/docker-desktop-bind-mounts/Ubuntu/26713ee8003cb7bc282ce8244ea5001ccb92a1311fa1bee6e964f4a36321e42a/Ubuntu/de963e6efae39b1e8a1abcd3e4621d6fc830ee851b48bb5c2718ffd0134d54eb/src/Query/Pipeline/DMLQueryGenerator.cs(147,0): at Kafka.Ksql.Linq.Query.Pipeline.DMLQueryGenerator.GenerateLinqQuery(String objectName, Expression linqExpression, Boolean isPullQuery, Boolean isTableQuery)
[xUnit.net 00:00:01.18]         ----- Inner Stack Trace -----
[xUnit.net 00:00:01.18]         /mnt/wsl/docker-desktop-bind-mounts/Ubuntu/26713ee8003cb7bc282ce8244ea5001ccb92a1311fa1bee6e964f4a36321e42a/Ubuntu/de963e6efae39b1e8a1abcd3e4621d6fc830ee851b48bb5c2718ffd0134d54eb/src/Query/Builders/SelectExpressionVisitor.cs(213,0): at Kafka.Ksql.Linq.Query.Builders.SelectExpressionVisitor.EnforceNoMixAggregateWithoutGroupBy(Expression expr)
[xUnit.net 00:00:01.18]         /mnt/wsl/docker-desktop-bind-mounts/Ubuntu/26713ee8003cb7bc282ce8244ea5001ccb92a1311fa1bee6e964f4a36321e42a/Ubuntu/de963e6efae39b1e8a1abcd3e4621d6fc830ee851b48bb5c2718ffd0134d54eb/src/Query/Builders/SelectExpressionVisitor.cs(62,0): at Kafka.Ksql.Linq.Query.Builders.SelectExpressionVisitor.VisitNew(NewExpression node)
[xUnit.net 00:00:01.18]         /mnt/wsl/docker-desktop-bind-mounts/Ubuntu/26713ee8003cb7bc282ce8244ea5001ccb92a1311fa1bee6e964f4a36321e42a/Ubuntu/de963e6efae39b1e8a1abcd3e4621d6fc830ee851b48bb5c2718ffd0134d54eb/src/Query/Builders/SelectClauseBuilder.cs(37,0): at Kafka.Ksql.Linq.Query.Builders.SelectClauseBuilder.BuildInternal(Expression expression)
[xUnit.net 00:00:01.18]         /mnt/wsl/docker-desktop-bind-mounts/Ubuntu/26713ee8003cb7bc282ce8244ea5001ccb92a1311fa1bee6e964f4a36321e42a/Ubuntu/de963e6efae39b1e8a1abcd3e4621d6fc830ee851b48bb5c2718ffd0134d54eb/src/Query/Builders/Common/BuilderBase.cs(32,0): at Kafka.Ksql.Linq.Query.Builders.Common.BuilderBase.Build(Expression expression)
[xUnit.net 00:00:01.18]         /mnt/wsl/docker-desktop-bind-mounts/Ubuntu/26713ee8003cb7bc282ce8244ea5001ccb92a1311fa1bee6e964f4a36321e42a/Ubuntu/de963e6efae39b1e8a1abcd3e4621d6fc830ee851b48bb5c2718ffd0134d54eb/src/Query/Pipeline/GeneratorBase.cs(316,0): at Kafka.Ksql.Linq.Query.Pipeline.GeneratorBase.SafeCallBuilder(KsqlBuilderType builderType, Expression expression, String operation)
[xUnit.net 00:00:01.21]   Finished:    Kafka.Ksql.Linq.Tests
</StdOut>
    </Output>
    <RunInfos>
      <RunInfo computerName="sagesoho01" outcome="Error" timestamp="2025-09-14T10:32:03.8636552+09:00">
        <Text>[xUnit.net 00:00:01.07]     Kafka.Ksql.Linq.Tests.Query.Dsl.ToQueryEndToEndTests.Generates_expected_ddls [FAIL]</Text>
      </RunInfo>
      <RunInfo computerName="sagesoho01" outcome="Error" timestamp="2025-09-14T10:32:03.8654640+09:00">
        <Text>[xUnit.net 00:00:01.07]     Kafka.Ksql.Linq.Tests.Query.Builders.KsqlCreateWindowedStatementBuilderTests.BuildAll_Generates_Per_Window [FAIL]</Text>
      </RunInfo>
      <RunInfo computerName="sagesoho01" outcome="Error" timestamp="2025-09-14T10:32:03.8664973+09:00">
        <Text>[xUnit.net 00:00:01.07]     Kafka.Ksql.Linq.Tests.Query.Pipeline.DMLQueryGeneratorTests.GenerateLinqQuery_GroupByKeys_UsesEntityPrefix [FAIL]</Text>
      </RunInfo>
      <RunInfo computerName="sagesoho01" outcome="Error" timestamp="2025-09-14T10:32:03.8680525+09:00">
        <Text>[xUnit.net 00:00:01.07]     Kafka.Ksql.Linq.Tests.Query.Builders.KsqlCreateWindowedStatementBuilderTests.Build_Includes_Window_Tumbling_1m [FAIL]</Text>
      </RunInfo>
      <RunInfo computerName="sagesoho01" outcome="Error" timestamp="2025-09-14T10:32:03.8686701+09:00">
        <Text>[xUnit.net 00:00:01.07]     Kafka.Ksql.Linq.Tests.Query.Builders.KsqlCreateWindowedStatementBuilderTests.Build_From_With_Alias_Inserts_Window_After_Alias [FAIL]</Text>
      </RunInfo>
      <RunInfo computerName="sagesoho01" outcome="Error" timestamp="2025-09-14T10:32:03.8699171+09:00">
        <Text>[xUnit.net 00:00:01.07]     Kafka.Ksql.Linq.Tests.Query.Dsl.ToQueryEndToEndTests.Generates_count_and_avg_ddls [FAIL]</Text>
      </RunInfo>
      <RunInfo computerName="sagesoho01" outcome="Error" timestamp="2025-09-14T10:32:03.9596378+09:00">
        <Text>[xUnit.net 00:00:01.11]     Kafka.Ksql.Linq.Tests.Query.Dsl.ToQueryEndToEndTests.Generates_single_key_ddls [FAIL]</Text>
      </RunInfo>
      <RunInfo computerName="sagesoho01" outcome="Error" timestamp="2025-09-14T10:32:03.9597166+09:00">
        <Text>[xUnit.net 00:00:01.11]     Kafka.Ksql.Linq.Tests.Query.Builders.KsqlCreateWindowedStatementBuilderTests.Build_WithWindow_Creates_Table [FAIL]</Text>
      </RunInfo>
      <RunInfo computerName="sagesoho01" outcome="Error" timestamp="2025-09-14T10:32:03.9616806+09:00">
        <Text>[xUnit.net 00:00:01.16]     Kafka.Ksql.Linq.Tests.Query.Pipeline.DMLQueryGeneratorTests.GenerateLinqQuery_OrderByThenByDescending_ReturnsExpectedQuery [FAIL]</Text>
      </RunInfo>
      <RunInfo computerName="sagesoho01" outcome="Error" timestamp="2025-09-14T10:32:03.9617709+09:00">
        <Text>[xUnit.net 00:00:01.16]     Kafka.Ksql.Linq.Tests.Query.Pipeline.DMLQueryGeneratorTests.GenerateLinqQuery_MultiKeyGroupByMultipleAggregates_HavingComplexConditions_ReturnsExpectedQuery [FAIL]</Text>
      </RunInfo>
      <RunInfo computerName="sagesoho01" outcome="Error" timestamp="2025-09-14T10:32:03.9706835+09:00">
        <Text>[xUnit.net 00:00:01.18]     Kafka.Ksql.Linq.Tests.Query.Pipeline.DMLQueryGeneratorTests.GenerateLinqQuery_MultiKeyGroupByWithHaving_ReturnsExpectedQuery [FAIL]</Text>
      </RunInfo>
    </RunInfos>
  </ResultSummary>
</TestRun>